---------------------------------------------------------------
[ 2024-08-15T00:05:57+08:00 ] 71.6.134.230 GET www.aosuper.com/
[运行时间：1.111827s] [吞吐率：0.90req/s] [内存消耗：2,944.22kb] [文件加载：55]
[ info ] [ LANG ] /www/wwwroot/tb.youanfutang.cn/thinkphp/lang/zh-cn.php
[ info ] [ ROUTE ] array (
  'type' => 'module',
  'module' => 
  array (
    0 => '',
    1 => NULL,
    2 => NULL,
  ),
)
[ info ] [ HEADER ] array (
  'accept-encoding' => 'gzip',
  'accept' => '*/*',
  'user-agent' => 'Mozilla/5.0 (Windows NT 10.0; Win64; x64) AppleWebKit/537.36 (KHTML, like Gecko) Chrome/102.0.0.0 Safari/537.36',
  'host' => 'www.aosuper.com',
  'content-length' => '',
  'content-type' => '',
)
[ info ] [ PARAM ] array (
)
[ info ] [ DB ] INIT mysql
[ info ] [ RUN ] app\index\controller\Index->index[ /www/wwwroot/tb.youanfutang.cn/application/index/controller/Index.php ]
[ info ] [ VIEW ] /www/wwwroot/tb.youanfutang.cn/public/../application/index/view/index/login1.html [ array (
  0 => 'iflogin',
) ]
[ info ] [ LOG ] INIT File
[ sql ] [ DB ] CONNECT:[ UseTime:0.000728s ] mysql:host=127.0.0.1;dbname=tb_youanfutang_c;charset=utf8
[ sql ] [ SQL ] SHOW COLUMNS FROM `webdata` [ RunTime:0.052487s ]
[ sql ] [ SQL ] SELECT * FROM `webdata` WHERE  `viewip` = '71.6.134.230' ORDER BY `Id` DESC LIMIT 1 [ RunTime:0.096347s ]
[ sql ] [ SQL ] SELECT * FROM `webdata` WHERE  `viewtime` = '2024-08' ORDER BY `Id` DESC LIMIT 1 [ RunTime:0.000507s ]
[ sql ] [ SQL ] SELECT * FROM `webdata` WHERE  `viewip` = '71.6.134.230' [ RunTime:0.170497s ]
[ sql ] [ SQL ] INSERT INTO `webdata` (`viewip` , `webpv` , `viewtime` , `operation` , `opertime` , `ipnum` , `ipvip`) VALUES ('71.6.134.230' , 2 , '2024-08' , '访客-浏览网页' , '2024-08-15 00:05:56' , 3 , '普通网友') [ RunTime:0.000581s ]
[ sql ] [ SQL ] SELECT * FROM `webdata` WHERE  `webip` = '71.6.134.230'  AND `ucookie` IS NULL [ RunTime:0.006562s ]
---------------------------------------------------------------
[ 2024-08-15T00:25:05+08:00 ] 43.135.149.154 GET aosuper.com/
[运行时间：0.048410s] [吞吐率：20.66req/s] [内存消耗：2,949.94kb] [文件加载：55]
[ info ] [ LANG ] /www/wwwroot/tb.youanfutang.cn/thinkphp/lang/zh-cn.php
[ info ] [ ROUTE ] array (
  'type' => 'module',
  'module' => 
  array (
    0 => '',
    1 => NULL,
    2 => NULL,
  ),
)
[ info ] [ HEADER ] array (
  'upgrade-insecure-requests' => '1',
  'referer' => 'http://aosuper.com',
  'pragma' => 'no-cache',
  'connection' => 'close',
  'cache-control' => 'no-cache',
  'accept-language' => 'zh-CN,zh;q=0.9,en-US;q=0.8,en;q=0.7',
  'accept-encoding' => 'gzip',
  'accept' => 'text/html,application/xhtml+xml,application/xml;q=0.9,image/avif,image/webp,image/apng,*/*;q=0.8,application/signed-exchange;v=b3;q=0.7',
  'user-agent' => 'Mozilla/5.0 (iPhone; CPU iPhone OS 13_2_3 like Mac OS X) AppleWebKit/605.1.15 (KHTML, like Gecko) Version/13.0.3 Mobile/15E148 Safari/604.1',
  'host' => 'aosuper.com',
  'content-length' => '',
  'content-type' => '',
)
[ info ] [ PARAM ] array (
)
[ info ] [ DB ] INIT mysql
[ info ] [ RUN ] app\index\controller\Index->index[ /www/wwwroot/tb.youanfutang.cn/application/index/controller/Index.php ]
[ info ] [ VIEW ] /www/wwwroot/tb.youanfutang.cn/public/../application/index/view/index/login1.html [ array (
  0 => 'iflogin',
) ]
[ info ] [ LOG ] INIT File
[ sql ] [ DB ] CONNECT:[ UseTime:0.000821s ] mysql:host=127.0.0.1;dbname=tb_youanfutang_c;charset=utf8
[ sql ] [ SQL ] SHOW COLUMNS FROM `webdata` [ RunTime:0.003264s ]
[ sql ] [ SQL ] SELECT * FROM `webdata` WHERE  `viewip` = '43.135.149.154' ORDER BY `Id` DESC LIMIT 1 [ RunTime:0.000539s ]
[ sql ] [ SQL ] SELECT * FROM `webdata` WHERE  `viewtime` = '2024-08' ORDER BY `Id` DESC LIMIT 1 [ RunTime:0.000594s ]
[ sql ] [ SQL ] SELECT * FROM `webdata` WHERE  `viewip` = '43.135.149.154' [ RunTime:0.006823s ]
[ sql ] [ SQL ] INSERT INTO `webdata` (`viewip` , `webpv` , `viewtime` , `operation` , `opertime` , `ipnum` , `ipvip`) VALUES ('43.135.149.154' , 3 , '2024-08' , '访客-浏览网页' , '2024-08-15 00:25:05' , 5 , '普通网友') [ RunTime:0.000569s ]
[ sql ] [ SQL ] SELECT * FROM `webdata` WHERE  `webip` = '43.135.149.154'  AND `ucookie` IS NULL [ RunTime:0.006642s ]
---------------------------------------------------------------
[ 2024-08-15T00:41:26+08:00 ] 213.239.205.62 GET aosuper.com/sitemap
[运行时间：0.033603s] [吞吐率：29.76req/s] [内存消耗：1,336.13kb] [文件加载：36]
[ info ] [ LANG ] /www/wwwroot/tb.youanfutang.cn/thinkphp/lang/zh-cn.php
[ info ] [ ROUTE ] array (
  'type' => 'module',
  'module' => 
  array (
    0 => 'sitemap',
    1 => NULL,
    2 => NULL,
  ),
)
[ info ] [ HEADER ] array (
  'accept-encoding' => 'gzip,deflate',
  'connection' => 'Keep-Alive',
  'host' => 'aosuper.com',
  'accept' => 'application/xml;application/x-xml;text/xml;application/atom+xml;application/rss+xml;text/rss;application/rdf+xml;text/plain;application/gzip;application/gzip-compressed;application/gzipped;application/x-gzip;application/x-gzip-compressed;application/x-gunzip;gzip/document;q=0.9,*/*;q=0.8',
  'user-agent' => 'Mozilla/5.0 (compatible; BLEXBot/1.0; +http://webmeup-crawler.com/)',
  'content-length' => '',
  'content-type' => '',
)
[ info ] [ PARAM ] array (
)
[ info ] [ LOG ] INIT File
---------------------------------------------------------------
[ 2024-08-15T00:41:30+08:00 ] 213.239.205.62 GET aosuper.com/sitemap
[运行时间：0.017052s] [吞吐率：58.64req/s] [内存消耗：1,336.13kb] [文件加载：36]
[ info ] [ LANG ] /www/wwwroot/tb.youanfutang.cn/thinkphp/lang/zh-cn.php
[ info ] [ ROUTE ] array (
  'type' => 'module',
  'module' => 
  array (
    0 => 'sitemap',
    1 => NULL,
    2 => NULL,
  ),
)
[ info ] [ HEADER ] array (
  'accept-encoding' => 'gzip,deflate',
  'connection' => 'Keep-Alive',
  'host' => 'aosuper.com',
  'accept' => 'application/xml;application/x-xml;text/xml;application/atom+xml;application/rss+xml;text/rss;application/rdf+xml;text/plain;application/gzip;application/gzip-compressed;application/gzipped;application/x-gzip;application/x-gzip-compressed;application/x-gunzip;gzip/document;q=0.9,*/*;q=0.8',
  'user-agent' => 'Mozilla/5.0 (compatible; BLEXBot/1.0; +http://webmeup-crawler.com/)',
  'content-length' => '',
  'content-type' => '',
)
[ info ] [ PARAM ] array (
)
[ info ] [ LOG ] INIT File
---------------------------------------------------------------
[ 2024-08-15T00:41:35+08:00 ] 213.239.205.62 GET aosuper.com/sitemap.ashx
[运行时间：0.014797s] [吞吐率：67.58req/s] [内存消耗：1,336.14kb] [文件加载：36]
[ info ] [ LANG ] /www/wwwroot/tb.youanfutang.cn/thinkphp/lang/zh-cn.php
[ info ] [ ROUTE ] array (
  'type' => 'module',
  'module' => 
  array (
    0 => 'sitemap.ashx',
    1 => NULL,
    2 => NULL,
  ),
)
[ info ] [ HEADER ] array (
  'accept-encoding' => 'gzip,deflate',
  'connection' => 'Keep-Alive',
  'host' => 'aosuper.com',
  'accept' => 'application/xml;application/x-xml;text/xml;application/atom+xml;application/rss+xml;text/rss;application/rdf+xml;text/plain;application/gzip;application/gzip-compressed;application/gzipped;application/x-gzip;application/x-gzip-compressed;application/x-gunzip;gzip/document;q=0.9,*/*;q=0.8',
  'user-agent' => 'Mozilla/5.0 (compatible; BLEXBot/1.0; +http://webmeup-crawler.com/)',
  'content-length' => '',
  'content-type' => '',
)
[ info ] [ PARAM ] array (
)
[ info ] [ LOG ] INIT File
---------------------------------------------------------------
[ 2024-08-15T00:41:39+08:00 ] 213.239.205.62 GET aosuper.com/sitemap.ashx
[运行时间：0.015734s] [吞吐率：63.56req/s] [内存消耗：1,336.14kb] [文件加载：36]
[ info ] [ LANG ] /www/wwwroot/tb.youanfutang.cn/thinkphp/lang/zh-cn.php
[ info ] [ ROUTE ] array (
  'type' => 'module',
  'module' => 
  array (
    0 => 'sitemap.ashx',
    1 => NULL,
    2 => NULL,
  ),
)
[ info ] [ HEADER ] array (
  'accept-encoding' => 'gzip,deflate',
  'connection' => 'Keep-Alive',
  'host' => 'aosuper.com',
  'accept' => 'application/xml;application/x-xml;text/xml;application/atom+xml;application/rss+xml;text/rss;application/rdf+xml;text/plain;application/gzip;application/gzip-compressed;application/gzipped;application/x-gzip;application/x-gzip-compressed;application/x-gunzip;gzip/document;q=0.9,*/*;q=0.8',
  'user-agent' => 'Mozilla/5.0 (compatible; BLEXBot/1.0; +http://webmeup-crawler.com/)',
  'content-length' => '',
  'content-type' => '',
)
[ info ] [ PARAM ] array (
)
[ info ] [ LOG ] INIT File
---------------------------------------------------------------
[ 2024-08-15T00:41:44+08:00 ] 213.239.205.62 GET aosuper.com/sitemap.txt
[运行时间：0.018447s] [吞吐率：54.21req/s] [内存消耗：1,336.14kb] [文件加载：36]
[ info ] [ LANG ] /www/wwwroot/tb.youanfutang.cn/thinkphp/lang/zh-cn.php
[ info ] [ ROUTE ] array (
  'type' => 'module',
  'module' => 
  array (
    0 => 'sitemap.txt',
    1 => NULL,
    2 => NULL,
  ),
)
[ info ] [ HEADER ] array (
  'accept-encoding' => 'gzip,deflate',
  'connection' => 'Keep-Alive',
  'host' => 'aosuper.com',
  'accept' => 'application/xml;application/x-xml;text/xml;application/atom+xml;application/rss+xml;text/rss;application/rdf+xml;text/plain;application/gzip;application/gzip-compressed;application/gzipped;application/x-gzip;application/x-gzip-compressed;application/x-gunzip;gzip/document;q=0.9,*/*;q=0.8',
  'user-agent' => 'Mozilla/5.0 (compatible; BLEXBot/1.0; +http://webmeup-crawler.com/)',
  'content-length' => '',
  'content-type' => '',
)
[ info ] [ PARAM ] array (
)
[ info ] [ LOG ] INIT File
---------------------------------------------------------------
[ 2024-08-15T00:41:47+08:00 ] 213.239.205.62 GET aosuper.com/sitemap.txt
[运行时间：0.014983s] [吞吐率：66.74req/s] [内存消耗：1,336.14kb] [文件加载：36]
[ info ] [ LANG ] /www/wwwroot/tb.youanfutang.cn/thinkphp/lang/zh-cn.php
[ info ] [ ROUTE ] array (
  'type' => 'module',
  'module' => 
  array (
    0 => 'sitemap.txt',
    1 => NULL,
    2 => NULL,
  ),
)
[ info ] [ HEADER ] array (
  'accept-encoding' => 'gzip,deflate',
  'connection' => 'Keep-Alive',
  'host' => 'aosuper.com',
  'accept' => 'application/xml;application/x-xml;text/xml;application/atom+xml;application/rss+xml;text/rss;application/rdf+xml;text/plain;application/gzip;application/gzip-compressed;application/gzipped;application/x-gzip;application/x-gzip-compressed;application/x-gunzip;gzip/document;q=0.9,*/*;q=0.8',
  'user-agent' => 'Mozilla/5.0 (compatible; BLEXBot/1.0; +http://webmeup-crawler.com/)',
  'content-length' => '',
  'content-type' => '',
)
[ info ] [ PARAM ] array (
)
[ info ] [ LOG ] INIT File
---------------------------------------------------------------
[ 2024-08-15T00:41:56+08:00 ] 213.239.205.62 GET aosuper.com/sitemap.xml
[运行时间：0.015172s] [吞吐率：65.91req/s] [内存消耗：1,336.14kb] [文件加载：36]
[ info ] [ LANG ] /www/wwwroot/tb.youanfutang.cn/thinkphp/lang/zh-cn.php
[ info ] [ ROUTE ] array (
  'type' => 'module',
  'module' => 
  array (
    0 => 'sitemap.xml',
    1 => NULL,
    2 => NULL,
  ),
)
[ info ] [ HEADER ] array (
  'accept-encoding' => 'gzip,deflate',
  'connection' => 'Keep-Alive',
  'host' => 'aosuper.com',
  'accept' => 'application/xml;application/x-xml;text/xml;application/atom+xml;application/rss+xml;text/rss;application/rdf+xml;text/plain;application/gzip;application/gzip-compressed;application/gzipped;application/x-gzip;application/x-gzip-compressed;application/x-gunzip;gzip/document;q=0.9,*/*;q=0.8',
  'user-agent' => 'Mozilla/5.0 (compatible; BLEXBot/1.0; +http://webmeup-crawler.com/)',
  'content-length' => '',
  'content-type' => '',
)
[ info ] [ PARAM ] array (
)
[ info ] [ LOG ] INIT File
---------------------------------------------------------------
[ 2024-08-15T00:41:59+08:00 ] 213.239.205.62 GET aosuper.com/sitemap.xml
[运行时间：0.015459s] [吞吐率：64.69req/s] [内存消耗：1,336.14kb] [文件加载：36]
[ info ] [ LANG ] /www/wwwroot/tb.youanfutang.cn/thinkphp/lang/zh-cn.php
[ info ] [ ROUTE ] array (
  'type' => 'module',
  'module' => 
  array (
    0 => 'sitemap.xml',
    1 => NULL,
    2 => NULL,
  ),
)
[ info ] [ HEADER ] array (
  'accept-encoding' => 'gzip,deflate',
  'connection' => 'Keep-Alive',
  'host' => 'aosuper.com',
  'accept' => 'application/xml;application/x-xml;text/xml;application/atom+xml;application/rss+xml;text/rss;application/rdf+xml;text/plain;application/gzip;application/gzip-compressed;application/gzipped;application/x-gzip;application/x-gzip-compressed;application/x-gunzip;gzip/document;q=0.9,*/*;q=0.8',
  'user-agent' => 'Mozilla/5.0 (compatible; BLEXBot/1.0; +http://webmeup-crawler.com/)',
  'content-length' => '',
  'content-type' => '',
)
[ info ] [ PARAM ] array (
)
[ info ] [ LOG ] INIT File
---------------------------------------------------------------
[ 2024-08-15T00:42:02+08:00 ] 213.239.205.62 GET aosuper.com/sitemap.xml.gz
[运行时间：0.021430s] [吞吐率：46.66req/s] [内存消耗：1,336.19kb] [文件加载：36]
[ info ] [ LANG ] /www/wwwroot/tb.youanfutang.cn/thinkphp/lang/zh-cn.php
[ info ] [ ROUTE ] array (
  'type' => 'module',
  'module' => 
  array (
    0 => 'sitemap.xml.gz',
    1 => NULL,
    2 => NULL,
  ),
)
[ info ] [ HEADER ] array (
  'accept-encoding' => 'gzip,deflate',
  'connection' => 'Keep-Alive',
  'host' => 'aosuper.com',
  'accept' => 'application/xml;application/x-xml;text/xml;application/atom+xml;application/rss+xml;text/rss;application/rdf+xml;text/plain;application/gzip;application/gzip-compressed;application/gzipped;application/x-gzip;application/x-gzip-compressed;application/x-gunzip;gzip/document;q=0.9,*/*;q=0.8',
  'user-agent' => 'Mozilla/5.0 (compatible; BLEXBot/1.0; +http://webmeup-crawler.com/)',
  'content-length' => '',
  'content-type' => '',
)
[ info ] [ PARAM ] array (
)
[ info ] [ LOG ] INIT File
---------------------------------------------------------------
[ 2024-08-15T00:42:05+08:00 ] 213.239.205.62 GET aosuper.com/sitemap.xml.gz
[运行时间：0.015638s] [吞吐率：63.95req/s] [内存消耗：1,336.19kb] [文件加载：36]
[ info ] [ LANG ] /www/wwwroot/tb.youanfutang.cn/thinkphp/lang/zh-cn.php
[ info ] [ ROUTE ] array (
  'type' => 'module',
  'module' => 
  array (
    0 => 'sitemap.xml.gz',
    1 => NULL,
    2 => NULL,
  ),
)
[ info ] [ HEADER ] array (
  'accept-encoding' => 'gzip,deflate',
  'connection' => 'Keep-Alive',
  'host' => 'aosuper.com',
  'accept' => 'application/xml;application/x-xml;text/xml;application/atom+xml;application/rss+xml;text/rss;application/rdf+xml;text/plain;application/gzip;application/gzip-compressed;application/gzipped;application/x-gzip;application/x-gzip-compressed;application/x-gunzip;gzip/document;q=0.9,*/*;q=0.8',
  'user-agent' => 'Mozilla/5.0 (compatible; BLEXBot/1.0; +http://webmeup-crawler.com/)',
  'content-length' => '',
  'content-type' => '',
)
[ info ] [ PARAM ] array (
)
[ info ] [ LOG ] INIT File
---------------------------------------------------------------
[ 2024-08-15T00:42:09+08:00 ] 213.239.205.62 GET aosuper.com/sitemap_index.xml
[运行时间：0.015574s] [吞吐率：64.21req/s] [内存消耗：1,336.21kb] [文件加载：36]
[ info ] [ LANG ] /www/wwwroot/tb.youanfutang.cn/thinkphp/lang/zh-cn.php
[ info ] [ ROUTE ] array (
  'type' => 'module',
  'module' => 
  array (
    0 => 'sitemap_index.xml',
    1 => NULL,
    2 => NULL,
  ),
)
[ info ] [ HEADER ] array (
  'accept-encoding' => 'gzip,deflate',
  'connection' => 'Keep-Alive',
  'host' => 'aosuper.com',
  'accept' => 'application/xml;application/x-xml;text/xml;application/atom+xml;application/rss+xml;text/rss;application/rdf+xml;text/plain;application/gzip;application/gzip-compressed;application/gzipped;application/x-gzip;application/x-gzip-compressed;application/x-gunzip;gzip/document;q=0.9,*/*;q=0.8',
  'user-agent' => 'Mozilla/5.0 (compatible; BLEXBot/1.0; +http://webmeup-crawler.com/)',
  'content-length' => '',
  'content-type' => '',
)
[ info ] [ PARAM ] array (
)
[ info ] [ LOG ] INIT File
---------------------------------------------------------------
[ 2024-08-15T00:42:13+08:00 ] 213.239.205.62 GET aosuper.com/sitemap_index.xml
[运行时间：0.015338s] [吞吐率：65.20req/s] [内存消耗：1,336.21kb] [文件加载：36]
[ info ] [ LANG ] /www/wwwroot/tb.youanfutang.cn/thinkphp/lang/zh-cn.php
[ info ] [ ROUTE ] array (
  'type' => 'module',
  'module' => 
  array (
    0 => 'sitemap_index.xml',
    1 => NULL,
    2 => NULL,
  ),
)
[ info ] [ HEADER ] array (
  'accept-encoding' => 'gzip,deflate',
  'connection' => 'Keep-Alive',
  'host' => 'aosuper.com',
  'accept' => 'application/xml;application/x-xml;text/xml;application/atom+xml;application/rss+xml;text/rss;application/rdf+xml;text/plain;application/gzip;application/gzip-compressed;application/gzipped;application/x-gzip;application/x-gzip-compressed;application/x-gunzip;gzip/document;q=0.9,*/*;q=0.8',
  'user-agent' => 'Mozilla/5.0 (compatible; BLEXBot/1.0; +http://webmeup-crawler.com/)',
  'content-length' => '',
  'content-type' => '',
)
[ info ] [ PARAM ] array (
)
[ info ] [ LOG ] INIT File
---------------------------------------------------------------
[ 2024-08-15T00:42:17+08:00 ] 213.239.205.62 GET aosuper.com/sitemap_index.xml.gz
[运行时间：0.015388s] [吞吐率：64.99req/s] [内存消耗：1,336.21kb] [文件加载：36]
[ info ] [ LANG ] /www/wwwroot/tb.youanfutang.cn/thinkphp/lang/zh-cn.php
[ info ] [ ROUTE ] array (
  'type' => 'module',
  'module' => 
  array (
    0 => 'sitemap_index.xml.gz',
    1 => NULL,
    2 => NULL,
  ),
)
[ info ] [ HEADER ] array (
  'accept-encoding' => 'gzip,deflate',
  'connection' => 'Keep-Alive',
  'host' => 'aosuper.com',
  'accept' => 'application/xml;application/x-xml;text/xml;application/atom+xml;application/rss+xml;text/rss;application/rdf+xml;text/plain;application/gzip;application/gzip-compressed;application/gzipped;application/x-gzip;application/x-gzip-compressed;application/x-gunzip;gzip/document;q=0.9,*/*;q=0.8',
  'user-agent' => 'Mozilla/5.0 (compatible; BLEXBot/1.0; +http://webmeup-crawler.com/)',
  'content-length' => '',
  'content-type' => '',
)
[ info ] [ PARAM ] array (
)
[ info ] [ LOG ] INIT File
---------------------------------------------------------------
[ 2024-08-15T00:42:21+08:00 ] 213.239.205.62 GET aosuper.com/sitemap_index.xml.gz
[运行时间：0.016024s] [吞吐率：62.41req/s] [内存消耗：1,336.21kb] [文件加载：36]
[ info ] [ LANG ] /www/wwwroot/tb.youanfutang.cn/thinkphp/lang/zh-cn.php
[ info ] [ ROUTE ] array (
  'type' => 'module',
  'module' => 
  array (
    0 => 'sitemap_index.xml.gz',
    1 => NULL,
    2 => NULL,
  ),
)
[ info ] [ HEADER ] array (
  'accept-encoding' => 'gzip,deflate',
  'connection' => 'Keep-Alive',
  'host' => 'aosuper.com',
  'accept' => 'application/xml;application/x-xml;text/xml;application/atom+xml;application/rss+xml;text/rss;application/rdf+xml;text/plain;application/gzip;application/gzip-compressed;application/gzipped;application/x-gzip;application/x-gzip-compressed;application/x-gunzip;gzip/document;q=0.9,*/*;q=0.8',
  'user-agent' => 'Mozilla/5.0 (compatible; BLEXBot/1.0; +http://webmeup-crawler.com/)',
  'content-length' => '',
  'content-type' => '',
)
[ info ] [ PARAM ] array (
)
[ info ] [ LOG ] INIT File
---------------------------------------------------------------
[ 2024-08-15T04:34:53+08:00 ] 124.220.24.137 GET aosuper.com/
[运行时间：1.898962s] [吞吐率：0.53req/s] [内存消耗：2,945.18kb] [文件加载：55]
[ info ] [ LANG ] /www/wwwroot/tb.youanfutang.cn/thinkphp/lang/zh-cn.php
[ info ] [ ROUTE ] array (
  'type' => 'module',
  'module' => 
  array (
    0 => '',
    1 => NULL,
    2 => NULL,
  ),
)
[ info ] [ HEADER ] array (
  'connection' => 'close',
  'accept-encoding' => 'gzip',
  'referer' => 'http://aosuper.com',
  'user-agent' => 'Mozilla/5.0 (Linux; Android 10; LIO-AN00 Build/HUAWEILIO-AN00; wv) MicroMessenger Weixin QQ AppleWebKit/537.36 (KHTML, like Gecko) Version/4.0 Chrome/78.0.3904.62 XWEB/2692 MMWEBSDK/200901 Mobile Safari/537.36',
  'host' => 'aosuper.com',
  'content-length' => '',
  'content-type' => '',
)
[ info ] [ PARAM ] array (
)
[ info ] [ DB ] INIT mysql
[ info ] [ RUN ] app\index\controller\Index->index[ /www/wwwroot/tb.youanfutang.cn/application/index/controller/Index.php ]
[ info ] [ VIEW ] /www/wwwroot/tb.youanfutang.cn/public/../application/index/view/index/login1.html [ array (
  0 => 'iflogin',
) ]
[ info ] [ LOG ] INIT File
[ sql ] [ DB ] CONNECT:[ UseTime:0.109373s ] mysql:host=127.0.0.1;dbname=tb_youanfutang_c;charset=utf8
[ sql ] [ SQL ] SHOW COLUMNS FROM `webdata` [ RunTime:0.021804s ]
[ sql ] [ SQL ] SELECT * FROM `webdata` WHERE  `viewip` = '124.220.24.137' ORDER BY `Id` DESC LIMIT 1 [ RunTime:1.170974s ]
[ sql ] [ SQL ] SELECT * FROM `webdata` WHERE  `viewtime` = '2024-08' ORDER BY `Id` DESC LIMIT 1 [ RunTime:0.000519s ]
[ sql ] [ SQL ] SELECT * FROM `webdata` WHERE  `viewip` = '124.220.24.137' [ RunTime:0.007354s ]
[ sql ] [ SQL ] INSERT INTO `webdata` (`viewip` , `webpv` , `viewtime` , `operation` , `opertime` , `ipnum` , `ipvip`) VALUES ('124.220.24.137' , 1 , '2024-08' , '访客-浏览网页' , '2024-08-15 04:34:52' , 1 , '普通网友') [ RunTime:0.000597s ]
[ sql ] [ SQL ] SELECT * FROM `webdata` WHERE  `webip` = '124.220.24.137'  AND `ucookie` IS NULL [ RunTime:0.006833s ]
---------------------------------------------------------------
[ 2024-08-15T06:25:38+08:00 ] 165.22.31.161 GET aosuper.com/
[运行时间：0.080213s] [吞吐率：12.47req/s] [内存消耗：2,944.70kb] [文件加载：55]
[ info ] [ LANG ] /www/wwwroot/tb.youanfutang.cn/thinkphp/lang/zh-cn.php
[ info ] [ ROUTE ] array (
  'type' => 'module',
  'module' => 
  array (
    0 => '',
    1 => NULL,
    2 => NULL,
  ),
)
[ info ] [ HEADER ] array (
  'connection' => 'keep-alive',
  'accept' => '*/*',
  'accept-encoding' => 'gzip, deflate',
  'user-agent' => 'Mozilla/5.0 (Macintosh; Intel Mac OS X 10_9_6) AppleWebKit/537.78.2 (KHTML, like Gecko) Version/7.0.6 Safari/537.78.2',
  'host' => 'aosuper.com',
  'content-length' => '',
  'content-type' => '',
)
[ info ] [ PARAM ] array (
)
[ info ] [ DB ] INIT mysql
[ info ] [ RUN ] app\index\controller\Index->index[ /www/wwwroot/tb.youanfutang.cn/application/index/controller/Index.php ]
[ info ] [ VIEW ] /www/wwwroot/tb.youanfutang.cn/public/../application/index/view/index/login1.html [ array (
  0 => 'iflogin',
) ]
[ info ] [ LOG ] INIT File
[ sql ] [ DB ] CONNECT:[ UseTime:0.000697s ] mysql:host=127.0.0.1;dbname=tb_youanfutang_c;charset=utf8
[ sql ] [ SQL ] SHOW COLUMNS FROM `webdata` [ RunTime:0.002283s ]
[ sql ] [ SQL ] SELECT * FROM `webdata` WHERE  `viewip` = '165.22.31.161' ORDER BY `Id` DESC LIMIT 1 [ RunTime:0.034672s ]
[ sql ] [ SQL ] SELECT * FROM `webdata` WHERE  `viewtime` = '2024-08' ORDER BY `Id` DESC LIMIT 1 [ RunTime:0.000398s ]
[ sql ] [ SQL ] SELECT * FROM `webdata` WHERE  `viewip` = '165.22.31.161' [ RunTime:0.006503s ]
[ sql ] [ SQL ] INSERT INTO `webdata` (`viewip` , `webpv` , `viewtime` , `operation` , `opertime` , `ipnum` , `ipvip`) VALUES ('165.22.31.161' , 1 , '2024-08' , '访客-浏览网页' , '2024-08-15 06:25:38' , 1 , '普通网友') [ RunTime:0.000491s ]
[ sql ] [ SQL ] SELECT * FROM `webdata` WHERE  `webip` = '165.22.31.161'  AND `ucookie` IS NULL [ RunTime:0.006169s ]
---------------------------------------------------------------
[ 2024-08-15T08:54:34+08:00 ] 159.89.175.160 GET aosuper.com/
[运行时间：0.040494s] [吞吐率：24.70req/s] [内存消耗：2,944.25kb] [文件加载：55]
[ info ] [ LANG ] /www/wwwroot/tb.youanfutang.cn/thinkphp/lang/zh-cn.php
[ info ] [ ROUTE ] array (
  'type' => 'module',
  'module' => 
  array (
    0 => '',
    1 => NULL,
    2 => NULL,
  ),
)
[ info ] [ HEADER ] array (
  'accept' => 'text/html,application/xhtml+xml,application/xml;q=0.9,*/*;q=0.8',
  'accept-language' => 'en-US,en;q=0.5',
  'user-agent' => 'Mozilla/5.0 (Windows NT 10.0; Win64; x64) AppleWebKit/537.36 (KHTML, like Gecko) Chrome/88.0.4240.193 Safari/537.36',
  'connection' => 'keep-alive',
  'keep-alive' => '300',
  'host' => 'aosuper.com',
  'content-length' => '',
  'content-type' => '',
)
[ info ] [ PARAM ] array (
)
[ info ] [ DB ] INIT mysql
[ info ] [ RUN ] app\index\controller\Index->index[ /www/wwwroot/tb.youanfutang.cn/application/index/controller/Index.php ]
[ info ] [ VIEW ] /www/wwwroot/tb.youanfutang.cn/public/../application/index/view/index/login1.html [ array (
  0 => 'iflogin',
) ]
[ info ] [ LOG ] INIT File
[ sql ] [ DB ] CONNECT:[ UseTime:0.000824s ] mysql:host=127.0.0.1;dbname=tb_youanfutang_c;charset=utf8
[ sql ] [ SQL ] SHOW COLUMNS FROM `webdata` [ RunTime:0.002311s ]
[ sql ] [ SQL ] SELECT * FROM `webdata` WHERE  `viewip` = '159.89.175.160' ORDER BY `Id` DESC LIMIT 1 [ RunTime:0.000470s ]
[ sql ] [ SQL ] SELECT * FROM `webdata` WHERE  `viewtime` = '2024-08' ORDER BY `Id` DESC LIMIT 1 [ RunTime:0.000277s ]
[ sql ] [ SQL ] SELECT * FROM `webdata` WHERE  `webip` = '159.89.175.160'  AND `ucookie` IS NULL [ RunTime:0.006655s ]
---------------------------------------------------------------
[ 2024-08-15T08:54:34+08:00 ] 159.89.175.160 GET aosuper.com//wp-includes/wlwmanifest.xml
[运行时间：0.041532s] [吞吐率：24.08req/s] [内存消耗：1,338.02kb] [文件加载：36]
[ info ] [ LANG ] /www/wwwroot/tb.youanfutang.cn/thinkphp/lang/zh-cn.php
[ info ] [ ROUTE ] array (
  'type' => 'module',
  'module' => 
  array (
    0 => 'wp-includes',
    1 => 'wlwmanifest.xml',
    2 => NULL,
  ),
)
[ info ] [ HEADER ] array (
  'accept' => 'text/html,application/xhtml+xml,application/xml;q=0.9,*/*;q=0.8',
  'accept-language' => 'en-US,en;q=0.5',
  'user-agent' => 'Mozilla/5.0 (Windows NT 10.0; Win64; x64) AppleWebKit/537.36 (KHTML, like Gecko) Chrome/88.0.4240.193 Safari/537.36',
  'connection' => 'keep-alive',
  'keep-alive' => '300',
  'host' => 'aosuper.com',
  'content-length' => '',
  'content-type' => '',
)
[ info ] [ PARAM ] array (
)
[ info ] [ LOG ] INIT File
---------------------------------------------------------------
[ 2024-08-15T08:54:34+08:00 ] 159.89.175.160 GET aosuper.com/
[运行时间：0.039665s] [吞吐率：25.21req/s] [内存消耗：2,944.25kb] [文件加载：55]
[ info ] [ LANG ] /www/wwwroot/tb.youanfutang.cn/thinkphp/lang/zh-cn.php
[ info ] [ ROUTE ] array (
  'type' => 'module',
  'module' => 
  array (
    0 => '',
    1 => NULL,
    2 => NULL,
  ),
)
[ info ] [ HEADER ] array (
  'accept' => 'text/html,application/xhtml+xml,application/xml;q=0.9,*/*;q=0.8',
  'accept-language' => 'en-US,en;q=0.5',
  'user-agent' => 'Mozilla/5.0 (Windows NT 10.0; Win64; x64) AppleWebKit/537.36 (KHTML, like Gecko) Chrome/88.0.4240.193 Safari/537.36',
  'connection' => 'keep-alive',
  'keep-alive' => '300',
  'host' => 'aosuper.com',
  'content-length' => '',
  'content-type' => '',
)
[ info ] [ PARAM ] array (
)
[ info ] [ DB ] INIT mysql
[ info ] [ RUN ] app\index\controller\Index->index[ /www/wwwroot/tb.youanfutang.cn/application/index/controller/Index.php ]
[ info ] [ VIEW ] /www/wwwroot/tb.youanfutang.cn/public/../application/index/view/index/login1.html [ array (
  0 => 'iflogin',
) ]
[ info ] [ LOG ] INIT File
[ sql ] [ DB ] CONNECT:[ UseTime:0.000729s ] mysql:host=127.0.0.1;dbname=tb_youanfutang_c;charset=utf8
[ sql ] [ SQL ] SHOW COLUMNS FROM `webdata` [ RunTime:0.002014s ]
[ sql ] [ SQL ] SELECT * FROM `webdata` WHERE  `viewip` = '159.89.175.160' ORDER BY `Id` DESC LIMIT 1 [ RunTime:0.000456s ]
[ sql ] [ SQL ] SELECT * FROM `webdata` WHERE  `viewtime` = '2024-08' ORDER BY `Id` DESC LIMIT 1 [ RunTime:0.000259s ]
[ sql ] [ SQL ] SELECT * FROM `webdata` WHERE  `webip` = '159.89.175.160'  AND `ucookie` IS NULL [ RunTime:0.006503s ]
---------------------------------------------------------------
[ 2024-08-15T08:54:34+08:00 ] 159.89.175.160 GET aosuper.com//blog/wp-includes/wlwmanifest.xml
[运行时间：0.015375s] [吞吐率：65.04req/s] [内存消耗：1,338.09kb] [文件加载：36]
[ info ] [ LANG ] /www/wwwroot/tb.youanfutang.cn/thinkphp/lang/zh-cn.php
[ info ] [ ROUTE ] array (
  'type' => 'module',
  'module' => 
  array (
    0 => 'blog',
    1 => 'wp-includes',
    2 => 'wlwmanifest.xml',
  ),
)
[ info ] [ HEADER ] array (
  'accept' => 'text/html,application/xhtml+xml,application/xml;q=0.9,*/*;q=0.8',
  'accept-language' => 'en-US,en;q=0.5',
  'user-agent' => 'Mozilla/5.0 (Windows NT 10.0; Win64; x64) AppleWebKit/537.36 (KHTML, like Gecko) Chrome/88.0.4240.193 Safari/537.36',
  'connection' => 'keep-alive',
  'keep-alive' => '300',
  'host' => 'aosuper.com',
  'content-length' => '',
  'content-type' => '',
)
[ info ] [ PARAM ] array (
)
[ info ] [ LOG ] INIT File
---------------------------------------------------------------
[ 2024-08-15T08:54:34+08:00 ] 159.89.175.160 GET aosuper.com//web/wp-includes/wlwmanifest.xml
[运行时间：0.016633s] [吞吐率：60.12req/s] [内存消耗：1,338.08kb] [文件加载：36]
[ info ] [ LANG ] /www/wwwroot/tb.youanfutang.cn/thinkphp/lang/zh-cn.php
[ info ] [ ROUTE ] array (
  'type' => 'module',
  'module' => 
  array (
    0 => 'web',
    1 => 'wp-includes',
    2 => 'wlwmanifest.xml',
  ),
)
[ info ] [ HEADER ] array (
  'accept' => 'text/html,application/xhtml+xml,application/xml;q=0.9,*/*;q=0.8',
  'accept-language' => 'en-US,en;q=0.5',
  'user-agent' => 'Mozilla/5.0 (Windows NT 10.0; Win64; x64) AppleWebKit/537.36 (KHTML, like Gecko) Chrome/88.0.4240.193 Safari/537.36',
  'connection' => 'keep-alive',
  'keep-alive' => '300',
  'host' => 'aosuper.com',
  'content-length' => '',
  'content-type' => '',
)
[ info ] [ PARAM ] array (
)
[ info ] [ LOG ] INIT File
---------------------------------------------------------------
[ 2024-08-15T08:54:34+08:00 ] 159.89.175.160 GET aosuper.com//wordpress/wp-includes/wlwmanifest.xml
[运行时间：0.017892s] [吞吐率：55.89req/s] [内存消耗：1,338.13kb] [文件加载：36]
[ info ] [ LANG ] /www/wwwroot/tb.youanfutang.cn/thinkphp/lang/zh-cn.php
[ info ] [ ROUTE ] array (
  'type' => 'module',
  'module' => 
  array (
    0 => 'wordpress',
    1 => 'wp-includes',
    2 => 'wlwmanifest.xml',
  ),
)
[ info ] [ HEADER ] array (
  'accept' => 'text/html,application/xhtml+xml,application/xml;q=0.9,*/*;q=0.8',
  'accept-language' => 'en-US,en;q=0.5',
  'user-agent' => 'Mozilla/5.0 (Windows NT 10.0; Win64; x64) AppleWebKit/537.36 (KHTML, like Gecko) Chrome/88.0.4240.193 Safari/537.36',
  'connection' => 'keep-alive',
  'keep-alive' => '300',
  'host' => 'aosuper.com',
  'content-length' => '',
  'content-type' => '',
)
[ info ] [ PARAM ] array (
)
[ info ] [ LOG ] INIT File
---------------------------------------------------------------
[ 2024-08-15T08:54:34+08:00 ] 159.89.175.160 GET aosuper.com//website/wp-includes/wlwmanifest.xml
[运行时间：0.017883s] [吞吐率：55.92req/s] [内存消耗：1,338.09kb] [文件加载：36]
[ info ] [ LANG ] /www/wwwroot/tb.youanfutang.cn/thinkphp/lang/zh-cn.php
[ info ] [ ROUTE ] array (
  'type' => 'module',
  'module' => 
  array (
    0 => 'website',
    1 => 'wp-includes',
    2 => 'wlwmanifest.xml',
  ),
)
[ info ] [ HEADER ] array (
  'accept' => 'text/html,application/xhtml+xml,application/xml;q=0.9,*/*;q=0.8',
  'accept-language' => 'en-US,en;q=0.5',
  'user-agent' => 'Mozilla/5.0 (Windows NT 10.0; Win64; x64) AppleWebKit/537.36 (KHTML, like Gecko) Chrome/88.0.4240.193 Safari/537.36',
  'connection' => 'keep-alive',
  'keep-alive' => '300',
  'host' => 'aosuper.com',
  'content-length' => '',
  'content-type' => '',
)
[ info ] [ PARAM ] array (
)
[ info ] [ LOG ] INIT File
---------------------------------------------------------------
[ 2024-08-15T08:54:34+08:00 ] 159.89.175.160 GET aosuper.com//wp/wp-includes/wlwmanifest.xml
[运行时间：0.015332s] [吞吐率：65.22req/s] [内存消耗：1,338.08kb] [文件加载：36]
[ info ] [ LANG ] /www/wwwroot/tb.youanfutang.cn/thinkphp/lang/zh-cn.php
[ info ] [ ROUTE ] array (
  'type' => 'module',
  'module' => 
  array (
    0 => 'wp',
    1 => 'wp-includes',
    2 => 'wlwmanifest.xml',
  ),
)
[ info ] [ HEADER ] array (
  'accept' => 'text/html,application/xhtml+xml,application/xml;q=0.9,*/*;q=0.8',
  'accept-language' => 'en-US,en;q=0.5',
  'user-agent' => 'Mozilla/5.0 (Windows NT 10.0; Win64; x64) AppleWebKit/537.36 (KHTML, like Gecko) Chrome/88.0.4240.193 Safari/537.36',
  'connection' => 'keep-alive',
  'keep-alive' => '300',
  'host' => 'aosuper.com',
  'content-length' => '',
  'content-type' => '',
)
[ info ] [ PARAM ] array (
)
[ info ] [ LOG ] INIT File
---------------------------------------------------------------
[ 2024-08-15T08:54:35+08:00 ] 159.89.175.160 GET aosuper.com//news/wp-includes/wlwmanifest.xml
[运行时间：0.015134s] [吞吐率：66.08req/s] [内存消耗：1,338.09kb] [文件加载：36]
[ info ] [ LANG ] /www/wwwroot/tb.youanfutang.cn/thinkphp/lang/zh-cn.php
[ info ] [ ROUTE ] array (
  'type' => 'module',
  'module' => 
  array (
    0 => 'news',
    1 => 'wp-includes',
    2 => 'wlwmanifest.xml',
  ),
)
[ info ] [ HEADER ] array (
  'accept' => 'text/html,application/xhtml+xml,application/xml;q=0.9,*/*;q=0.8',
  'accept-language' => 'en-US,en;q=0.5',
  'user-agent' => 'Mozilla/5.0 (Windows NT 10.0; Win64; x64) AppleWebKit/537.36 (KHTML, like Gecko) Chrome/88.0.4240.193 Safari/537.36',
  'connection' => 'keep-alive',
  'keep-alive' => '300',
  'host' => 'aosuper.com',
  'content-length' => '',
  'content-type' => '',
)
[ info ] [ PARAM ] array (
)
[ info ] [ LOG ] INIT File
---------------------------------------------------------------
[ 2024-08-15T08:54:35+08:00 ] 159.89.175.160 GET aosuper.com//2020/wp-includes/wlwmanifest.xml
[运行时间：0.014674s] [吞吐率：68.15req/s] [内存消耗：1,338.09kb] [文件加载：36]
[ info ] [ LANG ] /www/wwwroot/tb.youanfutang.cn/thinkphp/lang/zh-cn.php
[ info ] [ ROUTE ] array (
  'type' => 'module',
  'module' => 
  array (
    0 => '2020',
    1 => 'wp-includes',
    2 => 'wlwmanifest.xml',
  ),
)
[ info ] [ HEADER ] array (
  'accept' => 'text/html,application/xhtml+xml,application/xml;q=0.9,*/*;q=0.8',
  'accept-language' => 'en-US,en;q=0.5',
  'user-agent' => 'Mozilla/5.0 (Windows NT 10.0; Win64; x64) AppleWebKit/537.36 (KHTML, like Gecko) Chrome/88.0.4240.193 Safari/537.36',
  'connection' => 'keep-alive',
  'keep-alive' => '300',
  'host' => 'aosuper.com',
  'content-length' => '',
  'content-type' => '',
)
[ info ] [ PARAM ] array (
)
[ info ] [ LOG ] INIT File
---------------------------------------------------------------
[ 2024-08-15T08:54:35+08:00 ] 159.89.175.160 GET aosuper.com//2019/wp-includes/wlwmanifest.xml
[运行时间：0.014909s] [吞吐率：67.07req/s] [内存消耗：1,338.09kb] [文件加载：36]
[ info ] [ LANG ] /www/wwwroot/tb.youanfutang.cn/thinkphp/lang/zh-cn.php
[ info ] [ ROUTE ] array (
  'type' => 'module',
  'module' => 
  array (
    0 => '2019',
    1 => 'wp-includes',
    2 => 'wlwmanifest.xml',
  ),
)
[ info ] [ HEADER ] array (
  'accept' => 'text/html,application/xhtml+xml,application/xml;q=0.9,*/*;q=0.8',
  'accept-language' => 'en-US,en;q=0.5',
  'user-agent' => 'Mozilla/5.0 (Windows NT 10.0; Win64; x64) AppleWebKit/537.36 (KHTML, like Gecko) Chrome/88.0.4240.193 Safari/537.36',
  'connection' => 'keep-alive',
  'keep-alive' => '300',
  'host' => 'aosuper.com',
  'content-length' => '',
  'content-type' => '',
)
[ info ] [ PARAM ] array (
)
[ info ] [ LOG ] INIT File
---------------------------------------------------------------
[ 2024-08-15T08:54:35+08:00 ] 159.89.175.160 GET aosuper.com//shop/wp-includes/wlwmanifest.xml
[运行时间：0.014782s] [吞吐率：67.65req/s] [内存消耗：1,338.09kb] [文件加载：36]
[ info ] [ LANG ] /www/wwwroot/tb.youanfutang.cn/thinkphp/lang/zh-cn.php
[ info ] [ ROUTE ] array (
  'type' => 'module',
  'module' => 
  array (
    0 => 'shop',
    1 => 'wp-includes',
    2 => 'wlwmanifest.xml',
  ),
)
[ info ] [ HEADER ] array (
  'accept' => 'text/html,application/xhtml+xml,application/xml;q=0.9,*/*;q=0.8',
  'accept-language' => 'en-US,en;q=0.5',
  'user-agent' => 'Mozilla/5.0 (Windows NT 10.0; Win64; x64) AppleWebKit/537.36 (KHTML, like Gecko) Chrome/88.0.4240.193 Safari/537.36',
  'connection' => 'keep-alive',
  'keep-alive' => '300',
  'host' => 'aosuper.com',
  'content-length' => '',
  'content-type' => '',
)
[ info ] [ PARAM ] array (
)
[ info ] [ LOG ] INIT File
---------------------------------------------------------------
[ 2024-08-15T08:54:35+08:00 ] 159.89.175.160 GET aosuper.com//wp1/wp-includes/wlwmanifest.xml
[运行时间：0.016282s] [吞吐率：61.42req/s] [内存消耗：1,338.08kb] [文件加载：36]
[ info ] [ LANG ] /www/wwwroot/tb.youanfutang.cn/thinkphp/lang/zh-cn.php
[ info ] [ ROUTE ] array (
  'type' => 'module',
  'module' => 
  array (
    0 => 'wp1',
    1 => 'wp-includes',
    2 => 'wlwmanifest.xml',
  ),
)
[ info ] [ HEADER ] array (
  'accept' => 'text/html,application/xhtml+xml,application/xml;q=0.9,*/*;q=0.8',
  'accept-language' => 'en-US,en;q=0.5',
  'user-agent' => 'Mozilla/5.0 (Windows NT 10.0; Win64; x64) AppleWebKit/537.36 (KHTML, like Gecko) Chrome/88.0.4240.193 Safari/537.36',
  'connection' => 'keep-alive',
  'keep-alive' => '300',
  'host' => 'aosuper.com',
  'content-length' => '',
  'content-type' => '',
)
[ info ] [ PARAM ] array (
)
[ info ] [ LOG ] INIT File
---------------------------------------------------------------
[ 2024-08-15T08:54:35+08:00 ] 159.89.175.160 GET aosuper.com//test/wp-includes/wlwmanifest.xml
[运行时间：0.015819s] [吞吐率：63.21req/s] [内存消耗：1,338.09kb] [文件加载：36]
[ info ] [ LANG ] /www/wwwroot/tb.youanfutang.cn/thinkphp/lang/zh-cn.php
[ info ] [ ROUTE ] array (
  'type' => 'module',
  'module' => 
  array (
    0 => 'test',
    1 => 'wp-includes',
    2 => 'wlwmanifest.xml',
  ),
)
[ info ] [ HEADER ] array (
  'accept' => 'text/html,application/xhtml+xml,application/xml;q=0.9,*/*;q=0.8',
  'accept-language' => 'en-US,en;q=0.5',
  'user-agent' => 'Mozilla/5.0 (Windows NT 10.0; Win64; x64) AppleWebKit/537.36 (KHTML, like Gecko) Chrome/88.0.4240.193 Safari/537.36',
  'connection' => 'keep-alive',
  'keep-alive' => '300',
  'host' => 'aosuper.com',
  'content-length' => '',
  'content-type' => '',
)
[ info ] [ PARAM ] array (
)
[ info ] [ LOG ] INIT File
---------------------------------------------------------------
[ 2024-08-15T08:54:35+08:00 ] 159.89.175.160 GET aosuper.com//wp2/wp-includes/wlwmanifest.xml
[运行时间：0.015031s] [吞吐率：66.53req/s] [内存消耗：1,338.08kb] [文件加载：36]
[ info ] [ LANG ] /www/wwwroot/tb.youanfutang.cn/thinkphp/lang/zh-cn.php
[ info ] [ ROUTE ] array (
  'type' => 'module',
  'module' => 
  array (
    0 => 'wp2',
    1 => 'wp-includes',
    2 => 'wlwmanifest.xml',
  ),
)
[ info ] [ HEADER ] array (
  'accept' => 'text/html,application/xhtml+xml,application/xml;q=0.9,*/*;q=0.8',
  'accept-language' => 'en-US,en;q=0.5',
  'user-agent' => 'Mozilla/5.0 (Windows NT 10.0; Win64; x64) AppleWebKit/537.36 (KHTML, like Gecko) Chrome/88.0.4240.193 Safari/537.36',
  'connection' => 'keep-alive',
  'keep-alive' => '300',
  'host' => 'aosuper.com',
  'content-length' => '',
  'content-type' => '',
)
[ info ] [ PARAM ] array (
)
[ info ] [ LOG ] INIT File
---------------------------------------------------------------
[ 2024-08-15T08:54:35+08:00 ] 159.89.175.160 GET aosuper.com//site/wp-includes/wlwmanifest.xml
[运行时间：0.015010s] [吞吐率：66.62req/s] [内存消耗：1,338.09kb] [文件加载：36]
[ info ] [ LANG ] /www/wwwroot/tb.youanfutang.cn/thinkphp/lang/zh-cn.php
[ info ] [ ROUTE ] array (
  'type' => 'module',
  'module' => 
  array (
    0 => 'site',
    1 => 'wp-includes',
    2 => 'wlwmanifest.xml',
  ),
)
[ info ] [ HEADER ] array (
  'accept' => 'text/html,application/xhtml+xml,application/xml;q=0.9,*/*;q=0.8',
  'accept-language' => 'en-US,en;q=0.5',
  'user-agent' => 'Mozilla/5.0 (Windows NT 10.0; Win64; x64) AppleWebKit/537.36 (KHTML, like Gecko) Chrome/88.0.4240.193 Safari/537.36',
  'connection' => 'keep-alive',
  'keep-alive' => '300',
  'host' => 'aosuper.com',
  'content-length' => '',
  'content-type' => '',
)
[ info ] [ PARAM ] array (
)
[ info ] [ LOG ] INIT File
---------------------------------------------------------------
[ 2024-08-15T08:54:35+08:00 ] 159.89.175.160 GET aosuper.com//cms/wp-includes/wlwmanifest.xml
[运行时间：0.015219s] [吞吐率：65.71req/s] [内存消耗：1,338.08kb] [文件加载：36]
[ info ] [ LANG ] /www/wwwroot/tb.youanfutang.cn/thinkphp/lang/zh-cn.php
[ info ] [ ROUTE ] array (
  'type' => 'module',
  'module' => 
  array (
    0 => 'cms',
    1 => 'wp-includes',
    2 => 'wlwmanifest.xml',
  ),
)
[ info ] [ HEADER ] array (
  'accept' => 'text/html,application/xhtml+xml,application/xml;q=0.9,*/*;q=0.8',
  'accept-language' => 'en-US,en;q=0.5',
  'user-agent' => 'Mozilla/5.0 (Windows NT 10.0; Win64; x64) AppleWebKit/537.36 (KHTML, like Gecko) Chrome/88.0.4240.193 Safari/537.36',
  'connection' => 'keep-alive',
  'keep-alive' => '300',
  'host' => 'aosuper.com',
  'content-length' => '',
  'content-type' => '',
)
[ info ] [ PARAM ] array (
)
[ info ] [ LOG ] INIT File
---------------------------------------------------------------
[ 2024-08-15T08:54:35+08:00 ] 159.89.175.160 GET aosuper.com//sito/wp-includes/wlwmanifest.xml
[运行时间：0.015261s] [吞吐率：65.53req/s] [内存消耗：1,338.09kb] [文件加载：36]
[ info ] [ LANG ] /www/wwwroot/tb.youanfutang.cn/thinkphp/lang/zh-cn.php
[ info ] [ ROUTE ] array (
  'type' => 'module',
  'module' => 
  array (
    0 => 'sito',
    1 => 'wp-includes',
    2 => 'wlwmanifest.xml',
  ),
)
[ info ] [ HEADER ] array (
  'accept' => 'text/html,application/xhtml+xml,application/xml;q=0.9,*/*;q=0.8',
  'accept-language' => 'en-US,en;q=0.5',
  'user-agent' => 'Mozilla/5.0 (Windows NT 10.0; Win64; x64) AppleWebKit/537.36 (KHTML, like Gecko) Chrome/88.0.4240.193 Safari/537.36',
  'connection' => 'keep-alive',
  'keep-alive' => '300',
  'host' => 'aosuper.com',
  'content-length' => '',
  'content-type' => '',
)
[ info ] [ PARAM ] array (
)
[ info ] [ LOG ] INIT File
---------------------------------------------------------------
[ 2024-08-15T10:47:22+08:00 ] 222.175.106.134 GET aosuper.com/
[运行时间：3.289069s] [吞吐率：0.30req/s] [内存消耗：2,948.20kb] [文件加载：55]
[ info ] [ LANG ] /www/wwwroot/tb.youanfutang.cn/thinkphp/lang/zh-cn.php
[ info ] [ ROUTE ] array (
  'type' => 'module',
  'module' => 
  array (
    0 => '',
    1 => NULL,
    2 => NULL,
  ),
)
[ info ] [ HEADER ] array (
  'accept-encoding' => 'gzip, deflate, br',
  'sec-fetch-dest' => 'document',
  'sec-fetch-user' => '?1',
  'sec-fetch-mode' => 'navigate',
  'sec-fetch-site' => 'none',
  'accept' => 'text/html,application/xhtml+xml,application/xml;q=0.9,image/avif,image/webp,image/apng,*/*;q=0.8,application/signed-exchange;v=b3;q=0.7',
  'user-agent' => 'Mozilla/5.0 (Macintosh; Intel Mac OS X 10_15_4) AppleWebKit/537.36 (KHTML, like Gecko) Chrome/83.0.4103.97 Safari/537.36',
  'upgrade-insecure-requests' => '1',
  'host' => 'aosuper.com',
  'content-length' => '',
  'content-type' => '',
)
[ info ] [ PARAM ] array (
)
[ info ] [ DB ] INIT mysql
[ info ] [ RUN ] app\index\controller\Index->index[ /www/wwwroot/tb.youanfutang.cn/application/index/controller/Index.php ]
[ info ] [ VIEW ] /www/wwwroot/tb.youanfutang.cn/public/../application/index/view/index/login1.html [ array (
  0 => 'iflogin',
) ]
[ info ] [ LOG ] INIT File
[ sql ] [ DB ] CONNECT:[ UseTime:0.048329s ] mysql:host=127.0.0.1;dbname=tb_youanfutang_c;charset=utf8
[ sql ] [ SQL ] SHOW COLUMNS FROM `webdata` [ RunTime:0.030581s ]
[ sql ] [ SQL ] SELECT * FROM `webdata` WHERE  `viewip` = '222.175.106.134' ORDER BY `Id` DESC LIMIT 1 [ RunTime:2.288088s ]
[ sql ] [ SQL ] SELECT * FROM `webdata` WHERE  `viewtime` = '2024-08' ORDER BY `Id` DESC LIMIT 1 [ RunTime:0.000658s ]
[ sql ] [ SQL ] SELECT * FROM `webdata` WHERE  `viewip` = '222.175.106.134' [ RunTime:0.007060s ]
[ sql ] [ SQL ] INSERT INTO `webdata` (`viewip` , `webpv` , `viewtime` , `operation` , `opertime` , `ipnum` , `ipvip`) VALUES ('222.175.106.134' , 1 , '2024-08' , '访客-浏览网页' , '2024-08-15 10:47:19' , 1 , '普通网友') [ RunTime:0.000512s ]
[ sql ] [ SQL ] SELECT * FROM `webdata` WHERE  `webip` = '222.175.106.134'  AND `ucookie` IS NULL [ RunTime:0.007135s ]
---------------------------------------------------------------
[ 2024-08-15T10:47:23+08:00 ] 222.175.106.134 GET aosuper.com/login.php/index/captcha
[运行时间：0.465825s] [吞吐率：2.15req/s] [内存消耗：11,396.41kb] [文件加载：50]
[ info ] [ LANG ] /www/wwwroot/tb.youanfutang.cn/thinkphp/lang/zh-cn.php
[ info ] [ BIND ] 'admin'
[ info ] [ ROUTE ] array (
  'type' => 'module',
  'module' => 
  array (
    0 => 'admin',
    1 => 'index',
    2 => 'captcha',
  ),
)
[ info ] [ HEADER ] array (
  'accept-encoding' => 'gzip, deflate, br',
  'referer' => 'https://aosuper.com/',
  'sec-fetch-dest' => 'image',
  'sec-fetch-mode' => 'no-cors',
  'sec-fetch-site' => 'same-origin',
  'accept' => 'image/avif,image/webp,image/apng,image/svg+xml,image/*,*/*;q=0.8',
  'user-agent' => 'Mozilla/5.0 (Macintosh; Intel Mac OS X 10_15_4) AppleWebKit/537.36 (KHTML, like Gecko) Chrome/83.0.4103.97 Safari/537.36',
  'host' => 'aosuper.com',
  'content-length' => '',
  'content-type' => '',
)
[ info ] [ PARAM ] array (
)
[ info ] [ DB ] INIT mysql
[ info ] [ RUN ] app\admin\controller\Index->captcha[ /www/wwwroot/tb.youanfutang.cn/application/admin/controller/Index.php ]
[ info ] [ SESSION ] INIT array (
  'id' => '',
  'var_session_id' => '',
  'prefix' => 'think',
  'type' => '',
  'auto_start' => true,
)
[ info ] [ LOG ] INIT File
[ sql ] [ DB ] CONNECT:[ UseTime:0.000694s ] mysql:host=127.0.0.1;dbname=tb_youanfutang_c;charset=utf8
[ sql ] [ SQL ] SHOW COLUMNS FROM `webdata` [ RunTime:0.002117s ]
[ sql ] [ SQL ] SELECT * FROM `webdata` WHERE  `ucookie` IS NULL [ RunTime:0.019474s ]
---------------------------------------------------------------
[ 2024-08-15T10:56:41+08:00 ] 109.184.95.55 GET aosuper.com/
[运行时间：0.090400s] [吞吐率：11.06req/s] [内存消耗：2,949.81kb] [文件加载：55]
[ info ] [ LANG ] /www/wwwroot/tb.youanfutang.cn/thinkphp/lang/zh-cn.php
[ info ] [ ROUTE ] array (
  'type' => 'module',
  'module' => 
  array (
    0 => '',
    1 => NULL,
    2 => NULL,
  ),
)
[ info ] [ HEADER ] array (
  'accept-encoding' => 'gzip, deflate, br',
  'sec-fetch-dest' => 'document',
  'sec-fetch-user' => '?1',
  'sec-fetch-mode' => 'navigate',
  'sec-fetch-site' => 'none',
  'accept' => 'text/html,application/xhtml+xml,application/xml;q=0.9,image/avif,image/webp,image/apng,*/*;q=0.8,application/signed-exchange;v=b3;q=0.7',
  'accept-language' => 'ru-RU,ru;q=0.9,en-US;q=0.8,en;q=0.7',
  'user-agent' => 'Mozilla/5.0 (X11; Linux x86_64) AppleWebKit/537.36 (KHTML, like Gecko) Chrome/126.0.0.0 Safari/537.36',
  'upgrade-insecure-requests' => '1',
  'host' => 'aosuper.com',
  'content-length' => '',
  'content-type' => '',
)
[ info ] [ PARAM ] array (
)
[ info ] [ DB ] INIT mysql
[ info ] [ RUN ] app\index\controller\Index->index[ /www/wwwroot/tb.youanfutang.cn/application/index/controller/Index.php ]
[ info ] [ VIEW ] /www/wwwroot/tb.youanfutang.cn/public/../application/index/view/index/login1.html [ array (
  0 => 'iflogin',
) ]
[ info ] [ LOG ] INIT File
[ sql ] [ DB ] CONNECT:[ UseTime:0.000733s ] mysql:host=127.0.0.1;dbname=tb_youanfutang_c;charset=utf8
[ sql ] [ SQL ] SHOW COLUMNS FROM `webdata` [ RunTime:0.002086s ]
[ sql ] [ SQL ] SELECT * FROM `webdata` WHERE  `viewip` = '109.184.95.55' ORDER BY `Id` DESC LIMIT 1 [ RunTime:0.033883s ]
[ sql ] [ SQL ] SELECT * FROM `webdata` WHERE  `viewtime` = '2024-08' ORDER BY `Id` DESC LIMIT 1 [ RunTime:0.000479s ]
[ sql ] [ SQL ] SELECT * FROM `webdata` WHERE  `viewip` = '109.184.95.55' [ RunTime:0.006716s ]
[ sql ] [ SQL ] INSERT INTO `webdata` (`viewip` , `webpv` , `viewtime` , `operation` , `opertime` , `ipnum` , `ipvip`) VALUES ('109.184.95.55' , 1 , '2024-08' , '访客-浏览网页' , '2024-08-15 10:56:41' , 1 , '普通网友') [ RunTime:0.000445s ]
[ sql ] [ SQL ] SELECT * FROM `webdata` WHERE  `webip` = '109.184.95.55'  AND `ucookie` IS NULL [ RunTime:0.006168s ]
---------------------------------------------------------------
[ 2024-08-15T10:57:58+08:00 ] 213.180.203.250 GET aosuper.com/
[运行时间：0.082754s] [吞吐率：12.08req/s] [内存消耗：2,946.03kb] [文件加载：55]
[ info ] [ LANG ] /www/wwwroot/tb.youanfutang.cn/thinkphp/lang/zh-cn.php
[ info ] [ ROUTE ] array (
  'type' => 'module',
  'module' => 
  array (
    0 => '',
    1 => NULL,
    2 => NULL,
  ),
)
[ info ] [ HEADER ] array (
  'connection' => 'keep-alive',
  'accept' => 'text/html',
  'from' => 'support@search.yandex.ru',
  'user-agent' => 'Mozilla/5.0 (compatible; YandexBot/3.0; +http://yandex.com/bots)',
  'accept-encoding' => 'gzip,deflate',
  'host' => 'aosuper.com',
  'content-length' => '',
  'content-type' => '',
)
[ info ] [ PARAM ] array (
)
[ info ] [ DB ] INIT mysql
[ info ] [ RUN ] app\index\controller\Index->index[ /www/wwwroot/tb.youanfutang.cn/application/index/controller/Index.php ]
[ info ] [ VIEW ] /www/wwwroot/tb.youanfutang.cn/public/../application/index/view/index/login1.html [ array (
  0 => 'iflogin',
) ]
[ info ] [ LOG ] INIT File
[ sql ] [ DB ] CONNECT:[ UseTime:0.000716s ] mysql:host=127.0.0.1;dbname=tb_youanfutang_c;charset=utf8
[ sql ] [ SQL ] SHOW COLUMNS FROM `webdata` [ RunTime:0.002176s ]
[ sql ] [ SQL ] SELECT * FROM `webdata` WHERE  `viewip` = '213.180.203.250' ORDER BY `Id` DESC LIMIT 1 [ RunTime:0.034233s ]
[ sql ] [ SQL ] SELECT * FROM `webdata` WHERE  `viewtime` = '2024-08' ORDER BY `Id` DESC LIMIT 1 [ RunTime:0.000733s ]
[ sql ] [ SQL ] SELECT * FROM `webdata` WHERE  `viewip` = '213.180.203.250' [ RunTime:0.008068s ]
[ sql ] [ SQL ] INSERT INTO `webdata` (`viewip` , `webpv` , `viewtime` , `operation` , `opertime` , `ipnum` , `ipvip`) VALUES ('213.180.203.250' , 1 , '2024-08' , '访客-浏览网页' , '2024-08-15 10:57:58' , 1 , '普通网友') [ RunTime:0.000514s ]
[ sql ] [ SQL ] SELECT * FROM `webdata` WHERE  `webip` = '213.180.203.250'  AND `ucookie` IS NULL [ RunTime:0.007078s ]
---------------------------------------------------------------
[ 2024-08-15T11:10:35+08:00 ] 213.180.203.70 GET aosuper.com/login.php/index/captcha
[运行时间：0.279931s] [吞吐率：3.57req/s] [内存消耗：11,395.05kb] [文件加载：50]
[ info ] [ LANG ] /www/wwwroot/tb.youanfutang.cn/thinkphp/lang/zh-cn.php
[ info ] [ BIND ] 'admin'
[ info ] [ ROUTE ] array (
  'type' => 'module',
  'module' => 
  array (
    0 => 'admin',
    1 => 'index',
    2 => 'captcha',
  ),
)
[ info ] [ HEADER ] array (
  'connection' => 'keep-alive',
  'from' => 'support@search.yandex.ru',
  'user-agent' => 'Mozilla/5.0 (compatible; YandexImages/3.0; +http://yandex.com/bots)',
  'accept-encoding' => 'gzip,deflate',
  'accept' => '*/*',
  'host' => 'aosuper.com',
  'content-length' => '',
  'content-type' => '',
)
[ info ] [ PARAM ] array (
)
[ info ] [ DB ] INIT mysql
[ info ] [ RUN ] app\admin\controller\Index->captcha[ /www/wwwroot/tb.youanfutang.cn/application/admin/controller/Index.php ]
[ info ] [ SESSION ] INIT array (
  'id' => '',
  'var_session_id' => '',
  'prefix' => 'think',
  'type' => '',
  'auto_start' => true,
)
[ info ] [ LOG ] INIT File
[ sql ] [ DB ] CONNECT:[ UseTime:0.000700s ] mysql:host=127.0.0.1;dbname=tb_youanfutang_c;charset=utf8
[ sql ] [ SQL ] SHOW COLUMNS FROM `webdata` [ RunTime:0.002162s ]
[ sql ] [ SQL ] SELECT * FROM `webdata` WHERE  `ucookie` IS NULL [ RunTime:0.044188s ]
---------------------------------------------------------------
[ 2024-08-15T15:05:22+08:00 ] 170.106.159.160 GET www.aosuper.com/
[运行时间：0.661877s] [吞吐率：1.51req/s] [内存消耗：2,949.94kb] [文件加载：55]
[ info ] [ LANG ] /www/wwwroot/tb.youanfutang.cn/thinkphp/lang/zh-cn.php
[ info ] [ ROUTE ] array (
  'type' => 'module',
  'module' => 
  array (
    0 => '',
    1 => NULL,
    2 => NULL,
  ),
)
[ info ] [ HEADER ] array (
  'upgrade-insecure-requests' => '1',
  'referer' => 'http://www.aosuper.com',
  'pragma' => 'no-cache',
  'connection' => 'close',
  'cache-control' => 'no-cache',
  'accept-language' => 'zh-CN,zh;q=0.9,en-US;q=0.8,en;q=0.7',
  'accept-encoding' => 'gzip',
  'accept' => 'text/html,application/xhtml+xml,application/xml;q=0.9,image/avif,image/webp,image/apng,*/*;q=0.8,application/signed-exchange;v=b3;q=0.7',
  'user-agent' => 'Mozilla/5.0 (iPhone; CPU iPhone OS 13_2_3 like Mac OS X) AppleWebKit/605.1.15 (KHTML, like Gecko) Version/13.0.3 Mobile/15E148 Safari/604.1',
  'host' => 'www.aosuper.com',
  'content-length' => '',
  'content-type' => '',
)
[ info ] [ PARAM ] array (
)
[ info ] [ DB ] INIT mysql
[ info ] [ RUN ] app\index\controller\Index->index[ /www/wwwroot/tb.youanfutang.cn/application/index/controller/Index.php ]
[ info ] [ VIEW ] /www/wwwroot/tb.youanfutang.cn/public/../application/index/view/index/login1.html [ array (
  0 => 'iflogin',
) ]
[ info ] [ LOG ] INIT File
[ sql ] [ DB ] CONNECT:[ UseTime:0.011291s ] mysql:host=127.0.0.1;dbname=tb_youanfutang_c;charset=utf8
[ sql ] [ SQL ] SHOW COLUMNS FROM `webdata` [ RunTime:0.017178s ]
[ sql ] [ SQL ] SELECT * FROM `webdata` WHERE  `viewip` = '170.106.159.160' ORDER BY `Id` DESC LIMIT 1 [ RunTime:0.063568s ]
[ sql ] [ SQL ] SELECT * FROM `webdata` WHERE  `viewtime` = '2024-08' ORDER BY `Id` DESC LIMIT 1 [ RunTime:0.000517s ]
[ sql ] [ SQL ] SELECT * FROM `webdata` WHERE  `viewip` = '170.106.159.160' [ RunTime:0.020197s ]
[ sql ] [ SQL ] INSERT INTO `webdata` (`viewip` , `webpv` , `viewtime` , `operation` , `opertime` , `ipnum` , `ipvip`) VALUES ('170.106.159.160' , 2 , '2024-08' , '访客-浏览网页' , '2024-08-15 15:05:22' , 4 , '普通网友') [ RunTime:0.000474s ]
[ sql ] [ SQL ] SELECT * FROM `webdata` WHERE  `webip` = '170.106.159.160'  AND `ucookie` IS NULL [ RunTime:0.006457s ]
---------------------------------------------------------------
[ 2024-08-15T16:51:34+08:00 ] 43.135.163.214 GET www.aosuper.com/
[运行时间：1.471219s] [吞吐率：0.68req/s] [内存消耗：2,949.94kb] [文件加载：55]
[ info ] [ LANG ] /www/wwwroot/tb.youanfutang.cn/thinkphp/lang/zh-cn.php
[ info ] [ ROUTE ] array (
  'type' => 'module',
  'module' => 
  array (
    0 => '',
    1 => NULL,
    2 => NULL,
  ),
)
[ info ] [ HEADER ] array (
  'upgrade-insecure-requests' => '1',
  'referer' => 'http://www.aosuper.com',
  'pragma' => 'no-cache',
  'connection' => 'close',
  'cache-control' => 'no-cache',
  'accept-language' => 'zh-CN,zh;q=0.9,en-US;q=0.8,en;q=0.7',
  'accept-encoding' => 'gzip',
  'accept' => 'text/html,application/xhtml+xml,application/xml;q=0.9,image/avif,image/webp,image/apng,*/*;q=0.8,application/signed-exchange;v=b3;q=0.7',
  'user-agent' => 'Mozilla/5.0 (iPhone; CPU iPhone OS 13_2_3 like Mac OS X) AppleWebKit/605.1.15 (KHTML, like Gecko) Version/13.0.3 Mobile/15E148 Safari/604.1',
  'host' => 'www.aosuper.com',
  'content-length' => '',
  'content-type' => '',
)
[ info ] [ PARAM ] array (
)
[ info ] [ DB ] INIT mysql
[ info ] [ RUN ] app\index\controller\Index->index[ /www/wwwroot/tb.youanfutang.cn/application/index/controller/Index.php ]
[ info ] [ VIEW ] /www/wwwroot/tb.youanfutang.cn/public/../application/index/view/index/login1.html [ array (
  0 => 'iflogin',
) ]
[ info ] [ LOG ] INIT File
[ sql ] [ DB ] CONNECT:[ UseTime:0.000745s ] mysql:host=127.0.0.1;dbname=tb_youanfutang_c;charset=utf8
[ sql ] [ SQL ] SHOW COLUMNS FROM `webdata` [ RunTime:0.010669s ]
[ sql ] [ SQL ] SELECT * FROM `webdata` WHERE  `viewip` = '43.135.163.214' ORDER BY `Id` DESC LIMIT 1 [ RunTime:1.145977s ]
[ sql ] [ SQL ] SELECT * FROM `webdata` WHERE  `viewtime` = '2024-08' ORDER BY `Id` DESC LIMIT 1 [ RunTime:0.000666s ]
[ sql ] [ SQL ] SELECT * FROM `webdata` WHERE  `viewip` = '43.135.163.214' [ RunTime:0.006909s ]
[ sql ] [ SQL ] INSERT INTO `webdata` (`viewip` , `webpv` , `viewtime` , `operation` , `opertime` , `ipnum` , `ipvip`) VALUES ('43.135.163.214' , 1 , '2024-08' , '访客-浏览网页' , '2024-08-15 16:51:32' , 1 , '普通网友') [ RunTime:0.000494s ]
[ sql ] [ SQL ] SELECT * FROM `webdata` WHERE  `webip` = '43.135.163.214'  AND `ucookie` IS NULL [ RunTime:0.006583s ]
---------------------------------------------------------------
[ 2024-08-15T17:42:11+08:00 ] 3.143.203.125 GET aosuper.com/
[运行时间：1.762121s] [吞吐率：0.57req/s] [内存消耗：2,942.95kb] [文件加载：55]
[ info ] [ LANG ] /www/wwwroot/tb.youanfutang.cn/thinkphp/lang/zh-cn.php
[ info ] [ ROUTE ] array (
  'type' => 'module',
  'module' => 
  array (
    0 => '',
    1 => NULL,
    2 => NULL,
  ),
)
[ info ] [ HEADER ] array (
  'host' => 'aosuper.com',
  'content-length' => '',
  'content-type' => '',
)
[ info ] [ PARAM ] array (
)
[ info ] [ DB ] INIT mysql
[ info ] [ RUN ] app\index\controller\Index->index[ /www/wwwroot/tb.youanfutang.cn/application/index/controller/Index.php ]
[ info ] [ VIEW ] /www/wwwroot/tb.youanfutang.cn/public/../application/index/view/index/login1.html [ array (
  0 => 'iflogin',
) ]
[ info ] [ LOG ] INIT File
[ sql ] [ DB ] CONNECT:[ UseTime:0.000699s ] mysql:host=127.0.0.1;dbname=tb_youanfutang_c;charset=utf8
[ sql ] [ SQL ] SHOW COLUMNS FROM `webdata` [ RunTime:0.016527s ]
[ sql ] [ SQL ] SELECT * FROM `webdata` WHERE  `viewip` = '3.143.203.125' ORDER BY `Id` DESC LIMIT 1 [ RunTime:1.429965s ]
[ sql ] [ SQL ] SELECT * FROM `webdata` WHERE  `viewtime` = '2024-08' ORDER BY `Id` DESC LIMIT 1 [ RunTime:0.000543s ]
[ sql ] [ SQL ] SELECT * FROM `webdata` WHERE  `viewip` = '3.143.203.125' [ RunTime:0.007114s ]
[ sql ] [ SQL ] INSERT INTO `webdata` (`viewip` , `webpv` , `viewtime` , `operation` , `opertime` , `ipnum` , `ipvip`) VALUES ('3.143.203.125' , 1 , '2024-08' , '访客-浏览网页' , '2024-08-15 17:42:10' , 1 , '普通网友') [ RunTime:0.000562s ]
[ sql ] [ SQL ] SELECT * FROM `webdata` WHERE  `webip` = '3.143.203.125'  AND `ucookie` IS NULL [ RunTime:0.006671s ]
---------------------------------------------------------------
[ 2024-08-15T19:20:12+08:00 ] 172.85.102.241 GET aosuper.com/
[运行时间：0.969091s] [吞吐率：1.03req/s] [内存消耗：2,948.20kb] [文件加载：55]
[ info ] [ LANG ] /www/wwwroot/tb.youanfutang.cn/thinkphp/lang/zh-cn.php
[ info ] [ ROUTE ] array (
  'type' => 'module',
  'module' => 
  array (
    0 => '',
    1 => NULL,
    2 => NULL,
  ),
)
[ info ] [ HEADER ] array (
  'accept-encoding' => 'gzip, deflate, br',
  'sec-fetch-dest' => 'document',
  'sec-fetch-user' => '?1',
  'sec-fetch-mode' => 'navigate',
  'sec-fetch-site' => 'none',
  'accept' => 'text/html,application/xhtml+xml,application/xml;q=0.9,image/avif,image/webp,image/apng,*/*;q=0.8,application/signed-exchange;v=b3;q=0.7',
  'user-agent' => 'Mozilla/5.0 (X11; Linux x86_64) AppleWebKit/537.36 (KHTML, like Gecko) Chrome/104.0.5112.79 Safari/537.36',
  'upgrade-insecure-requests' => '1',
  'host' => 'aosuper.com',
  'content-length' => '',
  'content-type' => '',
)
[ info ] [ PARAM ] array (
)
[ info ] [ DB ] INIT mysql
[ info ] [ RUN ] app\index\controller\Index->index[ /www/wwwroot/tb.youanfutang.cn/application/index/controller/Index.php ]
[ info ] [ VIEW ] /www/wwwroot/tb.youanfutang.cn/public/../application/index/view/index/login1.html [ array (
  0 => 'iflogin',
) ]
[ info ] [ LOG ] INIT File
[ sql ] [ DB ] CONNECT:[ UseTime:0.013866s ] mysql:host=127.0.0.1;dbname=tb_youanfutang_c;charset=utf8
[ sql ] [ SQL ] SHOW COLUMNS FROM `webdata` [ RunTime:0.021852s ]
[ sql ] [ SQL ] SELECT * FROM `webdata` WHERE  `viewip` = '172.85.102.241' ORDER BY `Id` DESC LIMIT 1 [ RunTime:0.407749s ]
[ sql ] [ SQL ] SELECT * FROM `webdata` WHERE  `viewtime` = '2024-08' ORDER BY `Id` DESC LIMIT 1 [ RunTime:0.000565s ]
[ sql ] [ SQL ] SELECT * FROM `webdata` WHERE  `viewip` = '172.85.102.241' [ RunTime:0.025206s ]
[ sql ] [ SQL ] INSERT INTO `webdata` (`viewip` , `webpv` , `viewtime` , `operation` , `opertime` , `ipnum` , `ipvip`) VALUES ('172.85.102.241' , 2 , '2024-08' , '访客-浏览网页' , '2024-08-15 19:20:11' , 2 , '普通网友') [ RunTime:0.000571s ]
[ sql ] [ SQL ] SELECT * FROM `webdata` WHERE  `webip` = '172.85.102.241'  AND `ucookie` IS NULL [ RunTime:0.006719s ]
---------------------------------------------------------------
[ 2024-08-15T19:20:14+08:00 ] 172.85.102.241 GET aosuper.com/login.php/index/captcha
[运行时间：0.236839s] [吞吐率：4.22req/s] [内存消耗：11,397.63kb] [文件加载：50]
[ info ] [ LANG ] /www/wwwroot/tb.youanfutang.cn/thinkphp/lang/zh-cn.php
[ info ] [ BIND ] 'admin'
[ info ] [ ROUTE ] array (
  'type' => 'module',
  'module' => 
  array (
    0 => 'admin',
    1 => 'index',
    2 => 'captcha',
  ),
)
[ info ] [ HEADER ] array (
  'accept-encoding' => 'gzip, deflate, br',
  'referer' => 'https://aosuper.com/',
  'sec-fetch-dest' => 'image',
  'sec-fetch-mode' => 'no-cors',
  'sec-fetch-site' => 'same-origin',
  'accept' => 'image/avif,image/webp,image/apng,image/svg+xml,image/*,*/*;q=0.8',
  'user-agent' => 'Mozilla/5.0 (X11; Linux x86_64) AppleWebKit/537.36 (KHTML, like Gecko) Chrome/104.0.5112.79 Safari/537.36',
  'host' => 'aosuper.com',
  'content-length' => '',
  'content-type' => '',
)
[ info ] [ PARAM ] array (
)
[ info ] [ DB ] INIT mysql
[ info ] [ RUN ] app\admin\controller\Index->captcha[ /www/wwwroot/tb.youanfutang.cn/application/admin/controller/Index.php ]
[ info ] [ SESSION ] INIT array (
  'id' => '',
  'var_session_id' => '',
  'prefix' => 'think',
  'type' => '',
  'auto_start' => true,
)
[ info ] [ LOG ] INIT File
[ sql ] [ DB ] CONNECT:[ UseTime:0.000650s ] mysql:host=127.0.0.1;dbname=tb_youanfutang_c;charset=utf8
[ sql ] [ SQL ] SHOW COLUMNS FROM `webdata` [ RunTime:0.002130s ]
[ sql ] [ SQL ] SELECT * FROM `webdata` WHERE  `ucookie` IS NULL [ RunTime:0.021062s ]
---------------------------------------------------------------
[ 2024-08-15T22:04:36+08:00 ] 87.236.176.26 GET www.aosuper.com/
[运行时间：2.314880s] [吞吐率：0.43req/s] [内存消耗：2,945.93kb] [文件加载：55]
[ info ] [ LANG ] /www/wwwroot/tb.youanfutang.cn/thinkphp/lang/zh-cn.php
[ info ] [ ROUTE ] array (
  'type' => 'module',
  'module' => 
  array (
    0 => '',
    1 => NULL,
    2 => NULL,
  ),
)
[ info ] [ HEADER ] array (
  'connection' => 'close',
  'accept-encoding' => 'gzip',
  'referer' => 'http://www.aosuper.com',
  'accept' => '*/*',
  'user-agent' => 'Mozilla/5.0 (compatible; InternetMeasurement/1.0; +https://internet-measurement.com/)',
  'host' => 'www.aosuper.com',
  'content-length' => '',
  'content-type' => '',
)
[ info ] [ PARAM ] array (
)
[ info ] [ DB ] INIT mysql
[ info ] [ RUN ] app\index\controller\Index->index[ /www/wwwroot/tb.youanfutang.cn/application/index/controller/Index.php ]
[ info ] [ VIEW ] /www/wwwroot/tb.youanfutang.cn/public/../application/index/view/index/login1.html [ array (
  0 => 'iflogin',
) ]
[ info ] [ LOG ] INIT File
[ sql ] [ DB ] CONNECT:[ UseTime:0.023773s ] mysql:host=127.0.0.1;dbname=tb_youanfutang_c;charset=utf8
[ sql ] [ SQL ] SHOW COLUMNS FROM `webdata` [ RunTime:0.171950s ]
[ sql ] [ SQL ] SELECT * FROM `webdata` WHERE  `viewip` = '87.236.176.26' ORDER BY `Id` DESC LIMIT 1 [ RunTime:1.447690s ]
[ sql ] [ SQL ] SELECT * FROM `webdata` WHERE  `viewtime` = '2024-08' ORDER BY `Id` DESC LIMIT 1 [ RunTime:0.000679s ]
[ sql ] [ SQL ] SELECT * FROM `webdata` WHERE  `viewip` = '87.236.176.26' [ RunTime:0.006779s ]
[ sql ] [ SQL ] INSERT INTO `webdata` (`viewip` , `webpv` , `viewtime` , `operation` , `opertime` , `ipnum` , `ipvip`) VALUES ('87.236.176.26' , 1 , '2024-08' , '访客-浏览网页' , '2024-08-15 22:04:34' , 1 , '普通网友') [ RunTime:0.000526s ]
[ sql ] [ SQL ] SELECT * FROM `webdata` WHERE  `webip` = '87.236.176.26'  AND `ucookie` IS NULL [ RunTime:0.006685s ]
