---------------------------------------------------------------
[ 2024-12-10T00:30:21+08:00 ] 124.221.247.200 GET atacabusca.shop/
[运行时间：0.065766s] [吞吐率：15.21req/s] [内存消耗：2,944.94kb] [文件加载：55]
[ info ] [ LANG ] /www/wwwroot/tb.youanfutang.cn/thinkphp/lang/zh-cn.php
[ info ] [ ROUTE ] array (
  'type' => 'module',
  'module' => 
  array (
    0 => '',
    1 => NULL,
    2 => NULL,
  ),
)
[ info ] [ HEADER ] array (
  'connection' => 'close',
  'accept-encoding' => 'gzip',
  'user-agent' => 'Mozilla/5.0 (Linux; Android 10; LIO-AN00 Build/HUAWEILIO-AN00; wv) MicroMessenger Weixin QQ AppleWebKit/537.36 (KHTML, like Gecko) Version/4.0 Chrome/78.0.3904.62 XWEB/2692 MMWEBSDK/200901 Mobile Safari/537.36',
  'host' => 'atacabusca.shop',
  'content-length' => '',
  'content-type' => '',
)
[ info ] [ PARAM ] array (
)
[ info ] [ DB ] INIT mysql
[ info ] [ RUN ] app\index\controller\Index->index[ /www/wwwroot/tb.youanfutang.cn/application/index/controller/Index.php ]
[ info ] [ VIEW ] /www/wwwroot/tb.youanfutang.cn/public/../application/index/view/index/login1.html [ array (
  0 => 'iflogin',
) ]
[ info ] [ LOG ] INIT File
[ sql ] [ DB ] CONNECT:[ UseTime:0.000410s ] mysql:host=127.0.0.1;dbname=tb_youanfutang_c;charset=utf8
[ sql ] [ SQL ] SHOW COLUMNS FROM `webdata` [ RunTime:0.011976s ]
[ sql ] [ SQL ] SELECT * FROM `webdata` WHERE  `viewip` = '124.221.247.200' ORDER BY `Id` DESC LIMIT 1 [ RunTime:0.019296s ]
[ sql ] [ SQL ] SELECT * FROM `webdata` WHERE  `viewtime` = '2024-12' ORDER BY `Id` DESC LIMIT 1 [ RunTime:0.000230s ]
[ sql ] [ SQL ] SELECT * FROM `webdata` WHERE  `viewip` = '124.221.247.200' [ RunTime:0.005616s ]
[ sql ] [ SQL ] INSERT INTO `webdata` (`viewip` , `webpv` , `viewtime` , `operation` , `opertime` , `ipnum` , `ipvip`) VALUES ('124.221.247.200' , 4 , '2024-12' , '访客-浏览网页' , '2024-12-10 00:30:21' , 2 , '普通网友') [ RunTime:0.000270s ]
[ sql ] [ SQL ] SELECT * FROM `webdata` WHERE  `webip` = '124.221.247.200'  AND `ucookie` IS NULL [ RunTime:0.005139s ]
---------------------------------------------------------------
[ 2024-12-10T02:10:22+08:00 ] 43.159.144.16 GET atacabusca.shop/
[运行时间：0.052461s] [吞吐率：19.06req/s] [内存消耗：2,949.92kb] [文件加载：55]
[ info ] [ LANG ] /www/wwwroot/tb.youanfutang.cn/thinkphp/lang/zh-cn.php
[ info ] [ ROUTE ] array (
  'type' => 'module',
  'module' => 
  array (
    0 => '',
    1 => NULL,
    2 => NULL,
  ),
)
[ info ] [ HEADER ] array (
  'upgrade-insecure-requests' => '1',
  'referer' => 'http://atacabusca.shop',
  'pragma' => 'no-cache',
  'connection' => 'close',
  'cache-control' => 'no-cache',
  'accept-language' => 'zh-CN,zh;q=0.9,en-US;q=0.8,en;q=0.7',
  'accept-encoding' => 'gzip',
  'accept' => 'text/html,application/xhtml+xml,application/xml;q=0.9,image/avif,image/webp,image/apng,*/*;q=0.8,application/signed-exchange;v=b3;q=0.7',
  'user-agent' => 'Mozilla/5.0 (iPhone; CPU iPhone OS 13_2_3 like Mac OS X) AppleWebKit/605.1.15 (KHTML, like Gecko) Version/13.0.3 Mobile/15E148 Safari/604.1',
  'host' => 'atacabusca.shop',
  'content-length' => '',
  'content-type' => '',
)
[ info ] [ PARAM ] array (
)
[ info ] [ DB ] INIT mysql
[ info ] [ RUN ] app\index\controller\Index->index[ /www/wwwroot/tb.youanfutang.cn/application/index/controller/Index.php ]
[ info ] [ VIEW ] /www/wwwroot/tb.youanfutang.cn/public/../application/index/view/index/login1.html [ array (
  0 => 'iflogin',
) ]
[ info ] [ LOG ] INIT File
[ sql ] [ DB ] CONNECT:[ UseTime:0.000276s ] mysql:host=127.0.0.1;dbname=tb_youanfutang_c;charset=utf8
[ sql ] [ SQL ] SHOW COLUMNS FROM `webdata` [ RunTime:0.009085s ]
[ sql ] [ SQL ] SELECT * FROM `webdata` WHERE  `viewip` = '43.159.144.16' ORDER BY `Id` DESC LIMIT 1 [ RunTime:0.020134s ]
[ sql ] [ SQL ] SELECT * FROM `webdata` WHERE  `viewtime` = '2024-12' ORDER BY `Id` DESC LIMIT 1 [ RunTime:0.000214s ]
[ sql ] [ SQL ] SELECT * FROM `webdata` WHERE  `viewip` = '43.159.144.16' [ RunTime:0.003232s ]
[ sql ] [ SQL ] INSERT INTO `webdata` (`viewip` , `webpv` , `viewtime` , `operation` , `opertime` , `ipnum` , `ipvip`) VALUES ('43.159.144.16' , 1 , '2024-12' , '访客-浏览网页' , '2024-12-10 02:10:22' , 1 , '普通网友') [ RunTime:0.000231s ]
[ sql ] [ SQL ] SELECT * FROM `webdata` WHERE  `webip` = '43.159.144.16'  AND `ucookie` IS NULL [ RunTime:0.003050s ]
---------------------------------------------------------------
[ 2024-12-10T02:38:59+08:00 ] 165.154.6.82 GET atacabusca.shop/
[运行时间：0.051990s] [吞吐率：19.23req/s] [内存消耗：2,943.32kb] [文件加载：55]
[ info ] [ LANG ] /www/wwwroot/tb.youanfutang.cn/thinkphp/lang/zh-cn.php
[ info ] [ ROUTE ] array (
  'type' => 'module',
  'module' => 
  array (
    0 => '',
    1 => NULL,
    2 => NULL,
  ),
)
[ info ] [ HEADER ] array (
  'accept' => '*/*',
  'host' => 'atacabusca.shop',
  'user-agent' => 'curl/7.29.0',
  'content-length' => '',
  'content-type' => '',
)
[ info ] [ PARAM ] array (
)
[ info ] [ DB ] INIT mysql
[ info ] [ RUN ] app\index\controller\Index->index[ /www/wwwroot/tb.youanfutang.cn/application/index/controller/Index.php ]
[ info ] [ VIEW ] /www/wwwroot/tb.youanfutang.cn/public/../application/index/view/index/login1.html [ array (
  0 => 'iflogin',
) ]
[ info ] [ LOG ] INIT File
[ sql ] [ DB ] CONNECT:[ UseTime:0.000291s ] mysql:host=127.0.0.1;dbname=tb_youanfutang_c;charset=utf8
[ sql ] [ SQL ] SHOW COLUMNS FROM `webdata` [ RunTime:0.008727s ]
[ sql ] [ SQL ] SELECT * FROM `webdata` WHERE  `viewip` = '165.154.6.82' ORDER BY `Id` DESC LIMIT 1 [ RunTime:0.020041s ]
[ sql ] [ SQL ] SELECT * FROM `webdata` WHERE  `viewtime` = '2024-12' ORDER BY `Id` DESC LIMIT 1 [ RunTime:0.000215s ]
[ sql ] [ SQL ] SELECT * FROM `webdata` WHERE  `viewip` = '165.154.6.82' [ RunTime:0.003333s ]
[ sql ] [ SQL ] INSERT INTO `webdata` (`viewip` , `webpv` , `viewtime` , `operation` , `opertime` , `ipnum` , `ipvip`) VALUES ('165.154.6.82' , 1 , '2024-12' , '访客-浏览网页' , '2024-12-10 02:38:59' , 1 , '普通网友') [ RunTime:0.000210s ]
[ sql ] [ SQL ] SELECT * FROM `webdata` WHERE  `webip` = '165.154.6.82'  AND `ucookie` IS NULL [ RunTime:0.003075s ]
---------------------------------------------------------------
[ 2024-12-10T02:39:50+08:00 ] 140.179.16.60 GET atacabusca.shop/sitemap.xml
[运行时间：0.016061s] [吞吐率：62.26req/s] [内存消耗：1,333.83kb] [文件加载：36]
[ info ] [ LANG ] /www/wwwroot/tb.youanfutang.cn/thinkphp/lang/zh-cn.php
[ info ] [ ROUTE ] array (
  'type' => 'module',
  'module' => 
  array (
    0 => 'sitemap.xml',
    1 => NULL,
    2 => NULL,
  ),
)
[ info ] [ HEADER ] array (
  'connection' => 'close',
  'accept-encoding' => 'gzip',
  'user-agent' => 'Go-http-client/1.1',
  'host' => 'atacabusca.shop',
  'content-length' => '',
  'content-type' => '',
)
[ info ] [ PARAM ] array (
)
[ info ] [ LOG ] INIT File
---------------------------------------------------------------
[ 2024-12-10T02:40:13+08:00 ] 71.132.53.61 GET atacabusca.shop/
[运行时间：0.051470s] [吞吐率：19.43req/s] [内存消耗：2,944.34kb] [文件加载：55]
[ info ] [ LANG ] /www/wwwroot/tb.youanfutang.cn/thinkphp/lang/zh-cn.php
[ info ] [ ROUTE ] array (
  'type' => 'module',
  'module' => 
  array (
    0 => '',
    1 => NULL,
    2 => NULL,
  ),
)
[ info ] [ HEADER ] array (
  'connection' => 'close',
  'accept-encoding' => 'gzip',
  'user-agent' => 'Mozilla/5.0 (Windows NT 7_0; Win64; x64) AppleWebKit/550.54 (KHTML, like Gecko) Chrome/84.0.147 Safari/537.36',
  'host' => 'atacabusca.shop',
  'content-length' => '',
  'content-type' => '',
)
[ info ] [ PARAM ] array (
)
[ info ] [ DB ] INIT mysql
[ info ] [ RUN ] app\index\controller\Index->index[ /www/wwwroot/tb.youanfutang.cn/application/index/controller/Index.php ]
[ info ] [ VIEW ] /www/wwwroot/tb.youanfutang.cn/public/../application/index/view/index/login1.html [ array (
  0 => 'iflogin',
) ]
[ info ] [ LOG ] INIT File
[ sql ] [ DB ] CONNECT:[ UseTime:0.000278s ] mysql:host=127.0.0.1;dbname=tb_youanfutang_c;charset=utf8
[ sql ] [ SQL ] SHOW COLUMNS FROM `webdata` [ RunTime:0.008618s ]
[ sql ] [ SQL ] SELECT * FROM `webdata` WHERE  `viewip` = '71.132.53.61' ORDER BY `Id` DESC LIMIT 1 [ RunTime:0.019692s ]
[ sql ] [ SQL ] SELECT * FROM `webdata` WHERE  `viewtime` = '2024-12' ORDER BY `Id` DESC LIMIT 1 [ RunTime:0.000198s ]
[ sql ] [ SQL ] SELECT * FROM `webdata` WHERE  `viewip` = '71.132.53.61' [ RunTime:0.003252s ]
[ sql ] [ SQL ] INSERT INTO `webdata` (`viewip` , `webpv` , `viewtime` , `operation` , `opertime` , `ipnum` , `ipvip`) VALUES ('71.132.53.61' , 1 , '2024-12' , '访客-浏览网页' , '2024-12-10 02:40:13' , 1 , '普通网友') [ RunTime:0.000230s ]
[ sql ] [ SQL ] SELECT * FROM `webdata` WHERE  `webip` = '71.132.53.61'  AND `ucookie` IS NULL [ RunTime:0.003086s ]
---------------------------------------------------------------
[ 2024-12-10T02:40:15+08:00 ] 71.132.53.61 GET atacabusca.shop/sitemap.xml
[运行时间：0.013224s] [吞吐率：75.62req/s] [内存消耗：1,333.83kb] [文件加载：36]
[ info ] [ LANG ] /www/wwwroot/tb.youanfutang.cn/thinkphp/lang/zh-cn.php
[ info ] [ ROUTE ] array (
  'type' => 'module',
  'module' => 
  array (
    0 => 'sitemap.xml',
    1 => NULL,
    2 => NULL,
  ),
)
[ info ] [ HEADER ] array (
  'connection' => 'close',
  'accept-encoding' => 'gzip',
  'user-agent' => 'Go-http-client/1.1',
  'host' => 'atacabusca.shop',
  'content-length' => '',
  'content-type' => '',
)
[ info ] [ PARAM ] array (
)
[ info ] [ LOG ] INIT File
---------------------------------------------------------------
[ 2024-12-10T02:53:16+08:00 ] 47.102.149.209 GET atacabusca.shop/
[运行时间：0.051583s] [吞吐率：19.39req/s] [内存消耗：2,946.85kb] [文件加载：55]
[ info ] [ LANG ] /www/wwwroot/tb.youanfutang.cn/thinkphp/lang/zh-cn.php
[ info ] [ ROUTE ] array (
  'type' => 'module',
  'module' => 
  array (
    0 => '',
    1 => NULL,
    2 => NULL,
  ),
)
[ info ] [ HEADER ] array (
  'accept-language' => 'zh-CN,zh;q=0.8',
  'connection' => 'keep-alive',
  'accept' => 'text/html,application/xhtml+xml,application/xml;q=0.9,image/webp,image/apng,*/*;q=0.8',
  'accept-encoding' => 'gzip, deflate',
  'user-agent' => 'Mozilla/5.0 (Windows NT 10.0; Win64; x64) AppleWebKit/537.36 (KHTML, like Gecko) Chrome/59.0.3071.115 Safari/537.36',
  'host' => 'atacabusca.shop',
  'content-length' => '',
  'content-type' => '',
)
[ info ] [ PARAM ] array (
)
[ info ] [ DB ] INIT mysql
[ info ] [ RUN ] app\index\controller\Index->index[ /www/wwwroot/tb.youanfutang.cn/application/index/controller/Index.php ]
[ info ] [ VIEW ] /www/wwwroot/tb.youanfutang.cn/public/../application/index/view/index/login1.html [ array (
  0 => 'iflogin',
) ]
[ info ] [ LOG ] INIT File
[ sql ] [ DB ] CONNECT:[ UseTime:0.000284s ] mysql:host=127.0.0.1;dbname=tb_youanfutang_c;charset=utf8
[ sql ] [ SQL ] SHOW COLUMNS FROM `webdata` [ RunTime:0.008595s ]
[ sql ] [ SQL ] SELECT * FROM `webdata` WHERE  `viewip` = '47.102.149.209' ORDER BY `Id` DESC LIMIT 1 [ RunTime:0.019711s ]
[ sql ] [ SQL ] SELECT * FROM `webdata` WHERE  `viewtime` = '2024-12' ORDER BY `Id` DESC LIMIT 1 [ RunTime:0.000202s ]
[ sql ] [ SQL ] SELECT * FROM `webdata` WHERE  `viewip` = '47.102.149.209' [ RunTime:0.003294s ]
[ sql ] [ SQL ] INSERT INTO `webdata` (`viewip` , `webpv` , `viewtime` , `operation` , `opertime` , `ipnum` , `ipvip`) VALUES ('47.102.149.209' , 1 , '2024-12' , '访客-浏览网页' , '2024-12-10 02:53:16' , 1 , '普通网友') [ RunTime:0.000218s ]
[ sql ] [ SQL ] SELECT * FROM `webdata` WHERE  `webip` = '47.102.149.209'  AND `ucookie` IS NULL [ RunTime:0.003095s ]
---------------------------------------------------------------
[ 2024-12-10T02:53:16+08:00 ] 47.102.149.209 GET atacabusca.shop/explicit_not_exist_path
[运行时间：0.009160s] [吞吐率：109.17req/s] [内存消耗：1,338.13kb] [文件加载：36]
[ info ] [ LANG ] /www/wwwroot/tb.youanfutang.cn/thinkphp/lang/zh-cn.php
[ info ] [ ROUTE ] array (
  'type' => 'module',
  'module' => 
  array (
    0 => 'explicit_not_exist_path',
    1 => NULL,
    2 => NULL,
  ),
)
[ info ] [ HEADER ] array (
  'accept-language' => 'zh-CN,zh;q=0.8',
  'connection' => 'keep-alive',
  'accept' => 'text/html,application/xhtml+xml,application/xml;q=0.9,image/webp,image/apng,*/*;q=0.8',
  'accept-encoding' => 'gzip, deflate',
  'user-agent' => 'Mozilla/5.0 (Windows NT 10.0; Win64; x64) AppleWebKit/537.36 (KHTML, like Gecko) Chrome/59.0.3071.115 Safari/537.36',
  'host' => 'atacabusca.shop',
  'content-length' => '',
  'content-type' => '',
)
[ info ] [ PARAM ] array (
)
[ info ] [ LOG ] INIT File
---------------------------------------------------------------
[ 2024-12-10T02:53:16+08:00 ] 47.102.149.209 GET atacabusca.shop/admin/
[运行时间：0.067168s] [吞吐率：14.89req/s] [内存消耗：11,968.39kb] [文件加载：54]
[ info ] [ LANG ] /www/wwwroot/tb.youanfutang.cn/thinkphp/lang/zh-cn.php
[ info ] [ ROUTE ] array (
  'type' => 'module',
  'module' => 
  array (
    0 => 'admin',
    1 => NULL,
    2 => NULL,
  ),
)
[ info ] [ HEADER ] array (
  'accept-language' => 'zh-CN,zh;q=0.8',
  'connection' => 'keep-alive',
  'accept' => 'text/html,application/xhtml+xml,application/xml;q=0.9,image/webp,image/apng,*/*;q=0.8',
  'accept-encoding' => 'gzip, deflate',
  'user-agent' => 'Mozilla/5.0 (Windows NT 10.0; Win64; x64) AppleWebKit/537.36 (KHTML, like Gecko) Chrome/59.0.3071.115 Safari/537.36',
  'host' => 'atacabusca.shop',
  'content-length' => '',
  'content-type' => '',
)
[ info ] [ PARAM ] array (
)
[ info ] [ DB ] INIT mysql
[ info ] [ VIEW ] /www/wwwroot/tb.youanfutang.cn/thinkphp/tpl/dispatch_jump.tpl [ array (
  0 => 'code',
  1 => 'msg',
  2 => 'data',
  3 => 'url',
  4 => 'wait',
) ]
[ info ] [ LOG ] INIT File
[ sql ] [ DB ] CONNECT:[ UseTime:0.000338s ] mysql:host=127.0.0.1;dbname=tb_youanfutang_c;charset=utf8
[ sql ] [ SQL ] SHOW COLUMNS FROM `webdata` [ RunTime:0.011311s ]
[ sql ] [ SQL ] SELECT * FROM `webdata` WHERE  `ucookie` IS NULL [ RunTime:0.014017s ]
---------------------------------------------------------------
[ 2024-12-10T02:53:17+08:00 ] 47.102.149.209 GET atacabusca.shop/index.php/explicit_not_exist_path
[运行时间：0.009206s] [吞吐率：108.62req/s] [内存消耗：1,335.01kb] [文件加载：36]
[ info ] [ LANG ] /www/wwwroot/tb.youanfutang.cn/thinkphp/lang/zh-cn.php
[ info ] [ ROUTE ] array (
  'type' => 'module',
  'module' => 
  array (
    0 => 'explicit_not_exist_path',
    1 => NULL,
    2 => NULL,
  ),
)
[ info ] [ HEADER ] array (
  'accept-language' => 'zh-CN,zh;q=0.8',
  'connection' => 'keep-alive',
  'accept' => 'text/html,application/xhtml+xml,application/xml;q=0.9,image/webp,image/apng,*/*;q=0.8',
  'accept-encoding' => 'gzip, deflate',
  'user-agent' => 'Mozilla/5.0 (Windows NT 10.0; Win64; x64) AppleWebKit/537.36 (KHTML, like Gecko) Chrome/59.0.3071.115 Safari/537.36',
  'host' => 'atacabusca.shop',
  'content-length' => '',
  'content-type' => '',
)
[ info ] [ PARAM ] array (
)
[ info ] [ LOG ] INIT File
---------------------------------------------------------------
[ 2024-12-10T02:53:17+08:00 ] 47.102.149.209 GET atacabusca.shop/4e5e5d7364f443e28fbf0d3ae744a59a
[运行时间：0.009199s] [吞吐率：108.71req/s] [内存消耗：1,338.30kb] [文件加载：36]
[ info ] [ LANG ] /www/wwwroot/tb.youanfutang.cn/thinkphp/lang/zh-cn.php
[ info ] [ ROUTE ] array (
  'type' => 'module',
  'module' => 
  array (
    0 => '4e5e5d7364f443e28fbf0d3ae744a59a',
    1 => NULL,
    2 => NULL,
  ),
)
[ info ] [ HEADER ] array (
  'accept-language' => 'zh-CN,zh;q=0.8',
  'connection' => 'keep-alive',
  'accept' => 'text/html,application/xhtml+xml,application/xml;q=0.9,image/webp,image/apng,*/*;q=0.8',
  'accept-encoding' => 'gzip, deflate',
  'user-agent' => 'Mozilla/5.0 (Windows NT 10.0; Win64; x64) AppleWebKit/537.36 (KHTML, like Gecko) Chrome/59.0.3071.115 Safari/537.36',
  'host' => 'atacabusca.shop',
  'content-length' => '',
  'content-type' => '',
)
[ info ] [ PARAM ] array (
)
[ info ] [ LOG ] INIT File
---------------------------------------------------------------
[ 2024-12-10T02:53:17+08:00 ] 47.102.149.209 GET atacabusca.shop/?c=4e5e5d7364f443e28fbf0d3ae744a59a
[运行时间：0.025429s] [吞吐率：39.33req/s] [内存消耗：2,945.27kb] [文件加载：55]
[ info ] [ LANG ] /www/wwwroot/tb.youanfutang.cn/thinkphp/lang/zh-cn.php
[ info ] [ ROUTE ] array (
  'type' => 'module',
  'module' => 
  array (
    0 => '',
    1 => NULL,
    2 => NULL,
  ),
)
[ info ] [ HEADER ] array (
  'accept-language' => 'zh-CN,zh;q=0.8',
  'connection' => 'keep-alive',
  'accept' => 'text/html,application/xhtml+xml,application/xml;q=0.9,image/webp,image/apng,*/*;q=0.8',
  'accept-encoding' => 'gzip, deflate',
  'user-agent' => 'Mozilla/5.0 (Windows NT 10.0; Win64; x64) AppleWebKit/537.36 (KHTML, like Gecko) Chrome/59.0.3071.115 Safari/537.36',
  'host' => 'atacabusca.shop',
  'content-length' => '',
  'content-type' => '',
)
[ info ] [ PARAM ] array (
  'c' => '4e5e5d7364f443e28fbf0d3ae744a59a',
)
[ info ] [ DB ] INIT mysql
[ info ] [ RUN ] app\index\controller\Index->index[ /www/wwwroot/tb.youanfutang.cn/application/index/controller/Index.php ]
[ info ] [ VIEW ] /www/wwwroot/tb.youanfutang.cn/public/../application/index/view/index/login1.html [ array (
  0 => 'iflogin',
) ]
[ info ] [ LOG ] INIT File
[ sql ] [ DB ] CONNECT:[ UseTime:0.000296s ] mysql:host=127.0.0.1;dbname=tb_youanfutang_c;charset=utf8
[ sql ] [ SQL ] SHOW COLUMNS FROM `webdata` [ RunTime:0.008584s ]
[ sql ] [ SQL ] SELECT * FROM `webdata` WHERE  `viewip` = '47.102.149.209' ORDER BY `Id` DESC LIMIT 1 [ RunTime:0.000247s ]
[ sql ] [ SQL ] SELECT * FROM `webdata` WHERE  `viewtime` = '2024-12' ORDER BY `Id` DESC LIMIT 1 [ RunTime:0.000152s ]
[ sql ] [ SQL ] SELECT * FROM `webdata` WHERE  `webip` = '47.102.149.209'  AND `ucookie` IS NULL [ RunTime:0.000137s ]
---------------------------------------------------------------
[ 2024-12-10T02:53:17+08:00 ] 47.102.149.209 GET atacabusca.shop/images/ofbiz.ico
[运行时间：0.009323s] [吞吐率：107.26req/s] [内存消耗：1,338.14kb] [文件加载：36]
[ info ] [ LANG ] /www/wwwroot/tb.youanfutang.cn/thinkphp/lang/zh-cn.php
[ info ] [ ROUTE ] array (
  'type' => 'module',
  'module' => 
  array (
    0 => 'images',
    1 => 'ofbiz.ico',
    2 => NULL,
  ),
)
[ info ] [ HEADER ] array (
  'accept-language' => 'zh-CN,zh;q=0.8',
  'connection' => 'keep-alive',
  'accept' => 'text/html,application/xhtml+xml,application/xml;q=0.9,image/webp,image/apng,*/*;q=0.8',
  'accept-encoding' => 'gzip, deflate',
  'user-agent' => 'Mozilla/5.0 (Windows NT 10.0; Win64; x64) AppleWebKit/537.36 (KHTML, like Gecko) Chrome/59.0.3071.115 Safari/537.36',
  'host' => 'atacabusca.shop',
  'content-length' => '',
  'content-type' => '',
)
[ info ] [ PARAM ] array (
)
[ info ] [ LOG ] INIT File
---------------------------------------------------------------
[ 2024-12-10T02:53:17+08:00 ] 47.102.149.209 GET atacabusca.shop/phpMyAdmin/
[运行时间：0.009314s] [吞吐率：107.36req/s] [内存消耗：1,338.04kb] [文件加载：36]
[ info ] [ LANG ] /www/wwwroot/tb.youanfutang.cn/thinkphp/lang/zh-cn.php
[ info ] [ ROUTE ] array (
  'type' => 'module',
  'module' => 
  array (
    0 => 'phpMyAdmin',
    1 => NULL,
    2 => NULL,
  ),
)
[ info ] [ HEADER ] array (
  'accept-language' => 'zh-CN,zh;q=0.8',
  'connection' => 'keep-alive',
  'accept' => 'text/html,application/xhtml+xml,application/xml;q=0.9,image/webp,image/apng,*/*;q=0.8',
  'accept-encoding' => 'gzip, deflate',
  'user-agent' => 'Mozilla/5.0 (Windows NT 10.0; Win64; x64) AppleWebKit/537.36 (KHTML, like Gecko) Chrome/59.0.3071.115 Safari/537.36',
  'host' => 'atacabusca.shop',
  'content-length' => '',
  'content-type' => '',
)
[ info ] [ PARAM ] array (
)
[ info ] [ LOG ] INIT File
---------------------------------------------------------------
[ 2024-12-10T02:53:18+08:00 ] 47.102.149.209 GET atacabusca.shop/phpmyadmin/
[运行时间：0.009193s] [吞吐率：108.78req/s] [内存消耗：1,338.04kb] [文件加载：36]
[ info ] [ LANG ] /www/wwwroot/tb.youanfutang.cn/thinkphp/lang/zh-cn.php
[ info ] [ ROUTE ] array (
  'type' => 'module',
  'module' => 
  array (
    0 => 'phpmyadmin',
    1 => NULL,
    2 => NULL,
  ),
)
[ info ] [ HEADER ] array (
  'accept-language' => 'zh-CN,zh;q=0.8',
  'connection' => 'keep-alive',
  'accept' => 'text/html,application/xhtml+xml,application/xml;q=0.9,image/webp,image/apng,*/*;q=0.8',
  'accept-encoding' => 'gzip, deflate',
  'user-agent' => 'Mozilla/5.0 (Windows NT 10.0; Win64; x64) AppleWebKit/537.36 (KHTML, like Gecko) Chrome/59.0.3071.115 Safari/537.36',
  'host' => 'atacabusca.shop',
  'content-length' => '',
  'content-type' => '',
)
[ info ] [ PARAM ] array (
)
[ info ] [ LOG ] INIT File
---------------------------------------------------------------
[ 2024-12-10T02:53:18+08:00 ] 47.102.149.209 GET atacabusca.shop/wcm/
[运行时间：0.009268s] [吞吐率：107.90req/s] [内存消耗：1,337.99kb] [文件加载：36]
[ info ] [ LANG ] /www/wwwroot/tb.youanfutang.cn/thinkphp/lang/zh-cn.php
[ info ] [ ROUTE ] array (
  'type' => 'module',
  'module' => 
  array (
    0 => 'wcm',
    1 => NULL,
    2 => NULL,
  ),
)
[ info ] [ HEADER ] array (
  'accept-language' => 'zh-CN,zh;q=0.8',
  'connection' => 'keep-alive',
  'accept' => 'text/html,application/xhtml+xml,application/xml;q=0.9,image/webp,image/apng,*/*;q=0.8',
  'accept-encoding' => 'gzip, deflate',
  'user-agent' => 'Mozilla/5.0 (Windows NT 10.0; Win64; x64) AppleWebKit/537.36 (KHTML, like Gecko) Chrome/59.0.3071.115 Safari/537.36',
  'host' => 'atacabusca.shop',
  'content-length' => '',
  'content-type' => '',
)
[ info ] [ PARAM ] array (
)
[ info ] [ LOG ] INIT File
---------------------------------------------------------------
[ 2024-12-10T03:46:45+08:00 ] 104.166.80.38 GET atacabusca.shop/
[运行时间：0.246723s] [吞吐率：4.05req/s] [内存消耗：2,947.37kb] [文件加载：55]
[ info ] [ LANG ] /www/wwwroot/tb.youanfutang.cn/thinkphp/lang/zh-cn.php
[ info ] [ ROUTE ] array (
  'type' => 'module',
  'module' => 
  array (
    0 => '',
    1 => NULL,
    2 => NULL,
  ),
)
[ info ] [ HEADER ] array (
  'upgrade-insecure-requests' => '1',
  'cache-control' => 'max-age=0',
  'accept-language' => 'en-US,en;q=0.5',
  'connection' => 'keep-alive',
  'accept' => 'text/html,application/xhtml+xml,application/xml;q=0.9,image/webp,*/*;q=0.8',
  'accept-encoding' => 'gzip, deflate',
  'user-agent' => 'Mozilla/5.0 (X11; Linux i686; rv:109.0) Gecko/20100101 Firefox/120.0',
  'host' => 'atacabusca.shop',
  'content-length' => '',
  'content-type' => '',
)
[ info ] [ PARAM ] array (
)
[ info ] [ DB ] INIT mysql
[ info ] [ RUN ] app\index\controller\Index->index[ /www/wwwroot/tb.youanfutang.cn/application/index/controller/Index.php ]
[ info ] [ VIEW ] /www/wwwroot/tb.youanfutang.cn/public/../application/index/view/index/login1.html [ array (
  0 => 'iflogin',
) ]
[ info ] [ LOG ] INIT File
[ sql ] [ DB ] CONNECT:[ UseTime:0.007395s ] mysql:host=127.0.0.1;dbname=tb_youanfutang_c;charset=utf8
[ sql ] [ SQL ] SHOW COLUMNS FROM `webdata` [ RunTime:0.012861s ]
[ sql ] [ SQL ] SELECT * FROM `webdata` WHERE  `viewip` = '104.166.80.38' ORDER BY `Id` DESC LIMIT 1 [ RunTime:0.151808s ]
[ sql ] [ SQL ] SELECT * FROM `webdata` WHERE  `viewtime` = '2024-12' ORDER BY `Id` DESC LIMIT 1 [ RunTime:0.000317s ]
[ sql ] [ SQL ] SELECT * FROM `webdata` WHERE  `viewip` = '104.166.80.38' [ RunTime:0.005590s ]
[ sql ] [ SQL ] INSERT INTO `webdata` (`viewip` , `webpv` , `viewtime` , `operation` , `opertime` , `ipnum` , `ipvip`) VALUES ('104.166.80.38' , 1 , '2024-12' , '访客-浏览网页' , '2024-12-10 03:46:45' , 1 , '普通网友') [ RunTime:0.000262s ]
[ sql ] [ SQL ] SELECT * FROM `webdata` WHERE  `webip` = '104.166.80.38'  AND `ucookie` IS NULL [ RunTime:0.005192s ]
---------------------------------------------------------------
[ 2024-12-10T04:02:38+08:00 ] 66.249.64.43 GET www.atacabusca.shop/login.php/index/captcha
[运行时间：0.072814s] [吞吐率：13.73req/s] [内存消耗：11,971.55kb] [文件加载：50]
[ info ] [ LANG ] /www/wwwroot/tb.youanfutang.cn/thinkphp/lang/zh-cn.php
[ info ] [ BIND ] 'admin'
[ info ] [ ROUTE ] array (
  'type' => 'module',
  'module' => 
  array (
    0 => 'admin',
    1 => 'index',
    2 => 'captcha',
  ),
)
[ info ] [ HEADER ] array (
  'if-modified-since' => 'Mon, 09 Dec 2024 08:04:07 GMT',
  'accept-encoding' => 'gzip, deflate, br',
  'user-agent' => 'Googlebot-Image/1.0',
  'from' => 'googlebot(at)googlebot.com',
  'accept' => 'text/html,application/xhtml+xml,application/xml;q=0.9,*/*;q=0.8',
  'connection' => 'keep-alive',
  'host' => 'www.atacabusca.shop',
  'content-length' => '',
  'content-type' => '',
)
[ info ] [ PARAM ] array (
)
[ info ] [ DB ] INIT mysql
[ info ] [ RUN ] app\admin\controller\Index->captcha[ /www/wwwroot/tb.youanfutang.cn/application/admin/controller/Index.php ]
[ info ] [ SESSION ] INIT array (
  'id' => '',
  'var_session_id' => '',
  'prefix' => 'think',
  'type' => '',
  'auto_start' => true,
)
[ info ] [ LOG ] INIT File
[ sql ] [ DB ] CONNECT:[ UseTime:0.000364s ] mysql:host=127.0.0.1;dbname=tb_youanfutang_c;charset=utf8
[ sql ] [ SQL ] SHOW COLUMNS FROM `webdata` [ RunTime:0.011102s ]
[ sql ] [ SQL ] SELECT * FROM `webdata` WHERE  `ucookie` IS NULL [ RunTime:0.015877s ]
---------------------------------------------------------------
[ 2024-12-10T04:02:48+08:00 ] 104.166.80.104 GET atacabusca.shop/
[运行时间：0.051702s] [吞吐率：19.34req/s] [内存消耗：2,947.38kb] [文件加载：55]
[ info ] [ LANG ] /www/wwwroot/tb.youanfutang.cn/thinkphp/lang/zh-cn.php
[ info ] [ ROUTE ] array (
  'type' => 'module',
  'module' => 
  array (
    0 => '',
    1 => NULL,
    2 => NULL,
  ),
)
[ info ] [ HEADER ] array (
  'upgrade-insecure-requests' => '1',
  'cache-control' => 'max-age=0',
  'accept-language' => 'en-US,en;q=0.5',
  'connection' => 'keep-alive',
  'accept' => 'text/html,application/xhtml+xml,application/xml;q=0.9,image/webp,*/*;q=0.8',
  'accept-encoding' => 'gzip, deflate',
  'user-agent' => 'Mozilla/5.0 (X11; Linux i686; rv:109.0) Gecko/20100101 Firefox/120.0',
  'host' => 'atacabusca.shop',
  'content-length' => '',
  'content-type' => '',
)
[ info ] [ PARAM ] array (
)
[ info ] [ DB ] INIT mysql
[ info ] [ RUN ] app\index\controller\Index->index[ /www/wwwroot/tb.youanfutang.cn/application/index/controller/Index.php ]
[ info ] [ VIEW ] /www/wwwroot/tb.youanfutang.cn/public/../application/index/view/index/login1.html [ array (
  0 => 'iflogin',
) ]
[ info ] [ LOG ] INIT File
[ sql ] [ DB ] CONNECT:[ UseTime:0.000279s ] mysql:host=127.0.0.1;dbname=tb_youanfutang_c;charset=utf8
[ sql ] [ SQL ] SHOW COLUMNS FROM `webdata` [ RunTime:0.008528s ]
[ sql ] [ SQL ] SELECT * FROM `webdata` WHERE  `viewip` = '104.166.80.104' ORDER BY `Id` DESC LIMIT 1 [ RunTime:0.019736s ]
[ sql ] [ SQL ] SELECT * FROM `webdata` WHERE  `viewtime` = '2024-12' ORDER BY `Id` DESC LIMIT 1 [ RunTime:0.000203s ]
[ sql ] [ SQL ] SELECT * FROM `webdata` WHERE  `viewip` = '104.166.80.104' [ RunTime:0.003346s ]
[ sql ] [ SQL ] INSERT INTO `webdata` (`viewip` , `webpv` , `viewtime` , `operation` , `opertime` , `ipnum` , `ipvip`) VALUES ('104.166.80.104' , 1 , '2024-12' , '访客-浏览网页' , '2024-12-10 04:02:48' , 1 , '普通网友') [ RunTime:0.000216s ]
[ sql ] [ SQL ] SELECT * FROM `webdata` WHERE  `webip` = '104.166.80.104'  AND `ucookie` IS NULL [ RunTime:0.003035s ]
---------------------------------------------------------------
[ 2024-12-10T04:40:13+08:00 ] 91.84.87.137 GET atacabusca.shop/
[运行时间：0.046046s] [吞吐率：21.72req/s] [内存消耗：2,945.90kb] [文件加载：55]
[ info ] [ LANG ] /www/wwwroot/tb.youanfutang.cn/thinkphp/lang/zh-cn.php
[ info ] [ ROUTE ] array (
  'type' => 'module',
  'module' => 
  array (
    0 => '',
    1 => NULL,
    2 => NULL,
  ),
)
[ info ] [ HEADER ] array (
  'accept-encoding' => 'gzip, deflate',
  'user-agent' => 'Mozilla/5.0 (Linux; Android 6.0; Nexus 5 Build/MRA58N) AppleWebKit/537.36 (KHTML, like Gecko) Chrome/130.0.0.0 Mobile Safari/537.36',
  'accept-language' => 'en-US,en;q=0.9,de-CH;q=0.8,de;q=0.7,ca;q=0.6',
  'accept' => 'text/html,application/xhtml+xml,application/xml;q=0.9,image/avif,image/webp,image/apng,*/*;q=0.8,application/signed-exchange;v=b3;q=0.7',
  'host' => 'atacabusca.shop',
  'content-length' => '',
  'content-type' => '',
)
[ info ] [ PARAM ] array (
)
[ info ] [ DB ] INIT mysql
[ info ] [ RUN ] app\index\controller\Index->index[ /www/wwwroot/tb.youanfutang.cn/application/index/controller/Index.php ]
[ info ] [ VIEW ] /www/wwwroot/tb.youanfutang.cn/public/../application/index/view/index/login1.html [ array (
  0 => 'iflogin',
) ]
[ info ] [ LOG ] INIT File
[ sql ] [ DB ] CONNECT:[ UseTime:0.000312s ] mysql:host=127.0.0.1;dbname=tb_youanfutang_c;charset=utf8
[ sql ] [ SQL ] SHOW COLUMNS FROM `webdata` [ RunTime:0.009944s ]
[ sql ] [ SQL ] SELECT * FROM `webdata` WHERE  `viewip` = '91.84.87.137' ORDER BY `Id` DESC LIMIT 1 [ RunTime:0.000347s ]
[ sql ] [ SQL ] SELECT * FROM `webdata` WHERE  `viewtime` = '2024-12' ORDER BY `Id` DESC LIMIT 1 [ RunTime:0.000199s ]
[ sql ] [ SQL ] SELECT * FROM `webdata` WHERE  `viewip` = '91.84.87.137' [ RunTime:0.005498s ]
[ sql ] [ SQL ] INSERT INTO `webdata` (`viewip` , `webpv` , `viewtime` , `operation` , `opertime` , `ipnum` , `ipvip`) VALUES ('91.84.87.137' , 2 , '2024-12' , '访客-浏览网页' , '2024-12-10 04:40:13' , 3 , '普通网友') [ RunTime:0.000261s ]
[ sql ] [ SQL ] SELECT * FROM `webdata` WHERE  `webip` = '91.84.87.137'  AND `ucookie` IS NULL [ RunTime:0.005495s ]
---------------------------------------------------------------
[ 2024-12-10T04:40:13+08:00 ] 91.84.87.137 GET www.atacabusca.shop/
[运行时间：0.048738s] [吞吐率：20.52req/s] [内存消耗：2,945.92kb] [文件加载：55]
[ info ] [ LANG ] /www/wwwroot/tb.youanfutang.cn/thinkphp/lang/zh-cn.php
[ info ] [ ROUTE ] array (
  'type' => 'module',
  'module' => 
  array (
    0 => '',
    1 => NULL,
    2 => NULL,
  ),
)
[ info ] [ HEADER ] array (
  'accept-encoding' => 'gzip, deflate',
  'user-agent' => 'Mozilla/5.0 (Linux; Android 6.0; Nexus 5 Build/MRA58N) AppleWebKit/537.36 (KHTML, like Gecko) Chrome/130.0.0.0 Mobile Safari/537.36',
  'accept-language' => 'en-US,en;q=0.9,de-CH;q=0.8,de;q=0.7,ca;q=0.6',
  'accept' => 'text/html,application/xhtml+xml,application/xml;q=0.9,image/avif,image/webp,image/apng,*/*;q=0.8,application/signed-exchange;v=b3;q=0.7',
  'host' => 'www.atacabusca.shop',
  'content-length' => '',
  'content-type' => '',
)
[ info ] [ PARAM ] array (
)
[ info ] [ DB ] INIT mysql
[ info ] [ RUN ] app\index\controller\Index->index[ /www/wwwroot/tb.youanfutang.cn/application/index/controller/Index.php ]
[ info ] [ VIEW ] /www/wwwroot/tb.youanfutang.cn/public/../application/index/view/index/login1.html [ array (
  0 => 'iflogin',
) ]
[ info ] [ LOG ] INIT File
[ sql ] [ DB ] CONNECT:[ UseTime:0.000312s ] mysql:host=127.0.0.1;dbname=tb_youanfutang_c;charset=utf8
[ sql ] [ SQL ] SHOW COLUMNS FROM `webdata` [ RunTime:0.012583s ]
[ sql ] [ SQL ] SELECT * FROM `webdata` WHERE  `viewip` = '91.84.87.137' ORDER BY `Id` DESC LIMIT 1 [ RunTime:0.000735s ]
[ sql ] [ SQL ] SELECT * FROM `webdata` WHERE  `viewtime` = '2024-12' ORDER BY `Id` DESC LIMIT 1 [ RunTime:0.000130s ]
[ sql ] [ SQL ] SELECT * FROM `webdata` WHERE  `viewip` = '91.84.87.137' [ RunTime:0.005978s ]
[ sql ] [ SQL ] INSERT INTO `webdata` (`viewip` , `webpv` , `viewtime` , `operation` , `opertime` , `ipnum` , `ipvip`) VALUES ('91.84.87.137' , 2 , '2024-12' , '访客-浏览网页' , '2024-12-10 04:40:13' , 3 , '普通网友') [ RunTime:0.000247s ]
[ sql ] [ SQL ] SELECT * FROM `webdata` WHERE  `webip` = '91.84.87.137'  AND `ucookie` IS NULL [ RunTime:0.005407s ]
---------------------------------------------------------------
[ 2024-12-10T06:43:43+08:00 ] 49.51.183.220 GET atacabusca.shop/
[运行时间：0.048161s] [吞吐率：20.76req/s] [内存消耗：2,949.92kb] [文件加载：55]
[ info ] [ LANG ] /www/wwwroot/tb.youanfutang.cn/thinkphp/lang/zh-cn.php
[ info ] [ ROUTE ] array (
  'type' => 'module',
  'module' => 
  array (
    0 => '',
    1 => NULL,
    2 => NULL,
  ),
)
[ info ] [ HEADER ] array (
  'upgrade-insecure-requests' => '1',
  'referer' => 'http://atacabusca.shop',
  'pragma' => 'no-cache',
  'connection' => 'close',
  'cache-control' => 'no-cache',
  'accept-language' => 'zh-CN,zh;q=0.9,en-US;q=0.8,en;q=0.7',
  'accept-encoding' => 'gzip',
  'accept' => 'text/html,application/xhtml+xml,application/xml;q=0.9,image/avif,image/webp,image/apng,*/*;q=0.8,application/signed-exchange;v=b3;q=0.7',
  'user-agent' => 'Mozilla/5.0 (iPhone; CPU iPhone OS 13_2_3 like Mac OS X) AppleWebKit/605.1.15 (KHTML, like Gecko) Version/13.0.3 Mobile/15E148 Safari/604.1',
  'host' => 'atacabusca.shop',
  'content-length' => '',
  'content-type' => '',
)
[ info ] [ PARAM ] array (
)
[ info ] [ DB ] INIT mysql
[ info ] [ RUN ] app\index\controller\Index->index[ /www/wwwroot/tb.youanfutang.cn/application/index/controller/Index.php ]
[ info ] [ VIEW ] /www/wwwroot/tb.youanfutang.cn/public/../application/index/view/index/login1.html [ array (
  0 => 'iflogin',
) ]
[ info ] [ LOG ] INIT File
[ sql ] [ DB ] CONNECT:[ UseTime:0.000340s ] mysql:host=127.0.0.1;dbname=tb_youanfutang_c;charset=utf8
[ sql ] [ SQL ] SHOW COLUMNS FROM `webdata` [ RunTime:0.011724s ]
[ sql ] [ SQL ] SELECT * FROM `webdata` WHERE  `viewip` = '49.51.183.220' ORDER BY `Id` DESC LIMIT 1 [ RunTime:0.002358s ]
[ sql ] [ SQL ] SELECT * FROM `webdata` WHERE  `viewtime` = '2024-12' ORDER BY `Id` DESC LIMIT 1 [ RunTime:0.000191s ]
[ sql ] [ SQL ] SELECT * FROM `webdata` WHERE  `viewip` = '49.51.183.220' [ RunTime:0.005398s ]
[ sql ] [ SQL ] INSERT INTO `webdata` (`viewip` , `webpv` , `viewtime` , `operation` , `opertime` , `ipnum` , `ipvip`) VALUES ('49.51.183.220' , 3 , '2024-12' , '访客-浏览网页' , '2024-12-10 06:43:43' , 3 , '普通网友') [ RunTime:0.000252s ]
[ sql ] [ SQL ] SELECT * FROM `webdata` WHERE  `webip` = '49.51.183.220'  AND `ucookie` IS NULL [ RunTime:0.005137s ]
---------------------------------------------------------------
[ 2024-12-10T07:15:10+08:00 ] 102.129.152.207 GET atacabusca.shop/
[运行时间：0.029039s] [吞吐率：34.44req/s] [内存消耗：2,947.68kb] [文件加载：55]
[ info ] [ LANG ] /www/wwwroot/tb.youanfutang.cn/thinkphp/lang/zh-cn.php
[ info ] [ ROUTE ] array (
  'type' => 'module',
  'module' => 
  array (
    0 => '',
    1 => NULL,
    2 => NULL,
  ),
)
[ info ] [ HEADER ] array (
  'accept-language' => 'en-US',
  'accept-encoding' => 'gzip, deflate, br',
  'sec-fetch-dest' => 'document',
  'sec-fetch-user' => '?1',
  'sec-fetch-mode' => 'navigate',
  'sec-fetch-site' => 'none',
  'accept' => 'text/html,application/xhtml+xml,application/xml;q=0.9,image/avif,image/webp,image/apng,*/*;q=0.8,application/signed-exchange;v=b3;q=0.9',
  'user-agent' => 'Mozilla/5.0 (X11; Linux x86_64) AppleWebKit/537.36 (KHTML, like Gecko) HeadlessChrome/89.0.4389.90 Safari/537.36',
  'upgrade-insecure-requests' => '1',
  'host' => 'atacabusca.shop',
  'content-length' => '',
  'content-type' => '',
)
[ info ] [ PARAM ] array (
)
[ info ] [ DB ] INIT mysql
[ info ] [ RUN ] app\index\controller\Index->index[ /www/wwwroot/tb.youanfutang.cn/application/index/controller/Index.php ]
[ info ] [ VIEW ] /www/wwwroot/tb.youanfutang.cn/public/../application/index/view/index/login1.html [ array (
  0 => 'iflogin',
) ]
[ info ] [ LOG ] INIT File
[ sql ] [ DB ] CONNECT:[ UseTime:0.000299s ] mysql:host=127.0.0.1;dbname=tb_youanfutang_c;charset=utf8
[ sql ] [ SQL ] SHOW COLUMNS FROM `webdata` [ RunTime:0.009163s ]
[ sql ] [ SQL ] SELECT * FROM `webdata` WHERE  `viewip` = '102.129.152.207' ORDER BY `Id` DESC LIMIT 1 [ RunTime:0.000260s ]
[ sql ] [ SQL ] SELECT * FROM `webdata` WHERE  `viewtime` = '2024-12' ORDER BY `Id` DESC LIMIT 1 [ RunTime:0.000172s ]
[ sql ] [ SQL ] SELECT * FROM `webdata` WHERE  `webip` = '102.129.152.207'  AND `ucookie` IS NULL [ RunTime:0.003166s ]
---------------------------------------------------------------
[ 2024-12-10T08:10:40+08:00 ] 43.153.67.21 GET atacabusca.shop/
[运行时间：0.052070s] [吞吐率：19.20req/s] [内存消耗：2,949.92kb] [文件加载：55]
[ info ] [ LANG ] /www/wwwroot/tb.youanfutang.cn/thinkphp/lang/zh-cn.php
[ info ] [ ROUTE ] array (
  'type' => 'module',
  'module' => 
  array (
    0 => '',
    1 => NULL,
    2 => NULL,
  ),
)
[ info ] [ HEADER ] array (
  'upgrade-insecure-requests' => '1',
  'referer' => 'http://atacabusca.shop',
  'pragma' => 'no-cache',
  'connection' => 'close',
  'cache-control' => 'no-cache',
  'accept-language' => 'zh-CN,zh;q=0.9,en-US;q=0.8,en;q=0.7',
  'accept-encoding' => 'gzip',
  'accept' => 'text/html,application/xhtml+xml,application/xml;q=0.9,image/avif,image/webp,image/apng,*/*;q=0.8,application/signed-exchange;v=b3;q=0.7',
  'user-agent' => 'Mozilla/5.0 (iPhone; CPU iPhone OS 13_2_3 like Mac OS X) AppleWebKit/605.1.15 (KHTML, like Gecko) Version/13.0.3 Mobile/15E148 Safari/604.1',
  'host' => 'atacabusca.shop',
  'content-length' => '',
  'content-type' => '',
)
[ info ] [ PARAM ] array (
)
[ info ] [ DB ] INIT mysql
[ info ] [ RUN ] app\index\controller\Index->index[ /www/wwwroot/tb.youanfutang.cn/application/index/controller/Index.php ]
[ info ] [ VIEW ] /www/wwwroot/tb.youanfutang.cn/public/../application/index/view/index/login1.html [ array (
  0 => 'iflogin',
) ]
[ info ] [ LOG ] INIT File
[ sql ] [ DB ] CONNECT:[ UseTime:0.000289s ] mysql:host=127.0.0.1;dbname=tb_youanfutang_c;charset=utf8
[ sql ] [ SQL ] SHOW COLUMNS FROM `webdata` [ RunTime:0.009087s ]
[ sql ] [ SQL ] SELECT * FROM `webdata` WHERE  `viewip` = '43.153.67.21' ORDER BY `Id` DESC LIMIT 1 [ RunTime:0.019736s ]
[ sql ] [ SQL ] SELECT * FROM `webdata` WHERE  `viewtime` = '2024-12' ORDER BY `Id` DESC LIMIT 1 [ RunTime:0.000157s ]
[ sql ] [ SQL ] SELECT * FROM `webdata` WHERE  `viewip` = '43.153.67.21' [ RunTime:0.003271s ]
[ sql ] [ SQL ] INSERT INTO `webdata` (`viewip` , `webpv` , `viewtime` , `operation` , `opertime` , `ipnum` , `ipvip`) VALUES ('43.153.67.21' , 1 , '2024-12' , '访客-浏览网页' , '2024-12-10 08:10:40' , 1 , '普通网友') [ RunTime:0.000218s ]
[ sql ] [ SQL ] SELECT * FROM `webdata` WHERE  `webip` = '43.153.67.21'  AND `ucookie` IS NULL [ RunTime:0.003084s ]
---------------------------------------------------------------
[ 2024-12-10T10:10:04+08:00 ] 43.155.160.173 GET www.atacabusca.shop/
[运行时间：0.047084s] [吞吐率：21.24req/s] [内存消耗：2,949.98kb] [文件加载：55]
[ info ] [ LANG ] /www/wwwroot/tb.youanfutang.cn/thinkphp/lang/zh-cn.php
[ info ] [ ROUTE ] array (
  'type' => 'module',
  'module' => 
  array (
    0 => '',
    1 => NULL,
    2 => NULL,
  ),
)
[ info ] [ HEADER ] array (
  'upgrade-insecure-requests' => '1',
  'referer' => 'http://www.atacabusca.shop',
  'pragma' => 'no-cache',
  'connection' => 'close',
  'cache-control' => 'no-cache',
  'accept-language' => 'zh-CN,zh;q=0.9,en-US;q=0.8,en;q=0.7',
  'accept-encoding' => 'gzip',
  'accept' => 'text/html,application/xhtml+xml,application/xml;q=0.9,image/avif,image/webp,image/apng,*/*;q=0.8,application/signed-exchange;v=b3;q=0.7',
  'user-agent' => 'Mozilla/5.0 (iPhone; CPU iPhone OS 13_2_3 like Mac OS X) AppleWebKit/605.1.15 (KHTML, like Gecko) Version/13.0.3 Mobile/15E148 Safari/604.1',
  'host' => 'www.atacabusca.shop',
  'content-length' => '',
  'content-type' => '',
)
[ info ] [ PARAM ] array (
)
[ info ] [ DB ] INIT mysql
[ info ] [ RUN ] app\index\controller\Index->index[ /www/wwwroot/tb.youanfutang.cn/application/index/controller/Index.php ]
[ info ] [ VIEW ] /www/wwwroot/tb.youanfutang.cn/public/../application/index/view/index/login1.html [ array (
  0 => 'iflogin',
) ]
[ info ] [ LOG ] INIT File
[ sql ] [ DB ] CONNECT:[ UseTime:0.000371s ] mysql:host=127.0.0.1;dbname=tb_youanfutang_c;charset=utf8
[ sql ] [ SQL ] SHOW COLUMNS FROM `webdata` [ RunTime:0.012188s ]
[ sql ] [ SQL ] SELECT * FROM `webdata` WHERE  `viewip` = '43.155.160.173' ORDER BY `Id` DESC LIMIT 1 [ RunTime:0.001418s ]
[ sql ] [ SQL ] SELECT * FROM `webdata` WHERE  `viewtime` = '2024-12' ORDER BY `Id` DESC LIMIT 1 [ RunTime:0.000189s ]
[ sql ] [ SQL ] SELECT * FROM `webdata` WHERE  `viewip` = '43.155.160.173' [ RunTime:0.005429s ]
[ sql ] [ SQL ] INSERT INTO `webdata` (`viewip` , `webpv` , `viewtime` , `operation` , `opertime` , `ipnum` , `ipvip`) VALUES ('43.155.160.173' , 2 , '2024-12' , '访客-浏览网页' , '2024-12-10 10:10:04' , 6 , '普通网友') [ RunTime:0.000252s ]
[ sql ] [ SQL ] SELECT * FROM `webdata` WHERE  `webip` = '43.155.160.173'  AND `ucookie` IS NULL [ RunTime:0.005193s ]
---------------------------------------------------------------
[ 2024-12-10T11:30:37+08:00 ] 3.1.195.213 GET www.atacabusca.shop/
[运行时间：0.080768s] [吞吐率：12.38req/s] [内存消耗：2,944.29kb] [文件加载：55]
[ info ] [ LANG ] /www/wwwroot/tb.youanfutang.cn/thinkphp/lang/zh-cn.php
[ info ] [ ROUTE ] array (
  'type' => 'module',
  'module' => 
  array (
    0 => '',
    1 => NULL,
    2 => NULL,
  ),
)
[ info ] [ HEADER ] array (
  'connection' => 'close',
  'accept-encoding' => 'gzip',
  'accept-charset' => 'utf-8',
  'user-agent' => 'Opera/9.80 (J2ME/MIDP; Opera Mini/5.0.16823/1428; U; en) Presto/2.2.0',
  'host' => 'www.atacabusca.shop',
  'content-length' => '',
  'content-type' => '',
)
[ info ] [ PARAM ] array (
)
[ info ] [ DB ] INIT mysql
[ info ] [ RUN ] app\index\controller\Index->index[ /www/wwwroot/tb.youanfutang.cn/application/index/controller/Index.php ]
[ info ] [ VIEW ] /www/wwwroot/tb.youanfutang.cn/public/../application/index/view/index/login1.html [ array (
  0 => 'iflogin',
) ]
[ info ] [ LOG ] INIT File
[ sql ] [ DB ] CONNECT:[ UseTime:0.000349s ] mysql:host=127.0.0.1;dbname=tb_youanfutang_c;charset=utf8
[ sql ] [ SQL ] SHOW COLUMNS FROM `webdata` [ RunTime:0.011872s ]
[ sql ] [ SQL ] SELECT * FROM `webdata` WHERE  `viewip` = '3.1.195.213' ORDER BY `Id` DESC LIMIT 1 [ RunTime:0.032942s ]
[ sql ] [ SQL ] SELECT * FROM `webdata` WHERE  `viewtime` = '2024-12' ORDER BY `Id` DESC LIMIT 1 [ RunTime:0.000262s ]
[ sql ] [ SQL ] SELECT * FROM `webdata` WHERE  `viewip` = '3.1.195.213' [ RunTime:0.005378s ]
[ sql ] [ SQL ] INSERT INTO `webdata` (`viewip` , `webpv` , `viewtime` , `operation` , `opertime` , `ipnum` , `ipvip`) VALUES ('3.1.195.213' , 1 , '2024-12' , '访客-浏览网页' , '2024-12-10 11:30:37' , 1 , '普通网友') [ RunTime:0.000348s ]
[ sql ] [ SQL ] SELECT * FROM `webdata` WHERE  `webip` = '3.1.195.213'  AND `ucookie` IS NULL [ RunTime:0.005406s ]
---------------------------------------------------------------
[ 2024-12-10T12:25:22+08:00 ] 124.70.203.191 GET www.atacabusca.shop/
[运行时间：0.041544s] [吞吐率：24.07req/s] [内存消耗：2,946.93kb] [文件加载：55]
[ info ] [ LANG ] /www/wwwroot/tb.youanfutang.cn/thinkphp/lang/zh-cn.php
[ info ] [ ROUTE ] array (
  'type' => 'module',
  'module' => 
  array (
    0 => '',
    1 => NULL,
    2 => NULL,
  ),
)
[ info ] [ HEADER ] array (
  'accept-encoding' => 'gzip',
  'upgrade-insecure-requests' => '1',
  'user-agent' => 'Mozilla/5.0 (Windows NT 9.0; Win64; x64) AppleWebKit/537.36 (KHTML, like Gecko) Chrome/71.0.3325.88 Safari/537.36',
  'accept-language' => 'zh-CN, zh; q=0.9, en; q=0.8, ko; q=0.7',
  'accept' => 'text/html, application/xhtml+xml, application/xml; q=0.9, image/webp; q=0.8',
  'host' => 'www.atacabusca.shop',
  'content-length' => '',
  'content-type' => '',
)
[ info ] [ PARAM ] array (
)
[ info ] [ DB ] INIT mysql
[ info ] [ RUN ] app\index\controller\Index->index[ /www/wwwroot/tb.youanfutang.cn/application/index/controller/Index.php ]
[ info ] [ VIEW ] /www/wwwroot/tb.youanfutang.cn/public/../application/index/view/index/login1.html [ array (
  0 => 'iflogin',
) ]
[ info ] [ LOG ] INIT File
[ sql ] [ DB ] CONNECT:[ UseTime:0.000343s ] mysql:host=127.0.0.1;dbname=tb_youanfutang_c;charset=utf8
[ sql ] [ SQL ] SHOW COLUMNS FROM `webdata` [ RunTime:0.011835s ]
[ sql ] [ SQL ] SELECT * FROM `webdata` WHERE  `viewip` = '124.70.203.191' ORDER BY `Id` DESC LIMIT 1 [ RunTime:0.000389s ]
[ sql ] [ SQL ] SELECT * FROM `webdata` WHERE  `viewtime` = '2024-12' ORDER BY `Id` DESC LIMIT 1 [ RunTime:0.000179s ]
[ sql ] [ SQL ] SELECT * FROM `webdata` WHERE  `viewip` = '124.70.203.191' [ RunTime:0.003841s ]
[ sql ] [ SQL ] INSERT INTO `webdata` (`viewip` , `webpv` , `viewtime` , `operation` , `opertime` , `ipnum` , `ipvip`) VALUES ('124.70.203.191' , 2 , '2024-12' , '访客-浏览网页' , '2024-12-10 12:25:22' , 6 , '普通网友') [ RunTime:0.000203s ]
[ sql ] [ SQL ] SELECT * FROM `webdata` WHERE  `webip` = '124.70.203.191'  AND `ucookie` IS NULL [ RunTime:0.003148s ]
---------------------------------------------------------------
[ 2024-12-10T13:35:49+08:00 ] 62.141.44.236 GET atacabusca.shop/
[运行时间：0.034030s] [吞吐率：29.39req/s] [内存消耗：2,944.52kb] [文件加载：55]
[ info ] [ LANG ] /www/wwwroot/tb.youanfutang.cn/thinkphp/lang/zh-cn.php
[ info ] [ ROUTE ] array (
  'type' => 'module',
  'module' => 
  array (
    0 => '',
    1 => NULL,
    2 => NULL,
  ),
)
[ info ] [ HEADER ] array (
  'accept-encoding' => 'gzip, deflate, identity',
  'accept' => '*/*',
  'user-agent' => 'Mozilla/5.0 (Windows NT 10.0; Win64; x64) AppleWebKit/537.36 (KHTML, like Gecko) Chrome/91.0.4472.114 Safari/537.36 Edg/91.0.864.54',
  'host' => 'atacabusca.shop',
  'content-length' => '',
  'content-type' => '',
)
[ info ] [ PARAM ] array (
)
[ info ] [ DB ] INIT mysql
[ info ] [ RUN ] app\index\controller\Index->index[ /www/wwwroot/tb.youanfutang.cn/application/index/controller/Index.php ]
[ info ] [ VIEW ] /www/wwwroot/tb.youanfutang.cn/public/../application/index/view/index/login1.html [ array (
  0 => 'iflogin',
) ]
[ info ] [ LOG ] INIT File
[ sql ] [ DB ] CONNECT:[ UseTime:0.000332s ] mysql:host=127.0.0.1;dbname=tb_youanfutang_c;charset=utf8
[ sql ] [ SQL ] SHOW COLUMNS FROM `webdata` [ RunTime:0.009118s ]
[ sql ] [ SQL ] SELECT * FROM `webdata` WHERE  `viewip` = '62.141.44.236' ORDER BY `Id` DESC LIMIT 1 [ RunTime:0.001604s ]
[ sql ] [ SQL ] SELECT * FROM `webdata` WHERE  `viewtime` = '2024-12' ORDER BY `Id` DESC LIMIT 1 [ RunTime:0.000167s ]
[ sql ] [ SQL ] SELECT * FROM `webdata` WHERE  `viewip` = '62.141.44.236' [ RunTime:0.003262s ]
[ sql ] [ SQL ] INSERT INTO `webdata` (`viewip` , `webpv` , `viewtime` , `operation` , `opertime` , `ipnum` , `ipvip`) VALUES ('62.141.44.236' , 3 , '2024-12' , '访客-浏览网页' , '2024-12-10 13:35:49' , 21 , '潜在用户') [ RunTime:0.000214s ]
[ sql ] [ SQL ] SELECT * FROM `webdata` WHERE  `webip` = '62.141.44.236'  AND `ucookie` IS NULL [ RunTime:0.003101s ]
---------------------------------------------------------------
[ 2024-12-10T14:09:58+08:00 ] 176.53.217.177 GET atacabusca.shop/
[运行时间：0.079631s] [吞吐率：12.56req/s] [内存消耗：2,944.39kb] [文件加载：55]
[ info ] [ LANG ] /www/wwwroot/tb.youanfutang.cn/thinkphp/lang/zh-cn.php
[ info ] [ ROUTE ] array (
  'type' => 'module',
  'module' => 
  array (
    0 => '',
    1 => NULL,
    2 => NULL,
  ),
)
[ info ] [ HEADER ] array (
  'accept-encoding' => 'gzip, deflate',
  'accept' => '*/*',
  'user-agent' => 'Mozilla/5.0 (Windows NT 10.0; Win64; x64) AppleWebKit/537.36 (KHTML, like Gecko) Chrome/94.0.4606.61 Safari/537.36',
  'host' => 'atacabusca.shop',
  'content-length' => '',
  'content-type' => '',
)
[ info ] [ PARAM ] array (
)
[ info ] [ DB ] INIT mysql
[ info ] [ RUN ] app\index\controller\Index->index[ /www/wwwroot/tb.youanfutang.cn/application/index/controller/Index.php ]
[ info ] [ VIEW ] /www/wwwroot/tb.youanfutang.cn/public/../application/index/view/index/login1.html [ array (
  0 => 'iflogin',
) ]
[ info ] [ LOG ] INIT File
[ sql ] [ DB ] CONNECT:[ UseTime:0.000350s ] mysql:host=127.0.0.1;dbname=tb_youanfutang_c;charset=utf8
[ sql ] [ SQL ] SHOW COLUMNS FROM `webdata` [ RunTime:0.011100s ]
[ sql ] [ SQL ] SELECT * FROM `webdata` WHERE  `viewip` = '176.53.217.177' ORDER BY `Id` DESC LIMIT 1 [ RunTime:0.034413s ]
[ sql ] [ SQL ] SELECT * FROM `webdata` WHERE  `viewtime` = '2024-12' ORDER BY `Id` DESC LIMIT 1 [ RunTime:0.000338s ]
[ sql ] [ SQL ] SELECT * FROM `webdata` WHERE  `viewip` = '176.53.217.177' [ RunTime:0.006004s ]
[ sql ] [ SQL ] INSERT INTO `webdata` (`viewip` , `webpv` , `viewtime` , `operation` , `opertime` , `ipnum` , `ipvip`) VALUES ('176.53.217.177' , 1 , '2024-12' , '访客-浏览网页' , '2024-12-10 14:09:58' , 1 , '普通网友') [ RunTime:0.000287s ]
[ sql ] [ SQL ] SELECT * FROM `webdata` WHERE  `webip` = '176.53.217.177'  AND `ucookie` IS NULL [ RunTime:0.005600s ]
---------------------------------------------------------------
[ 2024-12-10T14:44:04+08:00 ] 119.96.24.54 GET atacabusca.shop/
[运行时间：0.036965s] [吞吐率：27.05req/s] [内存消耗：2,949.92kb] [文件加载：55]
[ info ] [ LANG ] /www/wwwroot/tb.youanfutang.cn/thinkphp/lang/zh-cn.php
[ info ] [ ROUTE ] array (
  'type' => 'module',
  'module' => 
  array (
    0 => '',
    1 => NULL,
    2 => NULL,
  ),
)
[ info ] [ HEADER ] array (
  'upgrade-insecure-requests' => '1',
  'referer' => 'http://atacabusca.shop',
  'pragma' => 'no-cache',
  'connection' => 'close',
  'cache-control' => 'no-cache',
  'accept-language' => 'zh-CN,zh;q=0.9,en-US;q=0.8,en;q=0.7',
  'accept-encoding' => 'gzip',
  'accept' => 'text/html,application/xhtml+xml,application/xml;q=0.9,image/avif,image/webp,image/apng,*/*;q=0.8,application/signed-exchange;v=b3;q=0.7',
  'user-agent' => 'Mozilla/5.0 (iPhone; CPU iPhone OS 13_2_3 like Mac OS X) AppleWebKit/605.1.15 (KHTML, like Gecko) Version/13.0.3 Mobile/15E148 Safari/604.1',
  'host' => 'atacabusca.shop',
  'content-length' => '',
  'content-type' => '',
)
[ info ] [ PARAM ] array (
)
[ info ] [ DB ] INIT mysql
[ info ] [ RUN ] app\index\controller\Index->index[ /www/wwwroot/tb.youanfutang.cn/application/index/controller/Index.php ]
[ info ] [ VIEW ] /www/wwwroot/tb.youanfutang.cn/public/../application/index/view/index/login1.html [ array (
  0 => 'iflogin',
) ]
[ info ] [ LOG ] INIT File
[ sql ] [ DB ] CONNECT:[ UseTime:0.000293s ] mysql:host=127.0.0.1;dbname=tb_youanfutang_c;charset=utf8
[ sql ] [ SQL ] SHOW COLUMNS FROM `webdata` [ RunTime:0.009003s ]
[ sql ] [ SQL ] SELECT * FROM `webdata` WHERE  `viewip` = '119.96.24.54' ORDER BY `Id` DESC LIMIT 1 [ RunTime:0.001942s ]
[ sql ] [ SQL ] SELECT * FROM `webdata` WHERE  `viewtime` = '2024-12' ORDER BY `Id` DESC LIMIT 1 [ RunTime:0.000167s ]
[ sql ] [ SQL ] SELECT * FROM `webdata` WHERE  `viewip` = '119.96.24.54' [ RunTime:0.003368s ]
[ sql ] [ SQL ] INSERT INTO `webdata` (`viewip` , `webpv` , `viewtime` , `operation` , `opertime` , `ipnum` , `ipvip`) VALUES ('119.96.24.54' , 2 , '2024-12' , '访客-浏览网页' , '2024-12-10 14:44:04' , 11 , '普通网友') [ RunTime:0.000223s ]
[ sql ] [ SQL ] SELECT * FROM `webdata` WHERE  `webip` = '119.96.24.54'  AND `ucookie` IS NULL [ RunTime:0.003117s ]
---------------------------------------------------------------
[ 2024-12-10T14:45:29+08:00 ] 146.148.117.119 GET atacabusca.shop/
[运行时间：0.052004s] [吞吐率：19.23req/s] [内存消耗：2,947.74kb] [文件加载：55]
[ info ] [ LANG ] /www/wwwroot/tb.youanfutang.cn/thinkphp/lang/zh-cn.php
[ info ] [ ROUTE ] array (
  'type' => 'module',
  'module' => 
  array (
    0 => '',
    1 => NULL,
    2 => NULL,
  ),
)
[ info ] [ HEADER ] array (
  'accept-encoding' => 'gzip, deflate',
  'accept' => '*/*',
  'baggage' => 'sentry-trace_id=fabf855e0d3b453c84b1133876423320,sentry-environment=production,sentry-public_key=95818f1c53d441e4bad44e25fc52aa40',
  'sentry-trace' => 'fabf855e0d3b453c84b1133876423320-8a66cd3beaa7d6e2',
  'connection' => 'keep-alive',
  'user-agent' => 'Mozilla/5.0 (Macintosh; Intel Mac OS X 10.11; rv:52.0) Gecko/20100101 Firefox/52.0',
  'host' => 'atacabusca.shop',
  'content-length' => '',
  'content-type' => '',
)
[ info ] [ PARAM ] array (
)
[ info ] [ DB ] INIT mysql
[ info ] [ RUN ] app\index\controller\Index->index[ /www/wwwroot/tb.youanfutang.cn/application/index/controller/Index.php ]
[ info ] [ VIEW ] /www/wwwroot/tb.youanfutang.cn/public/../application/index/view/index/login1.html [ array (
  0 => 'iflogin',
) ]
[ info ] [ LOG ] INIT File
[ sql ] [ DB ] CONNECT:[ UseTime:0.000298s ] mysql:host=127.0.0.1;dbname=tb_youanfutang_c;charset=utf8
[ sql ] [ SQL ] SHOW COLUMNS FROM `webdata` [ RunTime:0.008561s ]
[ sql ] [ SQL ] SELECT * FROM `webdata` WHERE  `viewip` = '146.148.117.119' ORDER BY `Id` DESC LIMIT 1 [ RunTime:0.020059s ]
[ sql ] [ SQL ] SELECT * FROM `webdata` WHERE  `viewtime` = '2024-12' ORDER BY `Id` DESC LIMIT 1 [ RunTime:0.000198s ]
[ sql ] [ SQL ] SELECT * FROM `webdata` WHERE  `viewip` = '146.148.117.119' [ RunTime:0.003320s ]
[ sql ] [ SQL ] INSERT INTO `webdata` (`viewip` , `webpv` , `viewtime` , `operation` , `opertime` , `ipnum` , `ipvip`) VALUES ('146.148.117.119' , 1 , '2024-12' , '访客-浏览网页' , '2024-12-10 14:45:29' , 1 , '普通网友') [ RunTime:0.000219s ]
[ sql ] [ SQL ] SELECT * FROM `webdata` WHERE  `webip` = '146.148.117.119'  AND `ucookie` IS NULL [ RunTime:0.003128s ]
---------------------------------------------------------------
[ 2024-12-10T15:38:19+08:00 ] 43.156.228.27 GET www.atacabusca.shop/
[运行时间：0.046777s] [吞吐率：21.38req/s] [内存消耗：2,949.97kb] [文件加载：55]
[ info ] [ LANG ] /www/wwwroot/tb.youanfutang.cn/thinkphp/lang/zh-cn.php
[ info ] [ ROUTE ] array (
  'type' => 'module',
  'module' => 
  array (
    0 => '',
    1 => NULL,
    2 => NULL,
  ),
)
[ info ] [ HEADER ] array (
  'upgrade-insecure-requests' => '1',
  'referer' => 'http://www.atacabusca.shop',
  'pragma' => 'no-cache',
  'connection' => 'close',
  'cache-control' => 'no-cache',
  'accept-language' => 'zh-CN,zh;q=0.9,en-US;q=0.8,en;q=0.7',
  'accept-encoding' => 'gzip',
  'accept' => 'text/html,application/xhtml+xml,application/xml;q=0.9,image/avif,image/webp,image/apng,*/*;q=0.8,application/signed-exchange;v=b3;q=0.7',
  'user-agent' => 'Mozilla/5.0 (iPhone; CPU iPhone OS 13_2_3 like Mac OS X) AppleWebKit/605.1.15 (KHTML, like Gecko) Version/13.0.3 Mobile/15E148 Safari/604.1',
  'host' => 'www.atacabusca.shop',
  'content-length' => '',
  'content-type' => '',
)
[ info ] [ PARAM ] array (
)
[ info ] [ DB ] INIT mysql
[ info ] [ RUN ] app\index\controller\Index->index[ /www/wwwroot/tb.youanfutang.cn/application/index/controller/Index.php ]
[ info ] [ VIEW ] /www/wwwroot/tb.youanfutang.cn/public/../application/index/view/index/login1.html [ array (
  0 => 'iflogin',
) ]
[ info ] [ LOG ] INIT File
[ sql ] [ DB ] CONNECT:[ UseTime:0.000368s ] mysql:host=127.0.0.1;dbname=tb_youanfutang_c;charset=utf8
[ sql ] [ SQL ] SHOW COLUMNS FROM `webdata` [ RunTime:0.011971s ]
[ sql ] [ SQL ] SELECT * FROM `webdata` WHERE  `viewip` = '43.156.228.27' ORDER BY `Id` DESC LIMIT 1 [ RunTime:0.000384s ]
[ sql ] [ SQL ] SELECT * FROM `webdata` WHERE  `viewtime` = '2024-12' ORDER BY `Id` DESC LIMIT 1 [ RunTime:0.000209s ]
[ sql ] [ SQL ] SELECT * FROM `webdata` WHERE  `viewip` = '43.156.228.27' [ RunTime:0.005433s ]
[ sql ] [ SQL ] INSERT INTO `webdata` (`viewip` , `webpv` , `viewtime` , `operation` , `opertime` , `ipnum` , `ipvip`) VALUES ('43.156.228.27' , 2 , '2024-12' , '访客-浏览网页' , '2024-12-10 15:38:19' , 2 , '普通网友') [ RunTime:0.000284s ]
[ sql ] [ SQL ] SELECT * FROM `webdata` WHERE  `webip` = '43.156.228.27'  AND `ucookie` IS NULL [ RunTime:0.005182s ]
---------------------------------------------------------------
[ 2024-12-10T16:18:52+08:00 ] 44.213.102.128 GET atacabusca.shop/
[运行时间：0.243455s] [吞吐率：4.11req/s] [内存消耗：2,949.98kb] [文件加载：55]
[ info ] [ LANG ] /www/wwwroot/tb.youanfutang.cn/thinkphp/lang/zh-cn.php
[ info ] [ ROUTE ] array (
  'type' => 'module',
  'module' => 
  array (
    0 => '',
    1 => NULL,
    2 => NULL,
  ),
)
[ info ] [ HEADER ] array (
  'priority' => 'u=0, i',
  'accept-language' => 'en-US,en;q=0.9,en;q=0.9;q=0.8',
  'accept-encoding' => 'gzip, deflate, br, zstd',
  'sec-fetch-dest' => 'document',
  'sec-fetch-user' => '?1',
  'sec-fetch-mode' => 'navigate',
  'sec-fetch-site' => 'none',
  'accept' => 'text/html,application/xhtml+xml,application/xml;q=0.9,image/avif,image/webp,image/apng,*/*;q=0.8,application/signed-exchange;v=b3;q=0.7',
  'user-agent' => 'Mozilla/5.0 (X11; Linux x86_64) AppleWebKit/537.36 (KHTML, like Gecko) Chrome/129.0.0.0 Safari/537.36',
  'upgrade-insecure-requests' => '1',
  'host' => 'atacabusca.shop',
  'content-length' => '',
  'content-type' => '',
)
[ info ] [ PARAM ] array (
)
[ info ] [ DB ] INIT mysql
[ info ] [ RUN ] app\index\controller\Index->index[ /www/wwwroot/tb.youanfutang.cn/application/index/controller/Index.php ]
[ info ] [ VIEW ] /www/wwwroot/tb.youanfutang.cn/public/../application/index/view/index/login1.html [ array (
  0 => 'iflogin',
) ]
[ info ] [ LOG ] INIT File
[ sql ] [ DB ] CONNECT:[ UseTime:0.001716s ] mysql:host=127.0.0.1;dbname=tb_youanfutang_c;charset=utf8
[ sql ] [ SQL ] SHOW COLUMNS FROM `webdata` [ RunTime:0.010133s ]
[ sql ] [ SQL ] SELECT * FROM `webdata` WHERE  `viewip` = '44.213.102.128' ORDER BY `Id` DESC LIMIT 1 [ RunTime:0.164387s ]
[ sql ] [ SQL ] SELECT * FROM `webdata` WHERE  `viewtime` = '2024-12' ORDER BY `Id` DESC LIMIT 1 [ RunTime:0.000315s ]
[ sql ] [ SQL ] SELECT * FROM `webdata` WHERE  `viewip` = '44.213.102.128' [ RunTime:0.005497s ]
[ sql ] [ SQL ] INSERT INTO `webdata` (`viewip` , `webpv` , `viewtime` , `operation` , `opertime` , `ipnum` , `ipvip`) VALUES ('44.213.102.128' , 1 , '2024-12' , '访客-浏览网页' , '2024-12-10 16:18:52' , 1 , '普通网友') [ RunTime:0.000300s ]
[ sql ] [ SQL ] SELECT * FROM `webdata` WHERE  `webip` = '44.213.102.128'  AND `ucookie` IS NULL [ RunTime:0.005226s ]
---------------------------------------------------------------
[ 2024-12-10T16:18:54+08:00 ] 44.213.102.128 GET atacabusca.shop/login.php/index/captcha
[运行时间：0.058991s] [吞吐率：16.95req/s] [内存消耗：11,980.73kb] [文件加载：50]
[ info ] [ LANG ] /www/wwwroot/tb.youanfutang.cn/thinkphp/lang/zh-cn.php
[ info ] [ BIND ] 'admin'
[ info ] [ ROUTE ] array (
  'type' => 'module',
  'module' => 
  array (
    0 => 'admin',
    1 => 'index',
    2 => 'captcha',
  ),
)
[ info ] [ HEADER ] array (
  'priority' => 'i',
  'accept-language' => 'en-US,en;q=0.9,en;q=0.9;q=0.8',
  'accept-encoding' => 'gzip, deflate, br, zstd',
  'referer' => 'https://atacabusca.shop/',
  'sec-fetch-dest' => 'image',
  'sec-fetch-mode' => 'no-cors',
  'sec-fetch-site' => 'same-origin',
  'accept' => 'image/avif,image/webp,image/apng,image/svg+xml,image/*,*/*;q=0.8',
  'user-agent' => 'Mozilla/5.0 (X11; Linux x86_64) AppleWebKit/537.36 (KHTML, like Gecko) Chrome/129.0.0.0 Safari/537.36',
  'host' => 'atacabusca.shop',
  'content-length' => '',
  'content-type' => '',
)
[ info ] [ PARAM ] array (
)
[ info ] [ DB ] INIT mysql
[ info ] [ RUN ] app\admin\controller\Index->captcha[ /www/wwwroot/tb.youanfutang.cn/application/admin/controller/Index.php ]
[ info ] [ SESSION ] INIT array (
  'id' => '',
  'var_session_id' => '',
  'prefix' => 'think',
  'type' => '',
  'auto_start' => true,
)
[ info ] [ LOG ] INIT File
[ sql ] [ DB ] CONNECT:[ UseTime:0.000277s ] mysql:host=127.0.0.1;dbname=tb_youanfutang_c;charset=utf8
[ sql ] [ SQL ] SHOW COLUMNS FROM `webdata` [ RunTime:0.009456s ]
[ sql ] [ SQL ] SELECT * FROM `webdata` WHERE  `ucookie` IS NULL [ RunTime:0.014513s ]
---------------------------------------------------------------
[ 2024-12-10T19:52:17+08:00 ] 124.220.171.218 GET atacabusca.shop/
[运行时间：0.035607s] [吞吐率：28.08req/s] [内存消耗：2,944.95kb] [文件加载：55]
[ info ] [ LANG ] /www/wwwroot/tb.youanfutang.cn/thinkphp/lang/zh-cn.php
[ info ] [ ROUTE ] array (
  'type' => 'module',
  'module' => 
  array (
    0 => '',
    1 => NULL,
    2 => NULL,
  ),
)
[ info ] [ HEADER ] array (
  'connection' => 'close',
  'accept-encoding' => 'gzip',
  'user-agent' => 'Mozilla/5.0 (Linux; Android 10; LIO-AN00 Build/HUAWEILIO-AN00; wv) MicroMessenger Weixin QQ AppleWebKit/537.36 (KHTML, like Gecko) Version/4.0 Chrome/78.0.3904.62 XWEB/2692 MMWEBSDK/200901 Mobile Safari/537.36',
  'host' => 'atacabusca.shop',
  'content-length' => '',
  'content-type' => '',
)
[ info ] [ PARAM ] array (
)
[ info ] [ DB ] INIT mysql
[ info ] [ RUN ] app\index\controller\Index->index[ /www/wwwroot/tb.youanfutang.cn/application/index/controller/Index.php ]
[ info ] [ VIEW ] /www/wwwroot/tb.youanfutang.cn/public/../application/index/view/index/login1.html [ array (
  0 => 'iflogin',
) ]
[ info ] [ LOG ] INIT File
[ sql ] [ DB ] CONNECT:[ UseTime:0.000280s ] mysql:host=127.0.0.1;dbname=tb_youanfutang_c;charset=utf8
[ sql ] [ SQL ] SHOW COLUMNS FROM `webdata` [ RunTime:0.009925s ]
[ sql ] [ SQL ] SELECT * FROM `webdata` WHERE  `viewip` = '124.220.171.218' ORDER BY `Id` DESC LIMIT 1 [ RunTime:0.002562s ]
[ sql ] [ SQL ] SELECT * FROM `webdata` WHERE  `viewtime` = '2024-12' ORDER BY `Id` DESC LIMIT 1 [ RunTime:0.000169s ]
[ sql ] [ SQL ] SELECT * FROM `webdata` WHERE  `viewip` = '124.220.171.218' [ RunTime:0.003359s ]
[ sql ] [ SQL ] INSERT INTO `webdata` (`viewip` , `webpv` , `viewtime` , `operation` , `opertime` , `ipnum` , `ipvip`) VALUES ('124.220.171.218' , 2 , '2024-12' , '访客-浏览网页' , '2024-12-10 19:52:17' , 2 , '普通网友') [ RunTime:0.000215s ]
[ sql ] [ SQL ] SELECT * FROM `webdata` WHERE  `webip` = '124.220.171.218'  AND `ucookie` IS NULL [ RunTime:0.003173s ]
---------------------------------------------------------------
[ 2024-12-10T20:03:56+08:00 ] 40.113.118.83 GET atacabusca.shop/
[运行时间：0.064063s] [吞吐率：15.61req/s] [内存消耗：2,943.92kb] [文件加载：55]
[ info ] [ LANG ] /www/wwwroot/tb.youanfutang.cn/thinkphp/lang/zh-cn.php
[ info ] [ ROUTE ] array (
  'type' => 'module',
  'module' => 
  array (
    0 => '',
    1 => NULL,
    2 => NULL,
  ),
)
[ info ] [ HEADER ] array (
  'connection' => 'close',
  'accept-encoding' => 'gzip',
  'accept' => '*/*',
  'user-agent' => 'curl/8.6.0',
  'host' => 'atacabusca.shop',
  'content-length' => '',
  'content-type' => '',
)
[ info ] [ PARAM ] array (
)
[ info ] [ DB ] INIT mysql
[ info ] [ RUN ] app\index\controller\Index->index[ /www/wwwroot/tb.youanfutang.cn/application/index/controller/Index.php ]
[ info ] [ VIEW ] /www/wwwroot/tb.youanfutang.cn/public/../application/index/view/index/login1.html [ array (
  0 => 'iflogin',
) ]
[ info ] [ LOG ] INIT File
[ sql ] [ DB ] CONNECT:[ UseTime:0.000282s ] mysql:host=127.0.0.1;dbname=tb_youanfutang_c;charset=utf8
[ sql ] [ SQL ] SHOW COLUMNS FROM `webdata` [ RunTime:0.008563s ]
[ sql ] [ SQL ] SELECT * FROM `webdata` WHERE  `viewip` = '40.113.118.83' ORDER BY `Id` DESC LIMIT 1 [ RunTime:0.025229s ]
[ sql ] [ SQL ] SELECT * FROM `webdata` WHERE  `viewtime` = '2024-12' ORDER BY `Id` DESC LIMIT 1 [ RunTime:0.002034s ]
[ sql ] [ SQL ] SELECT * FROM `webdata` WHERE  `viewip` = '40.113.118.83' [ RunTime:0.005446s ]
[ sql ] [ SQL ] INSERT INTO `webdata` (`viewip` , `webpv` , `viewtime` , `operation` , `opertime` , `ipnum` , `ipvip`) VALUES ('40.113.118.83' , 1 , '2024-12' , '访客-浏览网页' , '2024-12-10 20:03:56' , 1 , '普通网友') [ RunTime:0.000281s ]
[ sql ] [ SQL ] SELECT * FROM `webdata` WHERE  `webip` = '40.113.118.83'  AND `ucookie` IS NULL [ RunTime:0.005143s ]
---------------------------------------------------------------
[ 2024-12-10T20:11:47+08:00 ] 66.249.64.43 GET www.atacabusca.shop/login.php/index/captcha
[运行时间：0.049367s] [吞吐率：20.26req/s] [内存消耗：11,979.89kb] [文件加载：50]
[ info ] [ LANG ] /www/wwwroot/tb.youanfutang.cn/thinkphp/lang/zh-cn.php
[ info ] [ BIND ] 'admin'
[ info ] [ ROUTE ] array (
  'type' => 'module',
  'module' => 
  array (
    0 => 'admin',
    1 => 'index',
    2 => 'captcha',
  ),
)
[ info ] [ HEADER ] array (
  'accept-encoding' => 'gzip, deflate, br',
  'user-agent' => 'Mozilla/5.0 (Linux; Android 6.0.1; Nexus 5X Build/MMB29P) AppleWebKit/537.36 (KHTML, like Gecko) Chrome/131.0.6778.108 Mobile Safari/537.36 (compatible; Googlebot/2.1; +http://www.google.com/bot.html)',
  'from' => 'googlebot(at)googlebot.com',
  'accept' => 'text/html,application/xhtml+xml,application/signed-exchange;v=b3,application/xml;q=0.9,*/*;q=0.8',
  'connection' => 'keep-alive',
  'amp-cache-transform' => 'google;v="1..8"',
  'host' => 'www.atacabusca.shop',
  'content-length' => '',
  'content-type' => '',
)
[ info ] [ PARAM ] array (
)
[ info ] [ DB ] INIT mysql
[ info ] [ RUN ] app\admin\controller\Index->captcha[ /www/wwwroot/tb.youanfutang.cn/application/admin/controller/Index.php ]
[ info ] [ SESSION ] INIT array (
  'id' => '',
  'var_session_id' => '',
  'prefix' => 'think',
  'type' => '',
  'auto_start' => true,
)
[ info ] [ LOG ] INIT File
[ sql ] [ DB ] CONNECT:[ UseTime:0.000290s ] mysql:host=127.0.0.1;dbname=tb_youanfutang_c;charset=utf8
[ sql ] [ SQL ] SHOW COLUMNS FROM `webdata` [ RunTime:0.009440s ]
[ sql ] [ SQL ] SELECT * FROM `webdata` WHERE  `ucookie` IS NULL [ RunTime:0.011388s ]
---------------------------------------------------------------
[ 2024-12-10T23:05:41+08:00 ] 43.159.148.221 GET www.atacabusca.shop/
[运行时间：0.051899s] [吞吐率：19.27req/s] [内存消耗：2,949.98kb] [文件加载：55]
[ info ] [ LANG ] /www/wwwroot/tb.youanfutang.cn/thinkphp/lang/zh-cn.php
[ info ] [ ROUTE ] array (
  'type' => 'module',
  'module' => 
  array (
    0 => '',
    1 => NULL,
    2 => NULL,
  ),
)
[ info ] [ HEADER ] array (
  'upgrade-insecure-requests' => '1',
  'referer' => 'http://www.atacabusca.shop',
  'pragma' => 'no-cache',
  'connection' => 'close',
  'cache-control' => 'no-cache',
  'accept-language' => 'zh-CN,zh;q=0.9,en-US;q=0.8,en;q=0.7',
  'accept-encoding' => 'gzip',
  'accept' => 'text/html,application/xhtml+xml,application/xml;q=0.9,image/avif,image/webp,image/apng,*/*;q=0.8,application/signed-exchange;v=b3;q=0.7',
  'user-agent' => 'Mozilla/5.0 (iPhone; CPU iPhone OS 13_2_3 like Mac OS X) AppleWebKit/605.1.15 (KHTML, like Gecko) Version/13.0.3 Mobile/15E148 Safari/604.1',
  'host' => 'www.atacabusca.shop',
  'content-length' => '',
  'content-type' => '',
)
[ info ] [ PARAM ] array (
)
[ info ] [ DB ] INIT mysql
[ info ] [ RUN ] app\index\controller\Index->index[ /www/wwwroot/tb.youanfutang.cn/application/index/controller/Index.php ]
[ info ] [ VIEW ] /www/wwwroot/tb.youanfutang.cn/public/../application/index/view/index/login1.html [ array (
  0 => 'iflogin',
) ]
[ info ] [ LOG ] INIT File
[ sql ] [ DB ] CONNECT:[ UseTime:0.000296s ] mysql:host=127.0.0.1;dbname=tb_youanfutang_c;charset=utf8
[ sql ] [ SQL ] SHOW COLUMNS FROM `webdata` [ RunTime:0.009089s ]
[ sql ] [ SQL ] SELECT * FROM `webdata` WHERE  `viewip` = '43.159.148.221' ORDER BY `Id` DESC LIMIT 1 [ RunTime:0.019725s ]
[ sql ] [ SQL ] SELECT * FROM `webdata` WHERE  `viewtime` = '2024-12' ORDER BY `Id` DESC LIMIT 1 [ RunTime:0.000205s ]
[ sql ] [ SQL ] SELECT * FROM `webdata` WHERE  `viewip` = '43.159.148.221' [ RunTime:0.003244s ]
[ sql ] [ SQL ] INSERT INTO `webdata` (`viewip` , `webpv` , `viewtime` , `operation` , `opertime` , `ipnum` , `ipvip`) VALUES ('43.159.148.221' , 1 , '2024-12' , '访客-浏览网页' , '2024-12-10 23:05:41' , 1 , '普通网友') [ RunTime:0.000228s ]
[ sql ] [ SQL ] SELECT * FROM `webdata` WHERE  `webip` = '43.159.148.221'  AND `ucookie` IS NULL [ RunTime:0.003076s ]
