---------------------------------------------------------------
[ 2024-06-08T00:04:45+08:00 ] 66.249.66.40 GET www.aosuper.com/index.php?p=center
[运行时间：1.072956s] [吞吐率：0.93req/s] [内存消耗：2,948.94kb] [文件加载：55]
[ info ] [ LANG ] /www/wwwroot/tb.youanfutang.cn/thinkphp/lang/zh-cn.php
[ info ] [ ROUTE ] array (
  'type' => 'module',
  'module' => 
  array (
    0 => '',
    1 => NULL,
    2 => NULL,
  ),
)
[ info ] [ HEADER ] array (
  'if-modified-since' => 'Thu, 06 Jun 2024 00:04:50 GMT',
  'accept-encoding' => 'gzip, deflate, br',
  'user-agent' => 'Mozilla/5.0 (Linux; Android 6.0.1; Nexus 5X Build/MMB29P) AppleWebKit/537.36 (KHTML, like Gecko) Chrome/125.0.6422.168 Mobile Safari/537.36 (compatible; Googlebot/2.1; +http://www.google.com/bot.html)',
  'from' => 'googlebot(at)googlebot.com',
  'accept' => 'text/html,application/xhtml+xml,application/signed-exchange;v=b3,application/xml;q=0.9,*/*;q=0.8',
  'connection' => 'keep-alive',
  'amp-cache-transform' => 'google;v="1..8"',
  'host' => 'www.aosuper.com',
  'content-length' => '',
  'content-type' => '',
)
[ info ] [ PARAM ] array (
  'p' => 'center',
)
[ info ] [ DB ] INIT mysql
[ info ] [ RUN ] app\index\controller\Index->index[ /www/wwwroot/tb.youanfutang.cn/application/index/controller/Index.php ]
[ info ] [ VIEW ] /www/wwwroot/tb.youanfutang.cn/public/../application/index/view/index/login1.html [ array (
  0 => 'iflogin',
) ]
[ info ] [ LOG ] INIT File
[ sql ] [ DB ] CONNECT:[ UseTime:0.002024s ] mysql:host=127.0.0.1;dbname=tb_youanfutang_c;charset=utf8
[ sql ] [ SQL ] SHOW COLUMNS FROM `webdata` [ RunTime:0.016904s ]
[ sql ] [ SQL ] SELECT * FROM `webdata` WHERE  `viewip` = '66.249.66.40' ORDER BY `Id` DESC LIMIT 1 [ RunTime:0.002890s ]
[ sql ] [ SQL ] SELECT * FROM `webdata` WHERE  `viewtime` = '2024-06' ORDER BY `Id` DESC LIMIT 1 [ RunTime:0.000442s ]
[ sql ] [ SQL ] SELECT * FROM `webdata` WHERE  `viewip` = '66.249.66.40' [ RunTime:0.204836s ]
[ sql ] [ SQL ] INSERT INTO `webdata` (`viewip` , `webpv` , `viewtime` , `operation` , `opertime` , `ipnum` , `ipvip`) VALUES ('66.249.66.40' , 2 , '2024-06' , '访客-浏览网页' , '2024-06-08 00:04:45' , 7 , '普通网友') [ RunTime:0.000693s ]
[ sql ] [ SQL ] SELECT * FROM `webdata` WHERE  `webip` = '66.249.66.40'  AND `ucookie` IS NULL [ RunTime:0.006658s ]
---------------------------------------------------------------
[ 2024-06-08T00:04:48+08:00 ] 66.249.66.38 GET www.aosuper.com/
[运行时间：0.050065s] [吞吐率：19.97req/s] [内存消耗：2,948.05kb] [文件加载：55]
[ info ] [ LANG ] /www/wwwroot/tb.youanfutang.cn/thinkphp/lang/zh-cn.php
[ info ] [ ROUTE ] array (
  'type' => 'module',
  'module' => 
  array (
    0 => '',
    1 => NULL,
    2 => NULL,
  ),
)
[ info ] [ HEADER ] array (
  'accept-encoding' => 'gzip, deflate, br',
  'user-agent' => 'Mozilla/5.0 (Linux; Android 6.0.1; Nexus 5X Build/MMB29P) AppleWebKit/537.36 (KHTML, like Gecko) Chrome/125.0.6422.168 Mobile Safari/537.36 (compatible; Googlebot/2.1; +http://www.google.com/bot.html)',
  'from' => 'googlebot(at)googlebot.com',
  'accept' => 'text/html,application/xhtml+xml,application/signed-exchange;v=b3,application/xml;q=0.9,*/*;q=0.8',
  'connection' => 'keep-alive',
  'amp-cache-transform' => 'google;v="1..8"',
  'host' => 'www.aosuper.com',
  'content-length' => '',
  'content-type' => '',
)
[ info ] [ PARAM ] array (
)
[ info ] [ DB ] INIT mysql
[ info ] [ RUN ] app\index\controller\Index->index[ /www/wwwroot/tb.youanfutang.cn/application/index/controller/Index.php ]
[ info ] [ VIEW ] /www/wwwroot/tb.youanfutang.cn/public/../application/index/view/index/login1.html [ array (
  0 => 'iflogin',
) ]
[ info ] [ LOG ] INIT File
[ sql ] [ DB ] CONNECT:[ UseTime:0.000722s ] mysql:host=127.0.0.1;dbname=tb_youanfutang_c;charset=utf8
[ sql ] [ SQL ] SHOW COLUMNS FROM `webdata` [ RunTime:0.002847s ]
[ sql ] [ SQL ] SELECT * FROM `webdata` WHERE  `viewip` = '66.249.66.38' ORDER BY `Id` DESC LIMIT 1 [ RunTime:0.003292s ]
[ sql ] [ SQL ] SELECT * FROM `webdata` WHERE  `viewtime` = '2024-06' ORDER BY `Id` DESC LIMIT 1 [ RunTime:0.000421s ]
[ sql ] [ SQL ] SELECT * FROM `webdata` WHERE  `viewip` = '66.249.66.38' [ RunTime:0.006248s ]
[ sql ] [ SQL ] INSERT INTO `webdata` (`viewip` , `webpv` , `viewtime` , `operation` , `opertime` , `ipnum` , `ipvip`) VALUES ('66.249.66.38' , 3 , '2024-06' , '访客-浏览网页' , '2024-06-08 00:04:48' , 2 , '普通网友') [ RunTime:0.000483s ]
[ sql ] [ SQL ] SELECT * FROM `webdata` WHERE  `webip` = '66.249.66.38'  AND `ucookie` IS NULL [ RunTime:0.005892s ]
---------------------------------------------------------------
[ 2024-06-08T01:04:04+08:00 ] 162.244.247.253 GET aosuper.com/
[运行时间：0.134069s] [吞吐率：7.46req/s] [内存消耗：2,947.09kb] [文件加载：55]
[ info ] [ LANG ] /www/wwwroot/tb.youanfutang.cn/thinkphp/lang/zh-cn.php
[ info ] [ ROUTE ] array (
  'type' => 'module',
  'module' => 
  array (
    0 => '',
    1 => NULL,
    2 => NULL,
  ),
)
[ info ] [ HEADER ] array (
  'upgrade-insecure-requests' => '1',
  'cache-control' => 'max-age=0',
  'accept-language' => 'en-US,en;q=0.9',
  'connection' => 'close',
  'accept' => '*/*',
  'accept-encoding' => 'gzip, deflate, br',
  'user-agent' => 'Mozilla/5.0 (Windows NT 10.0; Win64; x64) AppleWebKit/537.36 (KHTML, like Gecko) Chrome/120.0.0.0 Safari/537.36',
  'host' => 'aosuper.com',
  'content-length' => '',
  'content-type' => '',
)
[ info ] [ PARAM ] array (
)
[ info ] [ DB ] INIT mysql
[ info ] [ RUN ] app\index\controller\Index->index[ /www/wwwroot/tb.youanfutang.cn/application/index/controller/Index.php ]
[ info ] [ VIEW ] /www/wwwroot/tb.youanfutang.cn/public/../application/index/view/index/login1.html [ array (
  0 => 'iflogin',
) ]
[ info ] [ LOG ] INIT File
[ sql ] [ DB ] CONNECT:[ UseTime:0.000744s ] mysql:host=127.0.0.1;dbname=tb_youanfutang_c;charset=utf8
[ sql ] [ SQL ] SHOW COLUMNS FROM `webdata` [ RunTime:0.002769s ]
[ sql ] [ SQL ] SELECT * FROM `webdata` WHERE  `viewip` = '162.244.247.253' ORDER BY `Id` DESC LIMIT 1 [ RunTime:0.088419s ]
[ sql ] [ SQL ] SELECT * FROM `webdata` WHERE  `viewtime` = '2024-06' ORDER BY `Id` DESC LIMIT 1 [ RunTime:0.000501s ]
[ sql ] [ SQL ] SELECT * FROM `webdata` WHERE  `viewip` = '162.244.247.253' [ RunTime:0.006263s ]
[ sql ] [ SQL ] INSERT INTO `webdata` (`viewip` , `webpv` , `viewtime` , `operation` , `opertime` , `ipnum` , `ipvip`) VALUES ('162.244.247.253' , 1 , '2024-06' , '访客-浏览网页' , '2024-06-08 01:04:04' , 1 , '普通网友') [ RunTime:0.000397s ]
[ sql ] [ SQL ] SELECT * FROM `webdata` WHERE  `webip` = '162.244.247.253'  AND `ucookie` IS NULL [ RunTime:0.005909s ]
---------------------------------------------------------------
[ 2024-06-08T01:34:47+08:00 ] 66.249.66.38 GET www.aosuper.com/login.php/index/logincheck
[运行时间：0.262130s] [吞吐率：3.81req/s] [内存消耗：2,878.32kb] [文件加载：55]
[ info ] [ LANG ] /www/wwwroot/tb.youanfutang.cn/thinkphp/lang/zh-cn.php
[ info ] [ BIND ] 'admin'
[ info ] [ ROUTE ] array (
  'type' => 'module',
  'module' => 
  array (
    0 => 'admin',
    1 => 'index',
    2 => 'logincheck',
  ),
)
[ info ] [ HEADER ] array (
  'accept-encoding' => 'gzip, deflate, br',
  'user-agent' => 'Mozilla/5.0 (Linux; Android 6.0.1; Nexus 5X Build/MMB29P) AppleWebKit/537.36 (KHTML, like Gecko) Chrome/125.0.6422.168 Mobile Safari/537.36 (compatible; Googlebot/2.1; +http://www.google.com/bot.html)',
  'from' => 'googlebot(at)googlebot.com',
  'accept' => 'text/html,application/xhtml+xml,application/signed-exchange;v=b3,application/xml;q=0.9,*/*;q=0.8',
  'connection' => 'keep-alive',
  'amp-cache-transform' => 'google;v="1..8"',
  'host' => 'www.aosuper.com',
  'content-length' => '',
  'content-type' => '',
)
[ info ] [ PARAM ] array (
)
[ info ] [ DB ] INIT mysql
[ info ] [ RUN ] app\admin\controller\Index->logincheck[ /www/wwwroot/tb.youanfutang.cn/application/admin/controller/Index.php ]
[ info ] [ LOG ] INIT File
[ sql ] [ DB ] CONNECT:[ UseTime:0.000815s ] mysql:host=127.0.0.1;dbname=tb_youanfutang_c;charset=utf8
[ sql ] [ SQL ] SHOW COLUMNS FROM `webdata` [ RunTime:0.003765s ]
[ sql ] [ SQL ] SELECT * FROM `webdata` WHERE  `ucookie` IS NULL [ RunTime:0.020102s ]
[ sql ] [ SQL ] SHOW COLUMNS FROM `user` [ RunTime:0.024345s ]
[ sql ] [ SQL ] SELECT * FROM `user` WHERE  `user` = '' LIMIT 1 [ RunTime:0.019091s ]
[ error ] [8]未定义变量: chek[/www/wwwroot/tb.youanfutang.cn/application/admin/controller/Index.php:74]
---------------------------------------------------------------
[ 2024-06-08T02:23:04+08:00 ] 35.217.51.252 GET aosuper.com/
[运行时间：0.079819s] [吞吐率：12.53req/s] [内存消耗：2,950.58kb] [文件加载：55]
[ info ] [ LANG ] /www/wwwroot/tb.youanfutang.cn/thinkphp/lang/zh-cn.php
[ info ] [ ROUTE ] array (
  'type' => 'module',
  'module' => 
  array (
    0 => '',
    1 => NULL,
    2 => NULL,
  ),
)
[ info ] [ HEADER ] array (
  'accept-language' => 'en-US,en;q=0.9,es;q=0.8',
  'accept-encoding' => 'gzip, deflate, br',
  'sec-fetch-dest' => 'document',
  'sec-fetch-user' => '?1',
  'sec-fetch-mode' => 'cors',
  'sec-fetch-site' => 'none',
  'accept' => 'text/html,application/xhtml+xml,application/xml;q=0.9,image/webp,image/apng,*/*;q=0.8,application/signed-exchange;v=b3;q=0.9',
  'user-agent' => 'Mozilla/5.0 (Windows NT 10.0; Win64; x64) AppleWebKit/537.36 (KHTML, like Gecko; compatible; BW/1.2; rb.gy/oupwis) Chrome/124.0.0.0 Safari/537.36',
  'upgrade-insecure-requests' => '1',
  'cache-control' => 'max-age=0',
  'connection' => 'keep-alive',
  'host' => 'aosuper.com',
  'content-length' => '',
  'content-type' => '',
)
[ info ] [ PARAM ] array (
)
[ info ] [ DB ] INIT mysql
[ info ] [ RUN ] app\index\controller\Index->index[ /www/wwwroot/tb.youanfutang.cn/application/index/controller/Index.php ]
[ info ] [ VIEW ] /www/wwwroot/tb.youanfutang.cn/public/../application/index/view/index/login1.html [ array (
  0 => 'iflogin',
) ]
[ info ] [ LOG ] INIT File
[ sql ] [ DB ] CONNECT:[ UseTime:0.000694s ] mysql:host=127.0.0.1;dbname=tb_youanfutang_c;charset=utf8
[ sql ] [ SQL ] SHOW COLUMNS FROM `webdata` [ RunTime:0.002650s ]
[ sql ] [ SQL ] SELECT * FROM `webdata` WHERE  `viewip` = '35.217.51.252' ORDER BY `Id` DESC LIMIT 1 [ RunTime:0.032463s ]
[ sql ] [ SQL ] SELECT * FROM `webdata` WHERE  `viewtime` = '2024-06' ORDER BY `Id` DESC LIMIT 1 [ RunTime:0.000489s ]
[ sql ] [ SQL ] SELECT * FROM `webdata` WHERE  `viewip` = '35.217.51.252' [ RunTime:0.006232s ]
[ sql ] [ SQL ] INSERT INTO `webdata` (`viewip` , `webpv` , `viewtime` , `operation` , `opertime` , `ipnum` , `ipvip`) VALUES ('35.217.51.252' , 1 , '2024-06' , '访客-浏览网页' , '2024-06-08 02:23:04' , 1 , '普通网友') [ RunTime:0.000483s ]
[ sql ] [ SQL ] SELECT * FROM `webdata` WHERE  `webip` = '35.217.51.252'  AND `ucookie` IS NULL [ RunTime:0.006090s ]
---------------------------------------------------------------
[ 2024-06-08T03:08:13+08:00 ] 66.249.66.205 GET aosuper.com/login
[运行时间：0.408200s] [吞吐率：2.45req/s] [内存消耗：2,879.22kb] [文件加载：55]
[ info ] [ LANG ] /www/wwwroot/tb.youanfutang.cn/thinkphp/lang/zh-cn.php
[ info ] [ ROUTE ] array (
  'type' => 'module',
  'module' => 
  array (
    0 => 'admin',
    1 => 'index',
    2 => 'index',
  ),
  'convert' => false,
)
[ info ] [ HEADER ] array (
  'if-modified-since' => 'Wed, 05 Jun 2024 08:09:14 GMT',
  'accept-encoding' => 'gzip, deflate, br',
  'user-agent' => 'Mozilla/5.0 (Linux; Android 6.0.1; Nexus 5X Build/MMB29P) AppleWebKit/537.36 (KHTML, like Gecko) Chrome/125.0.6422.168 Mobile Safari/537.36 (compatible; Googlebot/2.1; +http://www.google.com/bot.html)',
  'from' => 'googlebot(at)googlebot.com',
  'accept' => 'text/html,application/xhtml+xml,application/signed-exchange;v=b3,application/xml;q=0.9,*/*;q=0.8',
  'connection' => 'keep-alive',
  'amp-cache-transform' => 'google;v="1..8"',
  'host' => 'aosuper.com',
  'content-length' => '',
  'content-type' => '',
)
[ info ] [ PARAM ] array (
)
[ info ] [ DB ] INIT mysql
[ info ] [ RUN ] app\admin\controller\Index->index[ /www/wwwroot/tb.youanfutang.cn/application/admin/controller/Index.php ]
[ info ] [ VIEW ] /www/wwwroot/tb.youanfutang.cn/public/../application/admin/view/index/index.html [ array (
  0 => 'user',
  1 => 'webname',
) ]
[ info ] [ LOG ] INIT File
[ sql ] [ DB ] CONNECT:[ UseTime:0.000848s ] mysql:host=127.0.0.1;dbname=tb_youanfutang_c;charset=utf8
[ sql ] [ SQL ] SHOW COLUMNS FROM `webdata` [ RunTime:0.002683s ]
[ sql ] [ SQL ] SELECT * FROM `webdata` WHERE  `ucookie` IS NULL [ RunTime:0.019646s ]
[ sql ] [ SQL ] SHOW COLUMNS FROM `user` [ RunTime:0.006003s ]
[ sql ] [ SQL ] SELECT `user` FROM `user` LIMIT 1 [ RunTime:0.087548s ]
[ sql ] [ SQL ] SHOW COLUMNS FROM `seo` [ RunTime:0.128126s ]
[ sql ] [ SQL ] SELECT * FROM `seo` WHERE  `Id` = 1 ORDER BY `id` ASC [ RunTime:0.010385s ]
---------------------------------------------------------------
[ 2024-06-08T03:34:55+08:00 ] 139.59.244.169 GET aosuper.com//wp-includes/ID3/license.txt
[运行时间：0.195525s] [吞吐率：5.11req/s] [内存消耗：1,338.02kb] [文件加载：36]
[ info ] [ LANG ] /www/wwwroot/tb.youanfutang.cn/thinkphp/lang/zh-cn.php
[ info ] [ ROUTE ] array (
  'type' => 'module',
  'module' => 
  array (
    0 => 'wp-includes',
    1 => 'ID3',
    2 => 'license.txt',
  ),
)
[ info ] [ HEADER ] array (
  'accept' => 'text/html,application/xhtml+xml,application/xml;q=0.9,*/*;q=0.8',
  'accept-language' => 'en-US,en;q=0.5',
  'user-agent' => 'Mozilla/5.0 (Windows NT 10.0; Win64; x64) AppleWebKit/537.36 (KHTML, like Gecko) Chrome/95.0.4638.69 Safari/537.36',
  'connection' => 'keep-alive',
  'keep-alive' => '300',
  'host' => 'aosuper.com',
  'content-length' => '',
  'content-type' => '',
)
[ info ] [ PARAM ] array (
)
[ info ] [ LOG ] INIT File
---------------------------------------------------------------
[ 2024-06-08T03:34:55+08:00 ] 139.59.244.169 GET aosuper.com//feed/
[运行时间：0.015168s] [吞吐率：65.93req/s] [内存消耗：1,337.80kb] [文件加载：36]
[ info ] [ LANG ] /www/wwwroot/tb.youanfutang.cn/thinkphp/lang/zh-cn.php
[ info ] [ ROUTE ] array (
  'type' => 'module',
  'module' => 
  array (
    0 => 'feed',
    1 => NULL,
    2 => NULL,
  ),
)
[ info ] [ HEADER ] array (
  'accept' => 'text/html,application/xhtml+xml,application/xml;q=0.9,*/*;q=0.8',
  'accept-language' => 'en-US,en;q=0.5',
  'user-agent' => 'Mozilla/5.0 (Windows NT 10.0; Win64; x64) AppleWebKit/537.36 (KHTML, like Gecko) Chrome/95.0.4638.69 Safari/537.36',
  'connection' => 'keep-alive',
  'keep-alive' => '300',
  'host' => 'aosuper.com',
  'content-length' => '',
  'content-type' => '',
)
[ info ] [ PARAM ] array (
)
[ info ] [ LOG ] INIT File
---------------------------------------------------------------
[ 2024-06-08T03:34:56+08:00 ] 139.59.244.169 GET aosuper.com//blog/wp-includes/wlwmanifest.xml
[运行时间：0.014558s] [吞吐率：68.69req/s] [内存消耗：1,338.09kb] [文件加载：36]
[ info ] [ LANG ] /www/wwwroot/tb.youanfutang.cn/thinkphp/lang/zh-cn.php
[ info ] [ ROUTE ] array (
  'type' => 'module',
  'module' => 
  array (
    0 => 'blog',
    1 => 'wp-includes',
    2 => 'wlwmanifest.xml',
  ),
)
[ info ] [ HEADER ] array (
  'accept' => 'text/html,application/xhtml+xml,application/xml;q=0.9,*/*;q=0.8',
  'accept-language' => 'en-US,en;q=0.5',
  'user-agent' => 'Mozilla/5.0 (Windows NT 10.0; Win64; x64) AppleWebKit/537.36 (KHTML, like Gecko) Chrome/95.0.4638.69 Safari/537.36',
  'connection' => 'keep-alive',
  'keep-alive' => '300',
  'host' => 'aosuper.com',
  'content-length' => '',
  'content-type' => '',
)
[ info ] [ PARAM ] array (
)
[ info ] [ LOG ] INIT File
---------------------------------------------------------------
[ 2024-06-08T03:34:56+08:00 ] 139.59.244.169 GET aosuper.com//web/wp-includes/wlwmanifest.xml
[运行时间：0.015180s] [吞吐率：65.88req/s] [内存消耗：1,338.08kb] [文件加载：36]
[ info ] [ LANG ] /www/wwwroot/tb.youanfutang.cn/thinkphp/lang/zh-cn.php
[ info ] [ ROUTE ] array (
  'type' => 'module',
  'module' => 
  array (
    0 => 'web',
    1 => 'wp-includes',
    2 => 'wlwmanifest.xml',
  ),
)
[ info ] [ HEADER ] array (
  'accept' => 'text/html,application/xhtml+xml,application/xml;q=0.9,*/*;q=0.8',
  'accept-language' => 'en-US,en;q=0.5',
  'user-agent' => 'Mozilla/5.0 (Windows NT 10.0; Win64; x64) AppleWebKit/537.36 (KHTML, like Gecko) Chrome/95.0.4638.69 Safari/537.36',
  'connection' => 'keep-alive',
  'keep-alive' => '300',
  'host' => 'aosuper.com',
  'content-length' => '',
  'content-type' => '',
)
[ info ] [ PARAM ] array (
)
[ info ] [ LOG ] INIT File
---------------------------------------------------------------
[ 2024-06-08T03:34:56+08:00 ] 139.59.244.169 GET aosuper.com//wordpress/wp-includes/wlwmanifest.xml
[运行时间：0.014687s] [吞吐率：68.09req/s] [内存消耗：1,338.13kb] [文件加载：36]
[ info ] [ LANG ] /www/wwwroot/tb.youanfutang.cn/thinkphp/lang/zh-cn.php
[ info ] [ ROUTE ] array (
  'type' => 'module',
  'module' => 
  array (
    0 => 'wordpress',
    1 => 'wp-includes',
    2 => 'wlwmanifest.xml',
  ),
)
[ info ] [ HEADER ] array (
  'accept' => 'text/html,application/xhtml+xml,application/xml;q=0.9,*/*;q=0.8',
  'accept-language' => 'en-US,en;q=0.5',
  'user-agent' => 'Mozilla/5.0 (Windows NT 10.0; Win64; x64) AppleWebKit/537.36 (KHTML, like Gecko) Chrome/95.0.4638.69 Safari/537.36',
  'connection' => 'keep-alive',
  'keep-alive' => '300',
  'host' => 'aosuper.com',
  'content-length' => '',
  'content-type' => '',
)
[ info ] [ PARAM ] array (
)
[ info ] [ LOG ] INIT File
---------------------------------------------------------------
[ 2024-06-08T03:34:56+08:00 ] 139.59.244.169 GET aosuper.com//wp/wp-includes/wlwmanifest.xml
[运行时间：0.014688s] [吞吐率：68.08req/s] [内存消耗：1,338.08kb] [文件加载：36]
[ info ] [ LANG ] /www/wwwroot/tb.youanfutang.cn/thinkphp/lang/zh-cn.php
[ info ] [ ROUTE ] array (
  'type' => 'module',
  'module' => 
  array (
    0 => 'wp',
    1 => 'wp-includes',
    2 => 'wlwmanifest.xml',
  ),
)
[ info ] [ HEADER ] array (
  'accept' => 'text/html,application/xhtml+xml,application/xml;q=0.9,*/*;q=0.8',
  'accept-language' => 'en-US,en;q=0.5',
  'user-agent' => 'Mozilla/5.0 (Windows NT 10.0; Win64; x64) AppleWebKit/537.36 (KHTML, like Gecko) Chrome/95.0.4638.69 Safari/537.36',
  'connection' => 'keep-alive',
  'keep-alive' => '300',
  'host' => 'aosuper.com',
  'content-length' => '',
  'content-type' => '',
)
[ info ] [ PARAM ] array (
)
[ info ] [ LOG ] INIT File
---------------------------------------------------------------
[ 2024-06-08T03:34:56+08:00 ] 139.59.244.169 GET aosuper.com//2020/wp-includes/wlwmanifest.xml
[运行时间：0.016003s] [吞吐率：62.49req/s] [内存消耗：1,338.09kb] [文件加载：36]
[ info ] [ LANG ] /www/wwwroot/tb.youanfutang.cn/thinkphp/lang/zh-cn.php
[ info ] [ ROUTE ] array (
  'type' => 'module',
  'module' => 
  array (
    0 => '2020',
    1 => 'wp-includes',
    2 => 'wlwmanifest.xml',
  ),
)
[ info ] [ HEADER ] array (
  'accept' => 'text/html,application/xhtml+xml,application/xml;q=0.9,*/*;q=0.8',
  'accept-language' => 'en-US,en;q=0.5',
  'user-agent' => 'Mozilla/5.0 (Windows NT 10.0; Win64; x64) AppleWebKit/537.36 (KHTML, like Gecko) Chrome/95.0.4638.69 Safari/537.36',
  'connection' => 'keep-alive',
  'keep-alive' => '300',
  'host' => 'aosuper.com',
  'content-length' => '',
  'content-type' => '',
)
[ info ] [ PARAM ] array (
)
[ info ] [ LOG ] INIT File
---------------------------------------------------------------
[ 2024-06-08T03:34:56+08:00 ] 139.59.244.169 GET aosuper.com//2019/wp-includes/wlwmanifest.xml
[运行时间：0.014753s] [吞吐率：67.78req/s] [内存消耗：1,338.09kb] [文件加载：36]
[ info ] [ LANG ] /www/wwwroot/tb.youanfutang.cn/thinkphp/lang/zh-cn.php
[ info ] [ ROUTE ] array (
  'type' => 'module',
  'module' => 
  array (
    0 => '2019',
    1 => 'wp-includes',
    2 => 'wlwmanifest.xml',
  ),
)
[ info ] [ HEADER ] array (
  'accept' => 'text/html,application/xhtml+xml,application/xml;q=0.9,*/*;q=0.8',
  'accept-language' => 'en-US,en;q=0.5',
  'user-agent' => 'Mozilla/5.0 (Windows NT 10.0; Win64; x64) AppleWebKit/537.36 (KHTML, like Gecko) Chrome/95.0.4638.69 Safari/537.36',
  'connection' => 'keep-alive',
  'keep-alive' => '300',
  'host' => 'aosuper.com',
  'content-length' => '',
  'content-type' => '',
)
[ info ] [ PARAM ] array (
)
[ info ] [ LOG ] INIT File
---------------------------------------------------------------
[ 2024-06-08T03:34:56+08:00 ] 139.59.244.169 GET aosuper.com//2021/wp-includes/wlwmanifest.xml
[运行时间：0.015241s] [吞吐率：65.61req/s] [内存消耗：1,338.09kb] [文件加载：36]
[ info ] [ LANG ] /www/wwwroot/tb.youanfutang.cn/thinkphp/lang/zh-cn.php
[ info ] [ ROUTE ] array (
  'type' => 'module',
  'module' => 
  array (
    0 => '2021',
    1 => 'wp-includes',
    2 => 'wlwmanifest.xml',
  ),
)
[ info ] [ HEADER ] array (
  'accept' => 'text/html,application/xhtml+xml,application/xml;q=0.9,*/*;q=0.8',
  'accept-language' => 'en-US,en;q=0.5',
  'user-agent' => 'Mozilla/5.0 (Windows NT 10.0; Win64; x64) AppleWebKit/537.36 (KHTML, like Gecko) Chrome/95.0.4638.69 Safari/537.36',
  'connection' => 'keep-alive',
  'keep-alive' => '300',
  'host' => 'aosuper.com',
  'content-length' => '',
  'content-type' => '',
)
[ info ] [ PARAM ] array (
)
[ info ] [ LOG ] INIT File
---------------------------------------------------------------
[ 2024-06-08T03:34:56+08:00 ] 139.59.244.169 GET aosuper.com//shop/wp-includes/wlwmanifest.xml
[运行时间：0.014701s] [吞吐率：68.02req/s] [内存消耗：1,338.09kb] [文件加载：36]
[ info ] [ LANG ] /www/wwwroot/tb.youanfutang.cn/thinkphp/lang/zh-cn.php
[ info ] [ ROUTE ] array (
  'type' => 'module',
  'module' => 
  array (
    0 => 'shop',
    1 => 'wp-includes',
    2 => 'wlwmanifest.xml',
  ),
)
[ info ] [ HEADER ] array (
  'accept' => 'text/html,application/xhtml+xml,application/xml;q=0.9,*/*;q=0.8',
  'accept-language' => 'en-US,en;q=0.5',
  'user-agent' => 'Mozilla/5.0 (Windows NT 10.0; Win64; x64) AppleWebKit/537.36 (KHTML, like Gecko) Chrome/95.0.4638.69 Safari/537.36',
  'connection' => 'keep-alive',
  'keep-alive' => '300',
  'host' => 'aosuper.com',
  'content-length' => '',
  'content-type' => '',
)
[ info ] [ PARAM ] array (
)
[ info ] [ LOG ] INIT File
---------------------------------------------------------------
[ 2024-06-08T03:34:56+08:00 ] 139.59.244.169 GET aosuper.com//wp1/wp-includes/wlwmanifest.xml
[运行时间：0.014629s] [吞吐率：68.36req/s] [内存消耗：1,338.08kb] [文件加载：36]
[ info ] [ LANG ] /www/wwwroot/tb.youanfutang.cn/thinkphp/lang/zh-cn.php
[ info ] [ ROUTE ] array (
  'type' => 'module',
  'module' => 
  array (
    0 => 'wp1',
    1 => 'wp-includes',
    2 => 'wlwmanifest.xml',
  ),
)
[ info ] [ HEADER ] array (
  'accept' => 'text/html,application/xhtml+xml,application/xml;q=0.9,*/*;q=0.8',
  'accept-language' => 'en-US,en;q=0.5',
  'user-agent' => 'Mozilla/5.0 (Windows NT 10.0; Win64; x64) AppleWebKit/537.36 (KHTML, like Gecko) Chrome/95.0.4638.69 Safari/537.36',
  'connection' => 'keep-alive',
  'keep-alive' => '300',
  'host' => 'aosuper.com',
  'content-length' => '',
  'content-type' => '',
)
[ info ] [ PARAM ] array (
)
[ info ] [ LOG ] INIT File
---------------------------------------------------------------
[ 2024-06-08T03:34:56+08:00 ] 139.59.244.169 GET aosuper.com//test/wp-includes/wlwmanifest.xml
[运行时间：0.015208s] [吞吐率：65.75req/s] [内存消耗：1,338.09kb] [文件加载：36]
[ info ] [ LANG ] /www/wwwroot/tb.youanfutang.cn/thinkphp/lang/zh-cn.php
[ info ] [ ROUTE ] array (
  'type' => 'module',
  'module' => 
  array (
    0 => 'test',
    1 => 'wp-includes',
    2 => 'wlwmanifest.xml',
  ),
)
[ info ] [ HEADER ] array (
  'accept' => 'text/html,application/xhtml+xml,application/xml;q=0.9,*/*;q=0.8',
  'accept-language' => 'en-US,en;q=0.5',
  'user-agent' => 'Mozilla/5.0 (Windows NT 10.0; Win64; x64) AppleWebKit/537.36 (KHTML, like Gecko) Chrome/95.0.4638.69 Safari/537.36',
  'connection' => 'keep-alive',
  'keep-alive' => '300',
  'host' => 'aosuper.com',
  'content-length' => '',
  'content-type' => '',
)
[ info ] [ PARAM ] array (
)
[ info ] [ LOG ] INIT File
---------------------------------------------------------------
[ 2024-06-08T03:34:56+08:00 ] 139.59.244.169 GET aosuper.com//site/wp-includes/wlwmanifest.xml
[运行时间：0.015850s] [吞吐率：63.09req/s] [内存消耗：1,338.09kb] [文件加载：36]
[ info ] [ LANG ] /www/wwwroot/tb.youanfutang.cn/thinkphp/lang/zh-cn.php
[ info ] [ ROUTE ] array (
  'type' => 'module',
  'module' => 
  array (
    0 => 'site',
    1 => 'wp-includes',
    2 => 'wlwmanifest.xml',
  ),
)
[ info ] [ HEADER ] array (
  'accept' => 'text/html,application/xhtml+xml,application/xml;q=0.9,*/*;q=0.8',
  'accept-language' => 'en-US,en;q=0.5',
  'user-agent' => 'Mozilla/5.0 (Windows NT 10.0; Win64; x64) AppleWebKit/537.36 (KHTML, like Gecko) Chrome/95.0.4638.69 Safari/537.36',
  'connection' => 'keep-alive',
  'keep-alive' => '300',
  'host' => 'aosuper.com',
  'content-length' => '',
  'content-type' => '',
)
[ info ] [ PARAM ] array (
)
[ info ] [ LOG ] INIT File
---------------------------------------------------------------
[ 2024-06-08T03:34:56+08:00 ] 139.59.244.169 GET aosuper.com//cms/wp-includes/wlwmanifest.xml
[运行时间：0.017094s] [吞吐率：58.50req/s] [内存消耗：1,338.08kb] [文件加载：36]
[ info ] [ LANG ] /www/wwwroot/tb.youanfutang.cn/thinkphp/lang/zh-cn.php
[ info ] [ ROUTE ] array (
  'type' => 'module',
  'module' => 
  array (
    0 => 'cms',
    1 => 'wp-includes',
    2 => 'wlwmanifest.xml',
  ),
)
[ info ] [ HEADER ] array (
  'accept' => 'text/html,application/xhtml+xml,application/xml;q=0.9,*/*;q=0.8',
  'accept-language' => 'en-US,en;q=0.5',
  'user-agent' => 'Mozilla/5.0 (Windows NT 10.0; Win64; x64) AppleWebKit/537.36 (KHTML, like Gecko) Chrome/95.0.4638.69 Safari/537.36',
  'connection' => 'keep-alive',
  'keep-alive' => '300',
  'host' => 'aosuper.com',
  'content-length' => '',
  'content-type' => '',
)
[ info ] [ PARAM ] array (
)
[ info ] [ LOG ] INIT File
---------------------------------------------------------------
[ 2024-06-08T05:52:33+08:00 ] 198.235.24.52 GET www.aosuper.com/
[运行时间：1.017983s] [吞吐率：0.98req/s] [内存消耗：2,943.23kb] [文件加载：55]
[ info ] [ LANG ] /www/wwwroot/tb.youanfutang.cn/thinkphp/lang/zh-cn.php
[ info ] [ ROUTE ] array (
  'type' => 'module',
  'module' => 
  array (
    0 => '',
    1 => NULL,
    2 => NULL,
  ),
)
[ info ] [ HEADER ] array (
  'referer' => 'http://154.85.54.177:80/',
  'host' => 'www.aosuper.com',
  'content-length' => '',
  'content-type' => '',
)
[ info ] [ PARAM ] array (
)
[ info ] [ DB ] INIT mysql
[ info ] [ RUN ] app\index\controller\Index->index[ /www/wwwroot/tb.youanfutang.cn/application/index/controller/Index.php ]
[ info ] [ VIEW ] /www/wwwroot/tb.youanfutang.cn/public/../application/index/view/index/login1.html [ array (
  0 => 'iflogin',
) ]
[ info ] [ LOG ] INIT File
[ sql ] [ DB ] CONNECT:[ UseTime:0.000703s ] mysql:host=127.0.0.1;dbname=tb_youanfutang_c;charset=utf8
[ sql ] [ SQL ] SHOW COLUMNS FROM `webdata` [ RunTime:0.063693s ]
[ sql ] [ SQL ] SELECT * FROM `webdata` WHERE  `viewip` = '198.235.24.52' ORDER BY `Id` DESC LIMIT 1 [ RunTime:0.047585s ]
[ sql ] [ SQL ] SELECT * FROM `webdata` WHERE  `viewtime` = '2024-06' ORDER BY `Id` DESC LIMIT 1 [ RunTime:0.000542s ]
[ sql ] [ SQL ] SELECT * FROM `webdata` WHERE  `viewip` = '198.235.24.52' [ RunTime:0.044472s ]
[ sql ] [ SQL ] INSERT INTO `webdata` (`viewip` , `webpv` , `viewtime` , `operation` , `opertime` , `ipnum` , `ipvip`) VALUES ('198.235.24.52' , 2 , '2024-06' , '访客-浏览网页' , '2024-06-08 05:52:33' , 3 , '普通网友') [ RunTime:0.000470s ]
[ sql ] [ SQL ] SELECT * FROM `webdata` WHERE  `webip` = '198.235.24.52'  AND `ucookie` IS NULL [ RunTime:0.005947s ]
---------------------------------------------------------------
[ 2024-06-08T06:42:42+08:00 ] 43.128.100.206 GET aosuper.com/
[运行时间：0.048504s] [吞吐率：20.62req/s] [内存消耗：2,949.94kb] [文件加载：55]
[ info ] [ LANG ] /www/wwwroot/tb.youanfutang.cn/thinkphp/lang/zh-cn.php
[ info ] [ ROUTE ] array (
  'type' => 'module',
  'module' => 
  array (
    0 => '',
    1 => NULL,
    2 => NULL,
  ),
)
[ info ] [ HEADER ] array (
  'upgrade-insecure-requests' => '1',
  'referer' => 'http://aosuper.com',
  'pragma' => 'no-cache',
  'connection' => 'close',
  'cache-control' => 'no-cache',
  'accept-language' => 'zh-CN,zh;q=0.9,en-US;q=0.8,en;q=0.7',
  'accept-encoding' => 'gzip',
  'accept' => 'text/html,application/xhtml+xml,application/xml;q=0.9,image/avif,image/webp,image/apng,*/*;q=0.8,application/signed-exchange;v=b3;q=0.7',
  'user-agent' => 'Mozilla/5.0 (iPhone; CPU iPhone OS 13_2_3 like Mac OS X) AppleWebKit/605.1.15 (KHTML, like Gecko) Version/13.0.3 Mobile/15E148 Safari/604.1',
  'host' => 'aosuper.com',
  'content-length' => '',
  'content-type' => '',
)
[ info ] [ PARAM ] array (
)
[ info ] [ DB ] INIT mysql
[ info ] [ RUN ] app\index\controller\Index->index[ /www/wwwroot/tb.youanfutang.cn/application/index/controller/Index.php ]
[ info ] [ VIEW ] /www/wwwroot/tb.youanfutang.cn/public/../application/index/view/index/login1.html [ array (
  0 => 'iflogin',
) ]
[ info ] [ LOG ] INIT File
[ sql ] [ DB ] CONNECT:[ UseTime:0.000988s ] mysql:host=127.0.0.1;dbname=tb_youanfutang_c;charset=utf8
[ sql ] [ SQL ] SHOW COLUMNS FROM `webdata` [ RunTime:0.002848s ]
[ sql ] [ SQL ] SELECT * FROM `webdata` WHERE  `viewip` = '43.128.100.206' ORDER BY `Id` DESC LIMIT 1 [ RunTime:0.001929s ]
[ sql ] [ SQL ] SELECT * FROM `webdata` WHERE  `viewtime` = '2024-06' ORDER BY `Id` DESC LIMIT 1 [ RunTime:0.000310s ]
[ sql ] [ SQL ] SELECT * FROM `webdata` WHERE  `viewip` = '43.128.100.206' [ RunTime:0.006322s ]
[ sql ] [ SQL ] INSERT INTO `webdata` (`viewip` , `webpv` , `viewtime` , `operation` , `opertime` , `ipnum` , `ipvip`) VALUES ('43.128.100.206' , 3 , '2024-06' , '访客-浏览网页' , '2024-06-08 06:42:42' , 4 , '普通网友') [ RunTime:0.000542s ]
[ sql ] [ SQL ] SELECT * FROM `webdata` WHERE  `webip` = '43.128.100.206'  AND `ucookie` IS NULL [ RunTime:0.005889s ]
---------------------------------------------------------------
[ 2024-06-08T09:16:05+08:00 ] 205.210.31.23 GET www.aosuper.com/
[运行时间：0.166167s] [吞吐率：6.02req/s] [内存消耗：2,942.95kb] [文件加载：55]
[ info ] [ LANG ] /www/wwwroot/tb.youanfutang.cn/thinkphp/lang/zh-cn.php
[ info ] [ ROUTE ] array (
  'type' => 'module',
  'module' => 
  array (
    0 => '',
    1 => NULL,
    2 => NULL,
  ),
)
[ info ] [ HEADER ] array (
  'host' => 'www.aosuper.com',
  'content-length' => '',
  'content-type' => '',
)
[ info ] [ PARAM ] array (
)
[ info ] [ DB ] INIT mysql
[ info ] [ RUN ] app\index\controller\Index->index[ /www/wwwroot/tb.youanfutang.cn/application/index/controller/Index.php ]
[ info ] [ VIEW ] /www/wwwroot/tb.youanfutang.cn/public/../application/index/view/index/login1.html [ array (
  0 => 'iflogin',
) ]
[ info ] [ LOG ] INIT File
[ sql ] [ DB ] CONNECT:[ UseTime:0.000726s ] mysql:host=127.0.0.1;dbname=tb_youanfutang_c;charset=utf8
[ sql ] [ SQL ] SHOW COLUMNS FROM `webdata` [ RunTime:0.003143s ]
[ sql ] [ SQL ] SELECT * FROM `webdata` WHERE  `viewip` = '205.210.31.23' ORDER BY `Id` DESC LIMIT 1 [ RunTime:0.085332s ]
[ sql ] [ SQL ] SELECT * FROM `webdata` WHERE  `viewtime` = '2024-06' ORDER BY `Id` DESC LIMIT 1 [ RunTime:0.000532s ]
[ sql ] [ SQL ] SELECT * FROM `webdata` WHERE  `viewip` = '205.210.31.23' [ RunTime:0.006284s ]
[ sql ] [ SQL ] INSERT INTO `webdata` (`viewip` , `webpv` , `viewtime` , `operation` , `opertime` , `ipnum` , `ipvip`) VALUES ('205.210.31.23' , 1 , '2024-06' , '访客-浏览网页' , '2024-06-08 09:16:05' , 1 , '普通网友') [ RunTime:0.000462s ]
[ sql ] [ SQL ] SELECT * FROM `webdata` WHERE  `webip` = '205.210.31.23'  AND `ucookie` IS NULL [ RunTime:0.005987s ]
---------------------------------------------------------------
[ 2024-06-08T11:01:17+08:00 ] 136.0.74.137 GET aosuper.com/
[运行时间：4.257563s] [吞吐率：0.23req/s] [内存消耗：2,948.18kb] [文件加载：55]
[ info ] [ LANG ] /www/wwwroot/tb.youanfutang.cn/thinkphp/lang/zh-cn.php
[ info ] [ ROUTE ] array (
  'type' => 'module',
  'module' => 
  array (
    0 => '',
    1 => NULL,
    2 => NULL,
  ),
)
[ info ] [ HEADER ] array (
  'accept-encoding' => 'gzip, deflate, br',
  'sec-fetch-dest' => 'document',
  'sec-fetch-user' => '?1',
  'sec-fetch-mode' => 'navigate',
  'sec-fetch-site' => 'none',
  'accept' => 'text/html,application/xhtml+xml,application/xml;q=0.9,image/avif,image/webp,image/apng,*/*;q=0.8,application/signed-exchange;v=b3;q=0.7',
  'user-agent' => 'Mozilla/5.0 (X11; Linux x86_64) AppleWebKit/537.36 (KHTML, like Gecko) Chrome/104.0.5112.79 Safari/537.36',
  'upgrade-insecure-requests' => '1',
  'host' => 'aosuper.com',
  'content-length' => '',
  'content-type' => '',
)
[ info ] [ PARAM ] array (
)
[ info ] [ DB ] INIT mysql
[ info ] [ RUN ] app\index\controller\Index->index[ /www/wwwroot/tb.youanfutang.cn/application/index/controller/Index.php ]
[ info ] [ VIEW ] /www/wwwroot/tb.youanfutang.cn/public/../application/index/view/index/login1.html [ array (
  0 => 'iflogin',
) ]
[ info ] [ LOG ] INIT File
[ sql ] [ DB ] CONNECT:[ UseTime:0.000781s ] mysql:host=127.0.0.1;dbname=tb_youanfutang_c;charset=utf8
[ sql ] [ SQL ] SHOW COLUMNS FROM `webdata` [ RunTime:0.037197s ]
[ sql ] [ SQL ] SELECT * FROM `webdata` WHERE  `viewip` = '136.0.74.137' ORDER BY `Id` DESC LIMIT 1 [ RunTime:3.158587s ]
[ sql ] [ SQL ] SELECT * FROM `webdata` WHERE  `viewtime` = '2024-06' ORDER BY `Id` DESC LIMIT 1 [ RunTime:0.450406s ]
[ sql ] [ SQL ] SELECT * FROM `webdata` WHERE  `viewip` = '136.0.74.137' [ RunTime:0.006711s ]
[ sql ] [ SQL ] INSERT INTO `webdata` (`viewip` , `webpv` , `viewtime` , `operation` , `opertime` , `ipnum` , `ipvip`) VALUES ('136.0.74.137' , 1 , '2024-06' , '访客-浏览网页' , '2024-06-08 11:01:14' , 1 , '普通网友') [ RunTime:0.000555s ]
[ sql ] [ SQL ] SELECT * FROM `webdata` WHERE  `webip` = '136.0.74.137'  AND `ucookie` IS NULL [ RunTime:0.006238s ]
---------------------------------------------------------------
[ 2024-06-08T11:01:19+08:00 ] 136.0.74.137 GET aosuper.com/login.php/index/captcha
[运行时间：0.194481s] [吞吐率：5.14req/s] [内存消耗：10,868.06kb] [文件加载：50]
[ info ] [ LANG ] /www/wwwroot/tb.youanfutang.cn/thinkphp/lang/zh-cn.php
[ info ] [ BIND ] 'admin'
[ info ] [ ROUTE ] array (
  'type' => 'module',
  'module' => 
  array (
    0 => 'admin',
    1 => 'index',
    2 => 'captcha',
  ),
)
[ info ] [ HEADER ] array (
  'accept-encoding' => 'gzip, deflate, br',
  'referer' => 'https://aosuper.com/',
  'sec-fetch-dest' => 'image',
  'sec-fetch-mode' => 'no-cors',
  'sec-fetch-site' => 'same-origin',
  'accept' => 'image/avif,image/webp,image/apng,image/svg+xml,image/*,*/*;q=0.8',
  'user-agent' => 'Mozilla/5.0 (X11; Linux x86_64) AppleWebKit/537.36 (KHTML, like Gecko) Chrome/104.0.5112.79 Safari/537.36',
  'host' => 'aosuper.com',
  'content-length' => '',
  'content-type' => '',
)
[ info ] [ PARAM ] array (
)
[ info ] [ DB ] INIT mysql
[ info ] [ RUN ] app\admin\controller\Index->captcha[ /www/wwwroot/tb.youanfutang.cn/application/admin/controller/Index.php ]
[ info ] [ SESSION ] INIT array (
  'id' => '',
  'var_session_id' => '',
  'prefix' => 'think',
  'type' => '',
  'auto_start' => true,
)
[ info ] [ LOG ] INIT File
[ sql ] [ DB ] CONNECT:[ UseTime:0.000715s ] mysql:host=127.0.0.1;dbname=tb_youanfutang_c;charset=utf8
[ sql ] [ SQL ] SHOW COLUMNS FROM `webdata` [ RunTime:0.002859s ]
[ sql ] [ SQL ] SELECT * FROM `webdata` WHERE  `ucookie` IS NULL [ RunTime:0.017984s ]
---------------------------------------------------------------
[ 2024-06-08T19:02:42+08:00 ] 198.235.24.86 GET www.aosuper.com/
[运行时间：2.470538s] [吞吐率：0.40req/s] [内存消耗：2,944.77kb] [文件加载：55]
[ info ] [ LANG ] /www/wwwroot/tb.youanfutang.cn/thinkphp/lang/zh-cn.php
[ info ] [ ROUTE ] array (
  'type' => 'module',
  'module' => 
  array (
    0 => '',
    1 => NULL,
    2 => NULL,
  ),
)
[ info ] [ HEADER ] array (
  'user-agent' => 'Expanse, a Palo Alto Networks company, searches across the global IPv4 space multiple times per day to identify customers&#39; presences on the Internet. If you would like to be excluded from our scans, please send IP addresses/domains to: scaninfo@paloaltonetworks.com',
  'host' => 'www.aosuper.com',
  'content-length' => '',
  'content-type' => '',
)
[ info ] [ PARAM ] array (
)
[ info ] [ DB ] INIT mysql
[ info ] [ RUN ] app\index\controller\Index->index[ /www/wwwroot/tb.youanfutang.cn/application/index/controller/Index.php ]
[ info ] [ VIEW ] /www/wwwroot/tb.youanfutang.cn/public/../application/index/view/index/login1.html [ array (
  0 => 'iflogin',
) ]
[ info ] [ LOG ] INIT File
[ sql ] [ DB ] CONNECT:[ UseTime:0.010010s ] mysql:host=127.0.0.1;dbname=tb_youanfutang_c;charset=utf8
[ sql ] [ SQL ] SHOW COLUMNS FROM `webdata` [ RunTime:0.022259s ]
[ sql ] [ SQL ] SELECT * FROM `webdata` WHERE  `viewip` = '198.235.24.86' ORDER BY `Id` DESC LIMIT 1 [ RunTime:1.308749s ]
[ sql ] [ SQL ] SELECT * FROM `webdata` WHERE  `viewtime` = '2024-06' ORDER BY `Id` DESC LIMIT 1 [ RunTime:0.000606s ]
[ sql ] [ SQL ] SELECT * FROM `webdata` WHERE  `viewip` = '198.235.24.86' [ RunTime:0.006718s ]
[ sql ] [ SQL ] INSERT INTO `webdata` (`viewip` , `webpv` , `viewtime` , `operation` , `opertime` , `ipnum` , `ipvip`) VALUES ('198.235.24.86' , 1 , '2024-06' , '访客-浏览网页' , '2024-06-08 19:02:41' , 1 , '普通网友') [ RunTime:0.000550s ]
[ sql ] [ SQL ] SELECT * FROM `webdata` WHERE  `webip` = '198.235.24.86'  AND `ucookie` IS NULL [ RunTime:0.006029s ]
---------------------------------------------------------------
[ 2024-06-08T20:24:36+08:00 ] 44.205.22.245 GET www.aosuper.com./
[运行时间：2.080411s] [吞吐率：0.48req/s] [内存消耗：2,944.07kb] [文件加载：55]
[ info ] [ LANG ] /www/wwwroot/tb.youanfutang.cn/thinkphp/lang/zh-cn.php
[ info ] [ ROUTE ] array (
  'type' => 'module',
  'module' => 
  array (
    0 => '',
    1 => NULL,
    2 => NULL,
  ),
)
[ info ] [ HEADER ] array (
  'accept' => '*/*',
  'user-agent' => 'Mozilla/5.0 \\(Windows NT 10.0\\; Win64\\; x64\\) AppleWebKit/537.36 \\(KHTML, like Gecko\\) Chrome/100.0.4896.60 Safari/537.36',
  'host' => 'www.aosuper.com.',
  'content-length' => '',
  'content-type' => '',
)
[ info ] [ PARAM ] array (
)
[ info ] [ DB ] INIT mysql
[ info ] [ RUN ] app\index\controller\Index->index[ /www/wwwroot/tb.youanfutang.cn/application/index/controller/Index.php ]
[ info ] [ VIEW ] /www/wwwroot/tb.youanfutang.cn/public/../application/index/view/index/login1.html [ array (
  0 => 'iflogin',
) ]
[ info ] [ LOG ] INIT File
[ sql ] [ DB ] CONNECT:[ UseTime:0.000670s ] mysql:host=127.0.0.1;dbname=tb_youanfutang_c;charset=utf8
[ sql ] [ SQL ] SHOW COLUMNS FROM `webdata` [ RunTime:0.002622s ]
[ sql ] [ SQL ] SELECT * FROM `webdata` WHERE  `viewip` = '44.205.22.245' ORDER BY `Id` DESC LIMIT 1 [ RunTime:1.194938s ]
[ sql ] [ SQL ] SELECT * FROM `webdata` WHERE  `viewtime` = '2024-06' ORDER BY `Id` DESC LIMIT 1 [ RunTime:0.000510s ]
[ sql ] [ SQL ] SELECT * FROM `webdata` WHERE  `viewip` = '44.205.22.245' [ RunTime:0.006544s ]
[ sql ] [ SQL ] INSERT INTO `webdata` (`viewip` , `webpv` , `viewtime` , `operation` , `opertime` , `ipnum` , `ipvip`) VALUES ('44.205.22.245' , 1 , '2024-06' , '访客-浏览网页' , '2024-06-08 20:24:34' , 1 , '普通网友') [ RunTime:0.158268s ]
[ sql ] [ SQL ] SELECT * FROM `webdata` WHERE  `webip` = '44.205.22.245'  AND `ucookie` IS NULL [ RunTime:0.006259s ]
---------------------------------------------------------------
[ 2024-06-08T20:25:03+08:00 ] 44.205.22.245 GET aosuper.com/
[运行时间：0.039243s] [吞吐率：25.48req/s] [内存消耗：2,941.91kb] [文件加载：55]
[ info ] [ LANG ] /www/wwwroot/tb.youanfutang.cn/thinkphp/lang/zh-cn.php
[ info ] [ ROUTE ] array (
  'type' => 'module',
  'module' => 
  array (
    0 => '',
    1 => NULL,
    2 => NULL,
  ),
)
[ info ] [ HEADER ] array (
  'accept' => '*/*',
  'user-agent' => 'Mozilla/5.0 \\(Windows NT 10.0\\; Win64\\; x64\\) AppleWebKit/537.36 \\(KHTML, like Gecko\\) Chrome/100.0.4896.60 Safari/537.36',
  'host' => 'aosuper.com',
  'content-length' => '',
  'content-type' => '',
)
[ info ] [ PARAM ] array (
)
[ info ] [ DB ] INIT mysql
[ info ] [ RUN ] app\index\controller\Index->index[ /www/wwwroot/tb.youanfutang.cn/application/index/controller/Index.php ]
[ info ] [ VIEW ] /www/wwwroot/tb.youanfutang.cn/public/../application/index/view/index/login1.html [ array (
  0 => 'iflogin',
) ]
[ info ] [ LOG ] INIT File
[ sql ] [ DB ] CONNECT:[ UseTime:0.000701s ] mysql:host=127.0.0.1;dbname=tb_youanfutang_c;charset=utf8
[ sql ] [ SQL ] SHOW COLUMNS FROM `webdata` [ RunTime:0.002836s ]
[ sql ] [ SQL ] SELECT * FROM `webdata` WHERE  `viewip` = '44.205.22.245' ORDER BY `Id` DESC LIMIT 1 [ RunTime:0.000416s ]
[ sql ] [ SQL ] SELECT * FROM `webdata` WHERE  `viewtime` = '2024-06' ORDER BY `Id` DESC LIMIT 1 [ RunTime:0.000277s ]
[ sql ] [ SQL ] SELECT * FROM `webdata` WHERE  `webip` = '44.205.22.245'  AND `ucookie` IS NULL [ RunTime:0.006379s ]
---------------------------------------------------------------
[ 2024-06-08T22:16:37+08:00 ] 114.96.103.33 GET www.aosuper.com/
[运行时间：0.409345s] [吞吐率：2.44req/s] [内存消耗：2,949.92kb] [文件加载：55]
[ info ] [ LANG ] /www/wwwroot/tb.youanfutang.cn/thinkphp/lang/zh-cn.php
[ info ] [ ROUTE ] array (
  'type' => 'module',
  'module' => 
  array (
    0 => '',
    1 => NULL,
    2 => NULL,
  ),
)
[ info ] [ HEADER ] array (
  'upgrade-insecure-requests' => '1',
  'referer' => 'http://www.aosuper.com',
  'pragma' => 'no-cache',
  'connection' => 'close',
  'cache-control' => 'no-cache',
  'accept-language' => 'zh-CN,zh;q=0.9,en-US;q=0.8,en;q=0.7',
  'accept-encoding' => 'gzip',
  'accept' => 'text/html,application/xhtml+xml,application/xml;q=0.9,image/avif,image/webp,image/apng,*/*;q=0.8,application/signed-exchange;v=b3;q=0.7',
  'user-agent' => 'Mozilla/5.0 (iPhone; CPU iPhone OS 13_2_3 like Mac OS X) AppleWebKit/605.1.15 (KHTML, like Gecko) Version/13.0.3 Mobile/15E148 Safari/604.1',
  'host' => 'www.aosuper.com',
  'content-length' => '',
  'content-type' => '',
)
[ info ] [ PARAM ] array (
)
[ info ] [ DB ] INIT mysql
[ info ] [ RUN ] app\index\controller\Index->index[ /www/wwwroot/tb.youanfutang.cn/application/index/controller/Index.php ]
[ info ] [ VIEW ] /www/wwwroot/tb.youanfutang.cn/public/../application/index/view/index/login1.html [ array (
  0 => 'iflogin',
) ]
[ info ] [ LOG ] INIT File
[ sql ] [ DB ] CONNECT:[ UseTime:0.000801s ] mysql:host=127.0.0.1;dbname=tb_youanfutang_c;charset=utf8
[ sql ] [ SQL ] SHOW COLUMNS FROM `webdata` [ RunTime:0.021444s ]
[ sql ] [ SQL ] SELECT * FROM `webdata` WHERE  `viewip` = '114.96.103.33' ORDER BY `Id` DESC LIMIT 1 [ RunTime:0.023402s ]
[ sql ] [ SQL ] SELECT * FROM `webdata` WHERE  `viewtime` = '2024-06' ORDER BY `Id` DESC LIMIT 1 [ RunTime:0.000542s ]
[ sql ] [ SQL ] SELECT * FROM `webdata` WHERE  `viewip` = '114.96.103.33' [ RunTime:0.006776s ]
[ sql ] [ SQL ] INSERT INTO `webdata` (`viewip` , `webpv` , `viewtime` , `operation` , `opertime` , `ipnum` , `ipvip`) VALUES ('114.96.103.33' , 2 , '2024-06' , '访客-浏览网页' , '2024-06-08 22:16:37' , 8 , '普通网友') [ RunTime:0.000490s ]
[ sql ] [ SQL ] SELECT * FROM `webdata` WHERE  `webip` = '114.96.103.33'  AND `ucookie` IS NULL [ RunTime:0.005912s ]
---------------------------------------------------------------
[ 2024-06-08T23:49:33+08:00 ] 194.55.186.41 GET aosuper.com/
[运行时间：0.217039s] [吞吐率：4.61req/s] [内存消耗：2,947.67kb] [文件加载：55]
[ info ] [ LANG ] /www/wwwroot/tb.youanfutang.cn/thinkphp/lang/zh-cn.php
[ info ] [ ROUTE ] array (
  'type' => 'module',
  'module' => 
  array (
    0 => '',
    1 => NULL,
    2 => NULL,
  ),
)
[ info ] [ HEADER ] array (
  'te' => 'Trailers',
  'cache-control' => 'max-age=0',
  'upgrade-insecure-requests' => '1',
  'accept-language' => 'en-US,en;q=0.5',
  'connection' => 'keep-alive',
  'accept' => 'text/html,application/xhtml+xml,application/xml;q=0.9,image/webp,*/*;q=0.8',
  'accept-encoding' => 'gzip, deflate',
  'user-agent' => 'Mozilla/5.0 (X11; Linux x86_64; rv:83.0) Gecko/20100101 Firefox/83.0',
  'host' => 'aosuper.com',
  'content-length' => '',
  'content-type' => '',
)
[ info ] [ PARAM ] array (
)
[ info ] [ DB ] INIT mysql
[ info ] [ RUN ] app\index\controller\Index->index[ /www/wwwroot/tb.youanfutang.cn/application/index/controller/Index.php ]
[ info ] [ VIEW ] /www/wwwroot/tb.youanfutang.cn/public/../application/index/view/index/login1.html [ array (
  0 => 'iflogin',
) ]
[ info ] [ LOG ] INIT File
[ sql ] [ DB ] CONNECT:[ UseTime:0.000757s ] mysql:host=127.0.0.1;dbname=tb_youanfutang_c;charset=utf8
[ sql ] [ SQL ] SHOW COLUMNS FROM `webdata` [ RunTime:0.020435s ]
[ sql ] [ SQL ] SELECT * FROM `webdata` WHERE  `viewip` = '194.55.186.41' ORDER BY `Id` DESC LIMIT 1 [ RunTime:0.082228s ]
[ sql ] [ SQL ] SELECT * FROM `webdata` WHERE  `viewtime` = '2024-06' ORDER BY `Id` DESC LIMIT 1 [ RunTime:0.000514s ]
[ sql ] [ SQL ] SELECT * FROM `webdata` WHERE  `viewip` = '194.55.186.41' [ RunTime:0.006493s ]
[ sql ] [ SQL ] INSERT INTO `webdata` (`viewip` , `webpv` , `viewtime` , `operation` , `opertime` , `ipnum` , `ipvip`) VALUES ('194.55.186.41' , 1 , '2024-06' , '访客-浏览网页' , '2024-06-08 23:49:33' , 1 , '普通网友') [ RunTime:0.000481s ]
[ sql ] [ SQL ] SELECT * FROM `webdata` WHERE  `webip` = '194.55.186.41'  AND `ucookie` IS NULL [ RunTime:0.006432s ]
