---------------------------------------------------------------
[ 2025-01-08T00:53:33+08:00 ] 106.119.167.146 GET atacabusca.shop/
[运行时间：0.030112s] [吞吐率：33.21req/s] [内存消耗：2,947.78kb] [文件加载：55]
[ info ] [ LANG ] /www/wwwroot/tb.youanfutang.cn/thinkphp/lang/zh-cn.php
[ info ] [ ROUTE ] array (
  'type' => 'module',
  'module' => 
  array (
    0 => '',
    1 => NULL,
    2 => NULL,
  ),
)
[ info ] [ HEADER ] array (
  'upgrade-insecure-requests' => '1',
  'referer' => 'http://atacabusca.shop',
  'pragma' => 'no-cache',
  'connection' => 'close',
  'cache-control' => 'no-cache',
  'accept-language' => 'zh-CN,zh;q=0.9,en-US;q=0.8,en;q=0.7',
  'accept-encoding' => 'gzip',
  'accept' => 'text/html,application/xhtml+xml,application/xml;q=0.9,image/avif,image/webp,image/apng,*/*;q=0.8,application/signed-exchange;v=b3;q=0.7',
  'user-agent' => 'Mozilla/5.0 (iPhone; CPU iPhone OS 13_2_3 like Mac OS X) AppleWebKit/605.1.15 (KHTML, like Gecko) Version/13.0.3 Mobile/15E148 Safari/604.1',
  'host' => 'atacabusca.shop',
  'content-length' => '',
  'content-type' => '',
)
[ info ] [ PARAM ] array (
)
[ info ] [ DB ] INIT mysql
[ info ] [ RUN ] app\index\controller\Index->index[ /www/wwwroot/tb.youanfutang.cn/application/index/controller/Index.php ]
[ info ] [ VIEW ] /www/wwwroot/tb.youanfutang.cn/public/../application/index/view/index/login1.html [ array (
  0 => 'iflogin',
) ]
[ info ] [ LOG ] INIT File
[ sql ] [ DB ] CONNECT:[ UseTime:0.000277s ] mysql:host=127.0.0.1;dbname=tb_youanfutang_c;charset=utf8
[ sql ] [ SQL ] SHOW COLUMNS FROM `webdata` [ RunTime:0.010194s ]
[ sql ] [ SQL ] SELECT * FROM `webdata` WHERE  `viewip` = '106.119.167.146' ORDER BY `Id` DESC LIMIT 1 [ RunTime:0.000241s ]
[ sql ] [ SQL ] SELECT * FROM `webdata` WHERE  `viewtime` = '2025-01' ORDER BY `Id` DESC LIMIT 1 [ RunTime:0.000157s ]
[ sql ] [ SQL ] SELECT * FROM `webdata` WHERE  `webip` = '106.119.167.146'  AND `ucookie` IS NULL [ RunTime:0.003206s ]
---------------------------------------------------------------
[ 2025-01-08T01:03:12+08:00 ] 34.76.254.81 GET atacabusca.shop/
[运行时间：0.094386s] [吞吐率：10.59req/s] [内存消耗：2,946.45kb] [文件加载：55]
[ info ] [ LANG ] /www/wwwroot/tb.youanfutang.cn/thinkphp/lang/zh-cn.php
[ info ] [ ROUTE ] array (
  'type' => 'module',
  'module' => 
  array (
    0 => '',
    1 => NULL,
    2 => NULL,
  ),
)
[ info ] [ HEADER ] array (
  'accept' => 'text/html,application/xhtml+xml,application/xml;q=0.9,*/*;q=0.8',
  'accept-language' => 'en-US,en;q=0.5',
  'user-agent' => 'Mozilla/5.0 (Windows NT 10.0; Win64; x64) AppleWebKit/537.36 (KHTML, like Gecko) Chrome/78.0.3904.108 Safari/537.36',
  'connection' => 'keep-alive',
  'keep-alive' => '300',
  'host' => 'atacabusca.shop',
  'content-length' => '',
  'content-type' => '',
)
[ info ] [ PARAM ] array (
)
[ info ] [ DB ] INIT mysql
[ info ] [ RUN ] app\index\controller\Index->index[ /www/wwwroot/tb.youanfutang.cn/application/index/controller/Index.php ]
[ info ] [ VIEW ] /www/wwwroot/tb.youanfutang.cn/public/../application/index/view/index/login1.html [ array (
  0 => 'iflogin',
) ]
[ info ] [ LOG ] INIT File
[ sql ] [ DB ] CONNECT:[ UseTime:0.000372s ] mysql:host=127.0.0.1;dbname=tb_youanfutang_c;charset=utf8
[ sql ] [ SQL ] SHOW COLUMNS FROM `webdata` [ RunTime:0.012694s ]
[ sql ] [ SQL ] SELECT * FROM `webdata` WHERE  `viewip` = '34.76.254.81' ORDER BY `Id` DESC LIMIT 1 [ RunTime:0.045729s ]
[ sql ] [ SQL ] SELECT * FROM `webdata` WHERE  `viewtime` = '2025-01' ORDER BY `Id` DESC LIMIT 1 [ RunTime:0.000226s ]
[ sql ] [ SQL ] SELECT * FROM `webdata` WHERE  `viewip` = '34.76.254.81' [ RunTime:0.005540s ]
[ sql ] [ SQL ] INSERT INTO `webdata` (`viewip` , `webpv` , `viewtime` , `operation` , `opertime` , `ipnum` , `ipvip`) VALUES ('34.76.254.81' , 1 , '2025-01' , '访客-浏览网页' , '2025-01-08 01:03:12' , 1 , '普通网友') [ RunTime:0.000301s ]
[ sql ] [ SQL ] SELECT * FROM `webdata` WHERE  `webip` = '34.76.254.81'  AND `ucookie` IS NULL [ RunTime:0.005300s ]
---------------------------------------------------------------
[ 2025-01-08T01:03:13+08:00 ] 34.76.254.81 GET atacabusca.shop//blog/wp-includes/wlwmanifest.xml
[运行时间：0.009259s] [吞吐率：108.00req/s] [内存消耗：1,338.15kb] [文件加载：36]
[ info ] [ LANG ] /www/wwwroot/tb.youanfutang.cn/thinkphp/lang/zh-cn.php
[ info ] [ ROUTE ] array (
  'type' => 'module',
  'module' => 
  array (
    0 => 'blog',
    1 => 'wp-includes',
    2 => 'wlwmanifest.xml',
  ),
)
[ info ] [ HEADER ] array (
  'accept' => 'text/html,application/xhtml+xml,application/xml;q=0.9,*/*;q=0.8',
  'accept-language' => 'en-US,en;q=0.5',
  'user-agent' => 'Mozilla/5.0 (Windows NT 10.0; Win64; x64) AppleWebKit/537.36 (KHTML, like Gecko) Chrome/78.0.3904.108 Safari/537.36',
  'connection' => 'keep-alive',
  'keep-alive' => '300',
  'host' => 'atacabusca.shop',
  'content-length' => '',
  'content-type' => '',
)
[ info ] [ PARAM ] array (
)
[ info ] [ LOG ] INIT File
---------------------------------------------------------------
[ 2025-01-08T01:03:13+08:00 ] 34.76.254.81 GET atacabusca.shop//web/wp-includes/wlwmanifest.xml
[运行时间：0.009355s] [吞吐率：106.90req/s] [内存消耗：1,338.14kb] [文件加载：36]
[ info ] [ LANG ] /www/wwwroot/tb.youanfutang.cn/thinkphp/lang/zh-cn.php
[ info ] [ ROUTE ] array (
  'type' => 'module',
  'module' => 
  array (
    0 => 'web',
    1 => 'wp-includes',
    2 => 'wlwmanifest.xml',
  ),
)
[ info ] [ HEADER ] array (
  'accept' => 'text/html,application/xhtml+xml,application/xml;q=0.9,*/*;q=0.8',
  'accept-language' => 'en-US,en;q=0.5',
  'user-agent' => 'Mozilla/5.0 (Windows NT 10.0; Win64; x64) AppleWebKit/537.36 (KHTML, like Gecko) Chrome/78.0.3904.108 Safari/537.36',
  'connection' => 'keep-alive',
  'keep-alive' => '300',
  'host' => 'atacabusca.shop',
  'content-length' => '',
  'content-type' => '',
)
[ info ] [ PARAM ] array (
)
[ info ] [ LOG ] INIT File
---------------------------------------------------------------
[ 2025-01-08T01:03:13+08:00 ] 34.76.254.81 GET atacabusca.shop//wordpress/wp-includes/wlwmanifest.xml
[运行时间：0.013499s] [吞吐率：74.08req/s] [内存消耗：1,338.19kb] [文件加载：36]
[ info ] [ LANG ] /www/wwwroot/tb.youanfutang.cn/thinkphp/lang/zh-cn.php
[ info ] [ ROUTE ] array (
  'type' => 'module',
  'module' => 
  array (
    0 => 'wordpress',
    1 => 'wp-includes',
    2 => 'wlwmanifest.xml',
  ),
)
[ info ] [ HEADER ] array (
  'accept' => 'text/html,application/xhtml+xml,application/xml;q=0.9,*/*;q=0.8',
  'accept-language' => 'en-US,en;q=0.5',
  'user-agent' => 'Mozilla/5.0 (Windows NT 10.0; Win64; x64) AppleWebKit/537.36 (KHTML, like Gecko) Chrome/78.0.3904.108 Safari/537.36',
  'connection' => 'keep-alive',
  'keep-alive' => '300',
  'host' => 'atacabusca.shop',
  'content-length' => '',
  'content-type' => '',
)
[ info ] [ PARAM ] array (
)
[ info ] [ LOG ] INIT File
---------------------------------------------------------------
[ 2025-01-08T01:03:13+08:00 ] 34.76.254.81 GET atacabusca.shop//website/wp-includes/wlwmanifest.xml
[运行时间：0.009244s] [吞吐率：108.18req/s] [内存消耗：1,338.15kb] [文件加载：36]
[ info ] [ LANG ] /www/wwwroot/tb.youanfutang.cn/thinkphp/lang/zh-cn.php
[ info ] [ ROUTE ] array (
  'type' => 'module',
  'module' => 
  array (
    0 => 'website',
    1 => 'wp-includes',
    2 => 'wlwmanifest.xml',
  ),
)
[ info ] [ HEADER ] array (
  'accept' => 'text/html,application/xhtml+xml,application/xml;q=0.9,*/*;q=0.8',
  'accept-language' => 'en-US,en;q=0.5',
  'user-agent' => 'Mozilla/5.0 (Windows NT 10.0; Win64; x64) AppleWebKit/537.36 (KHTML, like Gecko) Chrome/78.0.3904.108 Safari/537.36',
  'connection' => 'keep-alive',
  'keep-alive' => '300',
  'host' => 'atacabusca.shop',
  'content-length' => '',
  'content-type' => '',
)
[ info ] [ PARAM ] array (
)
[ info ] [ LOG ] INIT File
---------------------------------------------------------------
[ 2025-01-08T01:03:14+08:00 ] 34.76.254.81 GET atacabusca.shop//wp/wp-includes/wlwmanifest.xml
[运行时间：0.009218s] [吞吐率：108.48req/s] [内存消耗：1,338.14kb] [文件加载：36]
[ info ] [ LANG ] /www/wwwroot/tb.youanfutang.cn/thinkphp/lang/zh-cn.php
[ info ] [ ROUTE ] array (
  'type' => 'module',
  'module' => 
  array (
    0 => 'wp',
    1 => 'wp-includes',
    2 => 'wlwmanifest.xml',
  ),
)
[ info ] [ HEADER ] array (
  'accept' => 'text/html,application/xhtml+xml,application/xml;q=0.9,*/*;q=0.8',
  'accept-language' => 'en-US,en;q=0.5',
  'user-agent' => 'Mozilla/5.0 (Windows NT 10.0; Win64; x64) AppleWebKit/537.36 (KHTML, like Gecko) Chrome/78.0.3904.108 Safari/537.36',
  'connection' => 'keep-alive',
  'keep-alive' => '300',
  'host' => 'atacabusca.shop',
  'content-length' => '',
  'content-type' => '',
)
[ info ] [ PARAM ] array (
)
[ info ] [ LOG ] INIT File
---------------------------------------------------------------
[ 2025-01-08T01:03:14+08:00 ] 34.76.254.81 GET atacabusca.shop//news/wp-includes/wlwmanifest.xml
[运行时间：0.009332s] [吞吐率：107.16req/s] [内存消耗：1,338.15kb] [文件加载：36]
[ info ] [ LANG ] /www/wwwroot/tb.youanfutang.cn/thinkphp/lang/zh-cn.php
[ info ] [ ROUTE ] array (
  'type' => 'module',
  'module' => 
  array (
    0 => 'news',
    1 => 'wp-includes',
    2 => 'wlwmanifest.xml',
  ),
)
[ info ] [ HEADER ] array (
  'accept' => 'text/html,application/xhtml+xml,application/xml;q=0.9,*/*;q=0.8',
  'accept-language' => 'en-US,en;q=0.5',
  'user-agent' => 'Mozilla/5.0 (Windows NT 10.0; Win64; x64) AppleWebKit/537.36 (KHTML, like Gecko) Chrome/78.0.3904.108 Safari/537.36',
  'connection' => 'keep-alive',
  'keep-alive' => '300',
  'host' => 'atacabusca.shop',
  'content-length' => '',
  'content-type' => '',
)
[ info ] [ PARAM ] array (
)
[ info ] [ LOG ] INIT File
---------------------------------------------------------------
[ 2025-01-08T01:03:14+08:00 ] 34.76.254.81 GET atacabusca.shop//2018/wp-includes/wlwmanifest.xml
[运行时间：0.013532s] [吞吐率：73.90req/s] [内存消耗：1,338.15kb] [文件加载：36]
[ info ] [ LANG ] /www/wwwroot/tb.youanfutang.cn/thinkphp/lang/zh-cn.php
[ info ] [ ROUTE ] array (
  'type' => 'module',
  'module' => 
  array (
    0 => '2018',
    1 => 'wp-includes',
    2 => 'wlwmanifest.xml',
  ),
)
[ info ] [ HEADER ] array (
  'accept' => 'text/html,application/xhtml+xml,application/xml;q=0.9,*/*;q=0.8',
  'accept-language' => 'en-US,en;q=0.5',
  'user-agent' => 'Mozilla/5.0 (Windows NT 10.0; Win64; x64) AppleWebKit/537.36 (KHTML, like Gecko) Chrome/78.0.3904.108 Safari/537.36',
  'connection' => 'keep-alive',
  'keep-alive' => '300',
  'host' => 'atacabusca.shop',
  'content-length' => '',
  'content-type' => '',
)
[ info ] [ PARAM ] array (
)
[ info ] [ LOG ] INIT File
---------------------------------------------------------------
[ 2025-01-08T01:03:15+08:00 ] 34.76.254.81 GET atacabusca.shop//2019/wp-includes/wlwmanifest.xml
[运行时间：0.009284s] [吞吐率：107.71req/s] [内存消耗：1,338.15kb] [文件加载：36]
[ info ] [ LANG ] /www/wwwroot/tb.youanfutang.cn/thinkphp/lang/zh-cn.php
[ info ] [ ROUTE ] array (
  'type' => 'module',
  'module' => 
  array (
    0 => '2019',
    1 => 'wp-includes',
    2 => 'wlwmanifest.xml',
  ),
)
[ info ] [ HEADER ] array (
  'accept' => 'text/html,application/xhtml+xml,application/xml;q=0.9,*/*;q=0.8',
  'accept-language' => 'en-US,en;q=0.5',
  'user-agent' => 'Mozilla/5.0 (Windows NT 10.0; Win64; x64) AppleWebKit/537.36 (KHTML, like Gecko) Chrome/78.0.3904.108 Safari/537.36',
  'connection' => 'keep-alive',
  'keep-alive' => '300',
  'host' => 'atacabusca.shop',
  'content-length' => '',
  'content-type' => '',
)
[ info ] [ PARAM ] array (
)
[ info ] [ LOG ] INIT File
---------------------------------------------------------------
[ 2025-01-08T01:03:15+08:00 ] 34.76.254.81 GET atacabusca.shop//shop/wp-includes/wlwmanifest.xml
[运行时间：0.009202s] [吞吐率：108.67req/s] [内存消耗：1,338.15kb] [文件加载：36]
[ info ] [ LANG ] /www/wwwroot/tb.youanfutang.cn/thinkphp/lang/zh-cn.php
[ info ] [ ROUTE ] array (
  'type' => 'module',
  'module' => 
  array (
    0 => 'shop',
    1 => 'wp-includes',
    2 => 'wlwmanifest.xml',
  ),
)
[ info ] [ HEADER ] array (
  'accept' => 'text/html,application/xhtml+xml,application/xml;q=0.9,*/*;q=0.8',
  'accept-language' => 'en-US,en;q=0.5',
  'user-agent' => 'Mozilla/5.0 (Windows NT 10.0; Win64; x64) AppleWebKit/537.36 (KHTML, like Gecko) Chrome/78.0.3904.108 Safari/537.36',
  'connection' => 'keep-alive',
  'keep-alive' => '300',
  'host' => 'atacabusca.shop',
  'content-length' => '',
  'content-type' => '',
)
[ info ] [ PARAM ] array (
)
[ info ] [ LOG ] INIT File
---------------------------------------------------------------
[ 2025-01-08T01:03:15+08:00 ] 34.76.254.81 GET atacabusca.shop//wp1/wp-includes/wlwmanifest.xml
[运行时间：0.009304s] [吞吐率：107.48req/s] [内存消耗：1,338.14kb] [文件加载：36]
[ info ] [ LANG ] /www/wwwroot/tb.youanfutang.cn/thinkphp/lang/zh-cn.php
[ info ] [ ROUTE ] array (
  'type' => 'module',
  'module' => 
  array (
    0 => 'wp1',
    1 => 'wp-includes',
    2 => 'wlwmanifest.xml',
  ),
)
[ info ] [ HEADER ] array (
  'accept' => 'text/html,application/xhtml+xml,application/xml;q=0.9,*/*;q=0.8',
  'accept-language' => 'en-US,en;q=0.5',
  'user-agent' => 'Mozilla/5.0 (Windows NT 10.0; Win64; x64) AppleWebKit/537.36 (KHTML, like Gecko) Chrome/78.0.3904.108 Safari/537.36',
  'connection' => 'keep-alive',
  'keep-alive' => '300',
  'host' => 'atacabusca.shop',
  'content-length' => '',
  'content-type' => '',
)
[ info ] [ PARAM ] array (
)
[ info ] [ LOG ] INIT File
---------------------------------------------------------------
[ 2025-01-08T01:03:15+08:00 ] 34.76.254.81 GET atacabusca.shop//test/wp-includes/wlwmanifest.xml
[运行时间：0.013493s] [吞吐率：74.11req/s] [内存消耗：1,338.15kb] [文件加载：36]
[ info ] [ LANG ] /www/wwwroot/tb.youanfutang.cn/thinkphp/lang/zh-cn.php
[ info ] [ ROUTE ] array (
  'type' => 'module',
  'module' => 
  array (
    0 => 'test',
    1 => 'wp-includes',
    2 => 'wlwmanifest.xml',
  ),
)
[ info ] [ HEADER ] array (
  'accept' => 'text/html,application/xhtml+xml,application/xml;q=0.9,*/*;q=0.8',
  'accept-language' => 'en-US,en;q=0.5',
  'user-agent' => 'Mozilla/5.0 (Windows NT 10.0; Win64; x64) AppleWebKit/537.36 (KHTML, like Gecko) Chrome/78.0.3904.108 Safari/537.36',
  'connection' => 'keep-alive',
  'keep-alive' => '300',
  'host' => 'atacabusca.shop',
  'content-length' => '',
  'content-type' => '',
)
[ info ] [ PARAM ] array (
)
[ info ] [ LOG ] INIT File
---------------------------------------------------------------
[ 2025-01-08T01:03:16+08:00 ] 34.76.254.81 GET atacabusca.shop//media/wp-includes/wlwmanifest.xml
[运行时间：0.009220s] [吞吐率：108.46req/s] [内存消耗：1,338.15kb] [文件加载：36]
[ info ] [ LANG ] /www/wwwroot/tb.youanfutang.cn/thinkphp/lang/zh-cn.php
[ info ] [ ROUTE ] array (
  'type' => 'module',
  'module' => 
  array (
    0 => 'media',
    1 => 'wp-includes',
    2 => 'wlwmanifest.xml',
  ),
)
[ info ] [ HEADER ] array (
  'accept' => 'text/html,application/xhtml+xml,application/xml;q=0.9,*/*;q=0.8',
  'accept-language' => 'en-US,en;q=0.5',
  'user-agent' => 'Mozilla/5.0 (Windows NT 10.0; Win64; x64) AppleWebKit/537.36 (KHTML, like Gecko) Chrome/78.0.3904.108 Safari/537.36',
  'connection' => 'keep-alive',
  'keep-alive' => '300',
  'host' => 'atacabusca.shop',
  'content-length' => '',
  'content-type' => '',
)
[ info ] [ PARAM ] array (
)
[ info ] [ LOG ] INIT File
---------------------------------------------------------------
[ 2025-01-08T01:03:16+08:00 ] 34.76.254.81 GET atacabusca.shop//wp2/wp-includes/wlwmanifest.xml
[运行时间：0.009210s] [吞吐率：108.58req/s] [内存消耗：1,338.14kb] [文件加载：36]
[ info ] [ LANG ] /www/wwwroot/tb.youanfutang.cn/thinkphp/lang/zh-cn.php
[ info ] [ ROUTE ] array (
  'type' => 'module',
  'module' => 
  array (
    0 => 'wp2',
    1 => 'wp-includes',
    2 => 'wlwmanifest.xml',
  ),
)
[ info ] [ HEADER ] array (
  'accept' => 'text/html,application/xhtml+xml,application/xml;q=0.9,*/*;q=0.8',
  'accept-language' => 'en-US,en;q=0.5',
  'user-agent' => 'Mozilla/5.0 (Windows NT 10.0; Win64; x64) AppleWebKit/537.36 (KHTML, like Gecko) Chrome/78.0.3904.108 Safari/537.36',
  'connection' => 'keep-alive',
  'keep-alive' => '300',
  'host' => 'atacabusca.shop',
  'content-length' => '',
  'content-type' => '',
)
[ info ] [ PARAM ] array (
)
[ info ] [ LOG ] INIT File
---------------------------------------------------------------
[ 2025-01-08T01:03:16+08:00 ] 34.76.254.81 GET atacabusca.shop//site/wp-includes/wlwmanifest.xml
[运行时间：0.009118s] [吞吐率：109.67req/s] [内存消耗：1,338.15kb] [文件加载：36]
[ info ] [ LANG ] /www/wwwroot/tb.youanfutang.cn/thinkphp/lang/zh-cn.php
[ info ] [ ROUTE ] array (
  'type' => 'module',
  'module' => 
  array (
    0 => 'site',
    1 => 'wp-includes',
    2 => 'wlwmanifest.xml',
  ),
)
[ info ] [ HEADER ] array (
  'accept' => 'text/html,application/xhtml+xml,application/xml;q=0.9,*/*;q=0.8',
  'accept-language' => 'en-US,en;q=0.5',
  'user-agent' => 'Mozilla/5.0 (Windows NT 10.0; Win64; x64) AppleWebKit/537.36 (KHTML, like Gecko) Chrome/78.0.3904.108 Safari/537.36',
  'connection' => 'keep-alive',
  'keep-alive' => '300',
  'host' => 'atacabusca.shop',
  'content-length' => '',
  'content-type' => '',
)
[ info ] [ PARAM ] array (
)
[ info ] [ LOG ] INIT File
---------------------------------------------------------------
[ 2025-01-08T01:03:16+08:00 ] 34.76.254.81 GET atacabusca.shop//cms/wp-includes/wlwmanifest.xml
[运行时间：0.013485s] [吞吐率：74.16req/s] [内存消耗：1,338.14kb] [文件加载：36]
[ info ] [ LANG ] /www/wwwroot/tb.youanfutang.cn/thinkphp/lang/zh-cn.php
[ info ] [ ROUTE ] array (
  'type' => 'module',
  'module' => 
  array (
    0 => 'cms',
    1 => 'wp-includes',
    2 => 'wlwmanifest.xml',
  ),
)
[ info ] [ HEADER ] array (
  'accept' => 'text/html,application/xhtml+xml,application/xml;q=0.9,*/*;q=0.8',
  'accept-language' => 'en-US,en;q=0.5',
  'user-agent' => 'Mozilla/5.0 (Windows NT 10.0; Win64; x64) AppleWebKit/537.36 (KHTML, like Gecko) Chrome/78.0.3904.108 Safari/537.36',
  'connection' => 'keep-alive',
  'keep-alive' => '300',
  'host' => 'atacabusca.shop',
  'content-length' => '',
  'content-type' => '',
)
[ info ] [ PARAM ] array (
)
[ info ] [ LOG ] INIT File
---------------------------------------------------------------
[ 2025-01-08T01:03:17+08:00 ] 34.76.254.81 GET atacabusca.shop//sito/wp-includes/wlwmanifest.xml
[运行时间：0.009516s] [吞吐率：105.09req/s] [内存消耗：1,338.15kb] [文件加载：36]
[ info ] [ LANG ] /www/wwwroot/tb.youanfutang.cn/thinkphp/lang/zh-cn.php
[ info ] [ ROUTE ] array (
  'type' => 'module',
  'module' => 
  array (
    0 => 'sito',
    1 => 'wp-includes',
    2 => 'wlwmanifest.xml',
  ),
)
[ info ] [ HEADER ] array (
  'accept' => 'text/html,application/xhtml+xml,application/xml;q=0.9,*/*;q=0.8',
  'accept-language' => 'en-US,en;q=0.5',
  'user-agent' => 'Mozilla/5.0 (Windows NT 10.0; Win64; x64) AppleWebKit/537.36 (KHTML, like Gecko) Chrome/78.0.3904.108 Safari/537.36',
  'connection' => 'keep-alive',
  'keep-alive' => '300',
  'host' => 'atacabusca.shop',
  'content-length' => '',
  'content-type' => '',
)
[ info ] [ PARAM ] array (
)
[ info ] [ LOG ] INIT File
---------------------------------------------------------------
[ 2025-01-08T02:05:59+08:00 ] 43.153.119.119 GET atacabusca.shop/
[运行时间：0.044824s] [吞吐率：22.31req/s] [内存消耗：2,949.94kb] [文件加载：55]
[ info ] [ LANG ] /www/wwwroot/tb.youanfutang.cn/thinkphp/lang/zh-cn.php
[ info ] [ ROUTE ] array (
  'type' => 'module',
  'module' => 
  array (
    0 => '',
    1 => NULL,
    2 => NULL,
  ),
)
[ info ] [ HEADER ] array (
  'upgrade-insecure-requests' => '1',
  'referer' => 'http://atacabusca.shop',
  'pragma' => 'no-cache',
  'connection' => 'close',
  'cache-control' => 'no-cache',
  'accept-language' => 'zh-CN,zh;q=0.9,en-US;q=0.8,en;q=0.7',
  'accept-encoding' => 'gzip',
  'accept' => 'text/html,application/xhtml+xml,application/xml;q=0.9,image/avif,image/webp,image/apng,*/*;q=0.8,application/signed-exchange;v=b3;q=0.7',
  'user-agent' => 'Mozilla/5.0 (iPhone; CPU iPhone OS 13_2_3 like Mac OS X) AppleWebKit/605.1.15 (KHTML, like Gecko) Version/13.0.3 Mobile/15E148 Safari/604.1',
  'host' => 'atacabusca.shop',
  'content-length' => '',
  'content-type' => '',
)
[ info ] [ PARAM ] array (
)
[ info ] [ DB ] INIT mysql
[ info ] [ RUN ] app\index\controller\Index->index[ /www/wwwroot/tb.youanfutang.cn/application/index/controller/Index.php ]
[ info ] [ VIEW ] /www/wwwroot/tb.youanfutang.cn/public/../application/index/view/index/login1.html [ array (
  0 => 'iflogin',
) ]
[ info ] [ LOG ] INIT File
[ sql ] [ DB ] CONNECT:[ UseTime:0.000341s ] mysql:host=127.0.0.1;dbname=tb_youanfutang_c;charset=utf8
[ sql ] [ SQL ] SHOW COLUMNS FROM `webdata` [ RunTime:0.013016s ]
[ sql ] [ SQL ] SELECT * FROM `webdata` WHERE  `viewip` = '43.153.119.119' ORDER BY `Id` DESC LIMIT 1 [ RunTime:0.001173s ]
[ sql ] [ SQL ] SELECT * FROM `webdata` WHERE  `viewtime` = '2025-01' ORDER BY `Id` DESC LIMIT 1 [ RunTime:0.000193s ]
[ sql ] [ SQL ] SELECT * FROM `webdata` WHERE  `viewip` = '43.153.119.119' [ RunTime:0.005570s ]
[ sql ] [ SQL ] INSERT INTO `webdata` (`viewip` , `webpv` , `viewtime` , `operation` , `opertime` , `ipnum` , `ipvip`) VALUES ('43.153.119.119' , 2 , '2025-01' , '访客-浏览网页' , '2025-01-08 02:05:59' , 3 , '普通网友') [ RunTime:0.000245s ]
[ sql ] [ SQL ] SELECT * FROM `webdata` WHERE  `webip` = '43.153.119.119'  AND `ucookie` IS NULL [ RunTime:0.005387s ]
---------------------------------------------------------------
[ 2025-01-08T02:53:20+08:00 ] 35.205.159.124 GET www.atacabusca.shop/
[运行时间：0.063024s] [吞吐率：15.87req/s] [内存消耗：2,944.11kb] [文件加载：55]
[ info ] [ LANG ] /www/wwwroot/tb.youanfutang.cn/thinkphp/lang/zh-cn.php
[ info ] [ ROUTE ] array (
  'type' => 'module',
  'module' => 
  array (
    0 => '',
    1 => NULL,
    2 => NULL,
  ),
)
[ info ] [ HEADER ] array (
  'connection' => 'Keep-Alive',
  'host' => 'www.atacabusca.shop',
  'user-agent' => 'python-requests/2.23.0',
  'accept-language' => 'en, *;q=0.7',
  'accept' => '*/*',
  'content-length' => '',
  'content-type' => '',
)
[ info ] [ PARAM ] array (
)
[ info ] [ DB ] INIT mysql
[ info ] [ RUN ] app\index\controller\Index->index[ /www/wwwroot/tb.youanfutang.cn/application/index/controller/Index.php ]
[ info ] [ VIEW ] /www/wwwroot/tb.youanfutang.cn/public/../application/index/view/index/login1.html [ array (
  0 => 'iflogin',
) ]
[ info ] [ LOG ] INIT File
[ sql ] [ DB ] CONNECT:[ UseTime:0.000357s ] mysql:host=127.0.0.1;dbname=tb_youanfutang_c;charset=utf8
[ sql ] [ SQL ] SHOW COLUMNS FROM `webdata` [ RunTime:0.013147s ]
[ sql ] [ SQL ] SELECT * FROM `webdata` WHERE  `viewip` = '35.205.159.124' ORDER BY `Id` DESC LIMIT 1 [ RunTime:0.015272s ]
[ sql ] [ SQL ] SELECT * FROM `webdata` WHERE  `viewtime` = '2025-01' ORDER BY `Id` DESC LIMIT 1 [ RunTime:0.000222s ]
[ sql ] [ SQL ] SELECT * FROM `webdata` WHERE  `viewip` = '35.205.159.124' [ RunTime:0.005521s ]
[ sql ] [ SQL ] INSERT INTO `webdata` (`viewip` , `webpv` , `viewtime` , `operation` , `opertime` , `ipnum` , `ipvip`) VALUES ('35.205.159.124' , 3 , '2025-01' , '访客-浏览网页' , '2025-01-08 02:53:20' , 2 , '普通网友') [ RunTime:0.000254s ]
[ sql ] [ SQL ] SELECT * FROM `webdata` WHERE  `webip` = '35.205.159.124'  AND `ucookie` IS NULL [ RunTime:0.005241s ]
---------------------------------------------------------------
[ 2025-01-08T04:21:50+08:00 ] 43.130.16.212 GET www.atacabusca.shop/
[运行时间：0.100676s] [吞吐率：9.93req/s] [内存消耗：2,949.97kb] [文件加载：55]
[ info ] [ LANG ] /www/wwwroot/tb.youanfutang.cn/thinkphp/lang/zh-cn.php
[ info ] [ ROUTE ] array (
  'type' => 'module',
  'module' => 
  array (
    0 => '',
    1 => NULL,
    2 => NULL,
  ),
)
[ info ] [ HEADER ] array (
  'upgrade-insecure-requests' => '1',
  'referer' => 'http://www.atacabusca.shop',
  'pragma' => 'no-cache',
  'connection' => 'close',
  'cache-control' => 'no-cache',
  'accept-language' => 'zh-CN,zh;q=0.9,en-US;q=0.8,en;q=0.7',
  'accept-encoding' => 'gzip',
  'accept' => 'text/html,application/xhtml+xml,application/xml;q=0.9,image/avif,image/webp,image/apng,*/*;q=0.8,application/signed-exchange;v=b3;q=0.7',
  'user-agent' => 'Mozilla/5.0 (iPhone; CPU iPhone OS 13_2_3 like Mac OS X) AppleWebKit/605.1.15 (KHTML, like Gecko) Version/13.0.3 Mobile/15E148 Safari/604.1',
  'host' => 'www.atacabusca.shop',
  'content-length' => '',
  'content-type' => '',
)
[ info ] [ PARAM ] array (
)
[ info ] [ DB ] INIT mysql
[ info ] [ RUN ] app\index\controller\Index->index[ /www/wwwroot/tb.youanfutang.cn/application/index/controller/Index.php ]
[ info ] [ VIEW ] /www/wwwroot/tb.youanfutang.cn/public/../application/index/view/index/login1.html [ array (
  0 => 'iflogin',
) ]
[ info ] [ LOG ] INIT File
[ sql ] [ DB ] CONNECT:[ UseTime:0.002209s ] mysql:host=127.0.0.1;dbname=tb_youanfutang_c;charset=utf8
[ sql ] [ SQL ] SHOW COLUMNS FROM `webdata` [ RunTime:0.014791s ]
[ sql ] [ SQL ] SELECT * FROM `webdata` WHERE  `viewip` = '43.130.16.212' ORDER BY `Id` DESC LIMIT 1 [ RunTime:0.002016s ]
[ sql ] [ SQL ] SELECT * FROM `webdata` WHERE  `viewtime` = '2025-01' ORDER BY `Id` DESC LIMIT 1 [ RunTime:0.000204s ]
[ sql ] [ SQL ] SELECT * FROM `webdata` WHERE  `viewip` = '43.130.16.212' [ RunTime:0.013402s ]
[ sql ] [ SQL ] INSERT INTO `webdata` (`viewip` , `webpv` , `viewtime` , `operation` , `opertime` , `ipnum` , `ipvip`) VALUES ('43.130.16.212' , 4 , '2025-01' , '访客-浏览网页' , '2025-01-08 04:21:50' , 8 , '普通网友') [ RunTime:0.000252s ]
[ sql ] [ SQL ] SELECT * FROM `webdata` WHERE  `webip` = '43.130.16.212'  AND `ucookie` IS NULL [ RunTime:0.005364s ]
---------------------------------------------------------------
[ 2025-01-08T05:40:59+08:00 ] 60.188.57.0 GET www.atacabusca.shop/
[运行时间：0.036444s] [吞吐率：27.44req/s] [内存消耗：2,949.97kb] [文件加载：55]
[ info ] [ LANG ] /www/wwwroot/tb.youanfutang.cn/thinkphp/lang/zh-cn.php
[ info ] [ ROUTE ] array (
  'type' => 'module',
  'module' => 
  array (
    0 => '',
    1 => NULL,
    2 => NULL,
  ),
)
[ info ] [ HEADER ] array (
  'upgrade-insecure-requests' => '1',
  'referer' => 'http://www.atacabusca.shop',
  'pragma' => 'no-cache',
  'connection' => 'close',
  'cache-control' => 'no-cache',
  'accept-language' => 'zh-CN,zh;q=0.9,en-US;q=0.8,en;q=0.7',
  'accept-encoding' => 'gzip',
  'accept' => 'text/html,application/xhtml+xml,application/xml;q=0.9,image/avif,image/webp,image/apng,*/*;q=0.8,application/signed-exchange;v=b3;q=0.7',
  'user-agent' => 'Mozilla/5.0 (iPhone; CPU iPhone OS 13_2_3 like Mac OS X) AppleWebKit/605.1.15 (KHTML, like Gecko) Version/13.0.3 Mobile/15E148 Safari/604.1',
  'host' => 'www.atacabusca.shop',
  'content-length' => '',
  'content-type' => '',
)
[ info ] [ PARAM ] array (
)
[ info ] [ DB ] INIT mysql
[ info ] [ RUN ] app\index\controller\Index->index[ /www/wwwroot/tb.youanfutang.cn/application/index/controller/Index.php ]
[ info ] [ VIEW ] /www/wwwroot/tb.youanfutang.cn/public/../application/index/view/index/login1.html [ array (
  0 => 'iflogin',
) ]
[ info ] [ LOG ] INIT File
[ sql ] [ DB ] CONNECT:[ UseTime:0.000257s ] mysql:host=127.0.0.1;dbname=tb_youanfutang_c;charset=utf8
[ sql ] [ SQL ] SHOW COLUMNS FROM `webdata` [ RunTime:0.009185s ]
[ sql ] [ SQL ] SELECT * FROM `webdata` WHERE  `viewip` = '60.188.57.0' ORDER BY `Id` DESC LIMIT 1 [ RunTime:0.003977s ]
[ sql ] [ SQL ] SELECT * FROM `webdata` WHERE  `viewtime` = '2025-01' ORDER BY `Id` DESC LIMIT 1 [ RunTime:0.000173s ]
[ sql ] [ SQL ] SELECT * FROM `webdata` WHERE  `viewip` = '60.188.57.0' [ RunTime:0.003295s ]
[ sql ] [ SQL ] INSERT INTO `webdata` (`viewip` , `webpv` , `viewtime` , `operation` , `opertime` , `ipnum` , `ipvip`) VALUES ('60.188.57.0' , 5 , '2025-01' , '访客-浏览网页' , '2025-01-08 05:40:59' , 9 , '普通网友') [ RunTime:0.000199s ]
[ sql ] [ SQL ] SELECT * FROM `webdata` WHERE  `webip` = '60.188.57.0'  AND `ucookie` IS NULL [ RunTime:0.003151s ]
---------------------------------------------------------------
[ 2025-01-08T07:57:06+08:00 ] 66.249.65.100 GET www.atacabusca.shop/
[运行时间：0.066816s] [吞吐率：14.97req/s] [内存消耗：2,946.91kb] [文件加载：55]
[ info ] [ LANG ] /www/wwwroot/tb.youanfutang.cn/thinkphp/lang/zh-cn.php
[ info ] [ ROUTE ] array (
  'type' => 'module',
  'module' => 
  array (
    0 => '',
    1 => NULL,
    2 => NULL,
  ),
)
[ info ] [ HEADER ] array (
  'accept-encoding' => 'gzip, deflate, br',
  'user-agent' => 'Mozilla/5.0 (Linux; Android 6.0.1; Nexus 5X Build/MMB29P) AppleWebKit/537.36 (KHTML, like Gecko) Chrome/99.0.4844.84 Mobile Safari/537.36 (compatible; Googlebot/2.1; +http://www.google.com/bot.html)',
  'from' => 'googlebot(at)googlebot.com',
  'accept' => '*/*',
  'connection' => 'keep-alive',
  'host' => 'www.atacabusca.shop',
  'content-length' => '',
  'content-type' => '',
)
[ info ] [ PARAM ] array (
)
[ info ] [ DB ] INIT mysql
[ info ] [ RUN ] app\index\controller\Index->index[ /www/wwwroot/tb.youanfutang.cn/application/index/controller/Index.php ]
[ info ] [ VIEW ] /www/wwwroot/tb.youanfutang.cn/public/../application/index/view/index/login1.html [ array (
  0 => 'iflogin',
) ]
[ info ] [ LOG ] INIT File
[ sql ] [ DB ] CONNECT:[ UseTime:0.000279s ] mysql:host=127.0.0.1;dbname=tb_youanfutang_c;charset=utf8
[ sql ] [ SQL ] SHOW COLUMNS FROM `webdata` [ RunTime:0.009136s ]
[ sql ] [ SQL ] SELECT * FROM `webdata` WHERE  `viewip` = '66.249.65.100' ORDER BY `Id` DESC LIMIT 1 [ RunTime:0.033910s ]
[ sql ] [ SQL ] SELECT * FROM `webdata` WHERE  `viewtime` = '2025-01' ORDER BY `Id` DESC LIMIT 1 [ RunTime:0.000222s ]
[ sql ] [ SQL ] SELECT * FROM `webdata` WHERE  `viewip` = '66.249.65.100' [ RunTime:0.003246s ]
[ sql ] [ SQL ] INSERT INTO `webdata` (`viewip` , `webpv` , `viewtime` , `operation` , `opertime` , `ipnum` , `ipvip`) VALUES ('66.249.65.100' , 1 , '2025-01' , '访客-浏览网页' , '2025-01-08 07:57:06' , 1 , '普通网友') [ RunTime:0.000224s ]
[ sql ] [ SQL ] SELECT * FROM `webdata` WHERE  `webip` = '66.249.65.100'  AND `ucookie` IS NULL [ RunTime:0.003098s ]
---------------------------------------------------------------
[ 2025-01-08T07:57:07+08:00 ] 66.249.65.102 GET www.atacabusca.shop/
[运行时间：0.052945s] [吞吐率：18.89req/s] [内存消耗：2,946.09kb] [文件加载：55]
[ info ] [ LANG ] /www/wwwroot/tb.youanfutang.cn/thinkphp/lang/zh-cn.php
[ info ] [ ROUTE ] array (
  'type' => 'module',
  'module' => 
  array (
    0 => '',
    1 => NULL,
    2 => NULL,
  ),
)
[ info ] [ HEADER ] array (
  'accept-encoding' => 'gzip, deflate, br',
  'user-agent' => 'Mozilla/5.0 (compatible; Googlebot/2.1; +http://www.google.com/bot.html)',
  'from' => 'googlebot(at)googlebot.com',
  'accept' => '*/*',
  'connection' => 'keep-alive',
  'host' => 'www.atacabusca.shop',
  'content-length' => '',
  'content-type' => '',
)
[ info ] [ PARAM ] array (
)
[ info ] [ DB ] INIT mysql
[ info ] [ RUN ] app\index\controller\Index->index[ /www/wwwroot/tb.youanfutang.cn/application/index/controller/Index.php ]
[ info ] [ VIEW ] /www/wwwroot/tb.youanfutang.cn/public/../application/index/view/index/login1.html [ array (
  0 => 'iflogin',
) ]
[ info ] [ LOG ] INIT File
[ sql ] [ DB ] CONNECT:[ UseTime:0.000280s ] mysql:host=127.0.0.1;dbname=tb_youanfutang_c;charset=utf8
[ sql ] [ SQL ] SHOW COLUMNS FROM `webdata` [ RunTime:0.008653s ]
[ sql ] [ SQL ] SELECT * FROM `webdata` WHERE  `viewip` = '66.249.65.102' ORDER BY `Id` DESC LIMIT 1 [ RunTime:0.020084s ]
[ sql ] [ SQL ] SELECT * FROM `webdata` WHERE  `viewtime` = '2025-01' ORDER BY `Id` DESC LIMIT 1 [ RunTime:0.000220s ]
[ sql ] [ SQL ] SELECT * FROM `webdata` WHERE  `viewip` = '66.249.65.102' [ RunTime:0.003290s ]
[ sql ] [ SQL ] INSERT INTO `webdata` (`viewip` , `webpv` , `viewtime` , `operation` , `opertime` , `ipnum` , `ipvip`) VALUES ('66.249.65.102' , 1 , '2025-01' , '访客-浏览网页' , '2025-01-08 07:57:07' , 1 , '普通网友') [ RunTime:0.001108s ]
[ sql ] [ SQL ] SELECT * FROM `webdata` WHERE  `webip` = '66.249.65.102'  AND `ucookie` IS NULL [ RunTime:0.003185s ]
---------------------------------------------------------------
[ 2025-01-08T08:10:23+08:00 ] 54.88.179.33 GET atacabusca.shop/
[运行时间：0.049802s] [吞吐率：20.08req/s] [内存消耗：2,951.09kb] [文件加载：55]
[ info ] [ LANG ] /www/wwwroot/tb.youanfutang.cn/thinkphp/lang/zh-cn.php
[ info ] [ ROUTE ] array (
  'type' => 'module',
  'module' => 
  array (
    0 => '',
    1 => NULL,
    2 => NULL,
  ),
)
[ info ] [ HEADER ] array (
  'accept-language' => 'en-US,en;q=0.9',
  'accept-encoding' => 'gzip, deflate, br',
  'sec-fetch-dest' => 'document',
  'sec-fetch-user' => '?1',
  'sec-fetch-mode' => 'navigate',
  'sec-fetch-site' => 'none',
  'accept' => 'text/html,application/xhtml+xml,application/xml;q=0.9,image/avif,image/webp,image/apng,*/*;q=0.8,application/signed-exchange;v=b3;q=0.9',
  'user-agent' => 'Mozilla/5.0 (Windows NT 10.0; Win64; x64) AppleWebKit/537.36 (KHTML, like Gecko) Chrome/100.0.4896.75 Safari/537.36',
  'upgrade-insecure-requests' => '1',
  'sec-ch-ua-platform' => '"Windows"',
  'sec-ch-ua-mobile' => '?0',
  'sec-ch-ua' => '" Not A;Brand";v="99", "Chromium";v="100", "Google Chrome";v="100"',
  'host' => 'atacabusca.shop',
  'content-length' => '',
  'content-type' => '',
)
[ info ] [ PARAM ] array (
)
[ info ] [ DB ] INIT mysql
[ info ] [ RUN ] app\index\controller\Index->index[ /www/wwwroot/tb.youanfutang.cn/application/index/controller/Index.php ]
[ info ] [ VIEW ] /www/wwwroot/tb.youanfutang.cn/public/../application/index/view/index/login1.html [ array (
  0 => 'iflogin',
) ]
[ info ] [ LOG ] INIT File
[ sql ] [ DB ] CONNECT:[ UseTime:0.000359s ] mysql:host=127.0.0.1;dbname=tb_youanfutang_c;charset=utf8
[ sql ] [ SQL ] SHOW COLUMNS FROM `webdata` [ RunTime:0.011249s ]
[ sql ] [ SQL ] SELECT * FROM `webdata` WHERE  `viewip` = '54.88.179.33' ORDER BY `Id` DESC LIMIT 1 [ RunTime:0.002324s ]
[ sql ] [ SQL ] SELECT * FROM `webdata` WHERE  `viewtime` = '2025-01' ORDER BY `Id` DESC LIMIT 1 [ RunTime:0.000195s ]
[ sql ] [ SQL ] SELECT * FROM `webdata` WHERE  `viewip` = '54.88.179.33' [ RunTime:0.005523s ]
[ sql ] [ SQL ] INSERT INTO `webdata` (`viewip` , `webpv` , `viewtime` , `operation` , `opertime` , `ipnum` , `ipvip`) VALUES ('54.88.179.33' , 2 , '2025-01' , '访客-浏览网页' , '2025-01-08 08:10:23' , 16 , '普通网友') [ RunTime:0.000256s ]
[ sql ] [ SQL ] SELECT * FROM `webdata` WHERE  `webip` = '54.88.179.33'  AND `ucookie` IS NULL [ RunTime:0.005247s ]
---------------------------------------------------------------
[ 2025-01-08T08:10:25+08:00 ] 54.88.179.33 GET www.atacabusca.shop/
[运行时间：0.025167s] [吞吐率：39.73req/s] [内存消耗：2,948.98kb] [文件加载：55]
[ info ] [ LANG ] /www/wwwroot/tb.youanfutang.cn/thinkphp/lang/zh-cn.php
[ info ] [ ROUTE ] array (
  'type' => 'module',
  'module' => 
  array (
    0 => '',
    1 => NULL,
    2 => NULL,
  ),
)
[ info ] [ HEADER ] array (
  'accept-language' => 'en-US,en;q=0.9',
  'accept-encoding' => 'gzip, deflate, br',
  'sec-fetch-dest' => 'document',
  'sec-fetch-user' => '?1',
  'sec-fetch-mode' => 'navigate',
  'sec-fetch-site' => 'none',
  'accept' => 'text/html,application/xhtml+xml,application/xml;q=0.9,image/avif,image/webp,image/apng,*/*;q=0.8,application/signed-exchange;v=b3;q=0.9',
  'user-agent' => 'Mozilla/5.0 (Windows NT 10.0; Win64; x64) AppleWebKit/537.36 (KHTML, like Gecko) Chrome/100.0.4896.75 Safari/537.36',
  'upgrade-insecure-requests' => '1',
  'sec-ch-ua-platform' => '"Windows"',
  'sec-ch-ua-mobile' => '?0',
  'sec-ch-ua' => '" Not A;Brand";v="99", "Chromium";v="100", "Google Chrome";v="100"',
  'host' => 'www.atacabusca.shop',
  'content-length' => '',
  'content-type' => '',
)
[ info ] [ PARAM ] array (
)
[ info ] [ DB ] INIT mysql
[ info ] [ RUN ] app\index\controller\Index->index[ /www/wwwroot/tb.youanfutang.cn/application/index/controller/Index.php ]
[ info ] [ VIEW ] /www/wwwroot/tb.youanfutang.cn/public/../application/index/view/index/login1.html [ array (
  0 => 'iflogin',
) ]
[ info ] [ LOG ] INIT File
[ sql ] [ DB ] CONNECT:[ UseTime:0.000266s ] mysql:host=127.0.0.1;dbname=tb_youanfutang_c;charset=utf8
[ sql ] [ SQL ] SHOW COLUMNS FROM `webdata` [ RunTime:0.008661s ]
[ sql ] [ SQL ] SELECT * FROM `webdata` WHERE  `viewip` = '54.88.179.33' ORDER BY `Id` DESC LIMIT 1 [ RunTime:0.000213s ]
[ sql ] [ SQL ] SELECT * FROM `webdata` WHERE  `viewtime` = '2025-01' ORDER BY `Id` DESC LIMIT 1 [ RunTime:0.000150s ]
[ sql ] [ SQL ] SELECT * FROM `webdata` WHERE  `webip` = '54.88.179.33'  AND `ucookie` IS NULL [ RunTime:0.000134s ]
---------------------------------------------------------------
[ 2025-01-08T08:10:25+08:00 ] 54.88.179.33 GET atacabusca.shop/
[运行时间：0.034331s] [吞吐率：29.13req/s] [内存消耗：2,948.96kb] [文件加载：55]
[ info ] [ LANG ] /www/wwwroot/tb.youanfutang.cn/thinkphp/lang/zh-cn.php
[ info ] [ ROUTE ] array (
  'type' => 'module',
  'module' => 
  array (
    0 => '',
    1 => NULL,
    2 => NULL,
  ),
)
[ info ] [ HEADER ] array (
  'accept-language' => 'en-US,en;q=0.9',
  'accept-encoding' => 'gzip, deflate, br',
  'sec-fetch-dest' => 'document',
  'sec-fetch-user' => '?1',
  'sec-fetch-mode' => 'navigate',
  'sec-fetch-site' => 'none',
  'accept' => 'text/html,application/xhtml+xml,application/xml;q=0.9,image/avif,image/webp,image/apng,*/*;q=0.8,application/signed-exchange;v=b3;q=0.9',
  'user-agent' => 'Mozilla/5.0 (Windows NT 10.0; Win64; x64) AppleWebKit/537.36 (KHTML, like Gecko) Chrome/100.0.4896.75 Safari/537.36',
  'upgrade-insecure-requests' => '1',
  'sec-ch-ua-platform' => '"Windows"',
  'sec-ch-ua-mobile' => '?0',
  'sec-ch-ua' => '" Not A;Brand";v="99", "Chromium";v="100", "Google Chrome";v="100"',
  'host' => 'atacabusca.shop',
  'content-length' => '',
  'content-type' => '',
)
[ info ] [ PARAM ] array (
)
[ info ] [ DB ] INIT mysql
[ info ] [ RUN ] app\index\controller\Index->index[ /www/wwwroot/tb.youanfutang.cn/application/index/controller/Index.php ]
[ info ] [ VIEW ] /www/wwwroot/tb.youanfutang.cn/public/../application/index/view/index/login1.html [ array (
  0 => 'iflogin',
) ]
[ info ] [ LOG ] INIT File
[ sql ] [ DB ] CONNECT:[ UseTime:0.000682s ] mysql:host=127.0.0.1;dbname=tb_youanfutang_c;charset=utf8
[ sql ] [ SQL ] SHOW COLUMNS FROM `webdata` [ RunTime:0.011174s ]
[ sql ] [ SQL ] SELECT * FROM `webdata` WHERE  `viewip` = '54.88.179.33' ORDER BY `Id` DESC LIMIT 1 [ RunTime:0.000215s ]
[ sql ] [ SQL ] SELECT * FROM `webdata` WHERE  `viewtime` = '2025-01' ORDER BY `Id` DESC LIMIT 1 [ RunTime:0.000129s ]
[ sql ] [ SQL ] SELECT * FROM `webdata` WHERE  `webip` = '54.88.179.33'  AND `ucookie` IS NULL [ RunTime:0.000159s ]
---------------------------------------------------------------
[ 2025-01-08T08:10:26+08:00 ] 54.88.179.33 GET www.atacabusca.shop/
[运行时间：0.024847s] [吞吐率：40.25req/s] [内存消耗：2,948.98kb] [文件加载：55]
[ info ] [ LANG ] /www/wwwroot/tb.youanfutang.cn/thinkphp/lang/zh-cn.php
[ info ] [ ROUTE ] array (
  'type' => 'module',
  'module' => 
  array (
    0 => '',
    1 => NULL,
    2 => NULL,
  ),
)
[ info ] [ HEADER ] array (
  'accept-language' => 'en-US,en;q=0.9',
  'accept-encoding' => 'gzip, deflate, br',
  'sec-fetch-dest' => 'document',
  'sec-fetch-user' => '?1',
  'sec-fetch-mode' => 'navigate',
  'sec-fetch-site' => 'none',
  'accept' => 'text/html,application/xhtml+xml,application/xml;q=0.9,image/avif,image/webp,image/apng,*/*;q=0.8,application/signed-exchange;v=b3;q=0.9',
  'user-agent' => 'Mozilla/5.0 (Windows NT 10.0; Win64; x64) AppleWebKit/537.36 (KHTML, like Gecko) Chrome/100.0.4896.75 Safari/537.36',
  'upgrade-insecure-requests' => '1',
  'sec-ch-ua-platform' => '"Windows"',
  'sec-ch-ua-mobile' => '?0',
  'sec-ch-ua' => '" Not A;Brand";v="99", "Chromium";v="100", "Google Chrome";v="100"',
  'host' => 'www.atacabusca.shop',
  'content-length' => '',
  'content-type' => '',
)
[ info ] [ PARAM ] array (
)
[ info ] [ DB ] INIT mysql
[ info ] [ RUN ] app\index\controller\Index->index[ /www/wwwroot/tb.youanfutang.cn/application/index/controller/Index.php ]
[ info ] [ VIEW ] /www/wwwroot/tb.youanfutang.cn/public/../application/index/view/index/login1.html [ array (
  0 => 'iflogin',
) ]
[ info ] [ LOG ] INIT File
[ sql ] [ DB ] CONNECT:[ UseTime:0.000258s ] mysql:host=127.0.0.1;dbname=tb_youanfutang_c;charset=utf8
[ sql ] [ SQL ] SHOW COLUMNS FROM `webdata` [ RunTime:0.008618s ]
[ sql ] [ SQL ] SELECT * FROM `webdata` WHERE  `viewip` = '54.88.179.33' ORDER BY `Id` DESC LIMIT 1 [ RunTime:0.000157s ]
[ sql ] [ SQL ] SELECT * FROM `webdata` WHERE  `viewtime` = '2025-01' ORDER BY `Id` DESC LIMIT 1 [ RunTime:0.000110s ]
[ sql ] [ SQL ] SELECT * FROM `webdata` WHERE  `webip` = '54.88.179.33'  AND `ucookie` IS NULL [ RunTime:0.000135s ]
---------------------------------------------------------------
[ 2025-01-08T08:14:00+08:00 ] 43.153.58.28 GET atacabusca.shop/
[运行时间：0.032729s] [吞吐率：30.55req/s] [内存消耗：2,949.92kb] [文件加载：55]
[ info ] [ LANG ] /www/wwwroot/tb.youanfutang.cn/thinkphp/lang/zh-cn.php
[ info ] [ ROUTE ] array (
  'type' => 'module',
  'module' => 
  array (
    0 => '',
    1 => NULL,
    2 => NULL,
  ),
)
[ info ] [ HEADER ] array (
  'upgrade-insecure-requests' => '1',
  'referer' => 'http://atacabusca.shop',
  'pragma' => 'no-cache',
  'connection' => 'close',
  'cache-control' => 'no-cache',
  'accept-language' => 'zh-CN,zh;q=0.9,en-US;q=0.8,en;q=0.7',
  'accept-encoding' => 'gzip',
  'accept' => 'text/html,application/xhtml+xml,application/xml;q=0.9,image/avif,image/webp,image/apng,*/*;q=0.8,application/signed-exchange;v=b3;q=0.7',
  'user-agent' => 'Mozilla/5.0 (iPhone; CPU iPhone OS 13_2_3 like Mac OS X) AppleWebKit/605.1.15 (KHTML, like Gecko) Version/13.0.3 Mobile/15E148 Safari/604.1',
  'host' => 'atacabusca.shop',
  'content-length' => '',
  'content-type' => '',
)
[ info ] [ PARAM ] array (
)
[ info ] [ DB ] INIT mysql
[ info ] [ RUN ] app\index\controller\Index->index[ /www/wwwroot/tb.youanfutang.cn/application/index/controller/Index.php ]
[ info ] [ VIEW ] /www/wwwroot/tb.youanfutang.cn/public/../application/index/view/index/login1.html [ array (
  0 => 'iflogin',
) ]
[ info ] [ LOG ] INIT File
[ sql ] [ DB ] CONNECT:[ UseTime:0.000284s ] mysql:host=127.0.0.1;dbname=tb_youanfutang_c;charset=utf8
[ sql ] [ SQL ] SHOW COLUMNS FROM `webdata` [ RunTime:0.008657s ]
[ sql ] [ SQL ] SELECT * FROM `webdata` WHERE  `viewip` = '43.153.58.28' ORDER BY `Id` DESC LIMIT 1 [ RunTime:0.000326s ]
[ sql ] [ SQL ] SELECT * FROM `webdata` WHERE  `viewtime` = '2025-01' ORDER BY `Id` DESC LIMIT 1 [ RunTime:0.000118s ]
[ sql ] [ SQL ] SELECT * FROM `webdata` WHERE  `viewip` = '43.153.58.28' [ RunTime:0.003363s ]
[ sql ] [ SQL ] INSERT INTO `webdata` (`viewip` , `webpv` , `viewtime` , `operation` , `opertime` , `ipnum` , `ipvip`) VALUES ('43.153.58.28' , 3 , '2025-01' , '访客-浏览网页' , '2025-01-08 08:14:00' , 2 , '普通网友') [ RunTime:0.000221s ]
[ sql ] [ SQL ] SELECT * FROM `webdata` WHERE  `webip` = '43.153.58.28'  AND `ucookie` IS NULL [ RunTime:0.003161s ]
---------------------------------------------------------------
[ 2025-01-08T10:05:22+08:00 ] 43.135.134.127 GET www.atacabusca.shop/
[运行时间：0.053036s] [吞吐率：18.86req/s] [内存消耗：2,949.98kb] [文件加载：55]
[ info ] [ LANG ] /www/wwwroot/tb.youanfutang.cn/thinkphp/lang/zh-cn.php
[ info ] [ ROUTE ] array (
  'type' => 'module',
  'module' => 
  array (
    0 => '',
    1 => NULL,
    2 => NULL,
  ),
)
[ info ] [ HEADER ] array (
  'upgrade-insecure-requests' => '1',
  'referer' => 'http://www.atacabusca.shop',
  'pragma' => 'no-cache',
  'connection' => 'close',
  'cache-control' => 'no-cache',
  'accept-language' => 'zh-CN,zh;q=0.9,en-US;q=0.8,en;q=0.7',
  'accept-encoding' => 'gzip',
  'accept' => 'text/html,application/xhtml+xml,application/xml;q=0.9,image/avif,image/webp,image/apng,*/*;q=0.8,application/signed-exchange;v=b3;q=0.7',
  'user-agent' => 'Mozilla/5.0 (iPhone; CPU iPhone OS 13_2_3 like Mac OS X) AppleWebKit/605.1.15 (KHTML, like Gecko) Version/13.0.3 Mobile/15E148 Safari/604.1',
  'host' => 'www.atacabusca.shop',
  'content-length' => '',
  'content-type' => '',
)
[ info ] [ PARAM ] array (
)
[ info ] [ DB ] INIT mysql
[ info ] [ RUN ] app\index\controller\Index->index[ /www/wwwroot/tb.youanfutang.cn/application/index/controller/Index.php ]
[ info ] [ VIEW ] /www/wwwroot/tb.youanfutang.cn/public/../application/index/view/index/login1.html [ array (
  0 => 'iflogin',
) ]
[ info ] [ LOG ] INIT File
[ sql ] [ DB ] CONNECT:[ UseTime:0.000259s ] mysql:host=127.0.0.1;dbname=tb_youanfutang_c;charset=utf8
[ sql ] [ SQL ] SHOW COLUMNS FROM `webdata` [ RunTime:0.009159s ]
[ sql ] [ SQL ] SELECT * FROM `webdata` WHERE  `viewip` = '43.135.134.127' ORDER BY `Id` DESC LIMIT 1 [ RunTime:0.020507s ]
[ sql ] [ SQL ] SELECT * FROM `webdata` WHERE  `viewtime` = '2025-01' ORDER BY `Id` DESC LIMIT 1 [ RunTime:0.000211s ]
[ sql ] [ SQL ] SELECT * FROM `webdata` WHERE  `viewip` = '43.135.134.127' [ RunTime:0.003265s ]
[ sql ] [ SQL ] INSERT INTO `webdata` (`viewip` , `webpv` , `viewtime` , `operation` , `opertime` , `ipnum` , `ipvip`) VALUES ('43.135.134.127' , 1 , '2025-01' , '访客-浏览网页' , '2025-01-08 10:05:22' , 1 , '普通网友') [ RunTime:0.000202s ]
[ sql ] [ SQL ] SELECT * FROM `webdata` WHERE  `webip` = '43.135.134.127'  AND `ucookie` IS NULL [ RunTime:0.003110s ]
---------------------------------------------------------------
[ 2025-01-08T10:32:19+08:00 ] 113.141.91.58 GET atacabusca.shop/
[运行时间：0.042765s] [吞吐率：23.38req/s] [内存消耗：2,949.92kb] [文件加载：55]
[ info ] [ LANG ] /www/wwwroot/tb.youanfutang.cn/thinkphp/lang/zh-cn.php
[ info ] [ ROUTE ] array (
  'type' => 'module',
  'module' => 
  array (
    0 => '',
    1 => NULL,
    2 => NULL,
  ),
)
[ info ] [ HEADER ] array (
  'upgrade-insecure-requests' => '1',
  'referer' => 'http://atacabusca.shop',
  'pragma' => 'no-cache',
  'connection' => 'close',
  'cache-control' => 'no-cache',
  'accept-language' => 'zh-CN,zh;q=0.9,en-US;q=0.8,en;q=0.7',
  'accept-encoding' => 'gzip',
  'accept' => 'text/html,application/xhtml+xml,application/xml;q=0.9,image/avif,image/webp,image/apng,*/*;q=0.8,application/signed-exchange;v=b3;q=0.7',
  'user-agent' => 'Mozilla/5.0 (iPhone; CPU iPhone OS 13_2_3 like Mac OS X) AppleWebKit/605.1.15 (KHTML, like Gecko) Version/13.0.3 Mobile/15E148 Safari/604.1',
  'host' => 'atacabusca.shop',
  'content-length' => '',
  'content-type' => '',
)
[ info ] [ PARAM ] array (
)
[ info ] [ DB ] INIT mysql
[ info ] [ RUN ] app\index\controller\Index->index[ /www/wwwroot/tb.youanfutang.cn/application/index/controller/Index.php ]
[ info ] [ VIEW ] /www/wwwroot/tb.youanfutang.cn/public/../application/index/view/index/login1.html [ array (
  0 => 'iflogin',
) ]
[ info ] [ LOG ] INIT File
[ sql ] [ DB ] CONNECT:[ UseTime:0.000371s ] mysql:host=127.0.0.1;dbname=tb_youanfutang_c;charset=utf8
[ sql ] [ SQL ] SHOW COLUMNS FROM `webdata` [ RunTime:0.012778s ]
[ sql ] [ SQL ] SELECT * FROM `webdata` WHERE  `viewip` = '113.141.91.58' ORDER BY `Id` DESC LIMIT 1 [ RunTime:0.000578s ]
[ sql ] [ SQL ] SELECT * FROM `webdata` WHERE  `viewtime` = '2025-01' ORDER BY `Id` DESC LIMIT 1 [ RunTime:0.000167s ]
[ sql ] [ SQL ] SELECT * FROM `webdata` WHERE  `viewip` = '113.141.91.58' [ RunTime:0.003416s ]
[ sql ] [ SQL ] INSERT INTO `webdata` (`viewip` , `webpv` , `viewtime` , `operation` , `opertime` , `ipnum` , `ipvip`) VALUES ('113.141.91.58' , 2 , '2025-01' , '访客-浏览网页' , '2025-01-08 10:32:19' , 8 , '普通网友') [ RunTime:0.000211s ]
[ sql ] [ SQL ] SELECT * FROM `webdata` WHERE  `webip` = '113.141.91.58'  AND `ucookie` IS NULL [ RunTime:0.003154s ]
---------------------------------------------------------------
[ 2025-01-08T12:25:30+08:00 ] 43.155.195.141 GET atacabusca.shop/
[运行时间：0.053008s] [吞吐率：18.87req/s] [内存消耗：2,949.94kb] [文件加载：55]
[ info ] [ LANG ] /www/wwwroot/tb.youanfutang.cn/thinkphp/lang/zh-cn.php
[ info ] [ ROUTE ] array (
  'type' => 'module',
  'module' => 
  array (
    0 => '',
    1 => NULL,
    2 => NULL,
  ),
)
[ info ] [ HEADER ] array (
  'upgrade-insecure-requests' => '1',
  'referer' => 'http://atacabusca.shop',
  'pragma' => 'no-cache',
  'connection' => 'close',
  'cache-control' => 'no-cache',
  'accept-language' => 'zh-CN,zh;q=0.9,en-US;q=0.8,en;q=0.7',
  'accept-encoding' => 'gzip',
  'accept' => 'text/html,application/xhtml+xml,application/xml;q=0.9,image/avif,image/webp,image/apng,*/*;q=0.8,application/signed-exchange;v=b3;q=0.7',
  'user-agent' => 'Mozilla/5.0 (iPhone; CPU iPhone OS 13_2_3 like Mac OS X) AppleWebKit/605.1.15 (KHTML, like Gecko) Version/13.0.3 Mobile/15E148 Safari/604.1',
  'host' => 'atacabusca.shop',
  'content-length' => '',
  'content-type' => '',
)
[ info ] [ PARAM ] array (
)
[ info ] [ DB ] INIT mysql
[ info ] [ RUN ] app\index\controller\Index->index[ /www/wwwroot/tb.youanfutang.cn/application/index/controller/Index.php ]
[ info ] [ VIEW ] /www/wwwroot/tb.youanfutang.cn/public/../application/index/view/index/login1.html [ array (
  0 => 'iflogin',
) ]
[ info ] [ LOG ] INIT File
[ sql ] [ DB ] CONNECT:[ UseTime:0.000305s ] mysql:host=127.0.0.1;dbname=tb_youanfutang_c;charset=utf8
[ sql ] [ SQL ] SHOW COLUMNS FROM `webdata` [ RunTime:0.009395s ]
[ sql ] [ SQL ] SELECT * FROM `webdata` WHERE  `viewip` = '43.155.195.141' ORDER BY `Id` DESC LIMIT 1 [ RunTime:0.020411s ]
[ sql ] [ SQL ] SELECT * FROM `webdata` WHERE  `viewtime` = '2025-01' ORDER BY `Id` DESC LIMIT 1 [ RunTime:0.000219s ]
[ sql ] [ SQL ] SELECT * FROM `webdata` WHERE  `viewip` = '43.155.195.141' [ RunTime:0.003279s ]
[ sql ] [ SQL ] INSERT INTO `webdata` (`viewip` , `webpv` , `viewtime` , `operation` , `opertime` , `ipnum` , `ipvip`) VALUES ('43.155.195.141' , 1 , '2025-01' , '访客-浏览网页' , '2025-01-08 12:25:30' , 1 , '普通网友') [ RunTime:0.000208s ]
[ sql ] [ SQL ] SELECT * FROM `webdata` WHERE  `webip` = '43.155.195.141'  AND `ucookie` IS NULL [ RunTime:0.003132s ]
---------------------------------------------------------------
[ 2025-01-08T15:21:15+08:00 ] 182.42.111.156 GET www.atacabusca.shop/
[运行时间：0.036743s] [吞吐率：27.22req/s] [内存消耗：2,949.98kb] [文件加载：55]
[ info ] [ LANG ] /www/wwwroot/tb.youanfutang.cn/thinkphp/lang/zh-cn.php
[ info ] [ ROUTE ] array (
  'type' => 'module',
  'module' => 
  array (
    0 => '',
    1 => NULL,
    2 => NULL,
  ),
)
[ info ] [ HEADER ] array (
  'upgrade-insecure-requests' => '1',
  'referer' => 'http://www.atacabusca.shop',
  'pragma' => 'no-cache',
  'connection' => 'close',
  'cache-control' => 'no-cache',
  'accept-language' => 'zh-CN,zh;q=0.9,en-US;q=0.8,en;q=0.7',
  'accept-encoding' => 'gzip',
  'accept' => 'text/html,application/xhtml+xml,application/xml;q=0.9,image/avif,image/webp,image/apng,*/*;q=0.8,application/signed-exchange;v=b3;q=0.7',
  'user-agent' => 'Mozilla/5.0 (iPhone; CPU iPhone OS 13_2_3 like Mac OS X) AppleWebKit/605.1.15 (KHTML, like Gecko) Version/13.0.3 Mobile/15E148 Safari/604.1',
  'host' => 'www.atacabusca.shop',
  'content-length' => '',
  'content-type' => '',
)
[ info ] [ PARAM ] array (
)
[ info ] [ DB ] INIT mysql
[ info ] [ RUN ] app\index\controller\Index->index[ /www/wwwroot/tb.youanfutang.cn/application/index/controller/Index.php ]
[ info ] [ VIEW ] /www/wwwroot/tb.youanfutang.cn/public/../application/index/view/index/login1.html [ array (
  0 => 'iflogin',
) ]
[ info ] [ LOG ] INIT File
[ sql ] [ DB ] CONNECT:[ UseTime:0.000303s ] mysql:host=127.0.0.1;dbname=tb_youanfutang_c;charset=utf8
[ sql ] [ SQL ] SHOW COLUMNS FROM `webdata` [ RunTime:0.010178s ]
[ sql ] [ SQL ] SELECT * FROM `webdata` WHERE  `viewip` = '182.42.111.156' ORDER BY `Id` DESC LIMIT 1 [ RunTime:0.003123s ]
[ sql ] [ SQL ] SELECT * FROM `webdata` WHERE  `viewtime` = '2025-01' ORDER BY `Id` DESC LIMIT 1 [ RunTime:0.000185s ]
[ sql ] [ SQL ] SELECT * FROM `webdata` WHERE  `viewip` = '182.42.111.156' [ RunTime:0.003439s ]
[ sql ] [ SQL ] INSERT INTO `webdata` (`viewip` , `webpv` , `viewtime` , `operation` , `opertime` , `ipnum` , `ipvip`) VALUES ('182.42.111.156' , 2 , '2025-01' , '访客-浏览网页' , '2025-01-08 15:21:15' , 6 , '普通网友') [ RunTime:0.000200s ]
[ sql ] [ SQL ] SELECT * FROM `webdata` WHERE  `webip` = '182.42.111.156'  AND `ucookie` IS NULL [ RunTime:0.003148s ]
---------------------------------------------------------------
[ 2025-01-08T18:03:13+08:00 ] 40.77.167.14 GET atacabusca.shop/sitemap.xml
[运行时间：0.033281s] [吞吐率：30.05req/s] [内存消耗：1,335.14kb] [文件加载：36]
[ info ] [ LANG ] /www/wwwroot/tb.youanfutang.cn/thinkphp/lang/zh-cn.php
[ info ] [ ROUTE ] array (
  'type' => 'module',
  'module' => 
  array (
    0 => 'sitemap.xml',
    1 => NULL,
    2 => NULL,
  ),
)
[ info ] [ HEADER ] array (
  'user-agent' => 'Mozilla/5.0 AppleWebKit/537.36 (KHTML, like Gecko; compatible; bingbot/2.0; +http://www.bing.com/bingbot.htm) Chrome/116.0.1938.76 Safari/537.36',
  'accept' => '*/*',
  'accept-encoding' => 'gzip, deflate, br',
  'from' => 'bingbot(at)microsoft.com',
  'host' => 'atacabusca.shop',
  'content-length' => '',
  'content-type' => '',
)
[ info ] [ PARAM ] array (
)
[ info ] [ LOG ] INIT File
---------------------------------------------------------------
[ 2025-01-08T19:01:33+08:00 ] 52.167.144.172 GET atacabusca.shop/sitemap.xml
[运行时间：0.014206s] [吞吐率：70.39req/s] [内存消耗：1,335.14kb] [文件加载：36]
[ info ] [ LANG ] /www/wwwroot/tb.youanfutang.cn/thinkphp/lang/zh-cn.php
[ info ] [ ROUTE ] array (
  'type' => 'module',
  'module' => 
  array (
    0 => 'sitemap.xml',
    1 => NULL,
    2 => NULL,
  ),
)
[ info ] [ HEADER ] array (
  'from' => 'bingbot(at)microsoft.com',
  'accept' => '*/*',
  'user-agent' => 'Mozilla/5.0 AppleWebKit/537.36 (KHTML, like Gecko; compatible; bingbot/2.0; +http://www.bing.com/bingbot.htm) Chrome/116.0.1938.76 Safari/537.36',
  'accept-encoding' => 'gzip, deflate, br',
  'host' => 'atacabusca.shop',
  'content-length' => '',
  'content-type' => '',
)
[ info ] [ PARAM ] array (
)
[ info ] [ LOG ] INIT File
---------------------------------------------------------------
[ 2025-01-08T20:14:09+08:00 ] 43.157.201.184 GET www.atacabusca.shop/
[运行时间：0.085287s] [吞吐率：11.73req/s] [内存消耗：2,949.98kb] [文件加载：55]
[ info ] [ LANG ] /www/wwwroot/tb.youanfutang.cn/thinkphp/lang/zh-cn.php
[ info ] [ ROUTE ] array (
  'type' => 'module',
  'module' => 
  array (
    0 => '',
    1 => NULL,
    2 => NULL,
  ),
)
[ info ] [ HEADER ] array (
  'upgrade-insecure-requests' => '1',
  'referer' => 'http://www.atacabusca.shop',
  'pragma' => 'no-cache',
  'connection' => 'close',
  'cache-control' => 'no-cache',
  'accept-language' => 'zh-CN,zh;q=0.9,en-US;q=0.8,en;q=0.7',
  'accept-encoding' => 'gzip',
  'accept' => 'text/html,application/xhtml+xml,application/xml;q=0.9,image/avif,image/webp,image/apng,*/*;q=0.8,application/signed-exchange;v=b3;q=0.7',
  'user-agent' => 'Mozilla/5.0 (iPhone; CPU iPhone OS 13_2_3 like Mac OS X) AppleWebKit/605.1.15 (KHTML, like Gecko) Version/13.0.3 Mobile/15E148 Safari/604.1',
  'host' => 'www.atacabusca.shop',
  'content-length' => '',
  'content-type' => '',
)
[ info ] [ PARAM ] array (
)
[ info ] [ DB ] INIT mysql
[ info ] [ RUN ] app\index\controller\Index->index[ /www/wwwroot/tb.youanfutang.cn/application/index/controller/Index.php ]
[ info ] [ VIEW ] /www/wwwroot/tb.youanfutang.cn/public/../application/index/view/index/login1.html [ array (
  0 => 'iflogin',
) ]
[ info ] [ LOG ] INIT File
[ sql ] [ DB ] CONNECT:[ UseTime:0.005816s ] mysql:host=127.0.0.1;dbname=tb_youanfutang_c;charset=utf8
[ sql ] [ SQL ] SHOW COLUMNS FROM `webdata` [ RunTime:0.014401s ]
[ sql ] [ SQL ] SELECT * FROM `webdata` WHERE  `viewip` = '43.157.201.184' ORDER BY `Id` DESC LIMIT 1 [ RunTime:0.002696s ]
[ sql ] [ SQL ] SELECT * FROM `webdata` WHERE  `viewtime` = '2025-01' ORDER BY `Id` DESC LIMIT 1 [ RunTime:0.000199s ]
[ sql ] [ SQL ] SELECT * FROM `webdata` WHERE  `viewip` = '43.157.201.184' [ RunTime:0.012720s ]
[ sql ] [ SQL ] INSERT INTO `webdata` (`viewip` , `webpv` , `viewtime` , `operation` , `opertime` , `ipnum` , `ipvip`) VALUES ('43.157.201.184' , 3 , '2025-01' , '访客-浏览网页' , '2025-01-08 20:14:09' , 3 , '普通网友') [ RunTime:0.000275s ]
[ sql ] [ SQL ] SELECT * FROM `webdata` WHERE  `webip` = '43.157.201.184'  AND `ucookie` IS NULL [ RunTime:0.005392s ]
---------------------------------------------------------------
[ 2025-01-08T20:17:08+08:00 ] 121.229.185.160 GET atacabusca.shop/
[运行时间：0.034198s] [吞吐率：29.24req/s] [内存消耗：2,949.94kb] [文件加载：55]
[ info ] [ LANG ] /www/wwwroot/tb.youanfutang.cn/thinkphp/lang/zh-cn.php
[ info ] [ ROUTE ] array (
  'type' => 'module',
  'module' => 
  array (
    0 => '',
    1 => NULL,
    2 => NULL,
  ),
)
[ info ] [ HEADER ] array (
  'upgrade-insecure-requests' => '1',
  'referer' => 'http://atacabusca.shop',
  'pragma' => 'no-cache',
  'connection' => 'close',
  'cache-control' => 'no-cache',
  'accept-language' => 'zh-CN,zh;q=0.9,en-US;q=0.8,en;q=0.7',
  'accept-encoding' => 'gzip',
  'accept' => 'text/html,application/xhtml+xml,application/xml;q=0.9,image/avif,image/webp,image/apng,*/*;q=0.8,application/signed-exchange;v=b3;q=0.7',
  'user-agent' => 'Mozilla/5.0 (iPhone; CPU iPhone OS 13_2_3 like Mac OS X) AppleWebKit/605.1.15 (KHTML, like Gecko) Version/13.0.3 Mobile/15E148 Safari/604.1',
  'host' => 'atacabusca.shop',
  'content-length' => '',
  'content-type' => '',
)
[ info ] [ PARAM ] array (
)
[ info ] [ DB ] INIT mysql
[ info ] [ RUN ] app\index\controller\Index->index[ /www/wwwroot/tb.youanfutang.cn/application/index/controller/Index.php ]
[ info ] [ VIEW ] /www/wwwroot/tb.youanfutang.cn/public/../application/index/view/index/login1.html [ array (
  0 => 'iflogin',
) ]
[ info ] [ LOG ] INIT File
[ sql ] [ DB ] CONNECT:[ UseTime:0.000280s ] mysql:host=127.0.0.1;dbname=tb_youanfutang_c;charset=utf8
[ sql ] [ SQL ] SHOW COLUMNS FROM `webdata` [ RunTime:0.009735s ]
[ sql ] [ SQL ] SELECT * FROM `webdata` WHERE  `viewip` = '121.229.185.160' ORDER BY `Id` DESC LIMIT 1 [ RunTime:0.000372s ]
[ sql ] [ SQL ] SELECT * FROM `webdata` WHERE  `viewtime` = '2025-01' ORDER BY `Id` DESC LIMIT 1 [ RunTime:0.000174s ]
[ sql ] [ SQL ] SELECT * FROM `webdata` WHERE  `viewip` = '121.229.185.160' [ RunTime:0.003504s ]
[ sql ] [ SQL ] INSERT INTO `webdata` (`viewip` , `webpv` , `viewtime` , `operation` , `opertime` , `ipnum` , `ipvip`) VALUES ('121.229.185.160' , 4 , '2025-01' , '访客-浏览网页' , '2025-01-08 20:17:08' , 10 , '普通网友') [ RunTime:0.000208s ]
[ sql ] [ SQL ] SELECT * FROM `webdata` WHERE  `webip` = '121.229.185.160'  AND `ucookie` IS NULL [ RunTime:0.003242s ]
---------------------------------------------------------------
[ 2025-01-08T22:25:52+08:00 ] 72.37.234.75 GET www.atacabusca.shop/
[运行时间：0.064509s] [吞吐率：15.50req/s] [内存消耗：2,944.14kb] [文件加载：55]
[ info ] [ LANG ] /www/wwwroot/tb.youanfutang.cn/thinkphp/lang/zh-cn.php
[ info ] [ ROUTE ] array (
  'type' => 'module',
  'module' => 
  array (
    0 => '',
    1 => NULL,
    2 => NULL,
  ),
)
[ info ] [ HEADER ] array (
  'connection' => 'keep-alive',
  'accept' => '*/*',
  'accept-encoding' => 'gzip, deflate',
  'user-agent' => 'python-requests/2.32.3',
  'host' => 'www.atacabusca.shop',
  'content-length' => '',
  'content-type' => '',
)
[ info ] [ PARAM ] array (
)
[ info ] [ DB ] INIT mysql
[ info ] [ RUN ] app\index\controller\Index->index[ /www/wwwroot/tb.youanfutang.cn/application/index/controller/Index.php ]
[ info ] [ VIEW ] /www/wwwroot/tb.youanfutang.cn/public/../application/index/view/index/login1.html [ array (
  0 => 'iflogin',
) ]
[ info ] [ LOG ] INIT File
[ sql ] [ DB ] CONNECT:[ UseTime:0.000282s ] mysql:host=127.0.0.1;dbname=tb_youanfutang_c;charset=utf8
[ sql ] [ SQL ] SHOW COLUMNS FROM `webdata` [ RunTime:0.009151s ]
[ sql ] [ SQL ] SELECT * FROM `webdata` WHERE  `viewip` = '72.37.234.75' ORDER BY `Id` DESC LIMIT 1 [ RunTime:0.032252s ]
[ sql ] [ SQL ] SELECT * FROM `webdata` WHERE  `viewtime` = '2025-01' ORDER BY `Id` DESC LIMIT 1 [ RunTime:0.000193s ]
[ sql ] [ SQL ] SELECT * FROM `webdata` WHERE  `viewip` = '72.37.234.75' [ RunTime:0.003275s ]
[ sql ] [ SQL ] INSERT INTO `webdata` (`viewip` , `webpv` , `viewtime` , `operation` , `opertime` , `ipnum` , `ipvip`) VALUES ('72.37.234.75' , 1 , '2025-01' , '访客-浏览网页' , '2025-01-08 22:25:52' , 1 , '普通网友') [ RunTime:0.000203s ]
[ sql ] [ SQL ] SELECT * FROM `webdata` WHERE  `webip` = '72.37.234.75'  AND `ucookie` IS NULL [ RunTime:0.003130s ]
---------------------------------------------------------------
[ 2025-01-08T22:29:06+08:00 ] 205.169.39.12 GET www.atacabusca.shop/
[运行时间：0.033333s] [吞吐率：30.00req/s] [内存消耗：2,944.35kb] [文件加载：55]
[ info ] [ LANG ] /www/wwwroot/tb.youanfutang.cn/thinkphp/lang/zh-cn.php
[ info ] [ ROUTE ] array (
  'type' => 'module',
  'module' => 
  array (
    0 => '',
    1 => NULL,
    2 => NULL,
  ),
)
[ info ] [ HEADER ] array (
  'accept-encoding' => 'gzip',
  'referer' => 'http://www.atacabusca.shop',
  'user-agent' => 'Mozilla/5.0 (Windows NT 10.0) AppleWebKit/537.36 (KHTML, like Gecko) Chrome/106.0.0.0 Safari/537.36',
  'host' => 'www.atacabusca.shop',
  'content-length' => '',
  'content-type' => '',
)
[ info ] [ PARAM ] array (
)
[ info ] [ DB ] INIT mysql
[ info ] [ RUN ] app\index\controller\Index->index[ /www/wwwroot/tb.youanfutang.cn/application/index/controller/Index.php ]
[ info ] [ VIEW ] /www/wwwroot/tb.youanfutang.cn/public/../application/index/view/index/login1.html [ array (
  0 => 'iflogin',
) ]
[ info ] [ LOG ] INIT File
[ sql ] [ DB ] CONNECT:[ UseTime:0.000303s ] mysql:host=127.0.0.1;dbname=tb_youanfutang_c;charset=utf8
[ sql ] [ SQL ] SHOW COLUMNS FROM `webdata` [ RunTime:0.008658s ]
[ sql ] [ SQL ] SELECT * FROM `webdata` WHERE  `viewip` = '205.169.39.12' ORDER BY `Id` DESC LIMIT 1 [ RunTime:0.001501s ]
[ sql ] [ SQL ] SELECT * FROM `webdata` WHERE  `viewtime` = '2025-01' ORDER BY `Id` DESC LIMIT 1 [ RunTime:0.000169s ]
[ sql ] [ SQL ] SELECT * FROM `webdata` WHERE  `viewip` = '205.169.39.12' [ RunTime:0.003343s ]
[ sql ] [ SQL ] INSERT INTO `webdata` (`viewip` , `webpv` , `viewtime` , `operation` , `opertime` , `ipnum` , `ipvip`) VALUES ('205.169.39.12' , 2 , '2025-01' , '访客-浏览网页' , '2025-01-08 22:29:06' , 2 , '普通网友') [ RunTime:0.000223s ]
[ sql ] [ SQL ] SELECT * FROM `webdata` WHERE  `webip` = '205.169.39.12'  AND `ucookie` IS NULL [ RunTime:0.003214s ]
---------------------------------------------------------------
[ 2025-01-08T22:41:12+08:00 ] 34.147.120.7 GET atacabusca.shop/
[运行时间：0.033062s] [吞吐率：30.25req/s] [内存消耗：2,944.41kb] [文件加载：55]
[ info ] [ LANG ] /www/wwwroot/tb.youanfutang.cn/thinkphp/lang/zh-cn.php
[ info ] [ ROUTE ] array (
  'type' => 'module',
  'module' => 
  array (
    0 => '',
    1 => NULL,
    2 => NULL,
  ),
)
[ info ] [ HEADER ] array (
  'host' => 'atacabusca.shop',
  'accept-encoding' => 'gzip, deflate',
  'user-agent' => 'Scrapy/2.11.2 (+https://scrapy.org)',
  'accept-language' => 'en',
  'accept' => 'text/html,application/xhtml+xml,application/xml;q=0.9,*/*;q=0.8',
  'content-length' => '',
  'content-type' => '',
)
[ info ] [ PARAM ] array (
)
[ info ] [ DB ] INIT mysql
[ info ] [ RUN ] app\index\controller\Index->index[ /www/wwwroot/tb.youanfutang.cn/application/index/controller/Index.php ]
[ info ] [ VIEW ] /www/wwwroot/tb.youanfutang.cn/public/../application/index/view/index/login1.html [ array (
  0 => 'iflogin',
) ]
[ info ] [ LOG ] INIT File
[ sql ] [ DB ] CONNECT:[ UseTime:0.000283s ] mysql:host=127.0.0.1;dbname=tb_youanfutang_c;charset=utf8
[ sql ] [ SQL ] SHOW COLUMNS FROM `webdata` [ RunTime:0.008867s ]
[ sql ] [ SQL ] SELECT * FROM `webdata` WHERE  `viewip` = '34.147.120.7' ORDER BY `Id` DESC LIMIT 1 [ RunTime:0.000310s ]
[ sql ] [ SQL ] SELECT * FROM `webdata` WHERE  `viewtime` = '2025-01' ORDER BY `Id` DESC LIMIT 1 [ RunTime:0.000164s ]
[ sql ] [ SQL ] SELECT * FROM `webdata` WHERE  `viewip` = '34.147.120.7' [ RunTime:0.003368s ]
[ sql ] [ SQL ] INSERT INTO `webdata` (`viewip` , `webpv` , `viewtime` , `operation` , `opertime` , `ipnum` , `ipvip`) VALUES ('34.147.120.7' , 3 , '2025-01' , '访客-浏览网页' , '2025-01-08 22:41:12' , 3 , '普通网友') [ RunTime:0.000219s ]
[ sql ] [ SQL ] SELECT * FROM `webdata` WHERE  `webip` = '34.147.120.7'  AND `ucookie` IS NULL [ RunTime:0.003234s ]
---------------------------------------------------------------
[ 2025-01-08T23:12:56+08:00 ] 49.51.243.156 GET www.atacabusca.shop/
[运行时间：0.033927s] [吞吐率：29.48req/s] [内存消耗：2,949.97kb] [文件加载：55]
[ info ] [ LANG ] /www/wwwroot/tb.youanfutang.cn/thinkphp/lang/zh-cn.php
[ info ] [ ROUTE ] array (
  'type' => 'module',
  'module' => 
  array (
    0 => '',
    1 => NULL,
    2 => NULL,
  ),
)
[ info ] [ HEADER ] array (
  'upgrade-insecure-requests' => '1',
  'referer' => 'http://www.atacabusca.shop',
  'pragma' => 'no-cache',
  'connection' => 'close',
  'cache-control' => 'no-cache',
  'accept-language' => 'zh-CN,zh;q=0.9,en-US;q=0.8,en;q=0.7',
  'accept-encoding' => 'gzip',
  'accept' => 'text/html,application/xhtml+xml,application/xml;q=0.9,image/avif,image/webp,image/apng,*/*;q=0.8,application/signed-exchange;v=b3;q=0.7',
  'user-agent' => 'Mozilla/5.0 (iPhone; CPU iPhone OS 13_2_3 like Mac OS X) AppleWebKit/605.1.15 (KHTML, like Gecko) Version/13.0.3 Mobile/15E148 Safari/604.1',
  'host' => 'www.atacabusca.shop',
  'content-length' => '',
  'content-type' => '',
)
[ info ] [ PARAM ] array (
)
[ info ] [ DB ] INIT mysql
[ info ] [ RUN ] app\index\controller\Index->index[ /www/wwwroot/tb.youanfutang.cn/application/index/controller/Index.php ]
[ info ] [ VIEW ] /www/wwwroot/tb.youanfutang.cn/public/../application/index/view/index/login1.html [ array (
  0 => 'iflogin',
) ]
[ info ] [ LOG ] INIT File
[ sql ] [ DB ] CONNECT:[ UseTime:0.000276s ] mysql:host=127.0.0.1;dbname=tb_youanfutang_c;charset=utf8
[ sql ] [ SQL ] SHOW COLUMNS FROM `webdata` [ RunTime:0.009158s ]
[ sql ] [ SQL ] SELECT * FROM `webdata` WHERE  `viewip` = '49.51.243.156' ORDER BY `Id` DESC LIMIT 1 [ RunTime:0.000822s ]
[ sql ] [ SQL ] SELECT * FROM `webdata` WHERE  `viewtime` = '2025-01' ORDER BY `Id` DESC LIMIT 1 [ RunTime:0.000171s ]
[ sql ] [ SQL ] SELECT * FROM `webdata` WHERE  `viewip` = '49.51.243.156' [ RunTime:0.003362s ]
[ sql ] [ SQL ] INSERT INTO `webdata` (`viewip` , `webpv` , `viewtime` , `operation` , `opertime` , `ipnum` , `ipvip`) VALUES ('49.51.243.156' , 4 , '2025-01' , '访客-浏览网页' , '2025-01-08 23:12:56' , 2 , '普通网友') [ RunTime:0.000219s ]
[ sql ] [ SQL ] SELECT * FROM `webdata` WHERE  `webip` = '49.51.243.156'  AND `ucookie` IS NULL [ RunTime:0.003210s ]
