---------------------------------------------------------------
[ 2024-07-02T02:42:20+08:00 ] 222.79.104.23 GET www.aosuper.com/
[运行时间：0.047116s] [吞吐率：21.22req/s] [内存消耗：2,949.91kb] [文件加载：55]
[ info ] [ LANG ] /www/wwwroot/tb.youanfutang.cn/thinkphp/lang/zh-cn.php
[ info ] [ ROUTE ] array (
  'type' => 'module',
  'module' => 
  array (
    0 => '',
    1 => NULL,
    2 => NULL,
  ),
)
[ info ] [ HEADER ] array (
  'upgrade-insecure-requests' => '1',
  'referer' => 'http://www.aosuper.com',
  'pragma' => 'no-cache',
  'connection' => 'close',
  'cache-control' => 'no-cache',
  'accept-language' => 'zh-CN,zh;q=0.9,en-US;q=0.8,en;q=0.7',
  'accept-encoding' => 'gzip',
  'accept' => 'text/html,application/xhtml+xml,application/xml;q=0.9,image/avif,image/webp,image/apng,*/*;q=0.8,application/signed-exchange;v=b3;q=0.7',
  'user-agent' => 'Mozilla/5.0 (iPhone; CPU iPhone OS 13_2_3 like Mac OS X) AppleWebKit/605.1.15 (KHTML, like Gecko) Version/13.0.3 Mobile/15E148 Safari/604.1',
  'host' => 'www.aosuper.com',
  'content-length' => '',
  'content-type' => '',
)
[ info ] [ PARAM ] array (
)
[ info ] [ DB ] INIT mysql
[ info ] [ RUN ] app\index\controller\Index->index[ /www/wwwroot/tb.youanfutang.cn/application/index/controller/Index.php ]
[ info ] [ VIEW ] /www/wwwroot/tb.youanfutang.cn/public/../application/index/view/index/login1.html [ array (
  0 => 'iflogin',
) ]
[ info ] [ LOG ] INIT File
[ sql ] [ DB ] CONNECT:[ UseTime:0.000677s ] mysql:host=127.0.0.1;dbname=tb_youanfutang_c;charset=utf8
[ sql ] [ SQL ] SHOW COLUMNS FROM `webdata` [ RunTime:0.001645s ]
[ sql ] [ SQL ] SELECT * FROM `webdata` WHERE  `viewip` = '222.79.104.23' ORDER BY `Id` DESC LIMIT 1 [ RunTime:0.001342s ]
[ sql ] [ SQL ] SELECT * FROM `webdata` WHERE  `viewtime` = '2024-07' ORDER BY `Id` DESC LIMIT 1 [ RunTime:0.000283s ]
[ sql ] [ SQL ] SELECT * FROM `webdata` WHERE  `viewip` = '222.79.104.23' [ RunTime:0.006623s ]
[ sql ] [ SQL ] INSERT INTO `webdata` (`viewip` , `webpv` , `viewtime` , `operation` , `opertime` , `ipnum` , `ipvip`) VALUES ('222.79.104.23' , 3 , '2024-07' , '访客-浏览网页' , '2024-07-02 02:42:20' , 8 , '普通网友') [ RunTime:0.000432s ]
[ sql ] [ SQL ] SELECT * FROM `webdata` WHERE  `webip` = '222.79.104.23'  AND `ucookie` IS NULL [ RunTime:0.006614s ]
---------------------------------------------------------------
[ 2024-07-02T03:16:39+08:00 ] 83.97.73.239 GET aosuper.com/
[运行时间：0.048356s] [吞吐率：20.68req/s] [内存消耗：2,945.00kb] [文件加载：55]
[ info ] [ LANG ] /www/wwwroot/tb.youanfutang.cn/thinkphp/lang/zh-cn.php
[ info ] [ ROUTE ] array (
  'type' => 'module',
  'module' => 
  array (
    0 => '',
    1 => NULL,
    2 => NULL,
  ),
)
[ info ] [ HEADER ] array (
  'connection' => 'close',
  'host' => 'aosuper.com',
  'referer' => 'https://aosuper.com/',
  'user-agent' => 'Mozilla/5.0 (Windows NT 10.0; Win64; x64) AppleWebKit/537.36 (KHTML, like Gecko) Chrome/120.0.0.0 Safari/537.36',
  'accept' => 'text/html,application/xhtml+xml,application/xml;q=0.9,image/webp,*/*;q=0.8',
  'content-length' => '',
  'content-type' => '',
)
[ info ] [ PARAM ] array (
)
[ info ] [ DB ] INIT mysql
[ info ] [ RUN ] app\index\controller\Index->index[ /www/wwwroot/tb.youanfutang.cn/application/index/controller/Index.php ]
[ info ] [ VIEW ] /www/wwwroot/tb.youanfutang.cn/public/../application/index/view/index/login1.html [ array (
  0 => 'iflogin',
) ]
[ info ] [ LOG ] INIT File
[ sql ] [ DB ] CONNECT:[ UseTime:0.000805s ] mysql:host=127.0.0.1;dbname=tb_youanfutang_c;charset=utf8
[ sql ] [ SQL ] SHOW COLUMNS FROM `webdata` [ RunTime:0.001140s ]
[ sql ] [ SQL ] SELECT * FROM `webdata` WHERE  `viewip` = '83.97.73.239' ORDER BY `Id` DESC LIMIT 1 [ RunTime:0.000499s ]
[ sql ] [ SQL ] SELECT * FROM `webdata` WHERE  `viewtime` = '2024-07' ORDER BY `Id` DESC LIMIT 1 [ RunTime:0.000270s ]
[ sql ] [ SQL ] SELECT * FROM `webdata` WHERE  `viewip` = '83.97.73.239' [ RunTime:0.006619s ]
[ sql ] [ SQL ] INSERT INTO `webdata` (`viewip` , `webpv` , `viewtime` , `operation` , `opertime` , `ipnum` , `ipvip`) VALUES ('83.97.73.239' , 4 , '2024-07' , '访客-浏览网页' , '2024-07-02 03:16:39' , 6 , '普通网友') [ RunTime:0.000533s ]
[ sql ] [ SQL ] SELECT * FROM `webdata` WHERE  `webip` = '83.97.73.239'  AND `ucookie` IS NULL [ RunTime:0.006277s ]
---------------------------------------------------------------
[ 2024-07-02T03:16:40+08:00 ] 83.97.73.239 GET aosuper.com/login.php/index/captcha
[运行时间：0.401009s] [吞吐率：2.49req/s] [内存消耗：11,084.21kb] [文件加载：50]
[ info ] [ LANG ] /www/wwwroot/tb.youanfutang.cn/thinkphp/lang/zh-cn.php
[ info ] [ BIND ] 'admin'
[ info ] [ ROUTE ] array (
  'type' => 'module',
  'module' => 
  array (
    0 => 'admin',
    1 => 'index',
    2 => 'captcha',
  ),
)
[ info ] [ HEADER ] array (
  'connection' => 'close',
  'host' => 'aosuper.com',
  'referer' => 'https://aosuper.com/',
  'user-agent' => 'Mozilla/5.0 (Windows NT 10.0; Win64; x64) AppleWebKit/537.36 (KHTML, like Gecko) Chrome/120.0.0.0 Safari/537.36',
  'accept' => 'image/avif,image/webp,image/apng,image/svg+xml,image/*,*/*;q=0.8',
  'content-length' => '',
  'content-type' => '',
)
[ info ] [ PARAM ] array (
)
[ info ] [ DB ] INIT mysql
[ info ] [ RUN ] app\admin\controller\Index->captcha[ /www/wwwroot/tb.youanfutang.cn/application/admin/controller/Index.php ]
[ info ] [ SESSION ] INIT array (
  'id' => '',
  'var_session_id' => '',
  'prefix' => 'think',
  'type' => '',
  'auto_start' => true,
)
[ info ] [ LOG ] INIT File
[ sql ] [ DB ] CONNECT:[ UseTime:0.000775s ] mysql:host=127.0.0.1;dbname=tb_youanfutang_c;charset=utf8
[ sql ] [ SQL ] SHOW COLUMNS FROM `webdata` [ RunTime:0.001182s ]
[ sql ] [ SQL ] SELECT * FROM `webdata` WHERE  `ucookie` IS NULL [ RunTime:0.019924s ]
---------------------------------------------------------------
[ 2024-07-02T03:16:42+08:00 ] 83.97.73.239 GET aosuper.com/login.php/index/captcha
[运行时间：0.076337s] [吞吐率：13.10req/s] [内存消耗：11,086.15kb] [文件加载：50]
[ info ] [ LANG ] /www/wwwroot/tb.youanfutang.cn/thinkphp/lang/zh-cn.php
[ info ] [ BIND ] 'admin'
[ info ] [ ROUTE ] array (
  'type' => 'module',
  'module' => 
  array (
    0 => 'admin',
    1 => 'index',
    2 => 'captcha',
  ),
)
[ info ] [ HEADER ] array (
  'cookie' => 'PHPSESSID=8i44niv6m4l8scr9l8t5uc557p',
  'connection' => 'close',
  'host' => 'aosuper.com',
  'referer' => 'https://aosuper.com/',
  'user-agent' => 'Mozilla/5.0 (Windows NT 10.0; Win64; x64) AppleWebKit/537.36 (KHTML, like Gecko) Chrome/120.0.0.0 Safari/537.36',
  'accept' => 'image/avif,image/webp,image/apng,image/svg+xml,image/*,*/*;q=0.8',
  'content-length' => '',
  'content-type' => '',
)
[ info ] [ PARAM ] array (
)
[ info ] [ DB ] INIT mysql
[ info ] [ RUN ] app\admin\controller\Index->captcha[ /www/wwwroot/tb.youanfutang.cn/application/admin/controller/Index.php ]
[ info ] [ SESSION ] INIT array (
  'id' => '',
  'var_session_id' => '',
  'prefix' => 'think',
  'type' => '',
  'auto_start' => true,
)
[ info ] [ LOG ] INIT File
[ sql ] [ DB ] CONNECT:[ UseTime:0.000784s ] mysql:host=127.0.0.1;dbname=tb_youanfutang_c;charset=utf8
[ sql ] [ SQL ] SHOW COLUMNS FROM `webdata` [ RunTime:0.001003s ]
[ sql ] [ SQL ] SELECT * FROM `webdata` WHERE  `ucookie` IS NULL [ RunTime:0.019128s ]
---------------------------------------------------------------
[ 2024-07-02T03:16:43+08:00 ] 83.97.73.239 GET aosuper.com/login.php/index/captcha
[运行时间：0.087271s] [吞吐率：11.46req/s] [内存消耗：11,086.15kb] [文件加载：50]
[ info ] [ LANG ] /www/wwwroot/tb.youanfutang.cn/thinkphp/lang/zh-cn.php
[ info ] [ BIND ] 'admin'
[ info ] [ ROUTE ] array (
  'type' => 'module',
  'module' => 
  array (
    0 => 'admin',
    1 => 'index',
    2 => 'captcha',
  ),
)
[ info ] [ HEADER ] array (
  'cookie' => 'PHPSESSID=8i44niv6m4l8scr9l8t5uc557p',
  'connection' => 'close',
  'host' => 'aosuper.com',
  'referer' => 'https://aosuper.com/',
  'user-agent' => 'Mozilla/5.0 (Windows NT 10.0; Win64; x64) AppleWebKit/537.36 (KHTML, like Gecko) Chrome/120.0.0.0 Safari/537.36',
  'accept' => 'image/avif,image/webp,image/apng,image/svg+xml,image/*,*/*;q=0.8',
  'content-length' => '',
  'content-type' => '',
)
[ info ] [ PARAM ] array (
)
[ info ] [ DB ] INIT mysql
[ info ] [ RUN ] app\admin\controller\Index->captcha[ /www/wwwroot/tb.youanfutang.cn/application/admin/controller/Index.php ]
[ info ] [ SESSION ] INIT array (
  'id' => '',
  'var_session_id' => '',
  'prefix' => 'think',
  'type' => '',
  'auto_start' => true,
)
[ info ] [ LOG ] INIT File
[ sql ] [ DB ] CONNECT:[ UseTime:0.000663s ] mysql:host=127.0.0.1;dbname=tb_youanfutang_c;charset=utf8
[ sql ] [ SQL ] SHOW COLUMNS FROM `webdata` [ RunTime:0.001021s ]
[ sql ] [ SQL ] SELECT * FROM `webdata` WHERE  `ucookie` IS NULL [ RunTime:0.019978s ]
---------------------------------------------------------------
[ 2024-07-02T03:16:44+08:00 ] 83.97.73.239 GET aosuper.com/login.php/index/captcha
[运行时间：0.103843s] [吞吐率：9.63req/s] [内存消耗：11,086.15kb] [文件加载：50]
[ info ] [ LANG ] /www/wwwroot/tb.youanfutang.cn/thinkphp/lang/zh-cn.php
[ info ] [ BIND ] 'admin'
[ info ] [ ROUTE ] array (
  'type' => 'module',
  'module' => 
  array (
    0 => 'admin',
    1 => 'index',
    2 => 'captcha',
  ),
)
[ info ] [ HEADER ] array (
  'cookie' => 'PHPSESSID=8i44niv6m4l8scr9l8t5uc557p',
  'connection' => 'close',
  'host' => 'aosuper.com',
  'referer' => 'https://aosuper.com/',
  'user-agent' => 'Mozilla/5.0 (Windows NT 10.0; Win64; x64) AppleWebKit/537.36 (KHTML, like Gecko) Chrome/120.0.0.0 Safari/537.36',
  'accept' => 'image/avif,image/webp,image/apng,image/svg+xml,image/*,*/*;q=0.8',
  'content-length' => '',
  'content-type' => '',
)
[ info ] [ PARAM ] array (
)
[ info ] [ DB ] INIT mysql
[ info ] [ RUN ] app\admin\controller\Index->captcha[ /www/wwwroot/tb.youanfutang.cn/application/admin/controller/Index.php ]
[ info ] [ SESSION ] INIT array (
  'id' => '',
  'var_session_id' => '',
  'prefix' => 'think',
  'type' => '',
  'auto_start' => true,
)
[ info ] [ LOG ] INIT File
[ sql ] [ DB ] CONNECT:[ UseTime:0.000679s ] mysql:host=127.0.0.1;dbname=tb_youanfutang_c;charset=utf8
[ sql ] [ SQL ] SHOW COLUMNS FROM `webdata` [ RunTime:0.001017s ]
[ sql ] [ SQL ] SELECT * FROM `webdata` WHERE  `ucookie` IS NULL [ RunTime:0.019377s ]
---------------------------------------------------------------
[ 2024-07-02T03:25:50+08:00 ] 34.245.133.83 GET www.aosuper.com/
[运行时间：0.082472s] [吞吐率：12.13req/s] [内存消耗：2,947.23kb] [文件加载：55]
[ info ] [ LANG ] /www/wwwroot/tb.youanfutang.cn/thinkphp/lang/zh-cn.php
[ info ] [ ROUTE ] array (
  'type' => 'module',
  'module' => 
  array (
    0 => '',
    1 => NULL,
    2 => NULL,
  ),
)
[ info ] [ HEADER ] array (
  'connection' => 'close',
  'accept-encoding' => 'identity',
  'accept-language' => 'en-gb,en;q=0.5',
  'accept' => 'text/xml,application/xml,application/xhtml+xml,text/html;q=0.9,text/plain;q=0.8,image/png,*/*;q=0.5',
  'user-agent' => 'Mozilla/5.0 (compatible; NetcraftSurveyAgent/1.0; +info@netcraft.com)',
  'accept-charset' => 'ISO-8859-1,utf-8;q=0.7,*;q=0.7',
  'host' => 'www.aosuper.com',
  'content-length' => '',
  'content-type' => '',
)
[ info ] [ PARAM ] array (
)
[ info ] [ DB ] INIT mysql
[ info ] [ RUN ] app\index\controller\Index->index[ /www/wwwroot/tb.youanfutang.cn/application/index/controller/Index.php ]
[ info ] [ VIEW ] /www/wwwroot/tb.youanfutang.cn/public/../application/index/view/index/login1.html [ array (
  0 => 'iflogin',
) ]
[ info ] [ LOG ] INIT File
[ sql ] [ DB ] CONNECT:[ UseTime:0.000886s ] mysql:host=127.0.0.1;dbname=tb_youanfutang_c;charset=utf8
[ sql ] [ SQL ] SHOW COLUMNS FROM `webdata` [ RunTime:0.001042s ]
[ sql ] [ SQL ] SELECT * FROM `webdata` WHERE  `viewip` = '34.245.133.83' ORDER BY `Id` DESC LIMIT 1 [ RunTime:0.032513s ]
[ sql ] [ SQL ] SELECT * FROM `webdata` WHERE  `viewtime` = '2024-07' ORDER BY `Id` DESC LIMIT 1 [ RunTime:0.000516s ]
[ sql ] [ SQL ] SELECT * FROM `webdata` WHERE  `viewip` = '34.245.133.83' [ RunTime:0.008387s ]
[ sql ] [ SQL ] INSERT INTO `webdata` (`viewip` , `webpv` , `viewtime` , `operation` , `opertime` , `ipnum` , `ipvip`) VALUES ('34.245.133.83' , 1 , '2024-07' , '访客-浏览网页' , '2024-07-02 03:25:50' , 1 , '普通网友') [ RunTime:0.000761s ]
[ sql ] [ SQL ] SELECT * FROM `webdata` WHERE  `webip` = '34.245.133.83'  AND `ucookie` IS NULL [ RunTime:0.007764s ]
---------------------------------------------------------------
[ 2024-07-02T04:16:09+08:00 ] 176.111.174.153 GET aosuper.com/
[运行时间：0.117758s] [吞吐率：8.49req/s] [内存消耗：2,945.02kb] [文件加载：55]
[ info ] [ LANG ] /www/wwwroot/tb.youanfutang.cn/thinkphp/lang/zh-cn.php
[ info ] [ ROUTE ] array (
  'type' => 'module',
  'module' => 
  array (
    0 => '',
    1 => NULL,
    2 => NULL,
  ),
)
[ info ] [ HEADER ] array (
  'connection' => 'close',
  'host' => 'aosuper.com',
  'referer' => 'https://aosuper.com/',
  'user-agent' => 'Mozilla/5.0 (Windows NT 10.0; Win64; x64) AppleWebKit/537.36 (KHTML, like Gecko) Chrome/111.0.0.0 Safari/537.36',
  'accept' => 'text/html,application/xhtml+xml,application/xml;q=0.9,image/webp,*/*;q=0.8',
  'content-length' => '',
  'content-type' => '',
)
[ info ] [ PARAM ] array (
)
[ info ] [ DB ] INIT mysql
[ info ] [ RUN ] app\index\controller\Index->index[ /www/wwwroot/tb.youanfutang.cn/application/index/controller/Index.php ]
[ info ] [ VIEW ] /www/wwwroot/tb.youanfutang.cn/public/../application/index/view/index/login1.html [ array (
  0 => 'iflogin',
) ]
[ info ] [ LOG ] INIT File
[ sql ] [ DB ] CONNECT:[ UseTime:0.000968s ] mysql:host=127.0.0.1;dbname=tb_youanfutang_c;charset=utf8
[ sql ] [ SQL ] SHOW COLUMNS FROM `webdata` [ RunTime:0.001059s ]
[ sql ] [ SQL ] SELECT * FROM `webdata` WHERE  `viewip` = '176.111.174.153' ORDER BY `Id` DESC LIMIT 1 [ RunTime:0.001701s ]
[ sql ] [ SQL ] SELECT * FROM `webdata` WHERE  `viewtime` = '2024-07' ORDER BY `Id` DESC LIMIT 1 [ RunTime:0.000304s ]
[ sql ] [ SQL ] SELECT * FROM `webdata` WHERE  `viewip` = '176.111.174.153' [ RunTime:0.026083s ]
[ sql ] [ SQL ] INSERT INTO `webdata` (`viewip` , `webpv` , `viewtime` , `operation` , `opertime` , `ipnum` , `ipvip`) VALUES ('176.111.174.153' , 2 , '2024-07' , '访客-浏览网页' , '2024-07-02 04:16:09' , 22 , '潜在用户') [ RunTime:0.000686s ]
[ sql ] [ SQL ] SELECT * FROM `webdata` WHERE  `webip` = '176.111.174.153'  AND `ucookie` IS NULL [ RunTime:0.006822s ]
---------------------------------------------------------------
[ 2024-07-02T04:16:10+08:00 ] 176.111.174.153 GET aosuper.com/login.php/index/captcha
[运行时间：0.082402s] [吞吐率：12.14req/s] [内存消耗：11,084.62kb] [文件加载：50]
[ info ] [ LANG ] /www/wwwroot/tb.youanfutang.cn/thinkphp/lang/zh-cn.php
[ info ] [ BIND ] 'admin'
[ info ] [ ROUTE ] array (
  'type' => 'module',
  'module' => 
  array (
    0 => 'admin',
    1 => 'index',
    2 => 'captcha',
  ),
)
[ info ] [ HEADER ] array (
  'connection' => 'close',
  'host' => 'aosuper.com',
  'referer' => 'https://aosuper.com/',
  'user-agent' => 'Mozilla/5.0 (Windows NT 10.0; Win64; x64) AppleWebKit/537.36 (KHTML, like Gecko) Chrome/111.0.0.0 Safari/537.36',
  'accept' => 'image/avif,image/webp,image/apng,image/svg+xml,image/*,*/*;q=0.8',
  'content-length' => '',
  'content-type' => '',
)
[ info ] [ PARAM ] array (
)
[ info ] [ DB ] INIT mysql
[ info ] [ RUN ] app\admin\controller\Index->captcha[ /www/wwwroot/tb.youanfutang.cn/application/admin/controller/Index.php ]
[ info ] [ SESSION ] INIT array (
  'id' => '',
  'var_session_id' => '',
  'prefix' => 'think',
  'type' => '',
  'auto_start' => true,
)
[ info ] [ LOG ] INIT File
[ sql ] [ DB ] CONNECT:[ UseTime:0.000713s ] mysql:host=127.0.0.1;dbname=tb_youanfutang_c;charset=utf8
[ sql ] [ SQL ] SHOW COLUMNS FROM `webdata` [ RunTime:0.000950s ]
[ sql ] [ SQL ] SELECT * FROM `webdata` WHERE  `ucookie` IS NULL [ RunTime:0.018781s ]
---------------------------------------------------------------
[ 2024-07-02T04:16:12+08:00 ] 176.111.174.153 GET aosuper.com/login.php/index/captcha
[运行时间：0.077183s] [吞吐率：12.96req/s] [内存消耗：11,086.55kb] [文件加载：50]
[ info ] [ LANG ] /www/wwwroot/tb.youanfutang.cn/thinkphp/lang/zh-cn.php
[ info ] [ BIND ] 'admin'
[ info ] [ ROUTE ] array (
  'type' => 'module',
  'module' => 
  array (
    0 => 'admin',
    1 => 'index',
    2 => 'captcha',
  ),
)
[ info ] [ HEADER ] array (
  'cookie' => 'PHPSESSID=qammn4r4dve69udml4vr538c3f',
  'connection' => 'close',
  'host' => 'aosuper.com',
  'referer' => 'https://aosuper.com/',
  'user-agent' => 'Mozilla/5.0 (Windows NT 10.0; Win64; x64) AppleWebKit/537.36 (KHTML, like Gecko) Chrome/111.0.0.0 Safari/537.36',
  'accept' => 'image/avif,image/webp,image/apng,image/svg+xml,image/*,*/*;q=0.8',
  'content-length' => '',
  'content-type' => '',
)
[ info ] [ PARAM ] array (
)
[ info ] [ DB ] INIT mysql
[ info ] [ RUN ] app\admin\controller\Index->captcha[ /www/wwwroot/tb.youanfutang.cn/application/admin/controller/Index.php ]
[ info ] [ SESSION ] INIT array (
  'id' => '',
  'var_session_id' => '',
  'prefix' => 'think',
  'type' => '',
  'auto_start' => true,
)
[ info ] [ LOG ] INIT File
[ sql ] [ DB ] CONNECT:[ UseTime:0.000636s ] mysql:host=127.0.0.1;dbname=tb_youanfutang_c;charset=utf8
[ sql ] [ SQL ] SHOW COLUMNS FROM `webdata` [ RunTime:0.000946s ]
[ sql ] [ SQL ] SELECT * FROM `webdata` WHERE  `ucookie` IS NULL [ RunTime:0.019135s ]
---------------------------------------------------------------
[ 2024-07-02T04:16:13+08:00 ] 176.111.174.153 GET aosuper.com/login.php/index/captcha
[运行时间：0.074825s] [吞吐率：13.36req/s] [内存消耗：11,086.55kb] [文件加载：50]
[ info ] [ LANG ] /www/wwwroot/tb.youanfutang.cn/thinkphp/lang/zh-cn.php
[ info ] [ BIND ] 'admin'
[ info ] [ ROUTE ] array (
  'type' => 'module',
  'module' => 
  array (
    0 => 'admin',
    1 => 'index',
    2 => 'captcha',
  ),
)
[ info ] [ HEADER ] array (
  'cookie' => 'PHPSESSID=qammn4r4dve69udml4vr538c3f',
  'connection' => 'close',
  'host' => 'aosuper.com',
  'referer' => 'https://aosuper.com/',
  'user-agent' => 'Mozilla/5.0 (Windows NT 10.0; Win64; x64) AppleWebKit/537.36 (KHTML, like Gecko) Chrome/111.0.0.0 Safari/537.36',
  'accept' => 'image/avif,image/webp,image/apng,image/svg+xml,image/*,*/*;q=0.8',
  'content-length' => '',
  'content-type' => '',
)
[ info ] [ PARAM ] array (
)
[ info ] [ DB ] INIT mysql
[ info ] [ RUN ] app\admin\controller\Index->captcha[ /www/wwwroot/tb.youanfutang.cn/application/admin/controller/Index.php ]
[ info ] [ SESSION ] INIT array (
  'id' => '',
  'var_session_id' => '',
  'prefix' => 'think',
  'type' => '',
  'auto_start' => true,
)
[ info ] [ LOG ] INIT File
[ sql ] [ DB ] CONNECT:[ UseTime:0.000621s ] mysql:host=127.0.0.1;dbname=tb_youanfutang_c;charset=utf8
[ sql ] [ SQL ] SHOW COLUMNS FROM `webdata` [ RunTime:0.001014s ]
[ sql ] [ SQL ] SELECT * FROM `webdata` WHERE  `ucookie` IS NULL [ RunTime:0.017474s ]
---------------------------------------------------------------
[ 2024-07-02T04:16:14+08:00 ] 176.111.174.153 GET aosuper.com/login.php/index/captcha
[运行时间：0.074972s] [吞吐率：13.34req/s] [内存消耗：11,086.55kb] [文件加载：50]
[ info ] [ LANG ] /www/wwwroot/tb.youanfutang.cn/thinkphp/lang/zh-cn.php
[ info ] [ BIND ] 'admin'
[ info ] [ ROUTE ] array (
  'type' => 'module',
  'module' => 
  array (
    0 => 'admin',
    1 => 'index',
    2 => 'captcha',
  ),
)
[ info ] [ HEADER ] array (
  'cookie' => 'PHPSESSID=qammn4r4dve69udml4vr538c3f',
  'connection' => 'close',
  'host' => 'aosuper.com',
  'referer' => 'https://aosuper.com/',
  'user-agent' => 'Mozilla/5.0 (Windows NT 10.0; Win64; x64) AppleWebKit/537.36 (KHTML, like Gecko) Chrome/111.0.0.0 Safari/537.36',
  'accept' => 'image/avif,image/webp,image/apng,image/svg+xml,image/*,*/*;q=0.8',
  'content-length' => '',
  'content-type' => '',
)
[ info ] [ PARAM ] array (
)
[ info ] [ DB ] INIT mysql
[ info ] [ RUN ] app\admin\controller\Index->captcha[ /www/wwwroot/tb.youanfutang.cn/application/admin/controller/Index.php ]
[ info ] [ SESSION ] INIT array (
  'id' => '',
  'var_session_id' => '',
  'prefix' => 'think',
  'type' => '',
  'auto_start' => true,
)
[ info ] [ LOG ] INIT File
[ sql ] [ DB ] CONNECT:[ UseTime:0.000670s ] mysql:host=127.0.0.1;dbname=tb_youanfutang_c;charset=utf8
[ sql ] [ SQL ] SHOW COLUMNS FROM `webdata` [ RunTime:0.000978s ]
[ sql ] [ SQL ] SELECT * FROM `webdata` WHERE  `ucookie` IS NULL [ RunTime:0.018163s ]
---------------------------------------------------------------
[ 2024-07-02T10:02:01+08:00 ] 66.249.66.200 GET aosuper.com/
[运行时间：0.101160s] [吞吐率：9.89req/s] [内存消耗：2,948.51kb] [文件加载：55]
[ info ] [ LANG ] /www/wwwroot/tb.youanfutang.cn/thinkphp/lang/zh-cn.php
[ info ] [ ROUTE ] array (
  'type' => 'module',
  'module' => 
  array (
    0 => '',
    1 => NULL,
    2 => NULL,
  ),
)
[ info ] [ HEADER ] array (
  'if-modified-since' => 'Wed, 12 Jun 2024 23:24:58 GMT',
  'accept-encoding' => 'gzip, deflate, br',
  'user-agent' => 'Mozilla/5.0 (Linux; Android 6.0.1; Nexus 5X Build/MMB29P) AppleWebKit/537.36 (KHTML, like Gecko) Chrome/125.0.6422.175 Mobile Safari/537.36 (compatible; Googlebot/2.1; +http://www.google.com/bot.html)',
  'from' => 'googlebot(at)googlebot.com',
  'accept' => 'text/html,application/xhtml+xml,application/signed-exchange;v=b3,application/xml;q=0.9,*/*;q=0.8',
  'connection' => 'keep-alive',
  'amp-cache-transform' => 'google;v="1..8"',
  'host' => 'aosuper.com',
  'content-length' => '',
  'content-type' => '',
)
[ info ] [ PARAM ] array (
)
[ info ] [ DB ] INIT mysql
[ info ] [ RUN ] app\index\controller\Index->index[ /www/wwwroot/tb.youanfutang.cn/application/index/controller/Index.php ]
[ info ] [ VIEW ] /www/wwwroot/tb.youanfutang.cn/public/../application/index/view/index/login1.html [ array (
  0 => 'iflogin',
) ]
[ info ] [ LOG ] INIT File
[ sql ] [ DB ] CONNECT:[ UseTime:0.000704s ] mysql:host=127.0.0.1;dbname=tb_youanfutang_c;charset=utf8
[ sql ] [ SQL ] SHOW COLUMNS FROM `webdata` [ RunTime:0.024062s ]
[ sql ] [ SQL ] SELECT * FROM `webdata` WHERE  `viewip` = '66.249.66.200' ORDER BY `Id` DESC LIMIT 1 [ RunTime:0.014338s ]
[ sql ] [ SQL ] SELECT * FROM `webdata` WHERE  `viewtime` = '2024-07' ORDER BY `Id` DESC LIMIT 1 [ RunTime:0.000465s ]
[ sql ] [ SQL ] SELECT * FROM `webdata` WHERE  `viewip` = '66.249.66.200' [ RunTime:0.006664s ]
[ sql ] [ SQL ] INSERT INTO `webdata` (`viewip` , `webpv` , `viewtime` , `operation` , `opertime` , `ipnum` , `ipvip`) VALUES ('66.249.66.200' , 3 , '2024-07' , '访客-浏览网页' , '2024-07-02 10:02:01' , 3 , '普通网友') [ RunTime:0.000502s ]
[ sql ] [ SQL ] SELECT * FROM `webdata` WHERE  `webip` = '66.249.66.200'  AND `ucookie` IS NULL [ RunTime:0.006039s ]
---------------------------------------------------------------
[ 2024-07-02T10:03:20+08:00 ] 147.185.132.54 GET aosuper.com/
[运行时间：0.265249s] [吞吐率：3.77req/s] [内存消耗：2,944.78kb] [文件加载：55]
[ info ] [ LANG ] /www/wwwroot/tb.youanfutang.cn/thinkphp/lang/zh-cn.php
[ info ] [ ROUTE ] array (
  'type' => 'module',
  'module' => 
  array (
    0 => '',
    1 => NULL,
    2 => NULL,
  ),
)
[ info ] [ HEADER ] array (
  'user-agent' => 'Expanse, a Palo Alto Networks company, searches across the global IPv4 space multiple times per day to identify customers&#39; presences on the Internet. If you would like to be excluded from our scans, please send IP addresses/domains to: scaninfo@paloaltonetworks.com',
  'host' => 'aosuper.com',
  'content-length' => '',
  'content-type' => '',
)
[ info ] [ PARAM ] array (
)
[ info ] [ DB ] INIT mysql
[ info ] [ RUN ] app\index\controller\Index->index[ /www/wwwroot/tb.youanfutang.cn/application/index/controller/Index.php ]
[ info ] [ VIEW ] /www/wwwroot/tb.youanfutang.cn/public/../application/index/view/index/login1.html [ array (
  0 => 'iflogin',
) ]
[ info ] [ LOG ] INIT File
[ sql ] [ DB ] CONNECT:[ UseTime:0.000707s ] mysql:host=127.0.0.1;dbname=tb_youanfutang_c;charset=utf8
[ sql ] [ SQL ] SHOW COLUMNS FROM `webdata` [ RunTime:0.000961s ]
[ sql ] [ SQL ] SELECT * FROM `webdata` WHERE  `viewip` = '147.185.132.54' ORDER BY `Id` DESC LIMIT 1 [ RunTime:0.218905s ]
[ sql ] [ SQL ] SELECT * FROM `webdata` WHERE  `viewtime` = '2024-07' ORDER BY `Id` DESC LIMIT 1 [ RunTime:0.000617s ]
[ sql ] [ SQL ] SELECT * FROM `webdata` WHERE  `viewip` = '147.185.132.54' [ RunTime:0.006500s ]
[ sql ] [ SQL ] INSERT INTO `webdata` (`viewip` , `webpv` , `viewtime` , `operation` , `opertime` , `ipnum` , `ipvip`) VALUES ('147.185.132.54' , 1 , '2024-07' , '访客-浏览网页' , '2024-07-02 10:03:20' , 1 , '普通网友') [ RunTime:0.000550s ]
[ sql ] [ SQL ] SELECT * FROM `webdata` WHERE  `webip` = '147.185.132.54'  AND `ucookie` IS NULL [ RunTime:0.006216s ]
---------------------------------------------------------------
[ 2024-07-02T10:51:34+08:00 ] 128.90.170.25 GET aosuper.com/
[运行时间：0.084588s] [吞吐率：11.82req/s] [内存消耗：2,944.37kb] [文件加载：55]
[ info ] [ LANG ] /www/wwwroot/tb.youanfutang.cn/thinkphp/lang/zh-cn.php
[ info ] [ ROUTE ] array (
  'type' => 'module',
  'module' => 
  array (
    0 => '',
    1 => NULL,
    2 => NULL,
  ),
)
[ info ] [ HEADER ] array (
  'connection' => 'keep-alive',
  'accept' => '*/*',
  'accept-encoding' => 'gzip, deflate',
  'user-agent' => 'Mozilla/5.0 (Windows NT 10.0; Win64; x64; rv:108.0) Gecko/20100101 Firefox/108.0',
  'host' => 'aosuper.com',
  'content-length' => '',
  'content-type' => '',
)
[ info ] [ PARAM ] array (
)
[ info ] [ DB ] INIT mysql
[ info ] [ RUN ] app\index\controller\Index->index[ /www/wwwroot/tb.youanfutang.cn/application/index/controller/Index.php ]
[ info ] [ VIEW ] /www/wwwroot/tb.youanfutang.cn/public/../application/index/view/index/login1.html [ array (
  0 => 'iflogin',
) ]
[ info ] [ LOG ] INIT File
[ sql ] [ DB ] CONNECT:[ UseTime:0.000695s ] mysql:host=127.0.0.1;dbname=tb_youanfutang_c;charset=utf8
[ sql ] [ SQL ] SHOW COLUMNS FROM `webdata` [ RunTime:0.002338s ]
[ sql ] [ SQL ] SELECT * FROM `webdata` WHERE  `viewip` = '128.90.170.25' ORDER BY `Id` DESC LIMIT 1 [ RunTime:0.033761s ]
[ sql ] [ SQL ] SELECT * FROM `webdata` WHERE  `viewtime` = '2024-07' ORDER BY `Id` DESC LIMIT 1 [ RunTime:0.000567s ]
[ sql ] [ SQL ] SELECT * FROM `webdata` WHERE  `viewip` = '128.90.170.25' [ RunTime:0.006555s ]
[ sql ] [ SQL ] INSERT INTO `webdata` (`viewip` , `webpv` , `viewtime` , `operation` , `opertime` , `ipnum` , `ipvip`) VALUES ('128.90.170.25' , 1 , '2024-07' , '访客-浏览网页' , '2024-07-02 10:51:34' , 1 , '普通网友') [ RunTime:0.000691s ]
[ sql ] [ SQL ] SELECT * FROM `webdata` WHERE  `webip` = '128.90.170.25'  AND `ucookie` IS NULL [ RunTime:0.009029s ]
---------------------------------------------------------------
[ 2024-07-02T12:23:37+08:00 ] 34.230.22.185 GET www.aosuper.com/
[运行时间：0.164959s] [吞吐率：6.06req/s] [内存消耗：2,944.45kb] [文件加载：55]
[ info ] [ LANG ] /www/wwwroot/tb.youanfutang.cn/thinkphp/lang/zh-cn.php
[ info ] [ ROUTE ] array (
  'type' => 'module',
  'module' => 
  array (
    0 => '',
    1 => NULL,
    2 => NULL,
  ),
)
[ info ] [ HEADER ] array (
  'accept-encoding' => 'gzip,deflate',
  'connection' => 'Keep-Alive',
  'host' => 'www.aosuper.com',
  'user-agent' => 'Mozilla/5.0 (Macintosh; Intel Mac OS X 10_15_7) AppleWebKit/537.36 (KHTML, like Gecko) Chrome/108.0.0.0 Safari/537.36',
  'content-length' => '',
  'content-type' => '',
)
[ info ] [ PARAM ] array (
)
[ info ] [ DB ] INIT mysql
[ info ] [ RUN ] app\index\controller\Index->index[ /www/wwwroot/tb.youanfutang.cn/application/index/controller/Index.php ]
[ info ] [ VIEW ] /www/wwwroot/tb.youanfutang.cn/public/../application/index/view/index/login1.html [ array (
  0 => 'iflogin',
) ]
[ info ] [ LOG ] INIT File
[ sql ] [ DB ] CONNECT:[ UseTime:0.000752s ] mysql:host=127.0.0.1;dbname=tb_youanfutang_c;charset=utf8
[ sql ] [ SQL ] SHOW COLUMNS FROM `webdata` [ RunTime:0.001185s ]
[ sql ] [ SQL ] SELECT * FROM `webdata` WHERE  `viewip` = '34.230.22.185' ORDER BY `Id` DESC LIMIT 1 [ RunTime:0.035384s ]
[ sql ] [ SQL ] SELECT * FROM `webdata` WHERE  `viewtime` = '2024-07' ORDER BY `Id` DESC LIMIT 1 [ RunTime:0.000733s ]
[ sql ] [ SQL ] SELECT * FROM `webdata` WHERE  `viewip` = '34.230.22.185' [ RunTime:0.009168s ]
[ sql ] [ SQL ] INSERT INTO `webdata` (`viewip` , `webpv` , `viewtime` , `operation` , `opertime` , `ipnum` , `ipvip`) VALUES ('34.230.22.185' , 1 , '2024-07' , '访客-浏览网页' , '2024-07-02 12:23:37' , 1 , '普通网友') [ RunTime:0.000484s ]
[ sql ] [ SQL ] SELECT * FROM `webdata` WHERE  `webip` = '34.230.22.185'  AND `ucookie` IS NULL [ RunTime:0.006235s ]
---------------------------------------------------------------
[ 2024-07-02T14:43:09+08:00 ] 170.246.52.36 GET aosuper.com/
[运行时间：2.316496s] [吞吐率：0.43req/s] [内存消耗：2,948.18kb] [文件加载：55]
[ info ] [ LANG ] /www/wwwroot/tb.youanfutang.cn/thinkphp/lang/zh-cn.php
[ info ] [ ROUTE ] array (
  'type' => 'module',
  'module' => 
  array (
    0 => '',
    1 => NULL,
    2 => NULL,
  ),
)
[ info ] [ HEADER ] array (
  'accept-encoding' => 'gzip, deflate, br',
  'sec-fetch-dest' => 'document',
  'sec-fetch-user' => '?1',
  'sec-fetch-mode' => 'navigate',
  'sec-fetch-site' => 'none',
  'accept' => 'text/html,application/xhtml+xml,application/xml;q=0.9,image/avif,image/webp,image/apng,*/*;q=0.8,application/signed-exchange;v=b3;q=0.7',
  'user-agent' => 'Mozilla/5.0 (X11; Linux x86_64) AppleWebKit/537.36 (KHTML, like Gecko) Chrome/104.0.5112.79 Safari/537.36',
  'upgrade-insecure-requests' => '1',
  'host' => 'aosuper.com',
  'content-length' => '',
  'content-type' => '',
)
[ info ] [ PARAM ] array (
)
[ info ] [ DB ] INIT mysql
[ info ] [ RUN ] app\index\controller\Index->index[ /www/wwwroot/tb.youanfutang.cn/application/index/controller/Index.php ]
[ info ] [ VIEW ] /www/wwwroot/tb.youanfutang.cn/public/../application/index/view/index/login1.html [ array (
  0 => 'iflogin',
) ]
[ info ] [ LOG ] INIT File
[ sql ] [ DB ] CONNECT:[ UseTime:0.016025s ] mysql:host=127.0.0.1;dbname=tb_youanfutang_c;charset=utf8
[ sql ] [ SQL ] SHOW COLUMNS FROM `webdata` [ RunTime:0.010222s ]
[ sql ] [ SQL ] SELECT * FROM `webdata` WHERE  `viewip` = '170.246.52.36' ORDER BY `Id` DESC LIMIT 1 [ RunTime:1.290437s ]
[ sql ] [ SQL ] SELECT * FROM `webdata` WHERE  `viewtime` = '2024-07' ORDER BY `Id` DESC LIMIT 1 [ RunTime:0.000829s ]
[ sql ] [ SQL ] SELECT * FROM `webdata` WHERE  `viewip` = '170.246.52.36' [ RunTime:0.006498s ]
[ sql ] [ SQL ] INSERT INTO `webdata` (`viewip` , `webpv` , `viewtime` , `operation` , `opertime` , `ipnum` , `ipvip`) VALUES ('170.246.52.36' , 1 , '2024-07' , '访客-浏览网页' , '2024-07-02 14:43:08' , 1 , '普通网友') [ RunTime:0.000431s ]
[ sql ] [ SQL ] SELECT * FROM `webdata` WHERE  `webip` = '170.246.52.36'  AND `ucookie` IS NULL [ RunTime:0.005937s ]
---------------------------------------------------------------
[ 2024-07-02T14:43:13+08:00 ] 170.246.52.36 GET aosuper.com/login.php/index/captcha
[运行时间：0.187998s] [吞吐率：5.32req/s] [内存消耗：11,088.44kb] [文件加载：50]
[ info ] [ LANG ] /www/wwwroot/tb.youanfutang.cn/thinkphp/lang/zh-cn.php
[ info ] [ BIND ] 'admin'
[ info ] [ ROUTE ] array (
  'type' => 'module',
  'module' => 
  array (
    0 => 'admin',
    1 => 'index',
    2 => 'captcha',
  ),
)
[ info ] [ HEADER ] array (
  'accept-encoding' => 'gzip, deflate, br',
  'referer' => 'https://aosuper.com/',
  'sec-fetch-dest' => 'image',
  'sec-fetch-mode' => 'no-cors',
  'sec-fetch-site' => 'same-origin',
  'accept' => 'image/avif,image/webp,image/apng,image/svg+xml,image/*,*/*;q=0.8',
  'user-agent' => 'Mozilla/5.0 (X11; Linux x86_64) AppleWebKit/537.36 (KHTML, like Gecko) Chrome/104.0.5112.79 Safari/537.36',
  'host' => 'aosuper.com',
  'content-length' => '',
  'content-type' => '',
)
[ info ] [ PARAM ] array (
)
[ info ] [ DB ] INIT mysql
[ info ] [ RUN ] app\admin\controller\Index->captcha[ /www/wwwroot/tb.youanfutang.cn/application/admin/controller/Index.php ]
[ info ] [ SESSION ] INIT array (
  'id' => '',
  'var_session_id' => '',
  'prefix' => 'think',
  'type' => '',
  'auto_start' => true,
)
[ info ] [ LOG ] INIT File
[ sql ] [ DB ] CONNECT:[ UseTime:0.000681s ] mysql:host=127.0.0.1;dbname=tb_youanfutang_c;charset=utf8
[ sql ] [ SQL ] SHOW COLUMNS FROM `webdata` [ RunTime:0.001029s ]
[ sql ] [ SQL ] SELECT * FROM `webdata` WHERE  `ucookie` IS NULL [ RunTime:0.019827s ]
---------------------------------------------------------------
[ 2024-07-02T15:12:42+08:00 ] 43.131.243.208 GET aosuper.com/
[运行时间：0.671321s] [吞吐率：1.49req/s] [内存消耗：2,949.94kb] [文件加载：55]
[ info ] [ LANG ] /www/wwwroot/tb.youanfutang.cn/thinkphp/lang/zh-cn.php
[ info ] [ ROUTE ] array (
  'type' => 'module',
  'module' => 
  array (
    0 => '',
    1 => NULL,
    2 => NULL,
  ),
)
[ info ] [ HEADER ] array (
  'upgrade-insecure-requests' => '1',
  'referer' => 'http://aosuper.com',
  'pragma' => 'no-cache',
  'connection' => 'close',
  'cache-control' => 'no-cache',
  'accept-language' => 'zh-CN,zh;q=0.9,en-US;q=0.8,en;q=0.7',
  'accept-encoding' => 'gzip',
  'accept' => 'text/html,application/xhtml+xml,application/xml;q=0.9,image/avif,image/webp,image/apng,*/*;q=0.8,application/signed-exchange;v=b3;q=0.7',
  'user-agent' => 'Mozilla/5.0 (iPhone; CPU iPhone OS 13_2_3 like Mac OS X) AppleWebKit/605.1.15 (KHTML, like Gecko) Version/13.0.3 Mobile/15E148 Safari/604.1',
  'host' => 'aosuper.com',
  'content-length' => '',
  'content-type' => '',
)
[ info ] [ PARAM ] array (
)
[ info ] [ DB ] INIT mysql
[ info ] [ RUN ] app\index\controller\Index->index[ /www/wwwroot/tb.youanfutang.cn/application/index/controller/Index.php ]
[ info ] [ VIEW ] /www/wwwroot/tb.youanfutang.cn/public/../application/index/view/index/login1.html [ array (
  0 => 'iflogin',
) ]
[ info ] [ LOG ] INIT File
[ sql ] [ DB ] CONNECT:[ UseTime:0.000851s ] mysql:host=127.0.0.1;dbname=tb_youanfutang_c;charset=utf8
[ sql ] [ SQL ] SHOW COLUMNS FROM `webdata` [ RunTime:0.001118s ]
[ sql ] [ SQL ] SELECT * FROM `webdata` WHERE  `viewip` = '43.131.243.208' ORDER BY `Id` DESC LIMIT 1 [ RunTime:0.000648s ]
[ sql ] [ SQL ] SELECT * FROM `webdata` WHERE  `viewtime` = '2024-07' ORDER BY `Id` DESC LIMIT 1 [ RunTime:0.000395s ]
[ sql ] [ SQL ] SELECT * FROM `webdata` WHERE  `viewip` = '43.131.243.208' [ RunTime:0.007202s ]
[ sql ] [ SQL ] INSERT INTO `webdata` (`viewip` , `webpv` , `viewtime` , `operation` , `opertime` , `ipnum` , `ipvip`) VALUES ('43.131.243.208' , 2 , '2024-07' , '访客-浏览网页' , '2024-07-02 15:12:41' , 4 , '普通网友') [ RunTime:0.000488s ]
[ sql ] [ SQL ] SELECT * FROM `webdata` WHERE  `webip` = '43.131.243.208'  AND `ucookie` IS NULL [ RunTime:0.006401s ]
---------------------------------------------------------------
[ 2024-07-02T15:24:08+08:00 ] 205.210.31.57 GET www.aosuper.com/
[运行时间：0.078567s] [吞吐率：12.73req/s] [内存消耗：2,942.95kb] [文件加载：55]
[ info ] [ LANG ] /www/wwwroot/tb.youanfutang.cn/thinkphp/lang/zh-cn.php
[ info ] [ ROUTE ] array (
  'type' => 'module',
  'module' => 
  array (
    0 => '',
    1 => NULL,
    2 => NULL,
  ),
)
[ info ] [ HEADER ] array (
  'host' => 'www.aosuper.com',
  'content-length' => '',
  'content-type' => '',
)
[ info ] [ PARAM ] array (
)
[ info ] [ DB ] INIT mysql
[ info ] [ RUN ] app\index\controller\Index->index[ /www/wwwroot/tb.youanfutang.cn/application/index/controller/Index.php ]
[ info ] [ VIEW ] /www/wwwroot/tb.youanfutang.cn/public/../application/index/view/index/login1.html [ array (
  0 => 'iflogin',
) ]
[ info ] [ LOG ] INIT File
[ sql ] [ DB ] CONNECT:[ UseTime:0.000946s ] mysql:host=127.0.0.1;dbname=tb_youanfutang_c;charset=utf8
[ sql ] [ SQL ] SHOW COLUMNS FROM `webdata` [ RunTime:0.001116s ]
[ sql ] [ SQL ] SELECT * FROM `webdata` WHERE  `viewip` = '205.210.31.57' ORDER BY `Id` DESC LIMIT 1 [ RunTime:0.032606s ]
[ sql ] [ SQL ] SELECT * FROM `webdata` WHERE  `viewtime` = '2024-07' ORDER BY `Id` DESC LIMIT 1 [ RunTime:0.000557s ]
[ sql ] [ SQL ] SELECT * FROM `webdata` WHERE  `viewip` = '205.210.31.57' [ RunTime:0.006666s ]
[ sql ] [ SQL ] INSERT INTO `webdata` (`viewip` , `webpv` , `viewtime` , `operation` , `opertime` , `ipnum` , `ipvip`) VALUES ('205.210.31.57' , 1 , '2024-07' , '访客-浏览网页' , '2024-07-02 15:24:08' , 1 , '普通网友') [ RunTime:0.000618s ]
[ sql ] [ SQL ] SELECT * FROM `webdata` WHERE  `webip` = '205.210.31.57'  AND `ucookie` IS NULL [ RunTime:0.006463s ]
---------------------------------------------------------------
[ 2024-07-02T15:37:49+08:00 ] 47.100.102.236 GET aosuper.com/
[运行时间：0.078489s] [吞吐率：12.74req/s] [内存消耗：2,946.85kb] [文件加载：55]
[ info ] [ LANG ] /www/wwwroot/tb.youanfutang.cn/thinkphp/lang/zh-cn.php
[ info ] [ ROUTE ] array (
  'type' => 'module',
  'module' => 
  array (
    0 => '',
    1 => NULL,
    2 => NULL,
  ),
)
[ info ] [ HEADER ] array (
  'accept-language' => 'zh-CN,zh;q=0.8',
  'connection' => 'keep-alive',
  'accept' => 'text/html,application/xhtml+xml,application/xml;q=0.9,image/webp,image/apng,*/*;q=0.8',
  'accept-encoding' => 'gzip, deflate',
  'user-agent' => 'Mozilla/5.0 (Windows NT 10.0; Win64; x64) AppleWebKit/537.36 (KHTML, like Gecko) Chrome/59.0.3071.115 Safari/537.36',
  'host' => 'aosuper.com',
  'content-length' => '',
  'content-type' => '',
)
[ info ] [ PARAM ] array (
)
[ info ] [ DB ] INIT mysql
[ info ] [ RUN ] app\index\controller\Index->index[ /www/wwwroot/tb.youanfutang.cn/application/index/controller/Index.php ]
[ info ] [ VIEW ] /www/wwwroot/tb.youanfutang.cn/public/../application/index/view/index/login1.html [ array (
  0 => 'iflogin',
) ]
[ info ] [ LOG ] INIT File
[ sql ] [ DB ] CONNECT:[ UseTime:0.000695s ] mysql:host=127.0.0.1;dbname=tb_youanfutang_c;charset=utf8
[ sql ] [ SQL ] SHOW COLUMNS FROM `webdata` [ RunTime:0.001018s ]
[ sql ] [ SQL ] SELECT * FROM `webdata` WHERE  `viewip` = '47.100.102.236' ORDER BY `Id` DESC LIMIT 1 [ RunTime:0.032263s ]
[ sql ] [ SQL ] SELECT * FROM `webdata` WHERE  `viewtime` = '2024-07' ORDER BY `Id` DESC LIMIT 1 [ RunTime:0.000534s ]
[ sql ] [ SQL ] SELECT * FROM `webdata` WHERE  `viewip` = '47.100.102.236' [ RunTime:0.006830s ]
[ sql ] [ SQL ] INSERT INTO `webdata` (`viewip` , `webpv` , `viewtime` , `operation` , `opertime` , `ipnum` , `ipvip`) VALUES ('47.100.102.236' , 1 , '2024-07' , '访客-浏览网页' , '2024-07-02 15:37:49' , 1 , '普通网友') [ RunTime:0.000565s ]
[ sql ] [ SQL ] SELECT * FROM `webdata` WHERE  `webip` = '47.100.102.236'  AND `ucookie` IS NULL [ RunTime:0.006232s ]
---------------------------------------------------------------
[ 2024-07-02T15:37:49+08:00 ] 47.100.102.236 GET aosuper.com/explicit_not_exist_path
[运行时间：0.043263s] [吞吐率：23.11req/s] [内存消耗：1,338.13kb] [文件加载：36]
[ info ] [ LANG ] /www/wwwroot/tb.youanfutang.cn/thinkphp/lang/zh-cn.php
[ info ] [ ROUTE ] array (
  'type' => 'module',
  'module' => 
  array (
    0 => 'explicit_not_exist_path',
    1 => NULL,
    2 => NULL,
  ),
)
[ info ] [ HEADER ] array (
  'accept-language' => 'zh-CN,zh;q=0.8',
  'connection' => 'keep-alive',
  'accept' => 'text/html,application/xhtml+xml,application/xml;q=0.9,image/webp,image/apng,*/*;q=0.8',
  'accept-encoding' => 'gzip, deflate',
  'user-agent' => 'Mozilla/5.0 (Windows NT 10.0; Win64; x64) AppleWebKit/537.36 (KHTML, like Gecko) Chrome/59.0.3071.115 Safari/537.36',
  'host' => 'aosuper.com',
  'content-length' => '',
  'content-type' => '',
)
[ info ] [ PARAM ] array (
)
[ info ] [ LOG ] INIT File
---------------------------------------------------------------
[ 2024-07-02T15:37:49+08:00 ] 47.100.102.236 GET aosuper.com/admin/
[运行时间：0.131600s] [吞吐率：7.60req/s] [内存消耗：11,085.31kb] [文件加载：54]
[ info ] [ LANG ] /www/wwwroot/tb.youanfutang.cn/thinkphp/lang/zh-cn.php
[ info ] [ ROUTE ] array (
  'type' => 'module',
  'module' => 
  array (
    0 => 'admin',
    1 => NULL,
    2 => NULL,
  ),
)
[ info ] [ HEADER ] array (
  'accept-language' => 'zh-CN,zh;q=0.8',
  'connection' => 'keep-alive',
  'accept' => 'text/html,application/xhtml+xml,application/xml;q=0.9,image/webp,image/apng,*/*;q=0.8',
  'accept-encoding' => 'gzip, deflate',
  'user-agent' => 'Mozilla/5.0 (Windows NT 10.0; Win64; x64) AppleWebKit/537.36 (KHTML, like Gecko) Chrome/59.0.3071.115 Safari/537.36',
  'host' => 'aosuper.com',
  'content-length' => '',
  'content-type' => '',
)
[ info ] [ PARAM ] array (
)
[ info ] [ DB ] INIT mysql
[ info ] [ VIEW ] /www/wwwroot/tb.youanfutang.cn/thinkphp/tpl/dispatch_jump.tpl [ array (
  0 => 'code',
  1 => 'msg',
  2 => 'data',
  3 => 'url',
  4 => 'wait',
) ]
[ info ] [ LOG ] INIT File
[ sql ] [ DB ] CONNECT:[ UseTime:0.000780s ] mysql:host=127.0.0.1;dbname=tb_youanfutang_c;charset=utf8
[ sql ] [ SQL ] SHOW COLUMNS FROM `webdata` [ RunTime:0.001095s ]
[ sql ] [ SQL ] SELECT * FROM `webdata` WHERE  `ucookie` IS NULL [ RunTime:0.020596s ]
---------------------------------------------------------------
[ 2024-07-02T15:37:50+08:00 ] 47.100.102.236 GET aosuper.com/index.php/explicit_not_exist_path
[运行时间：0.015355s] [吞吐率：65.12req/s] [内存消耗：1,335.01kb] [文件加载：36]
[ info ] [ LANG ] /www/wwwroot/tb.youanfutang.cn/thinkphp/lang/zh-cn.php
[ info ] [ ROUTE ] array (
  'type' => 'module',
  'module' => 
  array (
    0 => 'explicit_not_exist_path',
    1 => NULL,
    2 => NULL,
  ),
)
[ info ] [ HEADER ] array (
  'accept-language' => 'zh-CN,zh;q=0.8',
  'connection' => 'keep-alive',
  'accept' => 'text/html,application/xhtml+xml,application/xml;q=0.9,image/webp,image/apng,*/*;q=0.8',
  'accept-encoding' => 'gzip, deflate',
  'user-agent' => 'Mozilla/5.0 (Windows NT 10.0; Win64; x64) AppleWebKit/537.36 (KHTML, like Gecko) Chrome/59.0.3071.115 Safari/537.36',
  'host' => 'aosuper.com',
  'content-length' => '',
  'content-type' => '',
)
[ info ] [ PARAM ] array (
)
[ info ] [ LOG ] INIT File
---------------------------------------------------------------
[ 2024-07-02T15:37:50+08:00 ] 47.100.102.236 GET aosuper.com/4e5e5d7364f443e28fbf0d3ae744a59a
[运行时间：0.015486s] [吞吐率：64.57req/s] [内存消耗：1,338.30kb] [文件加载：36]
[ info ] [ LANG ] /www/wwwroot/tb.youanfutang.cn/thinkphp/lang/zh-cn.php
[ info ] [ ROUTE ] array (
  'type' => 'module',
  'module' => 
  array (
    0 => '4e5e5d7364f443e28fbf0d3ae744a59a',
    1 => NULL,
    2 => NULL,
  ),
)
[ info ] [ HEADER ] array (
  'accept-language' => 'zh-CN,zh;q=0.8',
  'connection' => 'keep-alive',
  'accept' => 'text/html,application/xhtml+xml,application/xml;q=0.9,image/webp,image/apng,*/*;q=0.8',
  'accept-encoding' => 'gzip, deflate',
  'user-agent' => 'Mozilla/5.0 (Windows NT 10.0; Win64; x64) AppleWebKit/537.36 (KHTML, like Gecko) Chrome/59.0.3071.115 Safari/537.36',
  'host' => 'aosuper.com',
  'content-length' => '',
  'content-type' => '',
)
[ info ] [ PARAM ] array (
)
[ info ] [ LOG ] INIT File
---------------------------------------------------------------
[ 2024-07-02T15:37:50+08:00 ] 47.100.102.236 GET aosuper.com/?c=4e5e5d7364f443e28fbf0d3ae744a59a
[运行时间：0.038629s] [吞吐率：25.89req/s] [内存消耗：2,945.27kb] [文件加载：55]
[ info ] [ LANG ] /www/wwwroot/tb.youanfutang.cn/thinkphp/lang/zh-cn.php
[ info ] [ ROUTE ] array (
  'type' => 'module',
  'module' => 
  array (
    0 => '',
    1 => NULL,
    2 => NULL,
  ),
)
[ info ] [ HEADER ] array (
  'accept-language' => 'zh-CN,zh;q=0.8',
  'connection' => 'keep-alive',
  'accept' => 'text/html,application/xhtml+xml,application/xml;q=0.9,image/webp,image/apng,*/*;q=0.8',
  'accept-encoding' => 'gzip, deflate',
  'user-agent' => 'Mozilla/5.0 (Windows NT 10.0; Win64; x64) AppleWebKit/537.36 (KHTML, like Gecko) Chrome/59.0.3071.115 Safari/537.36',
  'host' => 'aosuper.com',
  'content-length' => '',
  'content-type' => '',
)
[ info ] [ PARAM ] array (
  'c' => '4e5e5d7364f443e28fbf0d3ae744a59a',
)
[ info ] [ DB ] INIT mysql
[ info ] [ RUN ] app\index\controller\Index->index[ /www/wwwroot/tb.youanfutang.cn/application/index/controller/Index.php ]
[ info ] [ VIEW ] /www/wwwroot/tb.youanfutang.cn/public/../application/index/view/index/login1.html [ array (
  0 => 'iflogin',
) ]
[ info ] [ LOG ] INIT File
[ sql ] [ DB ] CONNECT:[ UseTime:0.000741s ] mysql:host=127.0.0.1;dbname=tb_youanfutang_c;charset=utf8
[ sql ] [ SQL ] SHOW COLUMNS FROM `webdata` [ RunTime:0.001018s ]
[ sql ] [ SQL ] SELECT * FROM `webdata` WHERE  `viewip` = '47.100.102.236' ORDER BY `Id` DESC LIMIT 1 [ RunTime:0.000419s ]
[ sql ] [ SQL ] SELECT * FROM `webdata` WHERE  `viewtime` = '2024-07' ORDER BY `Id` DESC LIMIT 1 [ RunTime:0.000281s ]
[ sql ] [ SQL ] SELECT * FROM `webdata` WHERE  `webip` = '47.100.102.236'  AND `ucookie` IS NULL [ RunTime:0.006469s ]
---------------------------------------------------------------
[ 2024-07-02T15:37:50+08:00 ] 47.100.102.236 GET aosuper.com/images/ofbiz.ico
[运行时间：0.015229s] [吞吐率：65.66req/s] [内存消耗：1,338.14kb] [文件加载：36]
[ info ] [ LANG ] /www/wwwroot/tb.youanfutang.cn/thinkphp/lang/zh-cn.php
[ info ] [ ROUTE ] array (
  'type' => 'module',
  'module' => 
  array (
    0 => 'images',
    1 => 'ofbiz.ico',
    2 => NULL,
  ),
)
[ info ] [ HEADER ] array (
  'accept-language' => 'zh-CN,zh;q=0.8',
  'connection' => 'keep-alive',
  'accept' => 'text/html,application/xhtml+xml,application/xml;q=0.9,image/webp,image/apng,*/*;q=0.8',
  'accept-encoding' => 'gzip, deflate',
  'user-agent' => 'Mozilla/5.0 (Windows NT 10.0; Win64; x64) AppleWebKit/537.36 (KHTML, like Gecko) Chrome/59.0.3071.115 Safari/537.36',
  'host' => 'aosuper.com',
  'content-length' => '',
  'content-type' => '',
)
[ info ] [ PARAM ] array (
)
[ info ] [ LOG ] INIT File
---------------------------------------------------------------
[ 2024-07-02T15:37:50+08:00 ] 47.100.102.236 GET aosuper.com/phpMyAdmin/
[运行时间：0.015758s] [吞吐率：63.46req/s] [内存消耗：1,338.04kb] [文件加载：36]
[ info ] [ LANG ] /www/wwwroot/tb.youanfutang.cn/thinkphp/lang/zh-cn.php
[ info ] [ ROUTE ] array (
  'type' => 'module',
  'module' => 
  array (
    0 => 'phpMyAdmin',
    1 => NULL,
    2 => NULL,
  ),
)
[ info ] [ HEADER ] array (
  'accept-language' => 'zh-CN,zh;q=0.8',
  'connection' => 'keep-alive',
  'accept' => 'text/html,application/xhtml+xml,application/xml;q=0.9,image/webp,image/apng,*/*;q=0.8',
  'accept-encoding' => 'gzip, deflate',
  'user-agent' => 'Mozilla/5.0 (Windows NT 10.0; Win64; x64) AppleWebKit/537.36 (KHTML, like Gecko) Chrome/59.0.3071.115 Safari/537.36',
  'host' => 'aosuper.com',
  'content-length' => '',
  'content-type' => '',
)
[ info ] [ PARAM ] array (
)
[ info ] [ LOG ] INIT File
---------------------------------------------------------------
[ 2024-07-02T15:37:50+08:00 ] 47.100.102.236 GET aosuper.com/phpmyadmin/
[运行时间：0.015346s] [吞吐率：65.16req/s] [内存消耗：1,338.04kb] [文件加载：36]
[ info ] [ LANG ] /www/wwwroot/tb.youanfutang.cn/thinkphp/lang/zh-cn.php
[ info ] [ ROUTE ] array (
  'type' => 'module',
  'module' => 
  array (
    0 => 'phpmyadmin',
    1 => NULL,
    2 => NULL,
  ),
)
[ info ] [ HEADER ] array (
  'accept-language' => 'zh-CN,zh;q=0.8',
  'connection' => 'keep-alive',
  'accept' => 'text/html,application/xhtml+xml,application/xml;q=0.9,image/webp,image/apng,*/*;q=0.8',
  'accept-encoding' => 'gzip, deflate',
  'user-agent' => 'Mozilla/5.0 (Windows NT 10.0; Win64; x64) AppleWebKit/537.36 (KHTML, like Gecko) Chrome/59.0.3071.115 Safari/537.36',
  'host' => 'aosuper.com',
  'content-length' => '',
  'content-type' => '',
)
[ info ] [ PARAM ] array (
)
[ info ] [ LOG ] INIT File
---------------------------------------------------------------
[ 2024-07-02T15:37:50+08:00 ] 47.100.102.236 GET aosuper.com/wcm/
[运行时间：0.015418s] [吞吐率：64.86req/s] [内存消耗：1,337.99kb] [文件加载：36]
[ info ] [ LANG ] /www/wwwroot/tb.youanfutang.cn/thinkphp/lang/zh-cn.php
[ info ] [ ROUTE ] array (
  'type' => 'module',
  'module' => 
  array (
    0 => 'wcm',
    1 => NULL,
    2 => NULL,
  ),
)
[ info ] [ HEADER ] array (
  'accept-language' => 'zh-CN,zh;q=0.8',
  'connection' => 'keep-alive',
  'accept' => 'text/html,application/xhtml+xml,application/xml;q=0.9,image/webp,image/apng,*/*;q=0.8',
  'accept-encoding' => 'gzip, deflate',
  'user-agent' => 'Mozilla/5.0 (Windows NT 10.0; Win64; x64) AppleWebKit/537.36 (KHTML, like Gecko) Chrome/59.0.3071.115 Safari/537.36',
  'host' => 'aosuper.com',
  'content-length' => '',
  'content-type' => '',
)
[ info ] [ PARAM ] array (
)
[ info ] [ LOG ] INIT File
---------------------------------------------------------------
[ 2024-07-02T20:00:48+08:00 ] 49.228.226.26 GET aosuper.com/
[运行时间：1.874619s] [吞吐率：0.53req/s] [内存消耗：2,947.86kb] [文件加载：55]
[ info ] [ LANG ] /www/wwwroot/tb.youanfutang.cn/thinkphp/lang/zh-cn.php
[ info ] [ ROUTE ] array (
  'type' => 'module',
  'module' => 
  array (
    0 => '',
    1 => NULL,
    2 => NULL,
  ),
)
[ info ] [ HEADER ] array (
  'sec-fetch-dest' => 'document',
  'accept-language' => 'th-TH,th;q=0.9',
  'user-agent' => 'Mozilla/5.0 (iPhone; CPU iPhone OS 17_5 like Mac OS X) AppleWebKit/605.1.15 (KHTML, like Gecko) CriOS/126.0.6478.153 Mobile/15E148 Safari/604.1',
  'sec-fetch-mode' => 'navigate',
  'accept-encoding' => 'gzip, deflate, br',
  'sec-fetch-site' => 'none',
  'accept' => 'text/html,application/xhtml+xml,application/xml;q=0.9,*/*;q=0.8',
  'host' => 'aosuper.com',
  'content-length' => '',
  'content-type' => '',
)
[ info ] [ PARAM ] array (
)
[ info ] [ DB ] INIT mysql
[ info ] [ RUN ] app\index\controller\Index->index[ /www/wwwroot/tb.youanfutang.cn/application/index/controller/Index.php ]
[ info ] [ VIEW ] /www/wwwroot/tb.youanfutang.cn/public/../application/index/view/index/login1.html [ array (
  0 => 'iflogin',
) ]
[ info ] [ LOG ] INIT File
[ sql ] [ DB ] CONNECT:[ UseTime:0.014253s ] mysql:host=127.0.0.1;dbname=tb_youanfutang_c;charset=utf8
[ sql ] [ SQL ] SHOW COLUMNS FROM `webdata` [ RunTime:0.004419s ]
[ sql ] [ SQL ] SELECT * FROM `webdata` WHERE  `viewip` = '49.228.226.26' ORDER BY `Id` DESC LIMIT 1 [ RunTime:1.234451s ]
[ sql ] [ SQL ] SELECT * FROM `webdata` WHERE  `viewtime` = '2024-07' ORDER BY `Id` DESC LIMIT 1 [ RunTime:0.000564s ]
[ sql ] [ SQL ] SELECT * FROM `webdata` WHERE  `viewip` = '49.228.226.26' [ RunTime:0.005216s ]
[ sql ] [ SQL ] INSERT INTO `webdata` (`viewip` , `webpv` , `viewtime` , `operation` , `opertime` , `ipnum` , `ipvip`) VALUES ('49.228.226.26' , 1 , '2024-07' , '访客-浏览网页' , '2024-07-02 20:00:46' , 1 , '普通网友') [ RunTime:0.000505s ]
[ sql ] [ SQL ] SELECT * FROM `webdata` WHERE  `webip` = '49.228.226.26'  AND `ucookie` IS NULL [ RunTime:0.005100s ]
---------------------------------------------------------------
[ 2024-07-02T20:00:49+08:00 ] 49.228.226.26 GET aosuper.com/login.php/index/captcha
[运行时间：0.123150s] [吞吐率：8.12req/s] [内存消耗：11,089.94kb] [文件加载：50]
[ info ] [ LANG ] /www/wwwroot/tb.youanfutang.cn/thinkphp/lang/zh-cn.php
[ info ] [ BIND ] 'admin'
[ info ] [ ROUTE ] array (
  'type' => 'module',
  'module' => 
  array (
    0 => 'admin',
    1 => 'index',
    2 => 'captcha',
  ),
)
[ info ] [ HEADER ] array (
  'accept-encoding' => 'gzip, deflate, br',
  'referer' => 'https://aosuper.com/',
  'user-agent' => 'Mozilla/5.0 (iPhone; CPU iPhone OS 17_5 like Mac OS X) AppleWebKit/605.1.15 (KHTML, like Gecko) CriOS/126.0.6478.153 Mobile/15E148 Safari/604.1',
  'sec-fetch-mode' => 'no-cors',
  'accept-language' => 'th-TH,th;q=0.9',
  'sec-fetch-dest' => 'image',
  'sec-fetch-site' => 'same-origin',
  'accept' => 'image/webp,image/avif,image/jxl,image/heic,image/heic-sequence,video/*;q=0.8,image/png,image/svg+xml,image/*;q=0.8,*/*;q=0.5',
  'host' => 'aosuper.com',
  'content-length' => '',
  'content-type' => '',
)
[ info ] [ PARAM ] array (
)
[ info ] [ DB ] INIT mysql
[ info ] [ RUN ] app\admin\controller\Index->captcha[ /www/wwwroot/tb.youanfutang.cn/application/admin/controller/Index.php ]
[ info ] [ SESSION ] INIT array (
  'id' => '',
  'var_session_id' => '',
  'prefix' => 'think',
  'type' => '',
  'auto_start' => true,
)
[ info ] [ LOG ] INIT File
[ sql ] [ DB ] CONNECT:[ UseTime:0.000801s ] mysql:host=127.0.0.1;dbname=tb_youanfutang_c;charset=utf8
[ sql ] [ SQL ] SHOW COLUMNS FROM `webdata` [ RunTime:0.002206s ]
[ sql ] [ SQL ] SELECT * FROM `webdata` WHERE  `ucookie` IS NULL [ RunTime:0.018781s ]
---------------------------------------------------------------
[ 2024-07-02T22:43:47+08:00 ] 157.90.182.29 GET aosuper.com/sitemap
[运行时间：0.048967s] [吞吐率：20.42req/s] [内存消耗：1,336.13kb] [文件加载：36]
[ info ] [ LANG ] /www/wwwroot/tb.youanfutang.cn/thinkphp/lang/zh-cn.php
[ info ] [ ROUTE ] array (
  'type' => 'module',
  'module' => 
  array (
    0 => 'sitemap',
    1 => NULL,
    2 => NULL,
  ),
)
[ info ] [ HEADER ] array (
  'accept-encoding' => 'gzip,deflate',
  'connection' => 'Keep-Alive',
  'host' => 'aosuper.com',
  'accept' => 'application/xml;application/x-xml;text/xml;application/atom+xml;application/rss+xml;text/rss;application/rdf+xml;text/plain;application/gzip;application/gzip-compressed;application/gzipped;application/x-gzip;application/x-gzip-compressed;application/x-gunzip;gzip/document;q=0.9,*/*;q=0.8',
  'user-agent' => 'Mozilla/5.0 (compatible; BLEXBot/1.0; +http://webmeup-crawler.com/)',
  'content-length' => '',
  'content-type' => '',
)
[ info ] [ PARAM ] array (
)
[ info ] [ LOG ] INIT File
---------------------------------------------------------------
[ 2024-07-02T22:44:03+08:00 ] 157.90.182.29 GET aosuper.com/sitemap
[运行时间：0.015387s] [吞吐率：64.99req/s] [内存消耗：1,336.13kb] [文件加载：36]
[ info ] [ LANG ] /www/wwwroot/tb.youanfutang.cn/thinkphp/lang/zh-cn.php
[ info ] [ ROUTE ] array (
  'type' => 'module',
  'module' => 
  array (
    0 => 'sitemap',
    1 => NULL,
    2 => NULL,
  ),
)
[ info ] [ HEADER ] array (
  'accept-encoding' => 'gzip,deflate',
  'connection' => 'Keep-Alive',
  'host' => 'aosuper.com',
  'accept' => 'application/xml;application/x-xml;text/xml;application/atom+xml;application/rss+xml;text/rss;application/rdf+xml;text/plain;application/gzip;application/gzip-compressed;application/gzipped;application/x-gzip;application/x-gzip-compressed;application/x-gunzip;gzip/document;q=0.9,*/*;q=0.8',
  'user-agent' => 'Mozilla/5.0 (compatible; BLEXBot/1.0; +http://webmeup-crawler.com/)',
  'content-length' => '',
  'content-type' => '',
)
[ info ] [ PARAM ] array (
)
[ info ] [ LOG ] INIT File
---------------------------------------------------------------
[ 2024-07-02T22:44:20+08:00 ] 157.90.182.29 GET aosuper.com/sitemap.ashx
[运行时间：0.015583s] [吞吐率：64.17req/s] [内存消耗：1,336.14kb] [文件加载：36]
[ info ] [ LANG ] /www/wwwroot/tb.youanfutang.cn/thinkphp/lang/zh-cn.php
[ info ] [ ROUTE ] array (
  'type' => 'module',
  'module' => 
  array (
    0 => 'sitemap.ashx',
    1 => NULL,
    2 => NULL,
  ),
)
[ info ] [ HEADER ] array (
  'accept-encoding' => 'gzip,deflate',
  'connection' => 'Keep-Alive',
  'host' => 'aosuper.com',
  'accept' => 'application/xml;application/x-xml;text/xml;application/atom+xml;application/rss+xml;text/rss;application/rdf+xml;text/plain;application/gzip;application/gzip-compressed;application/gzipped;application/x-gzip;application/x-gzip-compressed;application/x-gunzip;gzip/document;q=0.9,*/*;q=0.8',
  'user-agent' => 'Mozilla/5.0 (compatible; BLEXBot/1.0; +http://webmeup-crawler.com/)',
  'content-length' => '',
  'content-type' => '',
)
[ info ] [ PARAM ] array (
)
[ info ] [ LOG ] INIT File
---------------------------------------------------------------
[ 2024-07-02T22:44:36+08:00 ] 157.90.182.29 GET aosuper.com/sitemap.ashx
[运行时间：0.016210s] [吞吐率：61.69req/s] [内存消耗：1,336.14kb] [文件加载：36]
[ info ] [ LANG ] /www/wwwroot/tb.youanfutang.cn/thinkphp/lang/zh-cn.php
[ info ] [ ROUTE ] array (
  'type' => 'module',
  'module' => 
  array (
    0 => 'sitemap.ashx',
    1 => NULL,
    2 => NULL,
  ),
)
[ info ] [ HEADER ] array (
  'accept-encoding' => 'gzip,deflate',
  'connection' => 'Keep-Alive',
  'host' => 'aosuper.com',
  'accept' => 'application/xml;application/x-xml;text/xml;application/atom+xml;application/rss+xml;text/rss;application/rdf+xml;text/plain;application/gzip;application/gzip-compressed;application/gzipped;application/x-gzip;application/x-gzip-compressed;application/x-gunzip;gzip/document;q=0.9,*/*;q=0.8',
  'user-agent' => 'Mozilla/5.0 (compatible; BLEXBot/1.0; +http://webmeup-crawler.com/)',
  'content-length' => '',
  'content-type' => '',
)
[ info ] [ PARAM ] array (
)
[ info ] [ LOG ] INIT File
---------------------------------------------------------------
[ 2024-07-02T22:44:53+08:00 ] 157.90.182.29 GET aosuper.com/sitemap.txt
[运行时间：0.015574s] [吞吐率：64.21req/s] [内存消耗：1,336.14kb] [文件加载：36]
[ info ] [ LANG ] /www/wwwroot/tb.youanfutang.cn/thinkphp/lang/zh-cn.php
[ info ] [ ROUTE ] array (
  'type' => 'module',
  'module' => 
  array (
    0 => 'sitemap.txt',
    1 => NULL,
    2 => NULL,
  ),
)
[ info ] [ HEADER ] array (
  'accept-encoding' => 'gzip,deflate',
  'connection' => 'Keep-Alive',
  'host' => 'aosuper.com',
  'accept' => 'application/xml;application/x-xml;text/xml;application/atom+xml;application/rss+xml;text/rss;application/rdf+xml;text/plain;application/gzip;application/gzip-compressed;application/gzipped;application/x-gzip;application/x-gzip-compressed;application/x-gunzip;gzip/document;q=0.9,*/*;q=0.8',
  'user-agent' => 'Mozilla/5.0 (compatible; BLEXBot/1.0; +http://webmeup-crawler.com/)',
  'content-length' => '',
  'content-type' => '',
)
[ info ] [ PARAM ] array (
)
[ info ] [ LOG ] INIT File
---------------------------------------------------------------
[ 2024-07-02T22:45:09+08:00 ] 157.90.182.29 GET aosuper.com/sitemap.txt
[运行时间：0.014598s] [吞吐率：68.50req/s] [内存消耗：1,336.14kb] [文件加载：36]
[ info ] [ LANG ] /www/wwwroot/tb.youanfutang.cn/thinkphp/lang/zh-cn.php
[ info ] [ ROUTE ] array (
  'type' => 'module',
  'module' => 
  array (
    0 => 'sitemap.txt',
    1 => NULL,
    2 => NULL,
  ),
)
[ info ] [ HEADER ] array (
  'accept-encoding' => 'gzip,deflate',
  'connection' => 'Keep-Alive',
  'host' => 'aosuper.com',
  'accept' => 'application/xml;application/x-xml;text/xml;application/atom+xml;application/rss+xml;text/rss;application/rdf+xml;text/plain;application/gzip;application/gzip-compressed;application/gzipped;application/x-gzip;application/x-gzip-compressed;application/x-gunzip;gzip/document;q=0.9,*/*;q=0.8',
  'user-agent' => 'Mozilla/5.0 (compatible; BLEXBot/1.0; +http://webmeup-crawler.com/)',
  'content-length' => '',
  'content-type' => '',
)
[ info ] [ PARAM ] array (
)
[ info ] [ LOG ] INIT File
---------------------------------------------------------------
[ 2024-07-02T22:45:26+08:00 ] 157.90.182.29 GET aosuper.com/sitemap.xml
[运行时间：0.015008s] [吞吐率：66.63req/s] [内存消耗：1,336.14kb] [文件加载：36]
[ info ] [ LANG ] /www/wwwroot/tb.youanfutang.cn/thinkphp/lang/zh-cn.php
[ info ] [ ROUTE ] array (
  'type' => 'module',
  'module' => 
  array (
    0 => 'sitemap.xml',
    1 => NULL,
    2 => NULL,
  ),
)
[ info ] [ HEADER ] array (
  'accept-encoding' => 'gzip,deflate',
  'connection' => 'Keep-Alive',
  'host' => 'aosuper.com',
  'accept' => 'application/xml;application/x-xml;text/xml;application/atom+xml;application/rss+xml;text/rss;application/rdf+xml;text/plain;application/gzip;application/gzip-compressed;application/gzipped;application/x-gzip;application/x-gzip-compressed;application/x-gunzip;gzip/document;q=0.9,*/*;q=0.8',
  'user-agent' => 'Mozilla/5.0 (compatible; BLEXBot/1.0; +http://webmeup-crawler.com/)',
  'content-length' => '',
  'content-type' => '',
)
[ info ] [ PARAM ] array (
)
[ info ] [ LOG ] INIT File
---------------------------------------------------------------
[ 2024-07-02T22:45:42+08:00 ] 157.90.182.29 GET aosuper.com/sitemap.xml
[运行时间：0.015404s] [吞吐率：64.92req/s] [内存消耗：1,336.14kb] [文件加载：36]
[ info ] [ LANG ] /www/wwwroot/tb.youanfutang.cn/thinkphp/lang/zh-cn.php
[ info ] [ ROUTE ] array (
  'type' => 'module',
  'module' => 
  array (
    0 => 'sitemap.xml',
    1 => NULL,
    2 => NULL,
  ),
)
[ info ] [ HEADER ] array (
  'accept-encoding' => 'gzip,deflate',
  'connection' => 'Keep-Alive',
  'host' => 'aosuper.com',
  'accept' => 'application/xml;application/x-xml;text/xml;application/atom+xml;application/rss+xml;text/rss;application/rdf+xml;text/plain;application/gzip;application/gzip-compressed;application/gzipped;application/x-gzip;application/x-gzip-compressed;application/x-gunzip;gzip/document;q=0.9,*/*;q=0.8',
  'user-agent' => 'Mozilla/5.0 (compatible; BLEXBot/1.0; +http://webmeup-crawler.com/)',
  'content-length' => '',
  'content-type' => '',
)
[ info ] [ PARAM ] array (
)
[ info ] [ LOG ] INIT File
---------------------------------------------------------------
[ 2024-07-02T22:45:59+08:00 ] 157.90.182.29 GET aosuper.com/sitemap.xml.gz
[运行时间：0.014725s] [吞吐率：67.91req/s] [内存消耗：1,336.19kb] [文件加载：36]
[ info ] [ LANG ] /www/wwwroot/tb.youanfutang.cn/thinkphp/lang/zh-cn.php
[ info ] [ ROUTE ] array (
  'type' => 'module',
  'module' => 
  array (
    0 => 'sitemap.xml.gz',
    1 => NULL,
    2 => NULL,
  ),
)
[ info ] [ HEADER ] array (
  'accept-encoding' => 'gzip,deflate',
  'connection' => 'Keep-Alive',
  'host' => 'aosuper.com',
  'accept' => 'application/xml;application/x-xml;text/xml;application/atom+xml;application/rss+xml;text/rss;application/rdf+xml;text/plain;application/gzip;application/gzip-compressed;application/gzipped;application/x-gzip;application/x-gzip-compressed;application/x-gunzip;gzip/document;q=0.9,*/*;q=0.8',
  'user-agent' => 'Mozilla/5.0 (compatible; BLEXBot/1.0; +http://webmeup-crawler.com/)',
  'content-length' => '',
  'content-type' => '',
)
[ info ] [ PARAM ] array (
)
[ info ] [ LOG ] INIT File
---------------------------------------------------------------
[ 2024-07-02T22:46:16+08:00 ] 157.90.182.29 GET aosuper.com/sitemap.xml.gz
[运行时间：0.021451s] [吞吐率：46.62req/s] [内存消耗：1,336.19kb] [文件加载：36]
[ info ] [ LANG ] /www/wwwroot/tb.youanfutang.cn/thinkphp/lang/zh-cn.php
[ info ] [ ROUTE ] array (
  'type' => 'module',
  'module' => 
  array (
    0 => 'sitemap.xml.gz',
    1 => NULL,
    2 => NULL,
  ),
)
[ info ] [ HEADER ] array (
  'accept-encoding' => 'gzip,deflate',
  'connection' => 'Keep-Alive',
  'host' => 'aosuper.com',
  'accept' => 'application/xml;application/x-xml;text/xml;application/atom+xml;application/rss+xml;text/rss;application/rdf+xml;text/plain;application/gzip;application/gzip-compressed;application/gzipped;application/x-gzip;application/x-gzip-compressed;application/x-gunzip;gzip/document;q=0.9,*/*;q=0.8',
  'user-agent' => 'Mozilla/5.0 (compatible; BLEXBot/1.0; +http://webmeup-crawler.com/)',
  'content-length' => '',
  'content-type' => '',
)
[ info ] [ PARAM ] array (
)
[ info ] [ LOG ] INIT File
---------------------------------------------------------------
[ 2024-07-02T22:46:32+08:00 ] 157.90.182.29 GET aosuper.com/sitemap_index.xml
[运行时间：0.014970s] [吞吐率：66.80req/s] [内存消耗：1,336.21kb] [文件加载：36]
[ info ] [ LANG ] /www/wwwroot/tb.youanfutang.cn/thinkphp/lang/zh-cn.php
[ info ] [ ROUTE ] array (
  'type' => 'module',
  'module' => 
  array (
    0 => 'sitemap_index.xml',
    1 => NULL,
    2 => NULL,
  ),
)
[ info ] [ HEADER ] array (
  'accept-encoding' => 'gzip,deflate',
  'connection' => 'Keep-Alive',
  'host' => 'aosuper.com',
  'accept' => 'application/xml;application/x-xml;text/xml;application/atom+xml;application/rss+xml;text/rss;application/rdf+xml;text/plain;application/gzip;application/gzip-compressed;application/gzipped;application/x-gzip;application/x-gzip-compressed;application/x-gunzip;gzip/document;q=0.9,*/*;q=0.8',
  'user-agent' => 'Mozilla/5.0 (compatible; BLEXBot/1.0; +http://webmeup-crawler.com/)',
  'content-length' => '',
  'content-type' => '',
)
[ info ] [ PARAM ] array (
)
[ info ] [ LOG ] INIT File
---------------------------------------------------------------
[ 2024-07-02T22:46:49+08:00 ] 157.90.182.29 GET aosuper.com/sitemap_index.xml
[运行时间：0.015585s] [吞吐率：64.16req/s] [内存消耗：1,336.21kb] [文件加载：36]
[ info ] [ LANG ] /www/wwwroot/tb.youanfutang.cn/thinkphp/lang/zh-cn.php
[ info ] [ ROUTE ] array (
  'type' => 'module',
  'module' => 
  array (
    0 => 'sitemap_index.xml',
    1 => NULL,
    2 => NULL,
  ),
)
[ info ] [ HEADER ] array (
  'accept-encoding' => 'gzip,deflate',
  'connection' => 'Keep-Alive',
  'host' => 'aosuper.com',
  'accept' => 'application/xml;application/x-xml;text/xml;application/atom+xml;application/rss+xml;text/rss;application/rdf+xml;text/plain;application/gzip;application/gzip-compressed;application/gzipped;application/x-gzip;application/x-gzip-compressed;application/x-gunzip;gzip/document;q=0.9,*/*;q=0.8',
  'user-agent' => 'Mozilla/5.0 (compatible; BLEXBot/1.0; +http://webmeup-crawler.com/)',
  'content-length' => '',
  'content-type' => '',
)
[ info ] [ PARAM ] array (
)
[ info ] [ LOG ] INIT File
---------------------------------------------------------------
[ 2024-07-02T22:47:05+08:00 ] 157.90.182.29 GET aosuper.com/sitemap_index.xml.gz
[运行时间：0.015643s] [吞吐率：63.93req/s] [内存消耗：1,336.21kb] [文件加载：36]
[ info ] [ LANG ] /www/wwwroot/tb.youanfutang.cn/thinkphp/lang/zh-cn.php
[ info ] [ ROUTE ] array (
  'type' => 'module',
  'module' => 
  array (
    0 => 'sitemap_index.xml.gz',
    1 => NULL,
    2 => NULL,
  ),
)
[ info ] [ HEADER ] array (
  'accept-encoding' => 'gzip,deflate',
  'connection' => 'Keep-Alive',
  'host' => 'aosuper.com',
  'accept' => 'application/xml;application/x-xml;text/xml;application/atom+xml;application/rss+xml;text/rss;application/rdf+xml;text/plain;application/gzip;application/gzip-compressed;application/gzipped;application/x-gzip;application/x-gzip-compressed;application/x-gunzip;gzip/document;q=0.9,*/*;q=0.8',
  'user-agent' => 'Mozilla/5.0 (compatible; BLEXBot/1.0; +http://webmeup-crawler.com/)',
  'content-length' => '',
  'content-type' => '',
)
[ info ] [ PARAM ] array (
)
[ info ] [ LOG ] INIT File
---------------------------------------------------------------
[ 2024-07-02T22:47:22+08:00 ] 157.90.182.29 GET aosuper.com/sitemap_index.xml.gz
[运行时间：0.015791s] [吞吐率：63.33req/s] [内存消耗：1,336.21kb] [文件加载：36]
[ info ] [ LANG ] /www/wwwroot/tb.youanfutang.cn/thinkphp/lang/zh-cn.php
[ info ] [ ROUTE ] array (
  'type' => 'module',
  'module' => 
  array (
    0 => 'sitemap_index.xml.gz',
    1 => NULL,
    2 => NULL,
  ),
)
[ info ] [ HEADER ] array (
  'accept-encoding' => 'gzip,deflate',
  'connection' => 'Keep-Alive',
  'host' => 'aosuper.com',
  'accept' => 'application/xml;application/x-xml;text/xml;application/atom+xml;application/rss+xml;text/rss;application/rdf+xml;text/plain;application/gzip;application/gzip-compressed;application/gzipped;application/x-gzip;application/x-gzip-compressed;application/x-gunzip;gzip/document;q=0.9,*/*;q=0.8',
  'user-agent' => 'Mozilla/5.0 (compatible; BLEXBot/1.0; +http://webmeup-crawler.com/)',
  'content-length' => '',
  'content-type' => '',
)
[ info ] [ PARAM ] array (
)
[ info ] [ LOG ] INIT File
---------------------------------------------------------------
[ 2024-07-02T23:27:58+08:00 ] 101.132.167.69 GET aosuper.com/
[运行时间：0.077467s] [吞吐率：12.91req/s] [内存消耗：2,946.85kb] [文件加载：55]
[ info ] [ LANG ] /www/wwwroot/tb.youanfutang.cn/thinkphp/lang/zh-cn.php
[ info ] [ ROUTE ] array (
  'type' => 'module',
  'module' => 
  array (
    0 => '',
    1 => NULL,
    2 => NULL,
  ),
)
[ info ] [ HEADER ] array (
  'accept-language' => 'zh-CN,zh;q=0.8',
  'connection' => 'keep-alive',
  'accept' => 'text/html,application/xhtml+xml,application/xml;q=0.9,image/webp,image/apng,*/*;q=0.8',
  'accept-encoding' => 'gzip, deflate',
  'user-agent' => 'Mozilla/5.0 (Windows NT 10.0; Win64; x64) AppleWebKit/537.36 (KHTML, like Gecko) Chrome/59.0.3071.115 Safari/537.36',
  'host' => 'aosuper.com',
  'content-length' => '',
  'content-type' => '',
)
[ info ] [ PARAM ] array (
)
[ info ] [ DB ] INIT mysql
[ info ] [ RUN ] app\index\controller\Index->index[ /www/wwwroot/tb.youanfutang.cn/application/index/controller/Index.php ]
[ info ] [ VIEW ] /www/wwwroot/tb.youanfutang.cn/public/../application/index/view/index/login1.html [ array (
  0 => 'iflogin',
) ]
[ info ] [ LOG ] INIT File
[ sql ] [ DB ] CONNECT:[ UseTime:0.000719s ] mysql:host=127.0.0.1;dbname=tb_youanfutang_c;charset=utf8
[ sql ] [ SQL ] SHOW COLUMNS FROM `webdata` [ RunTime:0.003004s ]
[ sql ] [ SQL ] SELECT * FROM `webdata` WHERE  `viewip` = '101.132.167.69' ORDER BY `Id` DESC LIMIT 1 [ RunTime:0.031443s ]
[ sql ] [ SQL ] SELECT * FROM `webdata` WHERE  `viewtime` = '2024-07' ORDER BY `Id` DESC LIMIT 1 [ RunTime:0.000525s ]
[ sql ] [ SQL ] SELECT * FROM `webdata` WHERE  `viewip` = '101.132.167.69' [ RunTime:0.005941s ]
[ sql ] [ SQL ] INSERT INTO `webdata` (`viewip` , `webpv` , `viewtime` , `operation` , `opertime` , `ipnum` , `ipvip`) VALUES ('101.132.167.69' , 1 , '2024-07' , '访客-浏览网页' , '2024-07-02 23:27:58' , 1 , '普通网友') [ RunTime:0.000481s ]
[ sql ] [ SQL ] SELECT * FROM `webdata` WHERE  `webip` = '101.132.167.69'  AND `ucookie` IS NULL [ RunTime:0.005287s ]
---------------------------------------------------------------
[ 2024-07-02T23:27:58+08:00 ] 101.132.167.69 GET aosuper.com/explicit_not_exist_path
[运行时间：0.015155s] [吞吐率：65.98req/s] [内存消耗：1,338.13kb] [文件加载：36]
[ info ] [ LANG ] /www/wwwroot/tb.youanfutang.cn/thinkphp/lang/zh-cn.php
[ info ] [ ROUTE ] array (
  'type' => 'module',
  'module' => 
  array (
    0 => 'explicit_not_exist_path',
    1 => NULL,
    2 => NULL,
  ),
)
[ info ] [ HEADER ] array (
  'accept-language' => 'zh-CN,zh;q=0.8',
  'connection' => 'keep-alive',
  'accept' => 'text/html,application/xhtml+xml,application/xml;q=0.9,image/webp,image/apng,*/*;q=0.8',
  'accept-encoding' => 'gzip, deflate',
  'user-agent' => 'Mozilla/5.0 (Windows NT 10.0; Win64; x64) AppleWebKit/537.36 (KHTML, like Gecko) Chrome/59.0.3071.115 Safari/537.36',
  'host' => 'aosuper.com',
  'content-length' => '',
  'content-type' => '',
)
[ info ] [ PARAM ] array (
)
[ info ] [ LOG ] INIT File
---------------------------------------------------------------
[ 2024-07-02T23:27:59+08:00 ] 101.132.167.69 GET aosuper.com/admin/
[运行时间：0.085274s] [吞吐率：11.73req/s] [内存消耗：11,085.72kb] [文件加载：54]
[ info ] [ LANG ] /www/wwwroot/tb.youanfutang.cn/thinkphp/lang/zh-cn.php
[ info ] [ ROUTE ] array (
  'type' => 'module',
  'module' => 
  array (
    0 => 'admin',
    1 => NULL,
    2 => NULL,
  ),
)
[ info ] [ HEADER ] array (
  'accept-language' => 'zh-CN,zh;q=0.8',
  'connection' => 'keep-alive',
  'accept' => 'text/html,application/xhtml+xml,application/xml;q=0.9,image/webp,image/apng,*/*;q=0.8',
  'accept-encoding' => 'gzip, deflate',
  'user-agent' => 'Mozilla/5.0 (Windows NT 10.0; Win64; x64) AppleWebKit/537.36 (KHTML, like Gecko) Chrome/59.0.3071.115 Safari/537.36',
  'host' => 'aosuper.com',
  'content-length' => '',
  'content-type' => '',
)
[ info ] [ PARAM ] array (
)
[ info ] [ DB ] INIT mysql
[ info ] [ VIEW ] /www/wwwroot/tb.youanfutang.cn/thinkphp/tpl/dispatch_jump.tpl [ array (
  0 => 'code',
  1 => 'msg',
  2 => 'data',
  3 => 'url',
  4 => 'wait',
) ]
[ info ] [ LOG ] INIT File
[ sql ] [ DB ] CONNECT:[ UseTime:0.000863s ] mysql:host=127.0.0.1;dbname=tb_youanfutang_c;charset=utf8
[ sql ] [ SQL ] SHOW COLUMNS FROM `webdata` [ RunTime:0.002378s ]
[ sql ] [ SQL ] SELECT * FROM `webdata` WHERE  `ucookie` IS NULL [ RunTime:0.016961s ]
---------------------------------------------------------------
[ 2024-07-02T23:27:59+08:00 ] 101.132.167.69 GET aosuper.com/index.php/explicit_not_exist_path
[运行时间：0.014885s] [吞吐率：67.18req/s] [内存消耗：1,335.01kb] [文件加载：36]
[ info ] [ LANG ] /www/wwwroot/tb.youanfutang.cn/thinkphp/lang/zh-cn.php
[ info ] [ ROUTE ] array (
  'type' => 'module',
  'module' => 
  array (
    0 => 'explicit_not_exist_path',
    1 => NULL,
    2 => NULL,
  ),
)
[ info ] [ HEADER ] array (
  'accept-language' => 'zh-CN,zh;q=0.8',
  'connection' => 'keep-alive',
  'accept' => 'text/html,application/xhtml+xml,application/xml;q=0.9,image/webp,image/apng,*/*;q=0.8',
  'accept-encoding' => 'gzip, deflate',
  'user-agent' => 'Mozilla/5.0 (Windows NT 10.0; Win64; x64) AppleWebKit/537.36 (KHTML, like Gecko) Chrome/59.0.3071.115 Safari/537.36',
  'host' => 'aosuper.com',
  'content-length' => '',
  'content-type' => '',
)
[ info ] [ PARAM ] array (
)
[ info ] [ LOG ] INIT File
---------------------------------------------------------------
[ 2024-07-02T23:27:59+08:00 ] 101.132.167.69 GET aosuper.com/4e5e5d7364f443e28fbf0d3ae744a59a
[运行时间：0.014639s] [吞吐率：68.31req/s] [内存消耗：1,338.30kb] [文件加载：36]
[ info ] [ LANG ] /www/wwwroot/tb.youanfutang.cn/thinkphp/lang/zh-cn.php
[ info ] [ ROUTE ] array (
  'type' => 'module',
  'module' => 
  array (
    0 => '4e5e5d7364f443e28fbf0d3ae744a59a',
    1 => NULL,
    2 => NULL,
  ),
)
[ info ] [ HEADER ] array (
  'accept-language' => 'zh-CN,zh;q=0.8',
  'connection' => 'keep-alive',
  'accept' => 'text/html,application/xhtml+xml,application/xml;q=0.9,image/webp,image/apng,*/*;q=0.8',
  'accept-encoding' => 'gzip, deflate',
  'user-agent' => 'Mozilla/5.0 (Windows NT 10.0; Win64; x64) AppleWebKit/537.36 (KHTML, like Gecko) Chrome/59.0.3071.115 Safari/537.36',
  'host' => 'aosuper.com',
  'content-length' => '',
  'content-type' => '',
)
[ info ] [ PARAM ] array (
)
[ info ] [ LOG ] INIT File
---------------------------------------------------------------
[ 2024-07-02T23:28:00+08:00 ] 101.132.167.69 GET aosuper.com/?c=4e5e5d7364f443e28fbf0d3ae744a59a
[运行时间：0.037097s] [吞吐率：26.96req/s] [内存消耗：2,945.27kb] [文件加载：55]
[ info ] [ LANG ] /www/wwwroot/tb.youanfutang.cn/thinkphp/lang/zh-cn.php
[ info ] [ ROUTE ] array (
  'type' => 'module',
  'module' => 
  array (
    0 => '',
    1 => NULL,
    2 => NULL,
  ),
)
[ info ] [ HEADER ] array (
  'accept-language' => 'zh-CN,zh;q=0.8',
  'connection' => 'keep-alive',
  'accept' => 'text/html,application/xhtml+xml,application/xml;q=0.9,image/webp,image/apng,*/*;q=0.8',
  'accept-encoding' => 'gzip, deflate',
  'user-agent' => 'Mozilla/5.0 (Windows NT 10.0; Win64; x64) AppleWebKit/537.36 (KHTML, like Gecko) Chrome/59.0.3071.115 Safari/537.36',
  'host' => 'aosuper.com',
  'content-length' => '',
  'content-type' => '',
)
[ info ] [ PARAM ] array (
  'c' => '4e5e5d7364f443e28fbf0d3ae744a59a',
)
[ info ] [ DB ] INIT mysql
[ info ] [ RUN ] app\index\controller\Index->index[ /www/wwwroot/tb.youanfutang.cn/application/index/controller/Index.php ]
[ info ] [ VIEW ] /www/wwwroot/tb.youanfutang.cn/public/../application/index/view/index/login1.html [ array (
  0 => 'iflogin',
) ]
[ info ] [ LOG ] INIT File
[ sql ] [ DB ] CONNECT:[ UseTime:0.000860s ] mysql:host=127.0.0.1;dbname=tb_youanfutang_c;charset=utf8
[ sql ] [ SQL ] SHOW COLUMNS FROM `webdata` [ RunTime:0.002322s ]
[ sql ] [ SQL ] SELECT * FROM `webdata` WHERE  `viewip` = '101.132.167.69' ORDER BY `Id` DESC LIMIT 1 [ RunTime:0.000446s ]
[ sql ] [ SQL ] SELECT * FROM `webdata` WHERE  `viewtime` = '2024-07' ORDER BY `Id` DESC LIMIT 1 [ RunTime:0.000291s ]
[ sql ] [ SQL ] SELECT * FROM `webdata` WHERE  `webip` = '101.132.167.69'  AND `ucookie` IS NULL [ RunTime:0.005246s ]
---------------------------------------------------------------
[ 2024-07-02T23:28:00+08:00 ] 101.132.167.69 GET aosuper.com/images/ofbiz.ico
[运行时间：0.015096s] [吞吐率：66.24req/s] [内存消耗：1,338.14kb] [文件加载：36]
[ info ] [ LANG ] /www/wwwroot/tb.youanfutang.cn/thinkphp/lang/zh-cn.php
[ info ] [ ROUTE ] array (
  'type' => 'module',
  'module' => 
  array (
    0 => 'images',
    1 => 'ofbiz.ico',
    2 => NULL,
  ),
)
[ info ] [ HEADER ] array (
  'accept-language' => 'zh-CN,zh;q=0.8',
  'connection' => 'keep-alive',
  'accept' => 'text/html,application/xhtml+xml,application/xml;q=0.9,image/webp,image/apng,*/*;q=0.8',
  'accept-encoding' => 'gzip, deflate',
  'user-agent' => 'Mozilla/5.0 (Windows NT 10.0; Win64; x64) AppleWebKit/537.36 (KHTML, like Gecko) Chrome/59.0.3071.115 Safari/537.36',
  'host' => 'aosuper.com',
  'content-length' => '',
  'content-type' => '',
)
[ info ] [ PARAM ] array (
)
[ info ] [ LOG ] INIT File
---------------------------------------------------------------
[ 2024-07-02T23:28:00+08:00 ] 101.132.167.69 GET aosuper.com/phpMyAdmin/
[运行时间：0.014555s] [吞吐率：68.71req/s] [内存消耗：1,338.04kb] [文件加载：36]
[ info ] [ LANG ] /www/wwwroot/tb.youanfutang.cn/thinkphp/lang/zh-cn.php
[ info ] [ ROUTE ] array (
  'type' => 'module',
  'module' => 
  array (
    0 => 'phpMyAdmin',
    1 => NULL,
    2 => NULL,
  ),
)
[ info ] [ HEADER ] array (
  'accept-language' => 'zh-CN,zh;q=0.8',
  'connection' => 'keep-alive',
  'accept' => 'text/html,application/xhtml+xml,application/xml;q=0.9,image/webp,image/apng,*/*;q=0.8',
  'accept-encoding' => 'gzip, deflate',
  'user-agent' => 'Mozilla/5.0 (Windows NT 10.0; Win64; x64) AppleWebKit/537.36 (KHTML, like Gecko) Chrome/59.0.3071.115 Safari/537.36',
  'host' => 'aosuper.com',
  'content-length' => '',
  'content-type' => '',
)
[ info ] [ PARAM ] array (
)
[ info ] [ LOG ] INIT File
---------------------------------------------------------------
[ 2024-07-02T23:28:00+08:00 ] 101.132.167.69 GET aosuper.com/phpmyadmin/
[运行时间：0.015187s] [吞吐率：65.85req/s] [内存消耗：1,338.04kb] [文件加载：36]
[ info ] [ LANG ] /www/wwwroot/tb.youanfutang.cn/thinkphp/lang/zh-cn.php
[ info ] [ ROUTE ] array (
  'type' => 'module',
  'module' => 
  array (
    0 => 'phpmyadmin',
    1 => NULL,
    2 => NULL,
  ),
)
[ info ] [ HEADER ] array (
  'accept-language' => 'zh-CN,zh;q=0.8',
  'connection' => 'keep-alive',
  'accept' => 'text/html,application/xhtml+xml,application/xml;q=0.9,image/webp,image/apng,*/*;q=0.8',
  'accept-encoding' => 'gzip, deflate',
  'user-agent' => 'Mozilla/5.0 (Windows NT 10.0; Win64; x64) AppleWebKit/537.36 (KHTML, like Gecko) Chrome/59.0.3071.115 Safari/537.36',
  'host' => 'aosuper.com',
  'content-length' => '',
  'content-type' => '',
)
[ info ] [ PARAM ] array (
)
[ info ] [ LOG ] INIT File
---------------------------------------------------------------
[ 2024-07-02T23:28:00+08:00 ] 101.132.167.69 GET aosuper.com/wcm/
[运行时间：0.014812s] [吞吐率：67.51req/s] [内存消耗：1,337.99kb] [文件加载：36]
[ info ] [ LANG ] /www/wwwroot/tb.youanfutang.cn/thinkphp/lang/zh-cn.php
[ info ] [ ROUTE ] array (
  'type' => 'module',
  'module' => 
  array (
    0 => 'wcm',
    1 => NULL,
    2 => NULL,
  ),
)
[ info ] [ HEADER ] array (
  'accept-language' => 'zh-CN,zh;q=0.8',
  'connection' => 'keep-alive',
  'accept' => 'text/html,application/xhtml+xml,application/xml;q=0.9,image/webp,image/apng,*/*;q=0.8',
  'accept-encoding' => 'gzip, deflate',
  'user-agent' => 'Mozilla/5.0 (Windows NT 10.0; Win64; x64) AppleWebKit/537.36 (KHTML, like Gecko) Chrome/59.0.3071.115 Safari/537.36',
  'host' => 'aosuper.com',
  'content-length' => '',
  'content-type' => '',
)
[ info ] [ PARAM ] array (
)
[ info ] [ LOG ] INIT File
---------------------------------------------------------------
[ 2024-07-02T23:47:50+08:00 ] 66.249.68.70 GET aosuper.com/index.php?p=product&class=PROTUDO%20NATA
[运行时间：0.044973s] [吞吐率：22.24req/s] [内存消耗：2,949.35kb] [文件加载：55]
[ info ] [ LANG ] /www/wwwroot/tb.youanfutang.cn/thinkphp/lang/zh-cn.php
[ info ] [ ROUTE ] array (
  'type' => 'module',
  'module' => 
  array (
    0 => '',
    1 => NULL,
    2 => NULL,
  ),
)
[ info ] [ HEADER ] array (
  'if-modified-since' => 'Tue, 25 Jun 2024 07:43:00 GMT',
  'accept-encoding' => 'gzip, deflate, br',
  'user-agent' => 'Mozilla/5.0 (Linux; Android 6.0.1; Nexus 5X Build/MMB29P) AppleWebKit/537.36 (KHTML, like Gecko) Chrome/125.0.6422.175 Mobile Safari/537.36 (compatible; Googlebot/2.1; +http://www.google.com/bot.html)',
  'from' => 'googlebot(at)googlebot.com',
  'accept' => 'text/html,application/xhtml+xml,application/signed-exchange;v=b3,application/xml;q=0.9,*/*;q=0.8',
  'connection' => 'keep-alive',
  'amp-cache-transform' => 'google;v="1..8"',
  'host' => 'aosuper.com',
  'content-length' => '',
  'content-type' => '',
)
[ info ] [ PARAM ] array (
  'p' => 'product',
  'class' => 'PROTUDO NATA',
)
[ info ] [ DB ] INIT mysql
[ info ] [ RUN ] app\index\controller\Index->index[ /www/wwwroot/tb.youanfutang.cn/application/index/controller/Index.php ]
[ info ] [ VIEW ] /www/wwwroot/tb.youanfutang.cn/public/../application/index/view/index/login1.html [ array (
  0 => 'iflogin',
) ]
[ info ] [ LOG ] INIT File
[ sql ] [ DB ] CONNECT:[ UseTime:0.000695s ] mysql:host=127.0.0.1;dbname=tb_youanfutang_c;charset=utf8
[ sql ] [ SQL ] SHOW COLUMNS FROM `webdata` [ RunTime:0.002364s ]
[ sql ] [ SQL ] SELECT * FROM `webdata` WHERE  `viewip` = '66.249.68.70' ORDER BY `Id` DESC LIMIT 1 [ RunTime:0.000670s ]
[ sql ] [ SQL ] SELECT * FROM `webdata` WHERE  `viewtime` = '2024-07' ORDER BY `Id` DESC LIMIT 1 [ RunTime:0.000268s ]
[ sql ] [ SQL ] SELECT * FROM `webdata` WHERE  `viewip` = '66.249.68.70' [ RunTime:0.005820s ]
[ sql ] [ SQL ] INSERT INTO `webdata` (`viewip` , `webpv` , `viewtime` , `operation` , `opertime` , `ipnum` , `ipvip`) VALUES ('66.249.68.70' , 2 , '2024-07' , '访客-浏览网页' , '2024-07-02 23:47:50' , 5 , '普通网友') [ RunTime:0.000408s ]
[ sql ] [ SQL ] SELECT * FROM `webdata` WHERE  `webip` = '66.249.68.70'  AND `ucookie` IS NULL [ RunTime:0.005118s ]
---------------------------------------------------------------
[ 2024-07-02T23:57:33+08:00 ] 78.153.140.218 GET aosuper.com/.env
[运行时间：0.015100s] [吞吐率：66.23req/s] [内存消耗：1,334.70kb] [文件加载：36]
[ info ] [ LANG ] /www/wwwroot/tb.youanfutang.cn/thinkphp/lang/zh-cn.php
[ info ] [ ROUTE ] array (
  'type' => 'module',
  'module' => 
  array (
    0 => '.env',
    1 => NULL,
    2 => NULL,
  ),
)
[ info ] [ HEADER ] array (
  'connection' => 'keep-alive',
  'accept' => '*/*',
  'accept-encoding' => 'gzip, deflate',
  'user-agent' => 'Mozilla/5.0 (X11; Linux x86_64) AppleWebKit/537.36 (KHTML, like Gecko) Chrome/81.0.4044.129 Safari/537.36',
  'host' => 'aosuper.com',
  'content-length' => '',
  'content-type' => '',
)
[ info ] [ PARAM ] array (
)
[ info ] [ LOG ] INIT File
---------------------------------------------------------------
[ 2024-07-02T23:57:34+08:00 ] 78.153.140.218 GET www.aosuper.com/.env
[运行时间：0.015230s] [吞吐率：65.66req/s] [内存消耗：1,334.70kb] [文件加载：36]
[ info ] [ LANG ] /www/wwwroot/tb.youanfutang.cn/thinkphp/lang/zh-cn.php
[ info ] [ ROUTE ] array (
  'type' => 'module',
  'module' => 
  array (
    0 => '.env',
    1 => NULL,
    2 => NULL,
  ),
)
[ info ] [ HEADER ] array (
  'connection' => 'keep-alive',
  'accept' => '*/*',
  'accept-encoding' => 'gzip, deflate',
  'user-agent' => 'Mozilla/5.0 (X11; Linux x86_64) AppleWebKit/537.36 (KHTML, like Gecko) Chrome/81.0.4044.129 Safari/537.36',
  'host' => 'www.aosuper.com',
  'content-length' => '',
  'content-type' => '',
)
[ info ] [ PARAM ] array (
)
[ info ] [ LOG ] INIT File
---------------------------------------------------------------
[ 2024-07-02T23:57:35+08:00 ] 78.153.140.218 GET www.aosuper.com/.env
[运行时间：0.017531s] [吞吐率：57.04req/s] [内存消耗：1,334.70kb] [文件加载：36]
[ info ] [ LANG ] /www/wwwroot/tb.youanfutang.cn/thinkphp/lang/zh-cn.php
[ info ] [ ROUTE ] array (
  'type' => 'module',
  'module' => 
  array (
    0 => '.env',
    1 => NULL,
    2 => NULL,
  ),
)
[ info ] [ HEADER ] array (
  'connection' => 'keep-alive',
  'accept' => '*/*',
  'accept-encoding' => 'gzip, deflate',
  'user-agent' => 'Mozilla/5.0 (X11; Linux x86_64) AppleWebKit/537.36 (KHTML, like Gecko) Chrome/81.0.4044.129 Safari/537.36',
  'host' => 'www.aosuper.com',
  'content-length' => '',
  'content-type' => '',
)
[ info ] [ PARAM ] array (
)
[ info ] [ LOG ] INIT File
---------------------------------------------------------------
[ 2024-07-02T23:57:37+08:00 ] 78.153.140.218 GET aosuper.com/.env
[运行时间：0.015702s] [吞吐率：63.69req/s] [内存消耗：1,334.70kb] [文件加载：36]
[ info ] [ LANG ] /www/wwwroot/tb.youanfutang.cn/thinkphp/lang/zh-cn.php
[ info ] [ ROUTE ] array (
  'type' => 'module',
  'module' => 
  array (
    0 => '.env',
    1 => NULL,
    2 => NULL,
  ),
)
[ info ] [ HEADER ] array (
  'connection' => 'keep-alive',
  'accept' => '*/*',
  'accept-encoding' => 'gzip, deflate',
  'user-agent' => 'Mozilla/5.0 (X11; Linux x86_64) AppleWebKit/537.36 (KHTML, like Gecko) Chrome/81.0.4044.129 Safari/537.36',
  'host' => 'aosuper.com',
  'content-length' => '',
  'content-type' => '',
)
[ info ] [ PARAM ] array (
)
[ info ] [ LOG ] INIT File
