---------------------------------------------------------------
[ 2024-07-16T02:50:22+08:00 ] 40.77.167.56 GET aosuper.com/index
[运行时间：3.153191s] [吞吐率：0.32req/s] [内存消耗：2,947.03kb] [文件加载：55]
[ info ] [ LANG ] /www/wwwroot/tb.youanfutang.cn/thinkphp/lang/zh-cn.php
[ info ] [ ROUTE ] array (
  'type' => 'module',
  'module' => 
  array (
    0 => 'index',
    1 => NULL,
    2 => NULL,
  ),
)
[ info ] [ HEADER ] array (
  'user-agent' => 'Mozilla/5.0 AppleWebKit/537.36 (KHTML, like Gecko; compatible; bingbot/2.0; +http://www.bing.com/bingbot.htm) Chrome/116.0.1938.76 Safari/537.36',
  'accept-encoding' => 'gzip, deflate, br',
  'accept' => '*/*',
  'from' => 'bingbot(at)microsoft.com',
  'host' => 'aosuper.com',
  'content-length' => '',
  'content-type' => '',
)
[ info ] [ PARAM ] array (
)
[ info ] [ DB ] INIT mysql
[ info ] [ RUN ] app\index\controller\Index->index[ /www/wwwroot/tb.youanfutang.cn/application/index/controller/Index.php ]
[ info ] [ VIEW ] /www/wwwroot/tb.youanfutang.cn/public/../application/index/view/index/login1.html [ array (
  0 => 'iflogin',
) ]
[ info ] [ LOG ] INIT File
[ sql ] [ DB ] CONNECT:[ UseTime:0.033406s ] mysql:host=127.0.0.1;dbname=tb_youanfutang_c;charset=utf8
[ sql ] [ SQL ] SHOW COLUMNS FROM `webdata` [ RunTime:0.059268s ]
[ sql ] [ SQL ] SELECT * FROM `webdata` WHERE  `viewip` = '40.77.167.56' ORDER BY `Id` DESC LIMIT 1 [ RunTime:2.199688s ]
[ sql ] [ SQL ] SELECT * FROM `webdata` WHERE  `viewtime` = '2024-07' ORDER BY `Id` DESC LIMIT 1 [ RunTime:0.000489s ]
[ sql ] [ SQL ] SELECT * FROM `webdata` WHERE  `viewip` = '40.77.167.56' [ RunTime:0.005293s ]
[ sql ] [ SQL ] INSERT INTO `webdata` (`viewip` , `webpv` , `viewtime` , `operation` , `opertime` , `ipnum` , `ipvip`) VALUES ('40.77.167.56' , 1 , '2024-07' , '访客-浏览网页' , '2024-07-16 02:50:19' , 1 , '普通网友') [ RunTime:0.000453s ]
[ sql ] [ SQL ] SELECT * FROM `webdata` WHERE  `webip` = '40.77.167.56'  AND `ucookie` IS NULL [ RunTime:0.005157s ]
---------------------------------------------------------------
[ 2024-07-16T03:50:22+08:00 ] 136.0.74.98 GET aosuper.com/
[运行时间：0.278026s] [吞吐率：3.60req/s] [内存消耗：2,948.18kb] [文件加载：55]
[ info ] [ LANG ] /www/wwwroot/tb.youanfutang.cn/thinkphp/lang/zh-cn.php
[ info ] [ ROUTE ] array (
  'type' => 'module',
  'module' => 
  array (
    0 => '',
    1 => NULL,
    2 => NULL,
  ),
)
[ info ] [ HEADER ] array (
  'accept-encoding' => 'gzip, deflate, br',
  'sec-fetch-dest' => 'document',
  'sec-fetch-user' => '?1',
  'sec-fetch-mode' => 'navigate',
  'sec-fetch-site' => 'none',
  'accept' => 'text/html,application/xhtml+xml,application/xml;q=0.9,image/avif,image/webp,image/apng,*/*;q=0.8,application/signed-exchange;v=b3;q=0.7',
  'user-agent' => 'Mozilla/5.0 (X11; Linux x86_64) AppleWebKit/537.36 (KHTML, like Gecko) Chrome/104.0.5112.79 Safari/537.36',
  'upgrade-insecure-requests' => '1',
  'host' => 'aosuper.com',
  'content-length' => '',
  'content-type' => '',
)
[ info ] [ PARAM ] array (
)
[ info ] [ DB ] INIT mysql
[ info ] [ RUN ] app\index\controller\Index->index[ /www/wwwroot/tb.youanfutang.cn/application/index/controller/Index.php ]
[ info ] [ VIEW ] /www/wwwroot/tb.youanfutang.cn/public/../application/index/view/index/login1.html [ array (
  0 => 'iflogin',
) ]
[ info ] [ LOG ] INIT File
[ sql ] [ DB ] CONNECT:[ UseTime:0.000829s ] mysql:host=127.0.0.1;dbname=tb_youanfutang_c;charset=utf8
[ sql ] [ SQL ] SHOW COLUMNS FROM `webdata` [ RunTime:0.001407s ]
[ sql ] [ SQL ] SELECT * FROM `webdata` WHERE  `viewip` = '136.0.74.98' ORDER BY `Id` DESC LIMIT 1 [ RunTime:0.034440s ]
[ sql ] [ SQL ] SELECT * FROM `webdata` WHERE  `viewtime` = '2024-07' ORDER BY `Id` DESC LIMIT 1 [ RunTime:0.000579s ]
[ sql ] [ SQL ] SELECT * FROM `webdata` WHERE  `viewip` = '136.0.74.98' [ RunTime:0.005955s ]
[ sql ] [ SQL ] INSERT INTO `webdata` (`viewip` , `webpv` , `viewtime` , `operation` , `opertime` , `ipnum` , `ipvip`) VALUES ('136.0.74.98' , 1 , '2024-07' , '访客-浏览网页' , '2024-07-16 03:50:22' , 1 , '普通网友') [ RunTime:0.000577s ]
[ sql ] [ SQL ] SELECT * FROM `webdata` WHERE  `webip` = '136.0.74.98'  AND `ucookie` IS NULL [ RunTime:0.005101s ]
---------------------------------------------------------------
[ 2024-07-16T03:50:23+08:00 ] 136.0.74.98 GET aosuper.com/login.php/index/captcha
[运行时间：0.148176s] [吞吐率：6.75req/s] [内存消耗：11,185.20kb] [文件加载：50]
[ info ] [ LANG ] /www/wwwroot/tb.youanfutang.cn/thinkphp/lang/zh-cn.php
[ info ] [ BIND ] 'admin'
[ info ] [ ROUTE ] array (
  'type' => 'module',
  'module' => 
  array (
    0 => 'admin',
    1 => 'index',
    2 => 'captcha',
  ),
)
[ info ] [ HEADER ] array (
  'accept-encoding' => 'gzip, deflate, br',
  'referer' => 'https://aosuper.com/',
  'sec-fetch-dest' => 'image',
  'sec-fetch-mode' => 'no-cors',
  'sec-fetch-site' => 'same-origin',
  'accept' => 'image/avif,image/webp,image/apng,image/svg+xml,image/*,*/*;q=0.8',
  'user-agent' => 'Mozilla/5.0 (X11; Linux x86_64) AppleWebKit/537.36 (KHTML, like Gecko) Chrome/104.0.5112.79 Safari/537.36',
  'host' => 'aosuper.com',
  'content-length' => '',
  'content-type' => '',
)
[ info ] [ PARAM ] array (
)
[ info ] [ DB ] INIT mysql
[ info ] [ RUN ] app\admin\controller\Index->captcha[ /www/wwwroot/tb.youanfutang.cn/application/admin/controller/Index.php ]
[ info ] [ SESSION ] INIT array (
  'id' => '',
  'var_session_id' => '',
  'prefix' => 'think',
  'type' => '',
  'auto_start' => true,
)
[ info ] [ LOG ] INIT File
[ sql ] [ DB ] CONNECT:[ UseTime:0.001239s ] mysql:host=127.0.0.1;dbname=tb_youanfutang_c;charset=utf8
[ sql ] [ SQL ] SHOW COLUMNS FROM `webdata` [ RunTime:0.001435s ]
[ sql ] [ SQL ] SELECT * FROM `webdata` WHERE  `ucookie` IS NULL [ RunTime:0.021332s ]
---------------------------------------------------------------
[ 2024-07-16T09:56:29+08:00 ] 114.96.103.33 GET www.aosuper.com/
[运行时间：0.538671s] [吞吐率：1.86req/s] [内存消耗：2,949.92kb] [文件加载：55]
[ info ] [ LANG ] /www/wwwroot/tb.youanfutang.cn/thinkphp/lang/zh-cn.php
[ info ] [ ROUTE ] array (
  'type' => 'module',
  'module' => 
  array (
    0 => '',
    1 => NULL,
    2 => NULL,
  ),
)
[ info ] [ HEADER ] array (
  'upgrade-insecure-requests' => '1',
  'referer' => 'http://www.aosuper.com',
  'pragma' => 'no-cache',
  'connection' => 'close',
  'cache-control' => 'no-cache',
  'accept-language' => 'zh-CN,zh;q=0.9,en-US;q=0.8,en;q=0.7',
  'accept-encoding' => 'gzip',
  'accept' => 'text/html,application/xhtml+xml,application/xml;q=0.9,image/avif,image/webp,image/apng,*/*;q=0.8,application/signed-exchange;v=b3;q=0.7',
  'user-agent' => 'Mozilla/5.0 (iPhone; CPU iPhone OS 13_2_3 like Mac OS X) AppleWebKit/605.1.15 (KHTML, like Gecko) Version/13.0.3 Mobile/15E148 Safari/604.1',
  'host' => 'www.aosuper.com',
  'content-length' => '',
  'content-type' => '',
)
[ info ] [ PARAM ] array (
)
[ info ] [ DB ] INIT mysql
[ info ] [ RUN ] app\index\controller\Index->index[ /www/wwwroot/tb.youanfutang.cn/application/index/controller/Index.php ]
[ info ] [ VIEW ] /www/wwwroot/tb.youanfutang.cn/public/../application/index/view/index/login1.html [ array (
  0 => 'iflogin',
) ]
[ info ] [ LOG ] INIT File
[ sql ] [ DB ] CONNECT:[ UseTime:0.000794s ] mysql:host=127.0.0.1;dbname=tb_youanfutang_c;charset=utf8
[ sql ] [ SQL ] SHOW COLUMNS FROM `webdata` [ RunTime:0.026609s ]
[ sql ] [ SQL ] SELECT * FROM `webdata` WHERE  `viewip` = '114.96.103.33' ORDER BY `Id` DESC LIMIT 1 [ RunTime:0.077047s ]
[ sql ] [ SQL ] SELECT * FROM `webdata` WHERE  `viewtime` = '2024-07' ORDER BY `Id` DESC LIMIT 1 [ RunTime:0.000517s ]
[ sql ] [ SQL ] SELECT * FROM `webdata` WHERE  `viewip` = '114.96.103.33' [ RunTime:0.030210s ]
[ sql ] [ SQL ] INSERT INTO `webdata` (`viewip` , `webpv` , `viewtime` , `operation` , `opertime` , `ipnum` , `ipvip`) VALUES ('114.96.103.33' , 2 , '2024-07' , '访客-浏览网页' , '2024-07-16 09:56:29' , 10 , '普通网友') [ RunTime:0.000583s ]
[ sql ] [ SQL ] SELECT * FROM `webdata` WHERE  `webip` = '114.96.103.33'  AND `ucookie` IS NULL [ RunTime:0.007693s ]
---------------------------------------------------------------
[ 2024-07-16T10:04:50+08:00 ] 198.235.24.124 GET aosuper.com/
[运行时间：0.055351s] [吞吐率：18.07req/s] [内存消耗：2,944.78kb] [文件加载：55]
[ info ] [ LANG ] /www/wwwroot/tb.youanfutang.cn/thinkphp/lang/zh-cn.php
[ info ] [ ROUTE ] array (
  'type' => 'module',
  'module' => 
  array (
    0 => '',
    1 => NULL,
    2 => NULL,
  ),
)
[ info ] [ HEADER ] array (
  'user-agent' => 'Expanse, a Palo Alto Networks company, searches across the global IPv4 space multiple times per day to identify customers&#39; presences on the Internet. If you would like to be excluded from our scans, please send IP addresses/domains to: scaninfo@paloaltonetworks.com',
  'host' => 'aosuper.com',
  'content-length' => '',
  'content-type' => '',
)
[ info ] [ PARAM ] array (
)
[ info ] [ DB ] INIT mysql
[ info ] [ RUN ] app\index\controller\Index->index[ /www/wwwroot/tb.youanfutang.cn/application/index/controller/Index.php ]
[ info ] [ VIEW ] /www/wwwroot/tb.youanfutang.cn/public/../application/index/view/index/login1.html [ array (
  0 => 'iflogin',
) ]
[ info ] [ LOG ] INIT File
[ sql ] [ DB ] CONNECT:[ UseTime:0.000870s ] mysql:host=127.0.0.1;dbname=tb_youanfutang_c;charset=utf8
[ sql ] [ SQL ] SHOW COLUMNS FROM `webdata` [ RunTime:0.001490s ]
[ sql ] [ SQL ] SELECT * FROM `webdata` WHERE  `viewip` = '198.235.24.124' ORDER BY `Id` DESC LIMIT 1 [ RunTime:0.009886s ]
[ sql ] [ SQL ] SELECT * FROM `webdata` WHERE  `viewtime` = '2024-07' ORDER BY `Id` DESC LIMIT 1 [ RunTime:0.000524s ]
[ sql ] [ SQL ] SELECT * FROM `webdata` WHERE  `viewip` = '198.235.24.124' [ RunTime:0.005779s ]
[ sql ] [ SQL ] INSERT INTO `webdata` (`viewip` , `webpv` , `viewtime` , `operation` , `opertime` , `ipnum` , `ipvip`) VALUES ('198.235.24.124' , 3 , '2024-07' , '访客-浏览网页' , '2024-07-16 10:04:50' , 2 , '普通网友') [ RunTime:0.000539s ]
[ sql ] [ SQL ] SELECT * FROM `webdata` WHERE  `webip` = '198.235.24.124'  AND `ucookie` IS NULL [ RunTime:0.005601s ]
---------------------------------------------------------------
[ 2024-07-16T10:19:16+08:00 ] 147.185.132.141 GET www.aosuper.com/
[运行时间：0.263029s] [吞吐率：3.80req/s] [内存消耗：2,944.78kb] [文件加载：55]
[ info ] [ LANG ] /www/wwwroot/tb.youanfutang.cn/thinkphp/lang/zh-cn.php
[ info ] [ ROUTE ] array (
  'type' => 'module',
  'module' => 
  array (
    0 => '',
    1 => NULL,
    2 => NULL,
  ),
)
[ info ] [ HEADER ] array (
  'user-agent' => 'Expanse, a Palo Alto Networks company, searches across the global IPv4 space multiple times per day to identify customers&#39; presences on the Internet. If you would like to be excluded from our scans, please send IP addresses/domains to: scaninfo@paloaltonetworks.com',
  'host' => 'www.aosuper.com',
  'content-length' => '',
  'content-type' => '',
)
[ info ] [ PARAM ] array (
)
[ info ] [ DB ] INIT mysql
[ info ] [ RUN ] app\index\controller\Index->index[ /www/wwwroot/tb.youanfutang.cn/application/index/controller/Index.php ]
[ info ] [ VIEW ] /www/wwwroot/tb.youanfutang.cn/public/../application/index/view/index/login1.html [ array (
  0 => 'iflogin',
) ]
[ info ] [ LOG ] INIT File
[ sql ] [ DB ] CONNECT:[ UseTime:0.000785s ] mysql:host=127.0.0.1;dbname=tb_youanfutang_c;charset=utf8
[ sql ] [ SQL ] SHOW COLUMNS FROM `webdata` [ RunTime:0.001448s ]
[ sql ] [ SQL ] SELECT * FROM `webdata` WHERE  `viewip` = '147.185.132.141' ORDER BY `Id` DESC LIMIT 1 [ RunTime:0.218349s ]
[ sql ] [ SQL ] SELECT * FROM `webdata` WHERE  `viewtime` = '2024-07' ORDER BY `Id` DESC LIMIT 1 [ RunTime:0.000684s ]
[ sql ] [ SQL ] SELECT * FROM `webdata` WHERE  `viewip` = '147.185.132.141' [ RunTime:0.005867s ]
[ sql ] [ SQL ] INSERT INTO `webdata` (`viewip` , `webpv` , `viewtime` , `operation` , `opertime` , `ipnum` , `ipvip`) VALUES ('147.185.132.141' , 1 , '2024-07' , '访客-浏览网页' , '2024-07-16 10:19:16' , 1 , '普通网友') [ RunTime:0.000560s ]
[ sql ] [ SQL ] SELECT * FROM `webdata` WHERE  `webip` = '147.185.132.141'  AND `ucookie` IS NULL [ RunTime:0.005364s ]
---------------------------------------------------------------
[ 2024-07-16T13:30:43+08:00 ] 5.133.192.200 GET aosuper.com/
[运行时间：1.736533s] [吞吐率：0.58req/s] [内存消耗：2,947.38kb] [文件加载：55]
[ info ] [ LANG ] /www/wwwroot/tb.youanfutang.cn/thinkphp/lang/zh-cn.php
[ info ] [ ROUTE ] array (
  'type' => 'module',
  'module' => 
  array (
    0 => '',
    1 => NULL,
    2 => NULL,
  ),
)
[ info ] [ HEADER ] array (
  'connection' => 'close',
  'accept-encoding' => 'gzip',
  'referer' => 'http://aosuper.com/',
  'cache-control' => 'no-cache',
  'accept-language' => 'en-US',
  'accept' => 'text/html,application/xhtml+xml',
  'user-agent' => 'Mozilla/5.0 (Linux; Android 12; SAMSUNG SM-A415F) AppleWebKit/537.36 (KHTML, like Gecko) SamsungBrowser/23.0 Chrome/115.0.0.0 Mobile Safari/537.3',
  'host' => 'aosuper.com',
  'content-length' => '',
  'content-type' => '',
)
[ info ] [ PARAM ] array (
)
[ info ] [ DB ] INIT mysql
[ info ] [ RUN ] app\index\controller\Index->index[ /www/wwwroot/tb.youanfutang.cn/application/index/controller/Index.php ]
[ info ] [ VIEW ] /www/wwwroot/tb.youanfutang.cn/public/../application/index/view/index/login1.html [ array (
  0 => 'iflogin',
) ]
[ info ] [ LOG ] INIT File
[ sql ] [ DB ] CONNECT:[ UseTime:0.041777s ] mysql:host=127.0.0.1;dbname=tb_youanfutang_c;charset=utf8
[ sql ] [ SQL ] SHOW COLUMNS FROM `webdata` [ RunTime:0.032088s ]
[ sql ] [ SQL ] SELECT * FROM `webdata` WHERE  `viewip` = '5.133.192.200' ORDER BY `Id` DESC LIMIT 1 [ RunTime:1.083906s ]
[ sql ] [ SQL ] SELECT * FROM `webdata` WHERE  `viewtime` = '2024-07' ORDER BY `Id` DESC LIMIT 1 [ RunTime:0.000585s ]
[ sql ] [ SQL ] SELECT * FROM `webdata` WHERE  `viewip` = '5.133.192.200' [ RunTime:0.006038s ]
[ sql ] [ SQL ] INSERT INTO `webdata` (`viewip` , `webpv` , `viewtime` , `operation` , `opertime` , `ipnum` , `ipvip`) VALUES ('5.133.192.200' , 1 , '2024-07' , '访客-浏览网页' , '2024-07-16 13:30:42' , 1 , '普通网友') [ RunTime:0.000462s ]
[ sql ] [ SQL ] SELECT * FROM `webdata` WHERE  `webip` = '5.133.192.200'  AND `ucookie` IS NULL [ RunTime:0.005165s ]
---------------------------------------------------------------
[ 2024-07-16T13:32:08+08:00 ] 124.236.100.56 GET aosuper.com/
[运行时间：0.038251s] [吞吐率：26.14req/s] [内存消耗：2,942.54kb] [文件加载：55]
[ info ] [ LANG ] /www/wwwroot/tb.youanfutang.cn/thinkphp/lang/zh-cn.php
[ info ] [ ROUTE ] array (
  'type' => 'module',
  'module' => 
  array (
    0 => '',
    1 => NULL,
    2 => NULL,
  ),
)
[ info ] [ HEADER ] array (
  'connection' => 'keep-alive',
  'accept' => 'text/html, image/gif, image/jpeg, *; q=.2, */*; q=.2',
  'host' => 'aosuper.com',
  'user-agent' => 'Mozilla/5.0 (Windows NT 6.1; WOW64; rv:37.0) Gecko/20100101 Firefox/37.0',
  'accept-encoding' => 'gzip',
  'content-length' => '',
  'content-type' => '',
)
[ info ] [ PARAM ] array (
)
[ info ] [ DB ] INIT mysql
[ info ] [ RUN ] app\index\controller\Index->index[ /www/wwwroot/tb.youanfutang.cn/application/index/controller/Index.php ]
[ info ] [ VIEW ] /www/wwwroot/tb.youanfutang.cn/public/../application/index/view/index/login1.html [ array (
  0 => 'iflogin',
) ]
[ info ] [ LOG ] INIT File
[ sql ] [ DB ] CONNECT:[ UseTime:0.000844s ] mysql:host=127.0.0.1;dbname=tb_youanfutang_c;charset=utf8
[ sql ] [ SQL ] SHOW COLUMNS FROM `webdata` [ RunTime:0.001230s ]
[ sql ] [ SQL ] SELECT * FROM `webdata` WHERE  `viewip` = '124.236.100.56' ORDER BY `Id` DESC LIMIT 1 [ RunTime:0.000480s ]
[ sql ] [ SQL ] SELECT * FROM `webdata` WHERE  `viewtime` = '2024-07' ORDER BY `Id` DESC LIMIT 1 [ RunTime:0.000465s ]
[ sql ] [ SQL ] SELECT * FROM `webdata` WHERE  `webip` = '124.236.100.56'  AND `ucookie` IS NULL [ RunTime:0.005436s ]
---------------------------------------------------------------
[ 2024-07-16T14:07:39+08:00 ] 139.59.178.1 GET aosuper.com/
[运行时间：1.400033s] [吞吐率：0.71req/s] [内存消耗：2,947.91kb] [文件加载：55]
[ info ] [ LANG ] /www/wwwroot/tb.youanfutang.cn/thinkphp/lang/zh-cn.php
[ info ] [ ROUTE ] array (
  'type' => 'module',
  'module' => 
  array (
    0 => '',
    1 => NULL,
    2 => NULL,
  ),
)
[ info ] [ HEADER ] array (
  'user-agent' => 'Mozilla/5.0 (Windows NT 10.0; Win64; x64) AppleWebKit/537.36 (KHTML, like Gecko) Chrome/124.0.0.0 Safari/537.36',
  'accept' => 'text/html,application/xhtml+xml,application/xml;q=0.9,image/avif,image/webp,image/apng,*/*;q=0.8,application/signed-exchange;v=b3;q=0.9',
  'accept-encoding' => 'gzip, deflate',
  'accept-language' => 'en-US,en;q=0.9',
  'cache-control' => 'max-age=0',
  'dnt' => '1',
  'upgrade-insecure-requests' => '1',
  'host' => 'aosuper.com',
  'content-length' => '',
  'content-type' => '',
)
[ info ] [ PARAM ] array (
)
[ info ] [ DB ] INIT mysql
[ info ] [ RUN ] app\index\controller\Index->index[ /www/wwwroot/tb.youanfutang.cn/application/index/controller/Index.php ]
[ info ] [ VIEW ] /www/wwwroot/tb.youanfutang.cn/public/../application/index/view/index/login1.html [ array (
  0 => 'iflogin',
) ]
[ info ] [ LOG ] INIT File
[ sql ] [ DB ] CONNECT:[ UseTime:0.000701s ] mysql:host=127.0.0.1;dbname=tb_youanfutang_c;charset=utf8
[ sql ] [ SQL ] SHOW COLUMNS FROM `webdata` [ RunTime:0.001184s ]
[ sql ] [ SQL ] SELECT * FROM `webdata` WHERE  `viewip` = '139.59.178.1' ORDER BY `Id` DESC LIMIT 1 [ RunTime:1.004258s ]
[ sql ] [ SQL ] SELECT * FROM `webdata` WHERE  `viewtime` = '2024-07' ORDER BY `Id` DESC LIMIT 1 [ RunTime:0.000597s ]
[ sql ] [ SQL ] SELECT * FROM `webdata` WHERE  `viewip` = '139.59.178.1' [ RunTime:0.005687s ]
[ sql ] [ SQL ] INSERT INTO `webdata` (`viewip` , `webpv` , `viewtime` , `operation` , `opertime` , `ipnum` , `ipvip`) VALUES ('139.59.178.1' , 1 , '2024-07' , '访客-浏览网页' , '2024-07-16 14:07:38' , 1 , '普通网友') [ RunTime:0.004355s ]
[ sql ] [ SQL ] SELECT * FROM `webdata` WHERE  `webip` = '139.59.178.1'  AND `ucookie` IS NULL [ RunTime:0.005287s ]
---------------------------------------------------------------
[ 2024-07-16T19:37:43+08:00 ] 110.40.20.192 GET aosuper.com/login.php?s=Admin/login
[运行时间：0.550047s] [吞吐率：1.82req/s] [内存消耗：11,387.41kb] [文件加载：51]
[ info ] [ LANG ] /www/wwwroot/tb.youanfutang.cn/thinkphp/lang/zh-cn.php
[ info ] [ BIND ] 'admin'
[ info ] [ ROUTE ] array (
  'type' => 'module',
  'module' => 
  array (
    0 => 'admin',
    1 => 'Admin',
    2 => 'login',
  ),
)
[ info ] [ HEADER ] array (
  'connection' => 'keep-alive',
  'accept' => '*/*',
  'accept-encoding' => 'gzip, deflate',
  'user-agent' => 'Mozilla/5.0 (Windows NT 10.0; WOW64; rv:48.0) Gecko/20100101 Firefox/48.0',
  'host' => 'aosuper.com',
  'content-length' => '',
  'content-type' => '',
)
[ info ] [ PARAM ] array (
)
[ info ] [ DB ] INIT mysql
[ info ] [ VIEW ] /www/wwwroot/tb.youanfutang.cn/thinkphp/tpl/dispatch_jump.tpl [ array (
  0 => 'code',
  1 => 'msg',
  2 => 'data',
  3 => 'url',
  4 => 'wait',
) ]
[ info ] [ LOG ] INIT File
[ sql ] [ DB ] CONNECT:[ UseTime:0.017702s ] mysql:host=127.0.0.1;dbname=tb_youanfutang_c;charset=utf8
[ sql ] [ SQL ] SHOW COLUMNS FROM `webdata` [ RunTime:0.027966s ]
[ sql ] [ SQL ] SELECT * FROM `webdata` WHERE  `ucookie` IS NULL [ RunTime:0.047406s ]
---------------------------------------------------------------
[ 2024-07-16T19:39:01+08:00 ] 110.40.20.192 GET aosuper.com/login.php?s=Admin/login
[运行时间：0.075940s] [吞吐率：13.17req/s] [内存消耗：11,390.34kb] [文件加载：51]
[ info ] [ LANG ] /www/wwwroot/tb.youanfutang.cn/thinkphp/lang/zh-cn.php
[ info ] [ BIND ] 'admin'
[ info ] [ ROUTE ] array (
  'type' => 'module',
  'module' => 
  array (
    0 => 'admin',
    1 => 'Admin',
    2 => 'login',
  ),
)
[ info ] [ HEADER ] array (
  'content-type' => 'application/x-www-form-urlencoded',
  'connection' => 'keep-alive',
  'accept' => '*/*',
  'accept-encoding' => 'gzip, deflate',
  'user-agent' => 'Mozilla/5.0 (Windows NT 10.0; WOW64; rv:48.0) Gecko/20100101 Firefox/48.0',
  'host' => 'aosuper.com',
  'content-length' => '',
)
[ info ] [ PARAM ] array (
)
[ info ] [ DB ] INIT mysql
[ info ] [ VIEW ] /www/wwwroot/tb.youanfutang.cn/thinkphp/tpl/dispatch_jump.tpl [ array (
  0 => 'code',
  1 => 'msg',
  2 => 'data',
  3 => 'url',
  4 => 'wait',
) ]
[ info ] [ LOG ] INIT File
[ sql ] [ DB ] CONNECT:[ UseTime:0.000692s ] mysql:host=127.0.0.1;dbname=tb_youanfutang_c;charset=utf8
[ sql ] [ SQL ] SHOW COLUMNS FROM `webdata` [ RunTime:0.001458s ]
[ sql ] [ SQL ] SELECT * FROM `webdata` WHERE  `ucookie` IS NULL [ RunTime:0.018129s ]
---------------------------------------------------------------
[ 2024-07-16T21:11:12+08:00 ] 120.71.59.24 GET aosuper.com/
[运行时间：0.708853s] [吞吐率：1.41req/s] [内存消耗：2,949.92kb] [文件加载：55]
[ info ] [ LANG ] /www/wwwroot/tb.youanfutang.cn/thinkphp/lang/zh-cn.php
[ info ] [ ROUTE ] array (
  'type' => 'module',
  'module' => 
  array (
    0 => '',
    1 => NULL,
    2 => NULL,
  ),
)
[ info ] [ HEADER ] array (
  'upgrade-insecure-requests' => '1',
  'referer' => 'http://aosuper.com',
  'pragma' => 'no-cache',
  'connection' => 'close',
  'cache-control' => 'no-cache',
  'accept-language' => 'zh-CN,zh;q=0.9,en-US;q=0.8,en;q=0.7',
  'accept-encoding' => 'gzip',
  'accept' => 'text/html,application/xhtml+xml,application/xml;q=0.9,image/avif,image/webp,image/apng,*/*;q=0.8,application/signed-exchange;v=b3;q=0.7',
  'user-agent' => 'Mozilla/5.0 (iPhone; CPU iPhone OS 13_2_3 like Mac OS X) AppleWebKit/605.1.15 (KHTML, like Gecko) Version/13.0.3 Mobile/15E148 Safari/604.1',
  'host' => 'aosuper.com',
  'content-length' => '',
  'content-type' => '',
)
[ info ] [ PARAM ] array (
)
[ info ] [ DB ] INIT mysql
[ info ] [ RUN ] app\index\controller\Index->index[ /www/wwwroot/tb.youanfutang.cn/application/index/controller/Index.php ]
[ info ] [ VIEW ] /www/wwwroot/tb.youanfutang.cn/public/../application/index/view/index/login1.html [ array (
  0 => 'iflogin',
) ]
[ info ] [ LOG ] INIT File
[ sql ] [ DB ] CONNECT:[ UseTime:0.021602s ] mysql:host=127.0.0.1;dbname=tb_youanfutang_c;charset=utf8
[ sql ] [ SQL ] SHOW COLUMNS FROM `webdata` [ RunTime:0.023801s ]
[ sql ] [ SQL ] SELECT * FROM `webdata` WHERE  `viewip` = '120.71.59.24' ORDER BY `Id` DESC LIMIT 1 [ RunTime:0.047803s ]
[ sql ] [ SQL ] SELECT * FROM `webdata` WHERE  `viewtime` = '2024-07' ORDER BY `Id` DESC LIMIT 1 [ RunTime:0.000553s ]
[ sql ] [ SQL ] SELECT * FROM `webdata` WHERE  `viewip` = '120.71.59.24' [ RunTime:0.052924s ]
[ sql ] [ SQL ] INSERT INTO `webdata` (`viewip` , `webpv` , `viewtime` , `operation` , `opertime` , `ipnum` , `ipvip`) VALUES ('120.71.59.24' , 2 , '2024-07' , '访客-浏览网页' , '2024-07-16 21:11:12' , 5 , '普通网友') [ RunTime:0.000606s ]
[ sql ] [ SQL ] SELECT * FROM `webdata` WHERE  `webip` = '120.71.59.24'  AND `ucookie` IS NULL [ RunTime:0.005797s ]
---------------------------------------------------------------
[ 2024-07-16T21:24:10+08:00 ] 62.122.184.194 GET aosuper.com/
[运行时间：0.044496s] [吞吐率：22.47req/s] [内存消耗：2,945.02kb] [文件加载：55]
[ info ] [ LANG ] /www/wwwroot/tb.youanfutang.cn/thinkphp/lang/zh-cn.php
[ info ] [ ROUTE ] array (
  'type' => 'module',
  'module' => 
  array (
    0 => '',
    1 => NULL,
    2 => NULL,
  ),
)
[ info ] [ HEADER ] array (
  'connection' => 'close',
  'host' => 'aosuper.com',
  'referer' => 'https://aosuper.com/',
  'user-agent' => 'Mozilla/5.0 (Windows NT 6.3; Win64; x64) AppleWebKit/537.36 (KHTML, like Gecko) Chrome/109.0.0.0 Safari/537.36',
  'accept' => 'text/html,application/xhtml+xml,application/xml;q=0.9,image/webp,*/*;q=0.8',
  'content-length' => '',
  'content-type' => '',
)
[ info ] [ PARAM ] array (
)
[ info ] [ DB ] INIT mysql
[ info ] [ RUN ] app\index\controller\Index->index[ /www/wwwroot/tb.youanfutang.cn/application/index/controller/Index.php ]
[ info ] [ VIEW ] /www/wwwroot/tb.youanfutang.cn/public/../application/index/view/index/login1.html [ array (
  0 => 'iflogin',
) ]
[ info ] [ LOG ] INIT File
[ sql ] [ DB ] CONNECT:[ UseTime:0.000871s ] mysql:host=127.0.0.1;dbname=tb_youanfutang_c;charset=utf8
[ sql ] [ SQL ] SHOW COLUMNS FROM `webdata` [ RunTime:0.001339s ]
[ sql ] [ SQL ] SELECT * FROM `webdata` WHERE  `viewip` = '62.122.184.194' ORDER BY `Id` DESC LIMIT 1 [ RunTime:0.001141s ]
[ sql ] [ SQL ] SELECT * FROM `webdata` WHERE  `viewtime` = '2024-07' ORDER BY `Id` DESC LIMIT 1 [ RunTime:0.000363s ]
[ sql ] [ SQL ] SELECT * FROM `webdata` WHERE  `viewip` = '62.122.184.194' [ RunTime:0.005491s ]
[ sql ] [ SQL ] INSERT INTO `webdata` (`viewip` , `webpv` , `viewtime` , `operation` , `opertime` , `ipnum` , `ipvip`) VALUES ('62.122.184.194' , 3 , '2024-07' , '访客-浏览网页' , '2024-07-16 21:24:10' , 22 , '潜在用户') [ RunTime:0.000539s ]
[ sql ] [ SQL ] SELECT * FROM `webdata` WHERE  `webip` = '62.122.184.194'  AND `ucookie` IS NULL [ RunTime:0.005217s ]
---------------------------------------------------------------
[ 2024-07-16T21:24:13+08:00 ] 62.122.184.194 GET aosuper.com/login.php/index/captcha
[运行时间：0.372854s] [吞吐率：2.68req/s] [内存消耗：11,183.81kb] [文件加载：50]
[ info ] [ LANG ] /www/wwwroot/tb.youanfutang.cn/thinkphp/lang/zh-cn.php
[ info ] [ BIND ] 'admin'
[ info ] [ ROUTE ] array (
  'type' => 'module',
  'module' => 
  array (
    0 => 'admin',
    1 => 'index',
    2 => 'captcha',
  ),
)
[ info ] [ HEADER ] array (
  'connection' => 'close',
  'host' => 'aosuper.com',
  'referer' => 'https://aosuper.com/',
  'user-agent' => 'Mozilla/5.0 (Windows NT 6.3; Win64; x64) AppleWebKit/537.36 (KHTML, like Gecko) Chrome/109.0.0.0 Safari/537.36',
  'accept' => 'image/avif,image/webp,image/apng,image/svg+xml,image/*,*/*;q=0.8',
  'content-length' => '',
  'content-type' => '',
)
[ info ] [ PARAM ] array (
)
[ info ] [ DB ] INIT mysql
[ info ] [ RUN ] app\admin\controller\Index->captcha[ /www/wwwroot/tb.youanfutang.cn/application/admin/controller/Index.php ]
[ info ] [ SESSION ] INIT array (
  'id' => '',
  'var_session_id' => '',
  'prefix' => 'think',
  'type' => '',
  'auto_start' => true,
)
[ info ] [ LOG ] INIT File
[ sql ] [ DB ] CONNECT:[ UseTime:0.000719s ] mysql:host=127.0.0.1;dbname=tb_youanfutang_c;charset=utf8
[ sql ] [ SQL ] SHOW COLUMNS FROM `webdata` [ RunTime:0.001236s ]
[ sql ] [ SQL ] SELECT * FROM `webdata` WHERE  `ucookie` IS NULL [ RunTime:0.018978s ]
---------------------------------------------------------------
[ 2024-07-16T21:24:14+08:00 ] 62.122.184.194 GET aosuper.com/login.php/index/captcha
[运行时间：0.080659s] [吞吐率：12.40req/s] [内存消耗：11,185.75kb] [文件加载：50]
[ info ] [ LANG ] /www/wwwroot/tb.youanfutang.cn/thinkphp/lang/zh-cn.php
[ info ] [ BIND ] 'admin'
[ info ] [ ROUTE ] array (
  'type' => 'module',
  'module' => 
  array (
    0 => 'admin',
    1 => 'index',
    2 => 'captcha',
  ),
)
[ info ] [ HEADER ] array (
  'cookie' => 'PHPSESSID=3maogtvisij4ldk24necn0mcjr',
  'connection' => 'close',
  'host' => 'aosuper.com',
  'referer' => 'https://aosuper.com/',
  'user-agent' => 'Mozilla/5.0 (Windows NT 6.3; Win64; x64) AppleWebKit/537.36 (KHTML, like Gecko) Chrome/109.0.0.0 Safari/537.36',
  'accept' => 'image/avif,image/webp,image/apng,image/svg+xml,image/*,*/*;q=0.8',
  'content-length' => '',
  'content-type' => '',
)
[ info ] [ PARAM ] array (
)
[ info ] [ DB ] INIT mysql
[ info ] [ RUN ] app\admin\controller\Index->captcha[ /www/wwwroot/tb.youanfutang.cn/application/admin/controller/Index.php ]
[ info ] [ SESSION ] INIT array (
  'id' => '',
  'var_session_id' => '',
  'prefix' => 'think',
  'type' => '',
  'auto_start' => true,
)
[ info ] [ LOG ] INIT File
[ sql ] [ DB ] CONNECT:[ UseTime:0.000760s ] mysql:host=127.0.0.1;dbname=tb_youanfutang_c;charset=utf8
[ sql ] [ SQL ] SHOW COLUMNS FROM `webdata` [ RunTime:0.002041s ]
[ sql ] [ SQL ] SELECT * FROM `webdata` WHERE  `ucookie` IS NULL [ RunTime:0.021346s ]
---------------------------------------------------------------
[ 2024-07-16T21:24:16+08:00 ] 62.122.184.194 GET aosuper.com/login.php/index/captcha
[运行时间：0.106269s] [吞吐率：9.41req/s] [内存消耗：11,185.75kb] [文件加载：50]
[ info ] [ LANG ] /www/wwwroot/tb.youanfutang.cn/thinkphp/lang/zh-cn.php
[ info ] [ BIND ] 'admin'
[ info ] [ ROUTE ] array (
  'type' => 'module',
  'module' => 
  array (
    0 => 'admin',
    1 => 'index',
    2 => 'captcha',
  ),
)
[ info ] [ HEADER ] array (
  'cookie' => 'PHPSESSID=3maogtvisij4ldk24necn0mcjr',
  'connection' => 'close',
  'host' => 'aosuper.com',
  'referer' => 'https://aosuper.com/',
  'user-agent' => 'Mozilla/5.0 (Windows NT 6.3; Win64; x64) AppleWebKit/537.36 (KHTML, like Gecko) Chrome/109.0.0.0 Safari/537.36',
  'accept' => 'image/avif,image/webp,image/apng,image/svg+xml,image/*,*/*;q=0.8',
  'content-length' => '',
  'content-type' => '',
)
[ info ] [ PARAM ] array (
)
[ info ] [ DB ] INIT mysql
[ info ] [ RUN ] app\admin\controller\Index->captcha[ /www/wwwroot/tb.youanfutang.cn/application/admin/controller/Index.php ]
[ info ] [ SESSION ] INIT array (
  'id' => '',
  'var_session_id' => '',
  'prefix' => 'think',
  'type' => '',
  'auto_start' => true,
)
[ info ] [ LOG ] INIT File
[ sql ] [ DB ] CONNECT:[ UseTime:0.000777s ] mysql:host=127.0.0.1;dbname=tb_youanfutang_c;charset=utf8
[ sql ] [ SQL ] SHOW COLUMNS FROM `webdata` [ RunTime:0.001278s ]
[ sql ] [ SQL ] SELECT * FROM `webdata` WHERE  `ucookie` IS NULL [ RunTime:0.019029s ]
---------------------------------------------------------------
[ 2024-07-16T21:24:17+08:00 ] 62.122.184.194 GET aosuper.com/login.php/index/captcha
[运行时间：0.074672s] [吞吐率：13.39req/s] [内存消耗：11,185.75kb] [文件加载：50]
[ info ] [ LANG ] /www/wwwroot/tb.youanfutang.cn/thinkphp/lang/zh-cn.php
[ info ] [ BIND ] 'admin'
[ info ] [ ROUTE ] array (
  'type' => 'module',
  'module' => 
  array (
    0 => 'admin',
    1 => 'index',
    2 => 'captcha',
  ),
)
[ info ] [ HEADER ] array (
  'cookie' => 'PHPSESSID=3maogtvisij4ldk24necn0mcjr',
  'connection' => 'close',
  'host' => 'aosuper.com',
  'referer' => 'https://aosuper.com/',
  'user-agent' => 'Mozilla/5.0 (Windows NT 6.3; Win64; x64) AppleWebKit/537.36 (KHTML, like Gecko) Chrome/109.0.0.0 Safari/537.36',
  'accept' => 'image/avif,image/webp,image/apng,image/svg+xml,image/*,*/*;q=0.8',
  'content-length' => '',
  'content-type' => '',
)
[ info ] [ PARAM ] array (
)
[ info ] [ DB ] INIT mysql
[ info ] [ RUN ] app\admin\controller\Index->captcha[ /www/wwwroot/tb.youanfutang.cn/application/admin/controller/Index.php ]
[ info ] [ SESSION ] INIT array (
  'id' => '',
  'var_session_id' => '',
  'prefix' => 'think',
  'type' => '',
  'auto_start' => true,
)
[ info ] [ LOG ] INIT File
[ sql ] [ DB ] CONNECT:[ UseTime:0.000692s ] mysql:host=127.0.0.1;dbname=tb_youanfutang_c;charset=utf8
[ sql ] [ SQL ] SHOW COLUMNS FROM `webdata` [ RunTime:0.001192s ]
[ sql ] [ SQL ] SELECT * FROM `webdata` WHERE  `ucookie` IS NULL [ RunTime:0.016636s ]
---------------------------------------------------------------
[ 2024-07-16T21:35:08+08:00 ] 38.14.67.246 GET aosuper.com/
[运行时间：0.126656s] [吞吐率：7.90req/s] [内存消耗：2,947.07kb] [文件加载：55]
[ info ] [ LANG ] /www/wwwroot/tb.youanfutang.cn/thinkphp/lang/zh-cn.php
[ info ] [ ROUTE ] array (
  'type' => 'module',
  'module' => 
  array (
    0 => '',
    1 => NULL,
    2 => NULL,
  ),
)
[ info ] [ HEADER ] array (
  'upgrade-insecure-requests' => '1',
  'cache-control' => 'max-age=0',
  'accept-language' => 'en-US,en;q=0.9',
  'connection' => 'close',
  'accept' => '*/*',
  'accept-encoding' => 'gzip, deflate, br',
  'user-agent' => 'Mozilla/5.0 (Windows NT 10.0; Win64; x64) AppleWebKit/537.36 (KHTML, like Gecko) Chrome/120.0.0.0 Safari/537.36',
  'host' => 'aosuper.com',
  'content-length' => '',
  'content-type' => '',
)
[ info ] [ PARAM ] array (
)
[ info ] [ DB ] INIT mysql
[ info ] [ RUN ] app\index\controller\Index->index[ /www/wwwroot/tb.youanfutang.cn/application/index/controller/Index.php ]
[ info ] [ VIEW ] /www/wwwroot/tb.youanfutang.cn/public/../application/index/view/index/login1.html [ array (
  0 => 'iflogin',
) ]
[ info ] [ LOG ] INIT File
[ sql ] [ DB ] CONNECT:[ UseTime:0.000674s ] mysql:host=127.0.0.1;dbname=tb_youanfutang_c;charset=utf8
[ sql ] [ SQL ] SHOW COLUMNS FROM `webdata` [ RunTime:0.001227s ]
[ sql ] [ SQL ] SELECT * FROM `webdata` WHERE  `viewip` = '38.14.67.246' ORDER BY `Id` DESC LIMIT 1 [ RunTime:0.081545s ]
[ sql ] [ SQL ] SELECT * FROM `webdata` WHERE  `viewtime` = '2024-07' ORDER BY `Id` DESC LIMIT 1 [ RunTime:0.000546s ]
[ sql ] [ SQL ] SELECT * FROM `webdata` WHERE  `viewip` = '38.14.67.246' [ RunTime:0.005834s ]
[ sql ] [ SQL ] INSERT INTO `webdata` (`viewip` , `webpv` , `viewtime` , `operation` , `opertime` , `ipnum` , `ipvip`) VALUES ('38.14.67.246' , 1 , '2024-07' , '访客-浏览网页' , '2024-07-16 21:35:08' , 1 , '普通网友') [ RunTime:0.000487s ]
[ sql ] [ SQL ] SELECT * FROM `webdata` WHERE  `webip` = '38.14.67.246'  AND `ucookie` IS NULL [ RunTime:0.005518s ]
---------------------------------------------------------------
[ 2024-07-16T22:35:45+08:00 ] 104.131.11.213 GET www.aosuper.com/
[运行时间：0.080939s] [吞吐率：12.35req/s] [内存消耗：2,946.20kb] [文件加载：55]
[ info ] [ LANG ] /www/wwwroot/tb.youanfutang.cn/thinkphp/lang/zh-cn.php
[ info ] [ ROUTE ] array (
  'type' => 'module',
  'module' => 
  array (
    0 => '',
    1 => NULL,
    2 => NULL,
  ),
)
[ info ] [ HEADER ] array (
  'cache-control' => 'no-cache',
  'connection' => 'close',
  'accept' => '*/*',
  'accept-encoding' => 'gzip, deflate',
  'user-agent' => 'Mozilla/5.0 (X11; U; Linux x86_64; zh-CN; rv:1.9.2.10) Gecko/20100922 Ubuntu/10.10 (maverick) Firefox/3.6.10',
  'host' => 'www.aosuper.com',
  'content-length' => '',
  'content-type' => '',
)
[ info ] [ PARAM ] array (
)
[ info ] [ DB ] INIT mysql
[ info ] [ RUN ] app\index\controller\Index->index[ /www/wwwroot/tb.youanfutang.cn/application/index/controller/Index.php ]
[ info ] [ VIEW ] /www/wwwroot/tb.youanfutang.cn/public/../application/index/view/index/login1.html [ array (
  0 => 'iflogin',
) ]
[ info ] [ LOG ] INIT File
[ sql ] [ DB ] CONNECT:[ UseTime:0.000764s ] mysql:host=127.0.0.1;dbname=tb_youanfutang_c;charset=utf8
[ sql ] [ SQL ] SHOW COLUMNS FROM `webdata` [ RunTime:0.001364s ]
[ sql ] [ SQL ] SELECT * FROM `webdata` WHERE  `viewip` = '104.131.11.213' ORDER BY `Id` DESC LIMIT 1 [ RunTime:0.034735s ]
[ sql ] [ SQL ] SELECT * FROM `webdata` WHERE  `viewtime` = '2024-07' ORDER BY `Id` DESC LIMIT 1 [ RunTime:0.000583s ]
[ sql ] [ SQL ] SELECT * FROM `webdata` WHERE  `viewip` = '104.131.11.213' [ RunTime:0.006304s ]
[ sql ] [ SQL ] INSERT INTO `webdata` (`viewip` , `webpv` , `viewtime` , `operation` , `opertime` , `ipnum` , `ipvip`) VALUES ('104.131.11.213' , 1 , '2024-07' , '访客-浏览网页' , '2024-07-16 22:35:45' , 1 , '普通网友') [ RunTime:0.000556s ]
[ sql ] [ SQL ] SELECT * FROM `webdata` WHERE  `webip` = '104.131.11.213'  AND `ucookie` IS NULL [ RunTime:0.005617s ]
---------------------------------------------------------------
[ 2024-07-16T23:43:40+08:00 ] 136.243.61.201 GET aosuper.com/
[运行时间：0.344654s] [吞吐率：2.90req/s] [内存消耗：2,943.34kb] [文件加载：55]
[ info ] [ LANG ] /www/wwwroot/tb.youanfutang.cn/thinkphp/lang/zh-cn.php
[ info ] [ ROUTE ] array (
  'type' => 'module',
  'module' => 
  array (
    0 => '',
    1 => NULL,
    2 => NULL,
  ),
)
[ info ] [ HEADER ] array (
  'accept' => '*/*',
  'user-agent' => 'NetAPI v1',
  'host' => 'aosuper.com',
  'content-length' => '',
  'content-type' => '',
)
[ info ] [ PARAM ] array (
)
[ info ] [ DB ] INIT mysql
[ info ] [ RUN ] app\index\controller\Index->index[ /www/wwwroot/tb.youanfutang.cn/application/index/controller/Index.php ]
[ info ] [ VIEW ] /www/wwwroot/tb.youanfutang.cn/public/../application/index/view/index/login1.html [ array (
  0 => 'iflogin',
) ]
[ info ] [ LOG ] INIT File
[ sql ] [ DB ] CONNECT:[ UseTime:0.000894s ] mysql:host=127.0.0.1;dbname=tb_youanfutang_c;charset=utf8
[ sql ] [ SQL ] SHOW COLUMNS FROM `webdata` [ RunTime:0.002194s ]
[ sql ] [ SQL ] SELECT * FROM `webdata` WHERE  `viewip` = '136.243.61.201' ORDER BY `Id` DESC LIMIT 1 [ RunTime:0.212838s ]
[ sql ] [ SQL ] SELECT * FROM `webdata` WHERE  `viewtime` = '2024-07' ORDER BY `Id` DESC LIMIT 1 [ RunTime:0.000560s ]
[ sql ] [ SQL ] SELECT * FROM `webdata` WHERE  `viewip` = '136.243.61.201' [ RunTime:0.006728s ]
[ sql ] [ SQL ] INSERT INTO `webdata` (`viewip` , `webpv` , `viewtime` , `operation` , `opertime` , `ipnum` , `ipvip`) VALUES ('136.243.61.201' , 1 , '2024-07' , '访客-浏览网页' , '2024-07-16 23:43:40' , 1 , '普通网友') [ RunTime:0.000582s ]
[ sql ] [ SQL ] SELECT * FROM `webdata` WHERE  `webip` = '136.243.61.201'  AND `ucookie` IS NULL [ RunTime:0.006179s ]
