---------------------------------------------------------------
[ 2024-07-30T00:34:56+08:00 ] 51.15.183.136 GET aosuper.com/
[运行时间：2.002496s] [吞吐率：0.50req/s] [内存消耗：2,946.51kb] [文件加载：55]
[ info ] [ LANG ] /www/wwwroot/tb.youanfutang.cn/thinkphp/lang/zh-cn.php
[ info ] [ ROUTE ] array (
  'type' => 'module',
  'module' => 
  array (
    0 => '',
    1 => NULL,
    2 => NULL,
  ),
)
[ info ] [ HEADER ] array (
  'accept-encoding' => 'gzip, br, zstd',
  'accept-language' => 'pt-BR,pt;q=0.9',
  'accept' => 'text/html,application/xhtml+xml,application/xml;q=0.9,*/*;q=0.8',
  'user-agent' => 'Mozilla/5.0 (Windows NT 10.0; Win64; x64) AppleWebKit/537.36 (KHTML, like Gecko) Chrome/126.0.0.0 Safari/537.36',
  'referer' => 'http://aosuper.com',
  'host' => 'aosuper.com',
  'content-length' => '',
  'content-type' => '',
)
[ info ] [ PARAM ] array (
)
[ info ] [ DB ] INIT mysql
[ info ] [ RUN ] app\index\controller\Index->index[ /www/wwwroot/tb.youanfutang.cn/application/index/controller/Index.php ]
[ info ] [ VIEW ] /www/wwwroot/tb.youanfutang.cn/public/../application/index/view/index/login1.html [ array (
  0 => 'iflogin',
) ]
[ info ] [ LOG ] INIT File
[ sql ] [ DB ] CONNECT:[ UseTime:0.041584s ] mysql:host=127.0.0.1;dbname=tb_youanfutang_c;charset=utf8
[ sql ] [ SQL ] SHOW COLUMNS FROM `webdata` [ RunTime:0.068001s ]
[ sql ] [ SQL ] SELECT * FROM `webdata` WHERE  `viewip` = '51.15.183.136' ORDER BY `Id` DESC LIMIT 1 [ RunTime:1.317978s ]
[ sql ] [ SQL ] SELECT * FROM `webdata` WHERE  `viewtime` = '2024-07' ORDER BY `Id` DESC LIMIT 1 [ RunTime:0.000557s ]
[ sql ] [ SQL ] SELECT * FROM `webdata` WHERE  `viewip` = '51.15.183.136' [ RunTime:0.006558s ]
[ sql ] [ SQL ] INSERT INTO `webdata` (`viewip` , `webpv` , `viewtime` , `operation` , `opertime` , `ipnum` , `ipvip`) VALUES ('51.15.183.136' , 1 , '2024-07' , '访客-浏览网页' , '2024-07-30 00:34:55' , 1 , '普通网友') [ RunTime:0.000598s ]
[ sql ] [ SQL ] SELECT * FROM `webdata` WHERE  `webip` = '51.15.183.136'  AND `ucookie` IS NULL [ RunTime:0.006969s ]
---------------------------------------------------------------
[ 2024-07-30T04:15:18+08:00 ] 113.215.188.53 GET www.aosuper.com/
[运行时间：0.151168s] [吞吐率：6.62req/s] [内存消耗：2,942.46kb] [文件加载：55]
[ info ] [ LANG ] /www/wwwroot/tb.youanfutang.cn/thinkphp/lang/zh-cn.php
[ info ] [ ROUTE ] array (
  'type' => 'module',
  'module' => 
  array (
    0 => '',
    1 => NULL,
    2 => NULL,
  ),
)
[ info ] [ HEADER ] array (
  'connection' => 'keep-alive',
  'host' => 'www.aosuper.com',
  'accept-encoding' => 'gzip, x-gzip, deflate',
  'user-agent' => 'Mozilla/5.0 (Windows NT 10.0; Win64; x64) AppleWebKit/537.36 (KHTML, like Gecko) Chrome/89.0.7966.159 Safari/537.36',
  'content-length' => '',
  'content-type' => '',
)
[ info ] [ PARAM ] array (
)
[ info ] [ DB ] INIT mysql
[ info ] [ RUN ] app\index\controller\Index->index[ /www/wwwroot/tb.youanfutang.cn/application/index/controller/Index.php ]
[ info ] [ VIEW ] /www/wwwroot/tb.youanfutang.cn/public/../application/index/view/index/login1.html [ array (
  0 => 'iflogin',
) ]
[ info ] [ LOG ] INIT File
[ sql ] [ DB ] CONNECT:[ UseTime:0.000795s ] mysql:host=127.0.0.1;dbname=tb_youanfutang_c;charset=utf8
[ sql ] [ SQL ] SHOW COLUMNS FROM `webdata` [ RunTime:0.002594s ]
[ sql ] [ SQL ] SELECT * FROM `webdata` WHERE  `viewip` = '113.215.188.53' ORDER BY `Id` DESC LIMIT 1 [ RunTime:0.000428s ]
[ sql ] [ SQL ] SELECT * FROM `webdata` WHERE  `viewtime` = '2024-07' ORDER BY `Id` DESC LIMIT 1 [ RunTime:0.000442s ]
[ sql ] [ SQL ] SELECT * FROM `webdata` WHERE  `webip` = '113.215.188.53'  AND `ucookie` IS NULL [ RunTime:0.006503s ]
---------------------------------------------------------------
[ 2024-07-30T04:15:18+08:00 ] 113.215.188.53 GET www.aosuper.com/
[运行时间：4.818597s] [吞吐率：0.21req/s] [内存消耗：2,944.61kb] [文件加载：55]
[ info ] [ LANG ] /www/wwwroot/tb.youanfutang.cn/thinkphp/lang/zh-cn.php
[ info ] [ ROUTE ] array (
  'type' => 'module',
  'module' => 
  array (
    0 => '',
    1 => NULL,
    2 => NULL,
  ),
)
[ info ] [ HEADER ] array (
  'connection' => 'keep-alive',
  'host' => 'www.aosuper.com',
  'accept-encoding' => 'gzip, x-gzip, deflate',
  'user-agent' => 'Mozilla/5.0 (Windows NT 10.0; Win64; x64) AppleWebKit/537.36 (KHTML, like Gecko) Chrome/80.0.2668.129 Safari/537.36',
  'content-length' => '',
  'content-type' => '',
)
[ info ] [ PARAM ] array (
)
[ info ] [ DB ] INIT mysql
[ info ] [ RUN ] app\index\controller\Index->index[ /www/wwwroot/tb.youanfutang.cn/application/index/controller/Index.php ]
[ info ] [ VIEW ] /www/wwwroot/tb.youanfutang.cn/public/../application/index/view/index/login1.html [ array (
  0 => 'iflogin',
) ]
[ info ] [ LOG ] INIT File
[ sql ] [ DB ] CONNECT:[ UseTime:0.048203s ] mysql:host=127.0.0.1;dbname=tb_youanfutang_c;charset=utf8
[ sql ] [ SQL ] SHOW COLUMNS FROM `webdata` [ RunTime:0.021970s ]
[ sql ] [ SQL ] SELECT * FROM `webdata` WHERE  `viewip` = '113.215.188.53' ORDER BY `Id` DESC LIMIT 1 [ RunTime:3.478886s ]
[ sql ] [ SQL ] SELECT * FROM `webdata` WHERE  `viewtime` = '2024-07' ORDER BY `Id` DESC LIMIT 1 [ RunTime:0.037363s ]
[ sql ] [ SQL ] SELECT * FROM `webdata` WHERE  `viewip` = '113.215.188.53' [ RunTime:0.007142s ]
[ sql ] [ SQL ] INSERT INTO `webdata` (`viewip` , `webpv` , `viewtime` , `operation` , `opertime` , `ipnum` , `ipvip`) VALUES ('113.215.188.53' , 1 , '2024-07' , '访客-浏览网页' , '2024-07-30 04:15:14' , 1 , '普通网友') [ RunTime:0.000493s ]
[ sql ] [ SQL ] SELECT * FROM `webdata` WHERE  `webip` = '113.215.188.53'  AND `ucookie` IS NULL [ RunTime:0.006461s ]
---------------------------------------------------------------
[ 2024-07-30T04:26:20+08:00 ] 113.215.188.49 GET www.aosuper.com/
[运行时间：0.052136s] [吞吐率：19.18req/s] [内存消耗：2,944.61kb] [文件加载：55]
[ info ] [ LANG ] /www/wwwroot/tb.youanfutang.cn/thinkphp/lang/zh-cn.php
[ info ] [ ROUTE ] array (
  'type' => 'module',
  'module' => 
  array (
    0 => '',
    1 => NULL,
    2 => NULL,
  ),
)
[ info ] [ HEADER ] array (
  'connection' => 'keep-alive',
  'host' => 'www.aosuper.com',
  'accept-encoding' => 'gzip, x-gzip, deflate',
  'user-agent' => 'Mozilla/5.0 (Windows NT 10.0; Win64; x64) AppleWebKit/537.36 (KHTML, like Gecko) Chrome/103.0.1311.76 Safari/537.36',
  'content-length' => '',
  'content-type' => '',
)
[ info ] [ PARAM ] array (
)
[ info ] [ DB ] INIT mysql
[ info ] [ RUN ] app\index\controller\Index->index[ /www/wwwroot/tb.youanfutang.cn/application/index/controller/Index.php ]
[ info ] [ VIEW ] /www/wwwroot/tb.youanfutang.cn/public/../application/index/view/index/login1.html [ array (
  0 => 'iflogin',
) ]
[ info ] [ LOG ] INIT File
[ sql ] [ DB ] CONNECT:[ UseTime:0.000676s ] mysql:host=127.0.0.1;dbname=tb_youanfutang_c;charset=utf8
[ sql ] [ SQL ] SHOW COLUMNS FROM `webdata` [ RunTime:0.002798s ]
[ sql ] [ SQL ] SELECT * FROM `webdata` WHERE  `viewip` = '113.215.188.49' ORDER BY `Id` DESC LIMIT 1 [ RunTime:0.001711s ]
[ sql ] [ SQL ] SELECT * FROM `webdata` WHERE  `viewtime` = '2024-07' ORDER BY `Id` DESC LIMIT 1 [ RunTime:0.000325s ]
[ sql ] [ SQL ] SELECT * FROM `webdata` WHERE  `viewip` = '113.215.188.49' [ RunTime:0.007347s ]
[ sql ] [ SQL ] INSERT INTO `webdata` (`viewip` , `webpv` , `viewtime` , `operation` , `opertime` , `ipnum` , `ipvip`) VALUES ('113.215.188.49' , 2 , '2024-07' , '访客-浏览网页' , '2024-07-30 04:26:20' , 2 , '普通网友') [ RunTime:0.000617s ]
[ sql ] [ SQL ] SELECT * FROM `webdata` WHERE  `webip` = '113.215.188.49'  AND `ucookie` IS NULL [ RunTime:0.006583s ]
---------------------------------------------------------------
[ 2024-07-30T04:26:20+08:00 ] 113.215.188.49 GET www.aosuper.com/
[运行时间：0.039601s] [吞吐率：25.25req/s] [内存消耗：2,942.46kb] [文件加载：55]
[ info ] [ LANG ] /www/wwwroot/tb.youanfutang.cn/thinkphp/lang/zh-cn.php
[ info ] [ ROUTE ] array (
  'type' => 'module',
  'module' => 
  array (
    0 => '',
    1 => NULL,
    2 => NULL,
  ),
)
[ info ] [ HEADER ] array (
  'connection' => 'keep-alive',
  'host' => 'www.aosuper.com',
  'accept-encoding' => 'gzip, x-gzip, deflate',
  'user-agent' => 'Mozilla/5.0 (Windows NT 10.0; Win64; x64) AppleWebKit/537.36 (KHTML, like Gecko) Chrome/107.0.6669.63 Safari/537.36',
  'content-length' => '',
  'content-type' => '',
)
[ info ] [ PARAM ] array (
)
[ info ] [ DB ] INIT mysql
[ info ] [ RUN ] app\index\controller\Index->index[ /www/wwwroot/tb.youanfutang.cn/application/index/controller/Index.php ]
[ info ] [ VIEW ] /www/wwwroot/tb.youanfutang.cn/public/../application/index/view/index/login1.html [ array (
  0 => 'iflogin',
) ]
[ info ] [ LOG ] INIT File
[ sql ] [ DB ] CONNECT:[ UseTime:0.000663s ] mysql:host=127.0.0.1;dbname=tb_youanfutang_c;charset=utf8
[ sql ] [ SQL ] SHOW COLUMNS FROM `webdata` [ RunTime:0.002581s ]
[ sql ] [ SQL ] SELECT * FROM `webdata` WHERE  `viewip` = '113.215.188.49' ORDER BY `Id` DESC LIMIT 1 [ RunTime:0.000408s ]
[ sql ] [ SQL ] SELECT * FROM `webdata` WHERE  `viewtime` = '2024-07' ORDER BY `Id` DESC LIMIT 1 [ RunTime:0.000247s ]
[ sql ] [ SQL ] SELECT * FROM `webdata` WHERE  `webip` = '113.215.188.49'  AND `ucookie` IS NULL [ RunTime:0.006284s ]
---------------------------------------------------------------
[ 2024-07-30T06:08:14+08:00 ] 205.210.31.196 GET aosuper.com/
[运行时间：0.173217s] [吞吐率：5.77req/s] [内存消耗：2,944.78kb] [文件加载：55]
[ info ] [ LANG ] /www/wwwroot/tb.youanfutang.cn/thinkphp/lang/zh-cn.php
[ info ] [ ROUTE ] array (
  'type' => 'module',
  'module' => 
  array (
    0 => '',
    1 => NULL,
    2 => NULL,
  ),
)
[ info ] [ HEADER ] array (
  'user-agent' => 'Expanse, a Palo Alto Networks company, searches across the global IPv4 space multiple times per day to identify customers&#39; presences on the Internet. If you would like to be excluded from our scans, please send IP addresses/domains to: scaninfo@paloaltonetworks.com',
  'host' => 'aosuper.com',
  'content-length' => '',
  'content-type' => '',
)
[ info ] [ PARAM ] array (
)
[ info ] [ DB ] INIT mysql
[ info ] [ RUN ] app\index\controller\Index->index[ /www/wwwroot/tb.youanfutang.cn/application/index/controller/Index.php ]
[ info ] [ VIEW ] /www/wwwroot/tb.youanfutang.cn/public/../application/index/view/index/login1.html [ array (
  0 => 'iflogin',
) ]
[ info ] [ LOG ] INIT File
[ sql ] [ DB ] CONNECT:[ UseTime:0.000722s ] mysql:host=127.0.0.1;dbname=tb_youanfutang_c;charset=utf8
[ sql ] [ SQL ] SHOW COLUMNS FROM `webdata` [ RunTime:0.002757s ]
[ sql ] [ SQL ] SELECT * FROM `webdata` WHERE  `viewip` = '205.210.31.196' ORDER BY `Id` DESC LIMIT 1 [ RunTime:0.008612s ]
[ sql ] [ SQL ] SELECT * FROM `webdata` WHERE  `viewtime` = '2024-07' ORDER BY `Id` DESC LIMIT 1 [ RunTime:0.000346s ]
[ sql ] [ SQL ] SELECT * FROM `webdata` WHERE  `viewip` = '205.210.31.196' [ RunTime:0.009327s ]
[ sql ] [ SQL ] INSERT INTO `webdata` (`viewip` , `webpv` , `viewtime` , `operation` , `opertime` , `ipnum` , `ipvip`) VALUES ('205.210.31.196' , 3 , '2024-07' , '访客-浏览网页' , '2024-07-30 06:08:14' , 2 , '普通网友') [ RunTime:0.000502s ]
[ sql ] [ SQL ] SELECT * FROM `webdata` WHERE  `webip` = '205.210.31.196'  AND `ucookie` IS NULL [ RunTime:0.006147s ]
---------------------------------------------------------------
[ 2024-07-30T09:23:08+08:00 ] 182.42.105.144 GET aosuper.com/
[运行时间：1.345824s] [吞吐率：0.74req/s] [内存消耗：2,949.94kb] [文件加载：55]
[ info ] [ LANG ] /www/wwwroot/tb.youanfutang.cn/thinkphp/lang/zh-cn.php
[ info ] [ ROUTE ] array (
  'type' => 'module',
  'module' => 
  array (
    0 => '',
    1 => NULL,
    2 => NULL,
  ),
)
[ info ] [ HEADER ] array (
  'upgrade-insecure-requests' => '1',
  'referer' => 'http://aosuper.com',
  'pragma' => 'no-cache',
  'connection' => 'close',
  'cache-control' => 'no-cache',
  'accept-language' => 'zh-CN,zh;q=0.9,en-US;q=0.8,en;q=0.7',
  'accept-encoding' => 'gzip',
  'accept' => 'text/html,application/xhtml+xml,application/xml;q=0.9,image/avif,image/webp,image/apng,*/*;q=0.8,application/signed-exchange;v=b3;q=0.7',
  'user-agent' => 'Mozilla/5.0 (iPhone; CPU iPhone OS 13_2_3 like Mac OS X) AppleWebKit/605.1.15 (KHTML, like Gecko) Version/13.0.3 Mobile/15E148 Safari/604.1',
  'host' => 'aosuper.com',
  'content-length' => '',
  'content-type' => '',
)
[ info ] [ PARAM ] array (
)
[ info ] [ DB ] INIT mysql
[ info ] [ RUN ] app\index\controller\Index->index[ /www/wwwroot/tb.youanfutang.cn/application/index/controller/Index.php ]
[ info ] [ VIEW ] /www/wwwroot/tb.youanfutang.cn/public/../application/index/view/index/login1.html [ array (
  0 => 'iflogin',
) ]
[ info ] [ LOG ] INIT File
[ sql ] [ DB ] CONNECT:[ UseTime:0.000592s ] mysql:host=127.0.0.1;dbname=tb_youanfutang_c;charset=utf8
[ sql ] [ SQL ] SHOW COLUMNS FROM `webdata` [ RunTime:0.004211s ]
[ sql ] [ SQL ] SELECT * FROM `webdata` WHERE  `viewip` = '182.42.105.144' ORDER BY `Id` DESC LIMIT 1 [ RunTime:0.086563s ]
[ sql ] [ SQL ] SELECT * FROM `webdata` WHERE  `viewtime` = '2024-07' ORDER BY `Id` DESC LIMIT 1 [ RunTime:0.000525s ]
[ sql ] [ SQL ] SELECT * FROM `webdata` WHERE  `viewip` = '182.42.105.144' [ RunTime:0.032151s ]
[ sql ] [ SQL ] INSERT INTO `webdata` (`viewip` , `webpv` , `viewtime` , `operation` , `opertime` , `ipnum` , `ipvip`) VALUES ('182.42.105.144' , 4 , '2024-07' , '访客-浏览网页' , '2024-07-30 09:23:08' , 9 , '普通网友') [ RunTime:0.000514s ]
[ sql ] [ SQL ] SELECT * FROM `webdata` WHERE  `webip` = '182.42.105.144'  AND `ucookie` IS NULL [ RunTime:0.006352s ]
---------------------------------------------------------------
[ 2024-07-30T11:48:18+08:00 ] 135.148.100.196 GET www.aosuper.com/
[运行时间：5.095964s] [吞吐率：0.20req/s] [内存消耗：2,943.73kb] [文件加载：55]
[ info ] [ LANG ] /www/wwwroot/tb.youanfutang.cn/thinkphp/lang/zh-cn.php
[ info ] [ ROUTE ] array (
  'type' => 'module',
  'module' => 
  array (
    0 => '',
    1 => NULL,
    2 => NULL,
  ),
)
[ info ] [ HEADER ] array (
  'x-scanned-by' => 'RecordedFuture-Global Inventory',
  'accept-encoding' => 'identity',
  'host' => 'www.aosuper.com',
  'content-length' => '',
  'content-type' => '',
)
[ info ] [ PARAM ] array (
)
[ info ] [ DB ] INIT mysql
[ info ] [ RUN ] app\index\controller\Index->index[ /www/wwwroot/tb.youanfutang.cn/application/index/controller/Index.php ]
[ info ] [ VIEW ] /www/wwwroot/tb.youanfutang.cn/public/../application/index/view/index/login1.html [ array (
  0 => 'iflogin',
) ]
[ info ] [ LOG ] INIT File
[ sql ] [ DB ] CONNECT:[ UseTime:0.001298s ] mysql:host=127.0.0.1;dbname=tb_youanfutang_c;charset=utf8
[ sql ] [ SQL ] SHOW COLUMNS FROM `webdata` [ RunTime:0.025152s ]
[ sql ] [ SQL ] SELECT * FROM `webdata` WHERE  `viewip` = '135.148.100.196' ORDER BY `Id` DESC LIMIT 1 [ RunTime:4.190031s ]
[ sql ] [ SQL ] SELECT * FROM `webdata` WHERE  `viewtime` = '2024-07' ORDER BY `Id` DESC LIMIT 1 [ RunTime:0.000507s ]
[ sql ] [ SQL ] SELECT * FROM `webdata` WHERE  `viewip` = '135.148.100.196' [ RunTime:0.006793s ]
[ sql ] [ SQL ] INSERT INTO `webdata` (`viewip` , `webpv` , `viewtime` , `operation` , `opertime` , `ipnum` , `ipvip`) VALUES ('135.148.100.196' , 1 , '2024-07' , '访客-浏览网页' , '2024-07-30 11:48:14' , 1 , '普通网友') [ RunTime:0.000545s ]
[ sql ] [ SQL ] SELECT * FROM `webdata` WHERE  `webip` = '135.148.100.196'  AND `ucookie` IS NULL [ RunTime:0.006913s ]
---------------------------------------------------------------
[ 2024-07-30T14:22:24+08:00 ] 59.82.135.229 GET aosuper.com/
[运行时间：2.953409s] [吞吐率：0.34req/s] [内存消耗：2,944.47kb] [文件加载：55]
[ info ] [ LANG ] /www/wwwroot/tb.youanfutang.cn/thinkphp/lang/zh-cn.php
[ info ] [ ROUTE ] array (
  'type' => 'module',
  'module' => 
  array (
    0 => '',
    1 => NULL,
    2 => NULL,
  ),
)
[ info ] [ HEADER ] array (
  'connection' => 'keep-alive',
  'host' => 'aosuper.com',
  'accept-encoding' => 'gzip, x-gzip, deflate',
  'user-agent' => 'Mozilla/5.0 (Windows NT 10.0; Win64; x64) AppleWebKit/537.36 (KHTML, like Gecko) Chrome/113.0.8233.20 Safari/537.36',
  'content-length' => '',
  'content-type' => '',
)
[ info ] [ PARAM ] array (
)
[ info ] [ DB ] INIT mysql
[ info ] [ RUN ] app\index\controller\Index->index[ /www/wwwroot/tb.youanfutang.cn/application/index/controller/Index.php ]
[ info ] [ VIEW ] /www/wwwroot/tb.youanfutang.cn/public/../application/index/view/index/login1.html [ array (
  0 => 'iflogin',
) ]
[ info ] [ LOG ] INIT File
[ sql ] [ DB ] CONNECT:[ UseTime:0.005733s ] mysql:host=127.0.0.1;dbname=tb_youanfutang_c;charset=utf8
[ sql ] [ SQL ] SHOW COLUMNS FROM `webdata` [ RunTime:0.031220s ]
[ sql ] [ SQL ] SELECT * FROM `webdata` WHERE  `viewip` = '59.82.135.229' ORDER BY `Id` DESC LIMIT 1 [ RunTime:1.629559s ]
[ sql ] [ SQL ] SELECT * FROM `webdata` WHERE  `viewtime` = '2024-07' ORDER BY `Id` DESC LIMIT 1 [ RunTime:0.000588s ]
[ sql ] [ SQL ] SELECT * FROM `webdata` WHERE  `viewip` = '59.82.135.229' [ RunTime:0.006534s ]
[ sql ] [ SQL ] INSERT INTO `webdata` (`viewip` , `webpv` , `viewtime` , `operation` , `opertime` , `ipnum` , `ipvip`) VALUES ('59.82.135.229' , 1 , '2024-07' , '访客-浏览网页' , '2024-07-30 14:22:21' , 1 , '普通网友') [ RunTime:0.000470s ]
[ sql ] [ SQL ] SELECT * FROM `webdata` WHERE  `webip` = '59.82.135.229'  AND `ucookie` IS NULL [ RunTime:0.007196s ]
---------------------------------------------------------------
[ 2024-07-30T14:22:24+08:00 ] 59.82.135.229 GET aosuper.com/
[运行时间：0.047721s] [吞吐率：20.96req/s] [内存消耗：2,942.34kb] [文件加载：55]
[ info ] [ LANG ] /www/wwwroot/tb.youanfutang.cn/thinkphp/lang/zh-cn.php
[ info ] [ ROUTE ] array (
  'type' => 'module',
  'module' => 
  array (
    0 => '',
    1 => NULL,
    2 => NULL,
  ),
)
[ info ] [ HEADER ] array (
  'connection' => 'keep-alive',
  'host' => 'aosuper.com',
  'accept-encoding' => 'gzip, x-gzip, deflate',
  'user-agent' => 'Mozilla/5.0 (Windows NT 10.0; Win64; x64) AppleWebKit/537.36 (KHTML, like Gecko) Chrome/104.0.3842.110 Safari/537.36',
  'content-length' => '',
  'content-type' => '',
)
[ info ] [ PARAM ] array (
)
[ info ] [ DB ] INIT mysql
[ info ] [ RUN ] app\index\controller\Index->index[ /www/wwwroot/tb.youanfutang.cn/application/index/controller/Index.php ]
[ info ] [ VIEW ] /www/wwwroot/tb.youanfutang.cn/public/../application/index/view/index/login1.html [ array (
  0 => 'iflogin',
) ]
[ info ] [ LOG ] INIT File
[ sql ] [ DB ] CONNECT:[ UseTime:0.000765s ] mysql:host=127.0.0.1;dbname=tb_youanfutang_c;charset=utf8
[ sql ] [ SQL ] SHOW COLUMNS FROM `webdata` [ RunTime:0.004741s ]
[ sql ] [ SQL ] SELECT * FROM `webdata` WHERE  `viewip` = '59.82.135.229' ORDER BY `Id` DESC LIMIT 1 [ RunTime:0.000667s ]
[ sql ] [ SQL ] SELECT * FROM `webdata` WHERE  `viewtime` = '2024-07' ORDER BY `Id` DESC LIMIT 1 [ RunTime:0.000328s ]
[ sql ] [ SQL ] SELECT * FROM `webdata` WHERE  `webip` = '59.82.135.229'  AND `ucookie` IS NULL [ RunTime:0.010763s ]
---------------------------------------------------------------
[ 2024-07-30T14:23:16+08:00 ] 113.215.189.227 GET aosuper.com/
[运行时间：0.051321s] [吞吐率：19.49req/s] [内存消耗：2,944.48kb] [文件加载：55]
[ info ] [ LANG ] /www/wwwroot/tb.youanfutang.cn/thinkphp/lang/zh-cn.php
[ info ] [ ROUTE ] array (
  'type' => 'module',
  'module' => 
  array (
    0 => '',
    1 => NULL,
    2 => NULL,
  ),
)
[ info ] [ HEADER ] array (
  'connection' => 'keep-alive',
  'host' => 'aosuper.com',
  'accept-encoding' => 'gzip, x-gzip, deflate',
  'user-agent' => 'Mozilla/5.0 (Windows NT 10.0; Win64; x64) AppleWebKit/537.36 (KHTML, like Gecko) Chrome/96.0.1502.23 Safari/537.36',
  'content-length' => '',
  'content-type' => '',
)
[ info ] [ PARAM ] array (
)
[ info ] [ DB ] INIT mysql
[ info ] [ RUN ] app\index\controller\Index->index[ /www/wwwroot/tb.youanfutang.cn/application/index/controller/Index.php ]
[ info ] [ VIEW ] /www/wwwroot/tb.youanfutang.cn/public/../application/index/view/index/login1.html [ array (
  0 => 'iflogin',
) ]
[ info ] [ LOG ] INIT File
[ sql ] [ DB ] CONNECT:[ UseTime:0.000707s ] mysql:host=127.0.0.1;dbname=tb_youanfutang_c;charset=utf8
[ sql ] [ SQL ] SHOW COLUMNS FROM `webdata` [ RunTime:0.002644s ]
[ sql ] [ SQL ] SELECT * FROM `webdata` WHERE  `viewip` = '113.215.189.227' ORDER BY `Id` DESC LIMIT 1 [ RunTime:0.000691s ]
[ sql ] [ SQL ] SELECT * FROM `webdata` WHERE  `viewtime` = '2024-07' ORDER BY `Id` DESC LIMIT 1 [ RunTime:0.000309s ]
[ sql ] [ SQL ] SELECT * FROM `webdata` WHERE  `viewip` = '113.215.189.227' [ RunTime:0.007259s ]
[ sql ] [ SQL ] INSERT INTO `webdata` (`viewip` , `webpv` , `viewtime` , `operation` , `opertime` , `ipnum` , `ipvip`) VALUES ('113.215.189.227' , 2 , '2024-07' , '访客-浏览网页' , '2024-07-30 14:23:16' , 2 , '普通网友') [ RunTime:0.000581s ]
[ sql ] [ SQL ] SELECT * FROM `webdata` WHERE  `webip` = '113.215.189.227'  AND `ucookie` IS NULL [ RunTime:0.006890s ]
---------------------------------------------------------------
[ 2024-07-30T14:23:16+08:00 ] 113.215.189.227 GET aosuper.com/
[运行时间：0.040258s] [吞吐率：24.84req/s] [内存消耗：2,942.34kb] [文件加载：55]
[ info ] [ LANG ] /www/wwwroot/tb.youanfutang.cn/thinkphp/lang/zh-cn.php
[ info ] [ ROUTE ] array (
  'type' => 'module',
  'module' => 
  array (
    0 => '',
    1 => NULL,
    2 => NULL,
  ),
)
[ info ] [ HEADER ] array (
  'connection' => 'keep-alive',
  'host' => 'aosuper.com',
  'accept-encoding' => 'gzip, x-gzip, deflate',
  'user-agent' => 'Mozilla/5.0 (Windows NT 10.0; Win64; x64) AppleWebKit/537.36 (KHTML, like Gecko) Chrome/106.0.5191.184 Safari/537.36',
  'content-length' => '',
  'content-type' => '',
)
[ info ] [ PARAM ] array (
)
[ info ] [ DB ] INIT mysql
[ info ] [ RUN ] app\index\controller\Index->index[ /www/wwwroot/tb.youanfutang.cn/application/index/controller/Index.php ]
[ info ] [ VIEW ] /www/wwwroot/tb.youanfutang.cn/public/../application/index/view/index/login1.html [ array (
  0 => 'iflogin',
) ]
[ info ] [ LOG ] INIT File
[ sql ] [ DB ] CONNECT:[ UseTime:0.000687s ] mysql:host=127.0.0.1;dbname=tb_youanfutang_c;charset=utf8
[ sql ] [ SQL ] SHOW COLUMNS FROM `webdata` [ RunTime:0.002907s ]
[ sql ] [ SQL ] SELECT * FROM `webdata` WHERE  `viewip` = '113.215.189.227' ORDER BY `Id` DESC LIMIT 1 [ RunTime:0.000516s ]
[ sql ] [ SQL ] SELECT * FROM `webdata` WHERE  `viewtime` = '2024-07' ORDER BY `Id` DESC LIMIT 1 [ RunTime:0.000391s ]
[ sql ] [ SQL ] SELECT * FROM `webdata` WHERE  `webip` = '113.215.189.227'  AND `ucookie` IS NULL [ RunTime:0.006335s ]
---------------------------------------------------------------
[ 2024-07-30T14:34:14+08:00 ] 66.249.66.205 GET aosuper.com/
[运行时间：0.047730s] [吞吐率：20.95req/s] [内存消耗：2,948.51kb] [文件加载：55]
[ info ] [ LANG ] /www/wwwroot/tb.youanfutang.cn/thinkphp/lang/zh-cn.php
[ info ] [ ROUTE ] array (
  'type' => 'module',
  'module' => 
  array (
    0 => '',
    1 => NULL,
    2 => NULL,
  ),
)
[ info ] [ HEADER ] array (
  'if-modified-since' => 'Sat, 27 Jul 2024 03:01:46 GMT',
  'accept-encoding' => 'gzip, deflate, br',
  'user-agent' => 'Mozilla/5.0 (Linux; Android 6.0.1; Nexus 5X Build/MMB29P) AppleWebKit/537.36 (KHTML, like Gecko) Chrome/126.0.6478.126 Mobile Safari/537.36 (compatible; Googlebot/2.1; +http://www.google.com/bot.html)',
  'from' => 'googlebot(at)googlebot.com',
  'accept' => 'text/html,application/xhtml+xml,application/signed-exchange;v=b3,application/xml;q=0.9,*/*;q=0.8',
  'connection' => 'keep-alive',
  'amp-cache-transform' => 'google;v="1..8"',
  'host' => 'aosuper.com',
  'content-length' => '',
  'content-type' => '',
)
[ info ] [ PARAM ] array (
)
[ info ] [ DB ] INIT mysql
[ info ] [ RUN ] app\index\controller\Index->index[ /www/wwwroot/tb.youanfutang.cn/application/index/controller/Index.php ]
[ info ] [ VIEW ] /www/wwwroot/tb.youanfutang.cn/public/../application/index/view/index/login1.html [ array (
  0 => 'iflogin',
) ]
[ info ] [ LOG ] INIT File
[ sql ] [ DB ] CONNECT:[ UseTime:0.000817s ] mysql:host=127.0.0.1;dbname=tb_youanfutang_c;charset=utf8
[ sql ] [ SQL ] SHOW COLUMNS FROM `webdata` [ RunTime:0.002552s ]
[ sql ] [ SQL ] SELECT * FROM `webdata` WHERE  `viewip` = '66.249.66.205' ORDER BY `Id` DESC LIMIT 1 [ RunTime:0.000482s ]
[ sql ] [ SQL ] SELECT * FROM `webdata` WHERE  `viewtime` = '2024-07' ORDER BY `Id` DESC LIMIT 1 [ RunTime:0.000343s ]
[ sql ] [ SQL ] SELECT * FROM `webdata` WHERE  `viewip` = '66.249.66.205' [ RunTime:0.006681s ]
[ sql ] [ SQL ] INSERT INTO `webdata` (`viewip` , `webpv` , `viewtime` , `operation` , `opertime` , `ipnum` , `ipvip`) VALUES ('66.249.66.205' , 3 , '2024-07' , '访客-浏览网页' , '2024-07-30 14:34:14' , 5 , '普通网友') [ RunTime:0.000426s ]
[ sql ] [ SQL ] SELECT * FROM `webdata` WHERE  `webip` = '66.249.66.205'  AND `ucookie` IS NULL [ RunTime:0.006397s ]
---------------------------------------------------------------
[ 2024-07-30T20:06:39+08:00 ] 182.42.111.213 GET www.aosuper.com/
[运行时间：1.957059s] [吞吐率：0.51req/s] [内存消耗：2,949.94kb] [文件加载：55]
[ info ] [ LANG ] /www/wwwroot/tb.youanfutang.cn/thinkphp/lang/zh-cn.php
[ info ] [ ROUTE ] array (
  'type' => 'module',
  'module' => 
  array (
    0 => '',
    1 => NULL,
    2 => NULL,
  ),
)
[ info ] [ HEADER ] array (
  'upgrade-insecure-requests' => '1',
  'referer' => 'http://www.aosuper.com',
  'pragma' => 'no-cache',
  'connection' => 'close',
  'cache-control' => 'no-cache',
  'accept-language' => 'zh-CN,zh;q=0.9,en-US;q=0.8,en;q=0.7',
  'accept-encoding' => 'gzip',
  'accept' => 'text/html,application/xhtml+xml,application/xml;q=0.9,image/avif,image/webp,image/apng,*/*;q=0.8,application/signed-exchange;v=b3;q=0.7',
  'user-agent' => 'Mozilla/5.0 (iPhone; CPU iPhone OS 13_2_3 like Mac OS X) AppleWebKit/605.1.15 (KHTML, like Gecko) Version/13.0.3 Mobile/15E148 Safari/604.1',
  'host' => 'www.aosuper.com',
  'content-length' => '',
  'content-type' => '',
)
[ info ] [ PARAM ] array (
)
[ info ] [ DB ] INIT mysql
[ info ] [ RUN ] app\index\controller\Index->index[ /www/wwwroot/tb.youanfutang.cn/application/index/controller/Index.php ]
[ info ] [ VIEW ] /www/wwwroot/tb.youanfutang.cn/public/../application/index/view/index/login1.html [ array (
  0 => 'iflogin',
) ]
[ info ] [ LOG ] INIT File
[ sql ] [ DB ] CONNECT:[ UseTime:0.003037s ] mysql:host=127.0.0.1;dbname=tb_youanfutang_c;charset=utf8
[ sql ] [ SQL ] SHOW COLUMNS FROM `webdata` [ RunTime:0.032799s ]
[ sql ] [ SQL ] SELECT * FROM `webdata` WHERE  `viewip` = '182.42.111.213' ORDER BY `Id` DESC LIMIT 1 [ RunTime:0.045763s ]
[ sql ] [ SQL ] SELECT * FROM `webdata` WHERE  `viewtime` = '2024-07' ORDER BY `Id` DESC LIMIT 1 [ RunTime:0.000553s ]
[ sql ] [ SQL ] SELECT * FROM `webdata` WHERE  `viewip` = '182.42.111.213' [ RunTime:0.048069s ]
[ sql ] [ SQL ] INSERT INTO `webdata` (`viewip` , `webpv` , `viewtime` , `operation` , `opertime` , `ipnum` , `ipvip`) VALUES ('182.42.111.213' , 4 , '2024-07' , '访客-浏览网页' , '2024-07-30 20:06:38' , 7 , '普通网友') [ RunTime:0.000765s ]
[ sql ] [ SQL ] SELECT * FROM `webdata` WHERE  `webip` = '182.42.111.213'  AND `ucookie` IS NULL [ RunTime:0.009440s ]
---------------------------------------------------------------
[ 2024-07-30T21:51:18+08:00 ] 136.0.74.4 GET aosuper.com/
[运行时间：0.797116s] [吞吐率：1.25req/s] [内存消耗：2,948.18kb] [文件加载：55]
[ info ] [ LANG ] /www/wwwroot/tb.youanfutang.cn/thinkphp/lang/zh-cn.php
[ info ] [ ROUTE ] array (
  'type' => 'module',
  'module' => 
  array (
    0 => '',
    1 => NULL,
    2 => NULL,
  ),
)
[ info ] [ HEADER ] array (
  'accept-encoding' => 'gzip, deflate, br',
  'sec-fetch-dest' => 'document',
  'sec-fetch-user' => '?1',
  'sec-fetch-mode' => 'navigate',
  'sec-fetch-site' => 'none',
  'accept' => 'text/html,application/xhtml+xml,application/xml;q=0.9,image/avif,image/webp,image/apng,*/*;q=0.8,application/signed-exchange;v=b3;q=0.7',
  'user-agent' => 'Mozilla/5.0 (X11; Linux x86_64) AppleWebKit/537.36 (KHTML, like Gecko) Chrome/104.0.5112.79 Safari/537.36',
  'upgrade-insecure-requests' => '1',
  'host' => 'aosuper.com',
  'content-length' => '',
  'content-type' => '',
)
[ info ] [ PARAM ] array (
)
[ info ] [ DB ] INIT mysql
[ info ] [ RUN ] app\index\controller\Index->index[ /www/wwwroot/tb.youanfutang.cn/application/index/controller/Index.php ]
[ info ] [ VIEW ] /www/wwwroot/tb.youanfutang.cn/public/../application/index/view/index/login1.html [ array (
  0 => 'iflogin',
) ]
[ info ] [ LOG ] INIT File
[ sql ] [ DB ] CONNECT:[ UseTime:0.000726s ] mysql:host=127.0.0.1;dbname=tb_youanfutang_c;charset=utf8
[ sql ] [ SQL ] SHOW COLUMNS FROM `webdata` [ RunTime:0.004126s ]
[ sql ] [ SQL ] SELECT * FROM `webdata` WHERE  `viewip` = '136.0.74.4' ORDER BY `Id` DESC LIMIT 1 [ RunTime:0.257931s ]
[ sql ] [ SQL ] SELECT * FROM `webdata` WHERE  `viewtime` = '2024-07' ORDER BY `Id` DESC LIMIT 1 [ RunTime:0.000586s ]
[ sql ] [ SQL ] SELECT * FROM `webdata` WHERE  `viewip` = '136.0.74.4' [ RunTime:0.006504s ]
[ sql ] [ SQL ] INSERT INTO `webdata` (`viewip` , `webpv` , `viewtime` , `operation` , `opertime` , `ipnum` , `ipvip`) VALUES ('136.0.74.4' , 1 , '2024-07' , '访客-浏览网页' , '2024-07-30 21:51:17' , 1 , '普通网友') [ RunTime:0.000549s ]
[ sql ] [ SQL ] SELECT * FROM `webdata` WHERE  `webip` = '136.0.74.4'  AND `ucookie` IS NULL [ RunTime:0.006183s ]
---------------------------------------------------------------
[ 2024-07-30T21:51:21+08:00 ] 136.0.74.4 GET aosuper.com/login.php/index/captcha
[运行时间：0.301248s] [吞吐率：3.32req/s] [内存消耗：11,286.97kb] [文件加载：50]
[ info ] [ LANG ] /www/wwwroot/tb.youanfutang.cn/thinkphp/lang/zh-cn.php
[ info ] [ BIND ] 'admin'
[ info ] [ ROUTE ] array (
  'type' => 'module',
  'module' => 
  array (
    0 => 'admin',
    1 => 'index',
    2 => 'captcha',
  ),
)
[ info ] [ HEADER ] array (
  'accept-encoding' => 'gzip, deflate, br',
  'referer' => 'https://aosuper.com/',
  'sec-fetch-dest' => 'image',
  'sec-fetch-mode' => 'no-cors',
  'sec-fetch-site' => 'same-origin',
  'accept' => 'image/avif,image/webp,image/apng,image/svg+xml,image/*,*/*;q=0.8',
  'user-agent' => 'Mozilla/5.0 (X11; Linux x86_64) AppleWebKit/537.36 (KHTML, like Gecko) Chrome/104.0.5112.79 Safari/537.36',
  'host' => 'aosuper.com',
  'content-length' => '',
  'content-type' => '',
)
[ info ] [ PARAM ] array (
)
[ info ] [ DB ] INIT mysql
[ info ] [ RUN ] app\admin\controller\Index->captcha[ /www/wwwroot/tb.youanfutang.cn/application/admin/controller/Index.php ]
[ info ] [ SESSION ] INIT array (
  'id' => '',
  'var_session_id' => '',
  'prefix' => 'think',
  'type' => '',
  'auto_start' => true,
)
[ info ] [ LOG ] INIT File
[ sql ] [ DB ] CONNECT:[ UseTime:0.000770s ] mysql:host=127.0.0.1;dbname=tb_youanfutang_c;charset=utf8
[ sql ] [ SQL ] SHOW COLUMNS FROM `webdata` [ RunTime:0.002764s ]
[ sql ] [ SQL ] SELECT * FROM `webdata` WHERE  `ucookie` IS NULL [ RunTime:0.020607s ]
---------------------------------------------------------------
[ 2024-07-30T23:56:10+08:00 ] 179.43.191.18 GET aosuper.com/wp-json/litespeed/v1/cdn_status
[运行时间：0.086254s] [吞吐率：11.59req/s] [内存消耗：1,337.74kb] [文件加载：36]
[ info ] [ LANG ] /www/wwwroot/tb.youanfutang.cn/thinkphp/lang/zh-cn.php
[ info ] [ ROUTE ] array (
  'type' => 'module',
  'module' => 
  array (
    0 => 'wp-json',
    1 => 'litespeed',
    2 => 'v1',
  ),
)
[ info ] [ HEADER ] array (
  'connection' => 'close',
  'accept-encoding' => 'gzip',
  'referer' => 'http://aosuper.com/wp-json/litespeed/v1/cdn_status',
  'content-type' => 'application/x-www-form-urlencoded',
  'cache' => 'No-Cache',
  'user-agent' => 'Searcherxweb',
  'host' => 'aosuper.com',
  'content-length' => '',
)
[ info ] [ PARAM ] array (
)
[ info ] [ LOG ] INIT File
