---------------------------------------------------------------
[ 2024-09-04T00:13:49+08:00 ] 66.249.73.203 GET aosuper.com/
[运行时间：0.346425s] [吞吐率：2.89req/s] [内存消耗：2,948.04kb] [文件加载：55]
[ info ] [ LANG ] /www/wwwroot/tb.youanfutang.cn/thinkphp/lang/zh-cn.php
[ info ] [ ROUTE ] array (
  'type' => 'module',
  'module' => 
  array (
    0 => '',
    1 => NULL,
    2 => NULL,
  ),
)
[ info ] [ HEADER ] array (
  'accept-encoding' => 'gzip, deflate, br',
  'user-agent' => 'Mozilla/5.0 (Linux; Android 6.0.1; Nexus 5X Build/MMB29P) AppleWebKit/537.36 (KHTML, like Gecko) Chrome/128.0.6613.113 Mobile Safari/537.36 (compatible; Googlebot/2.1; +http://www.google.com/bot.html)',
  'from' => 'googlebot(at)googlebot.com',
  'accept' => 'text/html,application/xhtml+xml,application/signed-exchange;v=b3,application/xml;q=0.9,*/*;q=0.8',
  'connection' => 'keep-alive',
  'amp-cache-transform' => 'google;v="1..8"',
  'host' => 'aosuper.com',
  'content-length' => '',
  'content-type' => '',
)
[ info ] [ PARAM ] array (
)
[ info ] [ DB ] INIT mysql
[ info ] [ RUN ] app\index\controller\Index->index[ /www/wwwroot/tb.youanfutang.cn/application/index/controller/Index.php ]
[ info ] [ VIEW ] /www/wwwroot/tb.youanfutang.cn/public/../application/index/view/index/login1.html [ array (
  0 => 'iflogin',
) ]
[ info ] [ LOG ] INIT File
[ sql ] [ DB ] CONNECT:[ UseTime:0.000761s ] mysql:host=127.0.0.1;dbname=tb_youanfutang_c;charset=utf8
[ sql ] [ SQL ] SHOW COLUMNS FROM `webdata` [ RunTime:0.001454s ]
[ sql ] [ SQL ] SELECT * FROM `webdata` WHERE  `viewip` = '66.249.73.203' ORDER BY `Id` DESC LIMIT 1 [ RunTime:0.289390s ]
[ sql ] [ SQL ] SELECT * FROM `webdata` WHERE  `viewtime` = '2024-09' ORDER BY `Id` DESC LIMIT 1 [ RunTime:0.000569s ]
[ sql ] [ SQL ] SELECT * FROM `webdata` WHERE  `viewip` = '66.249.73.203' [ RunTime:0.005681s ]
[ sql ] [ SQL ] INSERT INTO `webdata` (`viewip` , `webpv` , `viewtime` , `operation` , `opertime` , `ipnum` , `ipvip`) VALUES ('66.249.73.203' , 1 , '2024-09' , '访客-浏览网页' , '2024-09-04 00:13:48' , 1 , '普通网友') [ RunTime:0.000473s ]
[ sql ] [ SQL ] SELECT * FROM `webdata` WHERE  `webip` = '66.249.73.203'  AND `ucookie` IS NULL [ RunTime:0.005482s ]
---------------------------------------------------------------
[ 2024-09-04T02:15:05+08:00 ] 113.215.188.10 GET www.aosuper.com/
[运行时间：3.050427s] [吞吐率：0.33req/s] [内存消耗：2,944.61kb] [文件加载：55]
[ info ] [ LANG ] /www/wwwroot/tb.youanfutang.cn/thinkphp/lang/zh-cn.php
[ info ] [ ROUTE ] array (
  'type' => 'module',
  'module' => 
  array (
    0 => '',
    1 => NULL,
    2 => NULL,
  ),
)
[ info ] [ HEADER ] array (
  'connection' => 'keep-alive',
  'host' => 'www.aosuper.com',
  'accept-encoding' => 'gzip, x-gzip, deflate',
  'user-agent' => 'Mozilla/5.0 (Windows NT 10.0; Win64; x64) AppleWebKit/537.36 (KHTML, like Gecko) Chrome/82.0.3193.186 Safari/537.36',
  'content-length' => '',
  'content-type' => '',
)
[ info ] [ PARAM ] array (
)
[ info ] [ DB ] INIT mysql
[ info ] [ RUN ] app\index\controller\Index->index[ /www/wwwroot/tb.youanfutang.cn/application/index/controller/Index.php ]
[ info ] [ VIEW ] /www/wwwroot/tb.youanfutang.cn/public/../application/index/view/index/login1.html [ array (
  0 => 'iflogin',
) ]
[ info ] [ LOG ] INIT File
[ sql ] [ DB ] CONNECT:[ UseTime:0.000735s ] mysql:host=127.0.0.1;dbname=tb_youanfutang_c;charset=utf8
[ sql ] [ SQL ] SHOW COLUMNS FROM `webdata` [ RunTime:0.023325s ]
[ sql ] [ SQL ] SELECT * FROM `webdata` WHERE  `viewip` = '113.215.188.10' ORDER BY `Id` DESC LIMIT 1 [ RunTime:2.442993s ]
[ sql ] [ SQL ] SELECT * FROM `webdata` WHERE  `viewtime` = '2024-09' ORDER BY `Id` DESC LIMIT 1 [ RunTime:0.000514s ]
[ sql ] [ SQL ] SELECT * FROM `webdata` WHERE  `viewip` = '113.215.188.10' [ RunTime:0.005922s ]
[ sql ] [ SQL ] INSERT INTO `webdata` (`viewip` , `webpv` , `viewtime` , `operation` , `opertime` , `ipnum` , `ipvip`) VALUES ('113.215.188.10' , 1 , '2024-09' , '访客-浏览网页' , '2024-09-04 02:15:02' , 1 , '普通网友') [ RunTime:0.000442s ]
[ sql ] [ SQL ] SELECT * FROM `webdata` WHERE  `webip` = '113.215.188.10'  AND `ucookie` IS NULL [ RunTime:0.005363s ]
---------------------------------------------------------------
[ 2024-09-04T02:15:05+08:00 ] 113.215.188.10 GET www.aosuper.com/
[运行时间：0.131958s] [吞吐率：7.58req/s] [内存消耗：2,942.34kb] [文件加载：55]
[ info ] [ LANG ] /www/wwwroot/tb.youanfutang.cn/thinkphp/lang/zh-cn.php
[ info ] [ ROUTE ] array (
  'type' => 'module',
  'module' => 
  array (
    0 => '',
    1 => NULL,
    2 => NULL,
  ),
)
[ info ] [ HEADER ] array (
  'connection' => 'keep-alive',
  'host' => 'www.aosuper.com',
  'accept-encoding' => 'gzip, x-gzip, deflate',
  'user-agent' => 'Mozilla/5.0 (Windows NT 10.0; Win64; x64) AppleWebKit/537.36 (KHTML, like Gecko) Chrome/81.0.2476.39 Safari/537.36',
  'content-length' => '',
  'content-type' => '',
)
[ info ] [ PARAM ] array (
)
[ info ] [ DB ] INIT mysql
[ info ] [ RUN ] app\index\controller\Index->index[ /www/wwwroot/tb.youanfutang.cn/application/index/controller/Index.php ]
[ info ] [ VIEW ] /www/wwwroot/tb.youanfutang.cn/public/../application/index/view/index/login1.html [ array (
  0 => 'iflogin',
) ]
[ info ] [ LOG ] INIT File
[ sql ] [ DB ] CONNECT:[ UseTime:0.000600s ] mysql:host=127.0.0.1;dbname=tb_youanfutang_c;charset=utf8
[ sql ] [ SQL ] SHOW COLUMNS FROM `webdata` [ RunTime:0.001630s ]
[ sql ] [ SQL ] SELECT * FROM `webdata` WHERE  `viewip` = '113.215.188.10' ORDER BY `Id` DESC LIMIT 1 [ RunTime:0.000594s ]
[ sql ] [ SQL ] SELECT * FROM `webdata` WHERE  `viewtime` = '2024-09' ORDER BY `Id` DESC LIMIT 1 [ RunTime:0.000393s ]
[ sql ] [ SQL ] SELECT * FROM `webdata` WHERE  `webip` = '113.215.188.10'  AND `ucookie` IS NULL [ RunTime:0.006019s ]
---------------------------------------------------------------
[ 2024-09-04T02:20:13+08:00 ] 113.215.189.155 GET www.aosuper.com/
[运行时间：0.046899s] [吞吐率：21.32req/s] [内存消耗：2,944.48kb] [文件加载：55]
[ info ] [ LANG ] /www/wwwroot/tb.youanfutang.cn/thinkphp/lang/zh-cn.php
[ info ] [ ROUTE ] array (
  'type' => 'module',
  'module' => 
  array (
    0 => '',
    1 => NULL,
    2 => NULL,
  ),
)
[ info ] [ HEADER ] array (
  'connection' => 'keep-alive',
  'host' => 'www.aosuper.com',
  'accept-encoding' => 'gzip, x-gzip, deflate',
  'user-agent' => 'Mozilla/5.0 (Windows NT 10.0; Win64; x64) AppleWebKit/537.36 (KHTML, like Gecko) Chrome/81.0.4994.36 Safari/537.36',
  'content-length' => '',
  'content-type' => '',
)
[ info ] [ PARAM ] array (
)
[ info ] [ DB ] INIT mysql
[ info ] [ RUN ] app\index\controller\Index->index[ /www/wwwroot/tb.youanfutang.cn/application/index/controller/Index.php ]
[ info ] [ VIEW ] /www/wwwroot/tb.youanfutang.cn/public/../application/index/view/index/login1.html [ array (
  0 => 'iflogin',
) ]
[ info ] [ LOG ] INIT File
[ sql ] [ DB ] CONNECT:[ UseTime:0.000758s ] mysql:host=127.0.0.1;dbname=tb_youanfutang_c;charset=utf8
[ sql ] [ SQL ] SHOW COLUMNS FROM `webdata` [ RunTime:0.001566s ]
[ sql ] [ SQL ] SELECT * FROM `webdata` WHERE  `viewip` = '113.215.189.155' ORDER BY `Id` DESC LIMIT 1 [ RunTime:0.002034s ]
[ sql ] [ SQL ] SELECT * FROM `webdata` WHERE  `viewtime` = '2024-09' ORDER BY `Id` DESC LIMIT 1 [ RunTime:0.000402s ]
[ sql ] [ SQL ] SELECT * FROM `webdata` WHERE  `viewip` = '113.215.189.155' [ RunTime:0.006069s ]
[ sql ] [ SQL ] INSERT INTO `webdata` (`viewip` , `webpv` , `viewtime` , `operation` , `opertime` , `ipnum` , `ipvip`) VALUES ('113.215.189.155' , 2 , '2024-09' , '访客-浏览网页' , '2024-09-04 02:20:13' , 2 , '普通网友') [ RunTime:0.000579s ]
[ sql ] [ SQL ] SELECT * FROM `webdata` WHERE  `webip` = '113.215.189.155'  AND `ucookie` IS NULL [ RunTime:0.005379s ]
---------------------------------------------------------------
[ 2024-09-04T02:20:13+08:00 ] 113.215.189.155 GET www.aosuper.com/
[运行时间：0.040222s] [吞吐率：24.86req/s] [内存消耗：2,942.46kb] [文件加载：55]
[ info ] [ LANG ] /www/wwwroot/tb.youanfutang.cn/thinkphp/lang/zh-cn.php
[ info ] [ ROUTE ] array (
  'type' => 'module',
  'module' => 
  array (
    0 => '',
    1 => NULL,
    2 => NULL,
  ),
)
[ info ] [ HEADER ] array (
  'connection' => 'keep-alive',
  'host' => 'www.aosuper.com',
  'accept-encoding' => 'gzip, x-gzip, deflate',
  'user-agent' => 'Mozilla/5.0 (Windows NT 10.0; Win64; x64) AppleWebKit/537.36 (KHTML, like Gecko) Chrome/87.0.5107.175 Safari/537.36',
  'content-length' => '',
  'content-type' => '',
)
[ info ] [ PARAM ] array (
)
[ info ] [ DB ] INIT mysql
[ info ] [ RUN ] app\index\controller\Index->index[ /www/wwwroot/tb.youanfutang.cn/application/index/controller/Index.php ]
[ info ] [ VIEW ] /www/wwwroot/tb.youanfutang.cn/public/../application/index/view/index/login1.html [ array (
  0 => 'iflogin',
) ]
[ info ] [ LOG ] INIT File
[ sql ] [ DB ] CONNECT:[ UseTime:0.000776s ] mysql:host=127.0.0.1;dbname=tb_youanfutang_c;charset=utf8
[ sql ] [ SQL ] SHOW COLUMNS FROM `webdata` [ RunTime:0.001571s ]
[ sql ] [ SQL ] SELECT * FROM `webdata` WHERE  `viewip` = '113.215.189.155' ORDER BY `Id` DESC LIMIT 1 [ RunTime:0.000495s ]
[ sql ] [ SQL ] SELECT * FROM `webdata` WHERE  `viewtime` = '2024-09' ORDER BY `Id` DESC LIMIT 1 [ RunTime:0.000355s ]
[ sql ] [ SQL ] SELECT * FROM `webdata` WHERE  `webip` = '113.215.189.155'  AND `ucookie` IS NULL [ RunTime:0.005774s ]
---------------------------------------------------------------
[ 2024-09-04T02:37:54+08:00 ] 147.78.47.87 GET aosuper.com/
[运行时间：0.077481s] [吞吐率：12.91req/s] [内存消耗：2,944.70kb] [文件加载：55]
[ info ] [ LANG ] /www/wwwroot/tb.youanfutang.cn/thinkphp/lang/zh-cn.php
[ info ] [ ROUTE ] array (
  'type' => 'module',
  'module' => 
  array (
    0 => '',
    1 => NULL,
    2 => NULL,
  ),
)
[ info ] [ HEADER ] array (
  'connection' => 'keep-alive',
  'accept' => '*/*',
  'accept-encoding' => 'gzip, deflate',
  'user-agent' => 'Mozilla/5.0 (Windows NT 10.0; WOW64) AppleWebKit/537.36 (KHTML, like Gecko) Chrome/55.0.2883.87 Safari/537.36 OPR/42.0.2393.94',
  'host' => 'aosuper.com',
  'content-length' => '',
  'content-type' => '',
)
[ info ] [ PARAM ] array (
)
[ info ] [ DB ] INIT mysql
[ info ] [ RUN ] app\index\controller\Index->index[ /www/wwwroot/tb.youanfutang.cn/application/index/controller/Index.php ]
[ info ] [ VIEW ] /www/wwwroot/tb.youanfutang.cn/public/../application/index/view/index/login1.html [ array (
  0 => 'iflogin',
) ]
[ info ] [ LOG ] INIT File
[ sql ] [ DB ] CONNECT:[ UseTime:0.000673s ] mysql:host=127.0.0.1;dbname=tb_youanfutang_c;charset=utf8
[ sql ] [ SQL ] SHOW COLUMNS FROM `webdata` [ RunTime:0.001494s ]
[ sql ] [ SQL ] SELECT * FROM `webdata` WHERE  `viewip` = '147.78.47.87' ORDER BY `Id` DESC LIMIT 1 [ RunTime:0.033088s ]
[ sql ] [ SQL ] SELECT * FROM `webdata` WHERE  `viewtime` = '2024-09' ORDER BY `Id` DESC LIMIT 1 [ RunTime:0.000418s ]
[ sql ] [ SQL ] SELECT * FROM `webdata` WHERE  `viewip` = '147.78.47.87' [ RunTime:0.005758s ]
[ sql ] [ SQL ] INSERT INTO `webdata` (`viewip` , `webpv` , `viewtime` , `operation` , `opertime` , `ipnum` , `ipvip`) VALUES ('147.78.47.87' , 1 , '2024-09' , '访客-浏览网页' , '2024-09-04 02:37:54' , 1 , '普通网友') [ RunTime:0.000553s ]
[ sql ] [ SQL ] SELECT * FROM `webdata` WHERE  `webip` = '147.78.47.87'  AND `ucookie` IS NULL [ RunTime:0.005612s ]
---------------------------------------------------------------
[ 2024-09-04T02:37:55+08:00 ] 147.78.47.87 GET aosuper.com/
[运行时间：0.038143s] [吞吐率：26.22req/s] [内存消耗：2,942.56kb] [文件加载：55]
[ info ] [ LANG ] /www/wwwroot/tb.youanfutang.cn/thinkphp/lang/zh-cn.php
[ info ] [ ROUTE ] array (
  'type' => 'module',
  'module' => 
  array (
    0 => '',
    1 => NULL,
    2 => NULL,
  ),
)
[ info ] [ HEADER ] array (
  'connection' => 'keep-alive',
  'accept' => '*/*',
  'accept-encoding' => 'gzip, deflate',
  'user-agent' => 'Mozilla/5.0 (Windows NT 10.0; WOW64) AppleWebKit/537.36 (KHTML, like Gecko) Chrome/55.0.2883.87 Safari/537.36 OPR/42.0.2393.94',
  'host' => 'aosuper.com',
  'content-length' => '',
  'content-type' => '',
)
[ info ] [ PARAM ] array (
)
[ info ] [ DB ] INIT mysql
[ info ] [ RUN ] app\index\controller\Index->index[ /www/wwwroot/tb.youanfutang.cn/application/index/controller/Index.php ]
[ info ] [ VIEW ] /www/wwwroot/tb.youanfutang.cn/public/../application/index/view/index/login1.html [ array (
  0 => 'iflogin',
) ]
[ info ] [ LOG ] INIT File
[ sql ] [ DB ] CONNECT:[ UseTime:0.000832s ] mysql:host=127.0.0.1;dbname=tb_youanfutang_c;charset=utf8
[ sql ] [ SQL ] SHOW COLUMNS FROM `webdata` [ RunTime:0.001490s ]
[ sql ] [ SQL ] SELECT * FROM `webdata` WHERE  `viewip` = '147.78.47.87' ORDER BY `Id` DESC LIMIT 1 [ RunTime:0.000416s ]
[ sql ] [ SQL ] SELECT * FROM `webdata` WHERE  `viewtime` = '2024-09' ORDER BY `Id` DESC LIMIT 1 [ RunTime:0.000267s ]
[ sql ] [ SQL ] SELECT * FROM `webdata` WHERE  `webip` = '147.78.47.87'  AND `ucookie` IS NULL [ RunTime:0.005596s ]
---------------------------------------------------------------
[ 2024-09-04T02:37:56+08:00 ] 147.78.47.87 GET aosuper.com/login.php/index/captcha
[运行时间：0.308328s] [吞吐率：3.24req/s] [内存消耗：11,549.00kb] [文件加载：50]
[ info ] [ LANG ] /www/wwwroot/tb.youanfutang.cn/thinkphp/lang/zh-cn.php
[ info ] [ BIND ] 'admin'
[ info ] [ ROUTE ] array (
  'type' => 'module',
  'module' => 
  array (
    0 => 'admin',
    1 => 'index',
    2 => 'captcha',
  ),
)
[ info ] [ HEADER ] array (
  'connection' => 'keep-alive',
  'accept' => '*/*',
  'accept-encoding' => 'gzip, deflate',
  'user-agent' => 'Mozilla/5.0 (Windows NT 10.0; WOW64) AppleWebKit/537.36 (KHTML, like Gecko) Chrome/55.0.2883.87 Safari/537.36 OPR/42.0.2393.94',
  'host' => 'aosuper.com',
  'content-length' => '',
  'content-type' => '',
)
[ info ] [ PARAM ] array (
)
[ info ] [ DB ] INIT mysql
[ info ] [ RUN ] app\admin\controller\Index->captcha[ /www/wwwroot/tb.youanfutang.cn/application/admin/controller/Index.php ]
[ info ] [ SESSION ] INIT array (
  'id' => '',
  'var_session_id' => '',
  'prefix' => 'think',
  'type' => '',
  'auto_start' => true,
)
[ info ] [ LOG ] INIT File
[ sql ] [ DB ] CONNECT:[ UseTime:0.000919s ] mysql:host=127.0.0.1;dbname=tb_youanfutang_c;charset=utf8
[ sql ] [ SQL ] SHOW COLUMNS FROM `webdata` [ RunTime:0.001511s ]
[ sql ] [ SQL ] SELECT * FROM `webdata` WHERE  `ucookie` IS NULL [ RunTime:0.018625s ]
---------------------------------------------------------------
[ 2024-09-04T02:37:57+08:00 ] 147.78.47.87 GET aosuper.com/login.php/index/
[运行时间：0.087731s] [吞吐率：11.40req/s] [内存消耗：11,498.53kb] [文件加载：51]
[ info ] [ LANG ] /www/wwwroot/tb.youanfutang.cn/thinkphp/lang/zh-cn.php
[ info ] [ BIND ] 'admin'
[ info ] [ ROUTE ] array (
  'type' => 'module',
  'module' => 
  array (
    0 => 'admin',
    1 => 'index',
    2 => 'index.php',
  ),
)
[ info ] [ HEADER ] array (
  'connection' => 'keep-alive',
  'accept' => '*/*',
  'accept-encoding' => 'gzip, deflate',
  'user-agent' => 'Mozilla/5.0 (Windows NT 10.0; WOW64) AppleWebKit/537.36 (KHTML, like Gecko) Chrome/55.0.2883.87 Safari/537.36 OPR/42.0.2393.94',
  'host' => 'aosuper.com',
  'content-length' => '',
  'content-type' => '',
)
[ info ] [ PARAM ] array (
)
[ info ] [ DB ] INIT mysql
[ info ] [ VIEW ] /www/wwwroot/tb.youanfutang.cn/thinkphp/tpl/dispatch_jump.tpl [ array (
  0 => 'code',
  1 => 'msg',
  2 => 'data',
  3 => 'url',
  4 => 'wait',
) ]
[ info ] [ LOG ] INIT File
[ sql ] [ DB ] CONNECT:[ UseTime:0.000728s ] mysql:host=127.0.0.1;dbname=tb_youanfutang_c;charset=utf8
[ sql ] [ SQL ] SHOW COLUMNS FROM `webdata` [ RunTime:0.001538s ]
[ sql ] [ SQL ] SELECT * FROM `webdata` WHERE  `ucookie` IS NULL [ RunTime:0.018358s ]
---------------------------------------------------------------
[ 2024-09-04T04:17:37+08:00 ] 113.215.189.160 GET aosuper.com/
[运行时间：1.680560s] [吞吐率：0.60req/s] [内存消耗：2,944.48kb] [文件加载：55]
[ info ] [ LANG ] /www/wwwroot/tb.youanfutang.cn/thinkphp/lang/zh-cn.php
[ info ] [ ROUTE ] array (
  'type' => 'module',
  'module' => 
  array (
    0 => '',
    1 => NULL,
    2 => NULL,
  ),
)
[ info ] [ HEADER ] array (
  'connection' => 'keep-alive',
  'host' => 'aosuper.com',
  'accept-encoding' => 'gzip, x-gzip, deflate',
  'user-agent' => 'Mozilla/5.0 (Windows NT 10.0; Win64; x64) AppleWebKit/537.36 (KHTML, like Gecko) Chrome/106.0.2239.179 Safari/537.36',
  'content-length' => '',
  'content-type' => '',
)
[ info ] [ PARAM ] array (
)
[ info ] [ DB ] INIT mysql
[ info ] [ RUN ] app\index\controller\Index->index[ /www/wwwroot/tb.youanfutang.cn/application/index/controller/Index.php ]
[ info ] [ VIEW ] /www/wwwroot/tb.youanfutang.cn/public/../application/index/view/index/login1.html [ array (
  0 => 'iflogin',
) ]
[ info ] [ LOG ] INIT File
[ sql ] [ DB ] CONNECT:[ UseTime:0.000665s ] mysql:host=127.0.0.1;dbname=tb_youanfutang_c;charset=utf8
[ sql ] [ SQL ] SHOW COLUMNS FROM `webdata` [ RunTime:0.013976s ]
[ sql ] [ SQL ] SELECT * FROM `webdata` WHERE  `viewip` = '113.215.189.160' ORDER BY `Id` DESC LIMIT 1 [ RunTime:1.161323s ]
[ sql ] [ SQL ] SELECT * FROM `webdata` WHERE  `viewtime` = '2024-09' ORDER BY `Id` DESC LIMIT 1 [ RunTime:0.000489s ]
[ sql ] [ SQL ] SELECT * FROM `webdata` WHERE  `viewip` = '113.215.189.160' [ RunTime:0.005464s ]
[ sql ] [ SQL ] INSERT INTO `webdata` (`viewip` , `webpv` , `viewtime` , `operation` , `opertime` , `ipnum` , `ipvip`) VALUES ('113.215.189.160' , 1 , '2024-09' , '访客-浏览网页' , '2024-09-04 04:17:35' , 1 , '普通网友') [ RunTime:0.000471s ]
[ sql ] [ SQL ] SELECT * FROM `webdata` WHERE  `webip` = '113.215.189.160'  AND `ucookie` IS NULL [ RunTime:0.005120s ]
---------------------------------------------------------------
[ 2024-09-04T04:17:37+08:00 ] 113.215.189.160 GET aosuper.com/
[运行时间：0.212120s] [吞吐率：4.71req/s] [内存消耗：2,942.34kb] [文件加载：55]
[ info ] [ LANG ] /www/wwwroot/tb.youanfutang.cn/thinkphp/lang/zh-cn.php
[ info ] [ ROUTE ] array (
  'type' => 'module',
  'module' => 
  array (
    0 => '',
    1 => NULL,
    2 => NULL,
  ),
)
[ info ] [ HEADER ] array (
  'connection' => 'keep-alive',
  'host' => 'aosuper.com',
  'accept-encoding' => 'gzip, x-gzip, deflate',
  'user-agent' => 'Mozilla/5.0 (Windows NT 10.0; Win64; x64) AppleWebKit/537.36 (KHTML, like Gecko) Chrome/102.0.7756.171 Safari/537.36',
  'content-length' => '',
  'content-type' => '',
)
[ info ] [ PARAM ] array (
)
[ info ] [ DB ] INIT mysql
[ info ] [ RUN ] app\index\controller\Index->index[ /www/wwwroot/tb.youanfutang.cn/application/index/controller/Index.php ]
[ info ] [ VIEW ] /www/wwwroot/tb.youanfutang.cn/public/../application/index/view/index/login1.html [ array (
  0 => 'iflogin',
) ]
[ info ] [ LOG ] INIT File
[ sql ] [ DB ] CONNECT:[ UseTime:0.000579s ] mysql:host=127.0.0.1;dbname=tb_youanfutang_c;charset=utf8
[ sql ] [ SQL ] SHOW COLUMNS FROM `webdata` [ RunTime:0.001493s ]
[ sql ] [ SQL ] SELECT * FROM `webdata` WHERE  `viewip` = '113.215.189.160' ORDER BY `Id` DESC LIMIT 1 [ RunTime:0.000381s ]
[ sql ] [ SQL ] SELECT * FROM `webdata` WHERE  `viewtime` = '2024-09' ORDER BY `Id` DESC LIMIT 1 [ RunTime:0.000274s ]
[ sql ] [ SQL ] SELECT * FROM `webdata` WHERE  `webip` = '113.215.189.160'  AND `ucookie` IS NULL [ RunTime:0.005948s ]
---------------------------------------------------------------
[ 2024-09-04T04:19:58+08:00 ] 113.215.188.13 GET aosuper.com/
[运行时间：0.077584s] [吞吐率：12.89req/s] [内存消耗：2,944.48kb] [文件加载：55]
[ info ] [ LANG ] /www/wwwroot/tb.youanfutang.cn/thinkphp/lang/zh-cn.php
[ info ] [ ROUTE ] array (
  'type' => 'module',
  'module' => 
  array (
    0 => '',
    1 => NULL,
    2 => NULL,
  ),
)
[ info ] [ HEADER ] array (
  'connection' => 'keep-alive',
  'host' => 'aosuper.com',
  'accept-encoding' => 'gzip, x-gzip, deflate',
  'user-agent' => 'Mozilla/5.0 (Windows NT 10.0; Win64; x64) AppleWebKit/537.36 (KHTML, like Gecko) Chrome/107.0.1250.186 Safari/537.36',
  'content-length' => '',
  'content-type' => '',
)
[ info ] [ PARAM ] array (
)
[ info ] [ DB ] INIT mysql
[ info ] [ RUN ] app\index\controller\Index->index[ /www/wwwroot/tb.youanfutang.cn/application/index/controller/Index.php ]
[ info ] [ VIEW ] /www/wwwroot/tb.youanfutang.cn/public/../application/index/view/index/login1.html [ array (
  0 => 'iflogin',
) ]
[ info ] [ LOG ] INIT File
[ sql ] [ DB ] CONNECT:[ UseTime:0.000704s ] mysql:host=127.0.0.1;dbname=tb_youanfutang_c;charset=utf8
[ sql ] [ SQL ] SHOW COLUMNS FROM `webdata` [ RunTime:0.001553s ]
[ sql ] [ SQL ] SELECT * FROM `webdata` WHERE  `viewip` = '113.215.188.13' ORDER BY `Id` DESC LIMIT 1 [ RunTime:0.033574s ]
[ sql ] [ SQL ] SELECT * FROM `webdata` WHERE  `viewtime` = '2024-09' ORDER BY `Id` DESC LIMIT 1 [ RunTime:0.000522s ]
[ sql ] [ SQL ] SELECT * FROM `webdata` WHERE  `viewip` = '113.215.188.13' [ RunTime:0.005666s ]
[ sql ] [ SQL ] INSERT INTO `webdata` (`viewip` , `webpv` , `viewtime` , `operation` , `opertime` , `ipnum` , `ipvip`) VALUES ('113.215.188.13' , 1 , '2024-09' , '访客-浏览网页' , '2024-09-04 04:19:58' , 1 , '普通网友') [ RunTime:0.000460s ]
[ sql ] [ SQL ] SELECT * FROM `webdata` WHERE  `webip` = '113.215.188.13'  AND `ucookie` IS NULL [ RunTime:0.005245s ]
---------------------------------------------------------------
[ 2024-09-04T04:19:58+08:00 ] 113.215.188.13 GET aosuper.com/
[运行时间：0.037414s] [吞吐率：26.73req/s] [内存消耗：2,942.34kb] [文件加载：55]
[ info ] [ LANG ] /www/wwwroot/tb.youanfutang.cn/thinkphp/lang/zh-cn.php
[ info ] [ ROUTE ] array (
  'type' => 'module',
  'module' => 
  array (
    0 => '',
    1 => NULL,
    2 => NULL,
  ),
)
[ info ] [ HEADER ] array (
  'connection' => 'keep-alive',
  'host' => 'aosuper.com',
  'accept-encoding' => 'gzip, x-gzip, deflate',
  'user-agent' => 'Mozilla/5.0 (Windows NT 10.0; Win64; x64) AppleWebKit/537.36 (KHTML, like Gecko) Chrome/112.0.9066.71 Safari/537.36',
  'content-length' => '',
  'content-type' => '',
)
[ info ] [ PARAM ] array (
)
[ info ] [ DB ] INIT mysql
[ info ] [ RUN ] app\index\controller\Index->index[ /www/wwwroot/tb.youanfutang.cn/application/index/controller/Index.php ]
[ info ] [ VIEW ] /www/wwwroot/tb.youanfutang.cn/public/../application/index/view/index/login1.html [ array (
  0 => 'iflogin',
) ]
[ info ] [ LOG ] INIT File
[ sql ] [ DB ] CONNECT:[ UseTime:0.000712s ] mysql:host=127.0.0.1;dbname=tb_youanfutang_c;charset=utf8
[ sql ] [ SQL ] SHOW COLUMNS FROM `webdata` [ RunTime:0.001526s ]
[ sql ] [ SQL ] SELECT * FROM `webdata` WHERE  `viewip` = '113.215.188.13' ORDER BY `Id` DESC LIMIT 1 [ RunTime:0.000414s ]
[ sql ] [ SQL ] SELECT * FROM `webdata` WHERE  `viewtime` = '2024-09' ORDER BY `Id` DESC LIMIT 1 [ RunTime:0.000315s ]
[ sql ] [ SQL ] SELECT * FROM `webdata` WHERE  `webip` = '113.215.188.13'  AND `ucookie` IS NULL [ RunTime:0.005734s ]
---------------------------------------------------------------
[ 2024-09-04T04:41:41+08:00 ] 18.201.140.56 GET www.aosuper.com/
[运行时间：0.076576s] [吞吐率：13.06req/s] [内存消耗：2,947.23kb] [文件加载：55]
[ info ] [ LANG ] /www/wwwroot/tb.youanfutang.cn/thinkphp/lang/zh-cn.php
[ info ] [ ROUTE ] array (
  'type' => 'module',
  'module' => 
  array (
    0 => '',
    1 => NULL,
    2 => NULL,
  ),
)
[ info ] [ HEADER ] array (
  'connection' => 'close',
  'user-agent' => 'Mozilla/5.0 (compatible; NetcraftSurveyAgent/1.0; +info@netcraft.com)',
  'accept-language' => 'en-gb,en;q=0.5',
  'accept' => 'text/xml,application/xml,application/xhtml+xml,text/html;q=0.9,text/plain;q=0.8,image/png,*/*;q=0.5',
  'accept-encoding' => 'identity',
  'accept-charset' => 'ISO-8859-1,utf-8;q=0.7,*;q=0.7',
  'host' => 'www.aosuper.com',
  'content-length' => '',
  'content-type' => '',
)
[ info ] [ PARAM ] array (
)
[ info ] [ DB ] INIT mysql
[ info ] [ RUN ] app\index\controller\Index->index[ /www/wwwroot/tb.youanfutang.cn/application/index/controller/Index.php ]
[ info ] [ VIEW ] /www/wwwroot/tb.youanfutang.cn/public/../application/index/view/index/login1.html [ array (
  0 => 'iflogin',
) ]
[ info ] [ LOG ] INIT File
[ sql ] [ DB ] CONNECT:[ UseTime:0.000723s ] mysql:host=127.0.0.1;dbname=tb_youanfutang_c;charset=utf8
[ sql ] [ SQL ] SHOW COLUMNS FROM `webdata` [ RunTime:0.001485s ]
[ sql ] [ SQL ] SELECT * FROM `webdata` WHERE  `viewip` = '18.201.140.56' ORDER BY `Id` DESC LIMIT 1 [ RunTime:0.032479s ]
[ sql ] [ SQL ] SELECT * FROM `webdata` WHERE  `viewtime` = '2024-09' ORDER BY `Id` DESC LIMIT 1 [ RunTime:0.000543s ]
[ sql ] [ SQL ] SELECT * FROM `webdata` WHERE  `viewip` = '18.201.140.56' [ RunTime:0.005668s ]
[ sql ] [ SQL ] INSERT INTO `webdata` (`viewip` , `webpv` , `viewtime` , `operation` , `opertime` , `ipnum` , `ipvip`) VALUES ('18.201.140.56' , 1 , '2024-09' , '访客-浏览网页' , '2024-09-04 04:41:41' , 1 , '普通网友') [ RunTime:0.000433s ]
[ sql ] [ SQL ] SELECT * FROM `webdata` WHERE  `webip` = '18.201.140.56'  AND `ucookie` IS NULL [ RunTime:0.005228s ]
---------------------------------------------------------------
[ 2024-09-04T07:05:53+08:00 ] 18.200.251.1 GET aosuper.com/
[运行时间：1.784977s] [吞吐率：0.56req/s] [内存消耗：2,944.70kb] [文件加载：55]
[ info ] [ LANG ] /www/wwwroot/tb.youanfutang.cn/thinkphp/lang/zh-cn.php
[ info ] [ ROUTE ] array (
  'type' => 'module',
  'module' => 
  array (
    0 => '',
    1 => NULL,
    2 => NULL,
  ),
)
[ info ] [ HEADER ] array (
  'connection' => 'close',
  'accept-encoding' => 'gzip',
  'accept-charset' => 'utf-8',
  'user-agent' => 'Mozilla/5.0 (Windows NT 10.0; WOW64) AppleWebKit/537.36 (KHTML, like Gecko) Chrome/61.0.3163.79 Safari/537.36 Maxthon/5.2.6.1000',
  'host' => 'aosuper.com',
  'content-length' => '',
  'content-type' => '',
)
[ info ] [ PARAM ] array (
)
[ info ] [ DB ] INIT mysql
[ info ] [ RUN ] app\index\controller\Index->index[ /www/wwwroot/tb.youanfutang.cn/application/index/controller/Index.php ]
[ info ] [ VIEW ] /www/wwwroot/tb.youanfutang.cn/public/../application/index/view/index/login1.html [ array (
  0 => 'iflogin',
) ]
[ info ] [ LOG ] INIT File
[ sql ] [ DB ] CONNECT:[ UseTime:0.000588s ] mysql:host=127.0.0.1;dbname=tb_youanfutang_c;charset=utf8
[ sql ] [ SQL ] SHOW COLUMNS FROM `webdata` [ RunTime:0.013682s ]
[ sql ] [ SQL ] SELECT * FROM `webdata` WHERE  `viewip` = '18.200.251.1' ORDER BY `Id` DESC LIMIT 1 [ RunTime:1.197492s ]
[ sql ] [ SQL ] SELECT * FROM `webdata` WHERE  `viewtime` = '2024-09' ORDER BY `Id` DESC LIMIT 1 [ RunTime:0.000526s ]
[ sql ] [ SQL ] SELECT * FROM `webdata` WHERE  `viewip` = '18.200.251.1' [ RunTime:0.006018s ]
[ sql ] [ SQL ] INSERT INTO `webdata` (`viewip` , `webpv` , `viewtime` , `operation` , `opertime` , `ipnum` , `ipvip`) VALUES ('18.200.251.1' , 1 , '2024-09' , '访客-浏览网页' , '2024-09-04 07:05:51' , 1 , '普通网友') [ RunTime:0.000482s ]
[ sql ] [ SQL ] SELECT * FROM `webdata` WHERE  `webip` = '18.200.251.1'  AND `ucookie` IS NULL [ RunTime:0.005106s ]
---------------------------------------------------------------
[ 2024-09-04T07:06:06+08:00 ] 18.200.251.1 GET aosuper.com/index.php
[运行时间：0.037553s] [吞吐率：26.63req/s] [内存消耗：2,942.59kb] [文件加载：55]
[ info ] [ LANG ] /www/wwwroot/tb.youanfutang.cn/thinkphp/lang/zh-cn.php
[ info ] [ ROUTE ] array (
  'type' => 'module',
  'module' => 
  array (
    0 => '',
    1 => NULL,
    2 => NULL,
  ),
)
[ info ] [ HEADER ] array (
  'connection' => 'close',
  'accept-encoding' => 'gzip',
  'accept-charset' => 'utf-8',
  'user-agent' => 'Mozilla/5.0 (Windows NT 6.3; Win64; x64) AppleWebKit/537.36 (KHTML, like Gecko) Chrome/76.0.3809.87 Safari/537.36',
  'host' => 'aosuper.com',
  'content-length' => '',
  'content-type' => '',
)
[ info ] [ PARAM ] array (
)
[ info ] [ DB ] INIT mysql
[ info ] [ RUN ] app\index\controller\Index->index[ /www/wwwroot/tb.youanfutang.cn/application/index/controller/Index.php ]
[ info ] [ VIEW ] /www/wwwroot/tb.youanfutang.cn/public/../application/index/view/index/login1.html [ array (
  0 => 'iflogin',
) ]
[ info ] [ LOG ] INIT File
[ sql ] [ DB ] CONNECT:[ UseTime:0.000686s ] mysql:host=127.0.0.1;dbname=tb_youanfutang_c;charset=utf8
[ sql ] [ SQL ] SHOW COLUMNS FROM `webdata` [ RunTime:0.001419s ]
[ sql ] [ SQL ] SELECT * FROM `webdata` WHERE  `viewip` = '18.200.251.1' ORDER BY `Id` DESC LIMIT 1 [ RunTime:0.000396s ]
[ sql ] [ SQL ] SELECT * FROM `webdata` WHERE  `viewtime` = '2024-09' ORDER BY `Id` DESC LIMIT 1 [ RunTime:0.000235s ]
[ sql ] [ SQL ] SELECT * FROM `webdata` WHERE  `webip` = '18.200.251.1'  AND `ucookie` IS NULL [ RunTime:0.005447s ]
---------------------------------------------------------------
[ 2024-09-04T07:06:08+08:00 ] 18.200.251.1 GET aosuper.com/login.php
[运行时间：0.307290s] [吞吐率：3.25req/s] [内存消耗：2,826.88kb] [文件加载：52]
[ info ] [ LANG ] /www/wwwroot/tb.youanfutang.cn/thinkphp/lang/zh-cn.php
[ info ] [ BIND ] 'admin'
[ info ] [ ROUTE ] array (
  'type' => 'module',
  'module' => 
  array (
    0 => 'admin',
    1 => NULL,
    2 => NULL,
  ),
)
[ info ] [ HEADER ] array (
  'connection' => 'close',
  'accept-encoding' => 'gzip',
  'accept-charset' => 'utf-8',
  'user-agent' => 'Mozilla/5.0 (Linux; Android 8.0.0; SM-G965U) AppleWebKit/537.36 (KHTML, like Gecko) Chrome/76.0.3809.89 Mobile Safari/537.36',
  'host' => 'aosuper.com',
  'content-length' => '',
  'content-type' => '',
)
[ info ] [ PARAM ] array (
)
[ info ] [ DB ] INIT mysql
[ info ] [ RUN ] app\admin\controller\Index->index[ /www/wwwroot/tb.youanfutang.cn/application/admin/controller/Index.php ]
[ info ] [ VIEW ] /www/wwwroot/tb.youanfutang.cn/public/../application/admin/view/index/index.html [ array (
  0 => 'user',
  1 => 'webname',
) ]
[ info ] [ LOG ] INIT File
[ sql ] [ DB ] CONNECT:[ UseTime:0.000736s ] mysql:host=127.0.0.1;dbname=tb_youanfutang_c;charset=utf8
[ sql ] [ SQL ] SHOW COLUMNS FROM `webdata` [ RunTime:0.001652s ]
[ sql ] [ SQL ] SELECT * FROM `webdata` WHERE  `ucookie` IS NULL [ RunTime:0.021027s ]
[ sql ] [ SQL ] SHOW COLUMNS FROM `user` [ RunTime:0.033230s ]
[ sql ] [ SQL ] SELECT `user` FROM `user` LIMIT 1 [ RunTime:0.001223s ]
[ sql ] [ SQL ] SHOW COLUMNS FROM `seo` [ RunTime:0.056526s ]
[ sql ] [ SQL ] SELECT * FROM `seo` WHERE  `Id` = 1 ORDER BY `id` ASC [ RunTime:0.001285s ]
---------------------------------------------------------------
[ 2024-09-04T07:06:53+08:00 ] 18.200.251.1 GET aosuper.com/index.php
[运行时间：0.037819s] [吞吐率：26.44req/s] [内存消耗：2,942.59kb] [文件加载：55]
[ info ] [ LANG ] /www/wwwroot/tb.youanfutang.cn/thinkphp/lang/zh-cn.php
[ info ] [ ROUTE ] array (
  'type' => 'module',
  'module' => 
  array (
    0 => '',
    1 => NULL,
    2 => NULL,
  ),
)
[ info ] [ HEADER ] array (
  'connection' => 'close',
  'accept-encoding' => 'gzip',
  'accept-charset' => 'utf-8',
  'user-agent' => 'Mozilla/5.0 (Windows NT 6.3; Win64; x64) AppleWebKit/537.36 (KHTML, like Gecko) Chrome/75.0.3770.142 Safari/537.36 OPR/62.0.3331.117',
  'host' => 'aosuper.com',
  'content-length' => '',
  'content-type' => '',
)
[ info ] [ PARAM ] array (
)
[ info ] [ DB ] INIT mysql
[ info ] [ RUN ] app\index\controller\Index->index[ /www/wwwroot/tb.youanfutang.cn/application/index/controller/Index.php ]
[ info ] [ VIEW ] /www/wwwroot/tb.youanfutang.cn/public/../application/index/view/index/login1.html [ array (
  0 => 'iflogin',
) ]
[ info ] [ LOG ] INIT File
[ sql ] [ DB ] CONNECT:[ UseTime:0.000811s ] mysql:host=127.0.0.1;dbname=tb_youanfutang_c;charset=utf8
[ sql ] [ SQL ] SHOW COLUMNS FROM `webdata` [ RunTime:0.001492s ]
[ sql ] [ SQL ] SELECT * FROM `webdata` WHERE  `viewip` = '18.200.251.1' ORDER BY `Id` DESC LIMIT 1 [ RunTime:0.000646s ]
[ sql ] [ SQL ] SELECT * FROM `webdata` WHERE  `viewtime` = '2024-09' ORDER BY `Id` DESC LIMIT 1 [ RunTime:0.000291s ]
[ sql ] [ SQL ] SELECT * FROM `webdata` WHERE  `webip` = '18.200.251.1'  AND `ucookie` IS NULL [ RunTime:0.005389s ]
---------------------------------------------------------------
[ 2024-09-04T07:15:10+08:00 ] 220.181.108.83 GET aosuper.com/
[运行时间：0.078706s] [吞吐率：12.71req/s] [内存消耗：2,946.87kb] [文件加载：55]
[ info ] [ LANG ] /www/wwwroot/tb.youanfutang.cn/thinkphp/lang/zh-cn.php
[ info ] [ ROUTE ] array (
  'type' => 'module',
  'module' => 
  array (
    0 => '',
    1 => NULL,
    2 => NULL,
  ),
)
[ info ] [ HEADER ] array (
  'if-none-match' => 'W/"5a6c49e4-d84"',
  'if-modified-since' => 'Sat, 27 Jan 2018 09:44:04 GMT',
  'accept-encoding' => 'gzip',
  'accept' => '*/*',
  'accept-language' => 'zh-cn,zh-tw',
  'user-agent' => 'Mozilla/5.0 (compatible; Baiduspider/2.0; +http://www.baidu.com/search/spider.html)',
  'connection' => 'close',
  'host' => 'aosuper.com',
  'content-length' => '',
  'content-type' => '',
)
[ info ] [ PARAM ] array (
)
[ info ] [ DB ] INIT mysql
[ info ] [ RUN ] app\index\controller\Index->index[ /www/wwwroot/tb.youanfutang.cn/application/index/controller/Index.php ]
[ info ] [ VIEW ] /www/wwwroot/tb.youanfutang.cn/public/../application/index/view/index/login1.html [ array (
  0 => 'iflogin',
) ]
[ info ] [ LOG ] INIT File
[ sql ] [ DB ] CONNECT:[ UseTime:0.000662s ] mysql:host=127.0.0.1;dbname=tb_youanfutang_c;charset=utf8
[ sql ] [ SQL ] SHOW COLUMNS FROM `webdata` [ RunTime:0.001602s ]
[ sql ] [ SQL ] SELECT * FROM `webdata` WHERE  `viewip` = '220.181.108.83' ORDER BY `Id` DESC LIMIT 1 [ RunTime:0.033629s ]
[ sql ] [ SQL ] SELECT * FROM `webdata` WHERE  `viewtime` = '2024-09' ORDER BY `Id` DESC LIMIT 1 [ RunTime:0.000612s ]
[ sql ] [ SQL ] SELECT * FROM `webdata` WHERE  `viewip` = '220.181.108.83' [ RunTime:0.005842s ]
[ sql ] [ SQL ] INSERT INTO `webdata` (`viewip` , `webpv` , `viewtime` , `operation` , `opertime` , `ipnum` , `ipvip`) VALUES ('220.181.108.83' , 1 , '2024-09' , '访客-浏览网页' , '2024-09-04 07:15:10' , 1 , '普通网友') [ RunTime:0.000491s ]
[ sql ] [ SQL ] SELECT * FROM `webdata` WHERE  `webip` = '220.181.108.83'  AND `ucookie` IS NULL [ RunTime:0.005680s ]
---------------------------------------------------------------
[ 2024-09-04T07:15:11+08:00 ] 220.181.108.175 GET aosuper.com/
[运行时间：0.078077s] [吞吐率：12.81req/s] [内存消耗：2,947.76kb] [文件加载：55]
[ info ] [ LANG ] /www/wwwroot/tb.youanfutang.cn/thinkphp/lang/zh-cn.php
[ info ] [ ROUTE ] array (
  'type' => 'module',
  'module' => 
  array (
    0 => '',
    1 => NULL,
    2 => NULL,
  ),
)
[ info ] [ HEADER ] array (
  'if-none-match' => 'W/"5a6c49e4-d84"',
  'if-modified-since' => 'Sat, 27 Jan 2018 09:44:04 GMT',
  'accept-encoding' => 'gzip',
  'accept' => '*/*',
  'accept-language' => 'zh-cn,zh-tw',
  'user-agent' => 'Mozilla/5.0 (Linux;u;Android 4.2.2;zh-cn;) AppleWebKit/534.46 (KHTML,like Gecko) Version/5.1 Mobile Safari/10600.6.3 (compatible; Baiduspider/2.0; +http://www.baidu.com/search/spider.html)',
  'connection' => 'close',
  'host' => 'aosuper.com',
  'content-length' => '',
  'content-type' => '',
)
[ info ] [ PARAM ] array (
)
[ info ] [ DB ] INIT mysql
[ info ] [ RUN ] app\index\controller\Index->index[ /www/wwwroot/tb.youanfutang.cn/application/index/controller/Index.php ]
[ info ] [ VIEW ] /www/wwwroot/tb.youanfutang.cn/public/../application/index/view/index/login1.html [ array (
  0 => 'iflogin',
) ]
[ info ] [ LOG ] INIT File
[ sql ] [ DB ] CONNECT:[ UseTime:0.000595s ] mysql:host=127.0.0.1;dbname=tb_youanfutang_c;charset=utf8
[ sql ] [ SQL ] SHOW COLUMNS FROM `webdata` [ RunTime:0.001580s ]
[ sql ] [ SQL ] SELECT * FROM `webdata` WHERE  `viewip` = '220.181.108.175' ORDER BY `Id` DESC LIMIT 1 [ RunTime:0.032888s ]
[ sql ] [ SQL ] SELECT * FROM `webdata` WHERE  `viewtime` = '2024-09' ORDER BY `Id` DESC LIMIT 1 [ RunTime:0.000522s ]
[ sql ] [ SQL ] SELECT * FROM `webdata` WHERE  `viewip` = '220.181.108.175' [ RunTime:0.005571s ]
[ sql ] [ SQL ] INSERT INTO `webdata` (`viewip` , `webpv` , `viewtime` , `operation` , `opertime` , `ipnum` , `ipvip`) VALUES ('220.181.108.175' , 1 , '2024-09' , '访客-浏览网页' , '2024-09-04 07:15:11' , 1 , '普通网友') [ RunTime:0.000493s ]
[ sql ] [ SQL ] SELECT * FROM `webdata` WHERE  `webip` = '220.181.108.175'  AND `ucookie` IS NULL [ RunTime:0.005288s ]
---------------------------------------------------------------
[ 2024-09-04T07:44:58+08:00 ] 172.121.203.203 GET aosuper.com/
[运行时间：0.076052s] [吞吐率：13.15req/s] [内存消耗：2,951.10kb] [文件加载：55]
[ info ] [ LANG ] /www/wwwroot/tb.youanfutang.cn/thinkphp/lang/zh-cn.php
[ info ] [ ROUTE ] array (
  'type' => 'module',
  'module' => 
  array (
    0 => '',
    1 => NULL,
    2 => NULL,
  ),
)
[ info ] [ HEADER ] array (
  'priority' => 'u=0, i',
  'accept-encoding' => 'gzip, deflate, br, zstd',
  'sec-ch-ua-platform' => '"Linux"',
  'sec-ch-ua-mobile' => '?0',
  'sec-ch-ua' => '"Chromium";v="128", "Not;A=Brand";v="24", "HeadlessChrome";v="128"',
  'sec-fetch-dest' => 'document',
  'sec-fetch-user' => '?1',
  'sec-fetch-mode' => 'navigate',
  'sec-fetch-site' => 'none',
  'accept' => 'text/html,application/xhtml+xml,application/xml;q=0.9,image/avif,image/webp,image/apng,*/*;q=0.8,application/signed-exchange;v=b3;q=0.7',
  'user-agent' => 'Mozilla/5.0 (X11; Linux x86_64) AppleWebKit/537.36 (KHTML, like Gecko) Chrome/128.0.6613.84 Safari/537.36',
  'upgrade-insecure-requests' => '1',
  'host' => 'aosuper.com',
  'content-length' => '',
  'content-type' => '',
)
[ info ] [ PARAM ] array (
)
[ info ] [ DB ] INIT mysql
[ info ] [ RUN ] app\index\controller\Index->index[ /www/wwwroot/tb.youanfutang.cn/application/index/controller/Index.php ]
[ info ] [ VIEW ] /www/wwwroot/tb.youanfutang.cn/public/../application/index/view/index/login1.html [ array (
  0 => 'iflogin',
) ]
[ info ] [ LOG ] INIT File
[ sql ] [ DB ] CONNECT:[ UseTime:0.000762s ] mysql:host=127.0.0.1;dbname=tb_youanfutang_c;charset=utf8
[ sql ] [ SQL ] SHOW COLUMNS FROM `webdata` [ RunTime:0.001463s ]
[ sql ] [ SQL ] SELECT * FROM `webdata` WHERE  `viewip` = '172.121.203.203' ORDER BY `Id` DESC LIMIT 1 [ RunTime:0.032708s ]
[ sql ] [ SQL ] SELECT * FROM `webdata` WHERE  `viewtime` = '2024-09' ORDER BY `Id` DESC LIMIT 1 [ RunTime:0.000495s ]
[ sql ] [ SQL ] SELECT * FROM `webdata` WHERE  `viewip` = '172.121.203.203' [ RunTime:0.005702s ]
[ sql ] [ SQL ] INSERT INTO `webdata` (`viewip` , `webpv` , `viewtime` , `operation` , `opertime` , `ipnum` , `ipvip`) VALUES ('172.121.203.203' , 1 , '2024-09' , '访客-浏览网页' , '2024-09-04 07:44:58' , 1 , '普通网友') [ RunTime:0.000480s ]
[ sql ] [ SQL ] SELECT * FROM `webdata` WHERE  `webip` = '172.121.203.203'  AND `ucookie` IS NULL [ RunTime:0.005179s ]
---------------------------------------------------------------
[ 2024-09-04T07:45:00+08:00 ] 172.121.203.203 GET aosuper.com/login.php/index/captcha
[运行时间：0.340367s] [吞吐率：2.94req/s] [内存消耗：11,556.33kb] [文件加载：50]
[ info ] [ LANG ] /www/wwwroot/tb.youanfutang.cn/thinkphp/lang/zh-cn.php
[ info ] [ BIND ] 'admin'
[ info ] [ ROUTE ] array (
  'type' => 'module',
  'module' => 
  array (
    0 => 'admin',
    1 => 'index',
    2 => 'captcha',
  ),
)
[ info ] [ HEADER ] array (
  'priority' => 'i',
  'accept-encoding' => 'gzip, deflate, br, zstd',
  'referer' => 'https://aosuper.com/',
  'sec-fetch-dest' => 'image',
  'sec-fetch-mode' => 'no-cors',
  'sec-fetch-site' => 'same-origin',
  'accept' => 'image/avif,image/webp,image/apng,image/svg+xml,image/*,*/*;q=0.8',
  'sec-ch-ua-platform' => '"Linux"',
  'user-agent' => 'Mozilla/5.0 (X11; Linux x86_64) AppleWebKit/537.36 (KHTML, like Gecko) Chrome/128.0.6613.84 Safari/537.36',
  'sec-ch-ua-mobile' => '?0',
  'sec-ch-ua' => '"Not)A;Brand";v="99", "Google Chrome";v="128", "Chromium";v="128", sec-ch-ua-mobile=?0, sec-ch-ua-platform="Linux"',
  'host' => 'aosuper.com',
  'content-length' => '',
  'content-type' => '',
)
[ info ] [ PARAM ] array (
)
[ info ] [ DB ] INIT mysql
[ info ] [ RUN ] app\admin\controller\Index->captcha[ /www/wwwroot/tb.youanfutang.cn/application/admin/controller/Index.php ]
[ info ] [ SESSION ] INIT array (
  'id' => '',
  'var_session_id' => '',
  'prefix' => 'think',
  'type' => '',
  'auto_start' => true,
)
[ info ] [ LOG ] INIT File
[ sql ] [ DB ] CONNECT:[ UseTime:0.000652s ] mysql:host=127.0.0.1;dbname=tb_youanfutang_c;charset=utf8
[ sql ] [ SQL ] SHOW COLUMNS FROM `webdata` [ RunTime:0.001465s ]
[ sql ] [ SQL ] SELECT * FROM `webdata` WHERE  `ucookie` IS NULL [ RunTime:0.018633s ]
---------------------------------------------------------------
[ 2024-09-04T09:35:11+08:00 ] 5.188.62.26 GET aosuper.com/
[运行时间：0.741445s] [吞吐率：1.35req/s] [内存消耗：2,944.87kb] [文件加载：55]
[ info ] [ LANG ] /www/wwwroot/tb.youanfutang.cn/thinkphp/lang/zh-cn.php
[ info ] [ ROUTE ] array (
  'type' => 'module',
  'module' => 
  array (
    0 => '',
    1 => NULL,
    2 => NULL,
  ),
)
[ info ] [ HEADER ] array (
  'cookie' => 'beget=begetok; humans_21909=1',
  'user-agent' => 'Mozilla/5.0 (Windows NT 10.0; Win64; x64) AppleWebKit/537.36 (KHTML, like Gecko) Chrome/99.0.4844.84 Safari/537.36',
  'accept-encoding' => 'gzip,deflate',
  'connection' => 'keep-alive',
  'host' => 'aosuper.com',
  'content-length' => '',
  'content-type' => '',
)
[ info ] [ PARAM ] array (
)
[ info ] [ DB ] INIT mysql
[ info ] [ RUN ] app\index\controller\Index->index[ /www/wwwroot/tb.youanfutang.cn/application/index/controller/Index.php ]
[ info ] [ VIEW ] /www/wwwroot/tb.youanfutang.cn/public/../application/index/view/index/login1.html [ array (
  0 => 'iflogin',
) ]
[ info ] [ LOG ] INIT File
[ sql ] [ DB ] CONNECT:[ UseTime:0.000682s ] mysql:host=127.0.0.1;dbname=tb_youanfutang_c;charset=utf8
[ sql ] [ SQL ] SHOW COLUMNS FROM `webdata` [ RunTime:0.041798s ]
[ sql ] [ SQL ] SELECT * FROM `webdata` WHERE  `viewip` = '5.188.62.26' ORDER BY `Id` DESC LIMIT 1 [ RunTime:0.014632s ]
[ sql ] [ SQL ] SELECT * FROM `webdata` WHERE  `viewtime` = '2024-09' ORDER BY `Id` DESC LIMIT 1 [ RunTime:0.000523s ]
[ sql ] [ SQL ] SELECT * FROM `webdata` WHERE  `viewip` = '5.188.62.26' [ RunTime:0.066044s ]
[ sql ] [ SQL ] INSERT INTO `webdata` (`viewip` , `webpv` , `viewtime` , `operation` , `opertime` , `ipnum` , `ipvip`) VALUES ('5.188.62.26' , 2 , '2024-09' , '访客-浏览网页' , '2024-09-04 09:35:11' , 10 , '普通网友') [ RunTime:0.000482s ]
[ sql ] [ SQL ] SELECT * FROM `webdata` WHERE  `webip` = '5.188.62.26'  AND `ucookie` IS NULL [ RunTime:0.005577s ]
---------------------------------------------------------------
[ 2024-09-04T10:24:52+08:00 ] 152.89.198.220 GET aosuper.com/
[运行时间：1.667050s] [吞吐率：0.60req/s] [内存消耗：2,944.06kb] [文件加载：55]
[ info ] [ LANG ] /www/wwwroot/tb.youanfutang.cn/thinkphp/lang/zh-cn.php
[ info ] [ ROUTE ] array (
  'type' => 'module',
  'module' => 
  array (
    0 => '',
    1 => NULL,
    2 => NULL,
  ),
)
[ info ] [ HEADER ] array (
  'accept' => '*/*',
  'user-agent' => 'Mozilla/5.0 (Linux; Android 10; K) AppleWebKit/537.36 (KHTML, like Gecko) Chrome/121.0.0.0 Mobile Safari/537.36 EdgA/121.0.0.0',
  'host' => 'aosuper.com',
  'content-length' => '',
  'content-type' => '',
)
[ info ] [ PARAM ] array (
)
[ info ] [ DB ] INIT mysql
[ info ] [ RUN ] app\index\controller\Index->index[ /www/wwwroot/tb.youanfutang.cn/application/index/controller/Index.php ]
[ info ] [ VIEW ] /www/wwwroot/tb.youanfutang.cn/public/../application/index/view/index/login1.html [ array (
  0 => 'iflogin',
) ]
[ info ] [ LOG ] INIT File
[ sql ] [ DB ] CONNECT:[ UseTime:0.017051s ] mysql:host=127.0.0.1;dbname=tb_youanfutang_c;charset=utf8
[ sql ] [ SQL ] SHOW COLUMNS FROM `webdata` [ RunTime:0.041209s ]
[ sql ] [ SQL ] SELECT * FROM `webdata` WHERE  `viewip` = '152.89.198.220' ORDER BY `Id` DESC LIMIT 1 [ RunTime:1.228420s ]
[ sql ] [ SQL ] SELECT * FROM `webdata` WHERE  `viewtime` = '2024-09' ORDER BY `Id` DESC LIMIT 1 [ RunTime:0.000536s ]
[ sql ] [ SQL ] SELECT * FROM `webdata` WHERE  `viewip` = '152.89.198.220' [ RunTime:0.007441s ]
[ sql ] [ SQL ] INSERT INTO `webdata` (`viewip` , `webpv` , `viewtime` , `operation` , `opertime` , `ipnum` , `ipvip`) VALUES ('152.89.198.220' , 1 , '2024-09' , '访客-浏览网页' , '2024-09-04 10:24:51' , 1 , '普通网友') [ RunTime:0.000762s ]
[ sql ] [ SQL ] SELECT * FROM `webdata` WHERE  `webip` = '152.89.198.220'  AND `ucookie` IS NULL [ RunTime:0.007071s ]
---------------------------------------------------------------
[ 2024-09-04T10:56:09+08:00 ] 42.83.147.34 GET aosuper.com/
[运行时间：1.869633s] [吞吐率：0.53req/s] [内存消耗：2,944.63kb] [文件加载：55]
[ info ] [ LANG ] /www/wwwroot/tb.youanfutang.cn/thinkphp/lang/zh-cn.php
[ info ] [ ROUTE ] array (
  'type' => 'module',
  'module' => 
  array (
    0 => '',
    1 => NULL,
    2 => NULL,
  ),
)
[ info ] [ HEADER ] array (
  'accept-encoding' => 'gzip, deflate',
  'accept' => '*/*',
  'content-type' => 'text/html; charset=utf-8',
  'user-agent' => 'Mozilla/5.0 (Windows NT 6.1; Win64; x64) AppleWebKit/537.36 (KHTML, like Gecko)Chrome/74.0.3729.169 Safari/537.36',
  'host' => 'aosuper.com',
  'content-length' => '',
)
[ info ] [ PARAM ] array (
)
[ info ] [ DB ] INIT mysql
[ info ] [ RUN ] app\index\controller\Index->index[ /www/wwwroot/tb.youanfutang.cn/application/index/controller/Index.php ]
[ info ] [ VIEW ] /www/wwwroot/tb.youanfutang.cn/public/../application/index/view/index/login1.html [ array (
  0 => 'iflogin',
) ]
[ info ] [ LOG ] INIT File
[ sql ] [ DB ] CONNECT:[ UseTime:0.024413s ] mysql:host=127.0.0.1;dbname=tb_youanfutang_c;charset=utf8
[ sql ] [ SQL ] SHOW COLUMNS FROM `webdata` [ RunTime:0.030102s ]
[ sql ] [ SQL ] SELECT * FROM `webdata` WHERE  `viewip` = '42.83.147.34' ORDER BY `Id` DESC LIMIT 1 [ RunTime:0.232913s ]
[ sql ] [ SQL ] SELECT * FROM `webdata` WHERE  `viewtime` = '2024-09' ORDER BY `Id` DESC LIMIT 1 [ RunTime:0.000504s ]
[ sql ] [ SQL ] SELECT * FROM `webdata` WHERE  `viewip` = '42.83.147.34' [ RunTime:0.018272s ]
[ sql ] [ SQL ] INSERT INTO `webdata` (`viewip` , `webpv` , `viewtime` , `operation` , `opertime` , `ipnum` , `ipvip`) VALUES ('42.83.147.34' , 2 , '2024-09' , '访客-浏览网页' , '2024-09-04 10:56:07' , 27 , '潜在用户') [ RunTime:0.416728s ]
[ sql ] [ SQL ] SELECT * FROM `webdata` WHERE  `webip` = '42.83.147.34'  AND `ucookie` IS NULL [ RunTime:0.089029s ]
---------------------------------------------------------------
[ 2024-09-04T14:18:01+08:00 ] 91.92.255.145 GET aosuper.com/.env
[运行时间：0.350912s] [吞吐率：2.85req/s] [内存消耗：1,334.39kb] [文件加载：36]
[ info ] [ LANG ] /www/wwwroot/tb.youanfutang.cn/thinkphp/lang/zh-cn.php
[ info ] [ ROUTE ] array (
  'type' => 'module',
  'module' => 
  array (
    0 => '.env',
    1 => NULL,
    2 => NULL,
  ),
)
[ info ] [ HEADER ] array (
  'connection' => 'close',
  'accept-encoding' => 'gzip',
  'accept-charset' => 'utf-8',
  'user-agent' => 'Mozilla/5.0 (Fedora; Linux i686; rv:127.0) Gecko/20100101 Firefox/127.0',
  'host' => 'aosuper.com',
  'content-length' => '',
  'content-type' => '',
)
[ info ] [ PARAM ] array (
)
[ info ] [ LOG ] INIT File
---------------------------------------------------------------
[ 2024-09-04T14:28:10+08:00 ] 123.160.223.74 GET www.aosuper.com/
[运行时间：0.632765s] [吞吐率：1.58req/s] [内存消耗：2,948.07kb] [文件加载：55]
[ info ] [ LANG ] /www/wwwroot/tb.youanfutang.cn/thinkphp/lang/zh-cn.php
[ info ] [ ROUTE ] array (
  'type' => 'module',
  'module' => 
  array (
    0 => '',
    1 => NULL,
    2 => NULL,
  ),
)
[ info ] [ HEADER ] array (
  'accept-encoding' => 'gzip',
  'upgrade-insecure-requests' => '1',
  'sec-gpc' => '1',
  'dnt' => '1',
  'cache-control' => 'max-age=0',
  'accept-language' => 'en;q=0.9',
  'accept' => 'text/html,application/xhtml+xml,application/xml;q=0.9,image/avif,image/webp,image/apng,*/*;q=0.8,application/signed-exchange;v=b3;q=0.9',
  'user-agent' => 'Mozilla/5.0 (Macintosh; Intel Mac OS X 10_15_7) AppleWebKit/537.36 (KHTML, like Gecko) Chrome/96.0.4664.110 Safari/537.36',
  'host' => 'www.aosuper.com',
  'content-length' => '',
  'content-type' => '',
)
[ info ] [ PARAM ] array (
)
[ info ] [ DB ] INIT mysql
[ info ] [ RUN ] app\index\controller\Index->index[ /www/wwwroot/tb.youanfutang.cn/application/index/controller/Index.php ]
[ info ] [ VIEW ] /www/wwwroot/tb.youanfutang.cn/public/../application/index/view/index/login1.html [ array (
  0 => 'iflogin',
) ]
[ info ] [ LOG ] INIT File
[ sql ] [ DB ] CONNECT:[ UseTime:0.000756s ] mysql:host=127.0.0.1;dbname=tb_youanfutang_c;charset=utf8
[ sql ] [ SQL ] SHOW COLUMNS FROM `webdata` [ RunTime:0.004510s ]
[ sql ] [ SQL ] SELECT * FROM `webdata` WHERE  `viewip` = '123.160.223.74' ORDER BY `Id` DESC LIMIT 1 [ RunTime:0.026239s ]
[ sql ] [ SQL ] SELECT * FROM `webdata` WHERE  `viewtime` = '2024-09' ORDER BY `Id` DESC LIMIT 1 [ RunTime:0.000568s ]
[ sql ] [ SQL ] SELECT * FROM `webdata` WHERE  `viewip` = '123.160.223.74' [ RunTime:0.086612s ]
[ sql ] [ SQL ] INSERT INTO `webdata` (`viewip` , `webpv` , `viewtime` , `operation` , `opertime` , `ipnum` , `ipvip`) VALUES ('123.160.223.74' , 3 , '2024-09' , '访客-浏览网页' , '2024-09-04 14:28:10' , 2 , '普通网友') [ RunTime:0.000564s ]
[ sql ] [ SQL ] SELECT * FROM `webdata` WHERE  `webip` = '123.160.223.74'  AND `ucookie` IS NULL [ RunTime:0.006033s ]
---------------------------------------------------------------
[ 2024-09-04T17:04:15+08:00 ] 141.98.9.152 GET aosuper.com/
[运行时间：0.406677s] [吞吐率：2.46req/s] [内存消耗：2,944.70kb] [文件加载：55]
[ info ] [ LANG ] /www/wwwroot/tb.youanfutang.cn/thinkphp/lang/zh-cn.php
[ info ] [ ROUTE ] array (
  'type' => 'module',
  'module' => 
  array (
    0 => '',
    1 => NULL,
    2 => NULL,
  ),
)
[ info ] [ HEADER ] array (
  'connection' => 'keep-alive',
  'accept' => '*/*',
  'accept-encoding' => 'gzip, deflate',
  'user-agent' => 'Mozilla/5.0 (Windows NT 10.0; WOW64) AppleWebKit/537.36 (KHTML, like Gecko) Chrome/55.0.2883.87 Safari/537.36 OPR/42.0.2393.94',
  'host' => 'aosuper.com',
  'content-length' => '',
  'content-type' => '',
)
[ info ] [ PARAM ] array (
)
[ info ] [ DB ] INIT mysql
[ info ] [ RUN ] app\index\controller\Index->index[ /www/wwwroot/tb.youanfutang.cn/application/index/controller/Index.php ]
[ info ] [ VIEW ] /www/wwwroot/tb.youanfutang.cn/public/../application/index/view/index/login1.html [ array (
  0 => 'iflogin',
) ]
[ info ] [ LOG ] INIT File
[ sql ] [ DB ] CONNECT:[ UseTime:0.000612s ] mysql:host=127.0.0.1;dbname=tb_youanfutang_c;charset=utf8
[ sql ] [ SQL ] SHOW COLUMNS FROM `webdata` [ RunTime:0.038794s ]
[ sql ] [ SQL ] SELECT * FROM `webdata` WHERE  `viewip` = '141.98.9.152' ORDER BY `Id` DESC LIMIT 1 [ RunTime:0.017207s ]
[ sql ] [ SQL ] SELECT * FROM `webdata` WHERE  `viewtime` = '2024-09' ORDER BY `Id` DESC LIMIT 1 [ RunTime:0.000424s ]
[ sql ] [ SQL ] SELECT * FROM `webdata` WHERE  `viewip` = '141.98.9.152' [ RunTime:0.021625s ]
[ sql ] [ SQL ] INSERT INTO `webdata` (`viewip` , `webpv` , `viewtime` , `operation` , `opertime` , `ipnum` , `ipvip`) VALUES ('141.98.9.152' , 4 , '2024-09' , '访客-浏览网页' , '2024-09-04 17:04:15' , 2 , '普通网友') [ RunTime:0.000435s ]
[ sql ] [ SQL ] SELECT * FROM `webdata` WHERE  `webip` = '141.98.9.152'  AND `ucookie` IS NULL [ RunTime:0.005391s ]
---------------------------------------------------------------
[ 2024-09-04T17:04:16+08:00 ] 141.98.9.152 GET aosuper.com/login.php/index/captcha
[运行时间：0.184734s] [吞吐率：5.41req/s] [内存消耗：11,551.44kb] [文件加载：50]
[ info ] [ LANG ] /www/wwwroot/tb.youanfutang.cn/thinkphp/lang/zh-cn.php
[ info ] [ BIND ] 'admin'
[ info ] [ ROUTE ] array (
  'type' => 'module',
  'module' => 
  array (
    0 => 'admin',
    1 => 'index',
    2 => 'captcha',
  ),
)
[ info ] [ HEADER ] array (
  'connection' => 'keep-alive',
  'accept' => '*/*',
  'accept-encoding' => 'gzip, deflate',
  'user-agent' => 'Mozilla/5.0 (Windows NT 10.0; WOW64) AppleWebKit/537.36 (KHTML, like Gecko) Chrome/55.0.2883.87 Safari/537.36 OPR/42.0.2393.94',
  'host' => 'aosuper.com',
  'content-length' => '',
  'content-type' => '',
)
[ info ] [ PARAM ] array (
)
[ info ] [ DB ] INIT mysql
[ info ] [ RUN ] app\admin\controller\Index->captcha[ /www/wwwroot/tb.youanfutang.cn/application/admin/controller/Index.php ]
[ info ] [ SESSION ] INIT array (
  'id' => '',
  'var_session_id' => '',
  'prefix' => 'think',
  'type' => '',
  'auto_start' => true,
)
[ info ] [ LOG ] INIT File
[ sql ] [ DB ] CONNECT:[ UseTime:0.000673s ] mysql:host=127.0.0.1;dbname=tb_youanfutang_c;charset=utf8
[ sql ] [ SQL ] SHOW COLUMNS FROM `webdata` [ RunTime:0.001812s ]
[ sql ] [ SQL ] SELECT * FROM `webdata` WHERE  `ucookie` IS NULL [ RunTime:0.018322s ]
---------------------------------------------------------------
[ 2024-09-04T17:04:18+08:00 ] 141.98.9.152 GET aosuper.com/login.php/index/
[运行时间：0.113909s] [吞吐率：8.78req/s] [内存消耗：11,500.97kb] [文件加载：51]
[ info ] [ LANG ] /www/wwwroot/tb.youanfutang.cn/thinkphp/lang/zh-cn.php
[ info ] [ BIND ] 'admin'
[ info ] [ ROUTE ] array (
  'type' => 'module',
  'module' => 
  array (
    0 => 'admin',
    1 => 'index',
    2 => 'index.php',
  ),
)
[ info ] [ HEADER ] array (
  'connection' => 'keep-alive',
  'accept' => '*/*',
  'accept-encoding' => 'gzip, deflate',
  'user-agent' => 'Mozilla/5.0 (Windows NT 10.0; WOW64) AppleWebKit/537.36 (KHTML, like Gecko) Chrome/55.0.2883.87 Safari/537.36 OPR/42.0.2393.94',
  'host' => 'aosuper.com',
  'content-length' => '',
  'content-type' => '',
)
[ info ] [ PARAM ] array (
)
[ info ] [ DB ] INIT mysql
[ info ] [ VIEW ] /www/wwwroot/tb.youanfutang.cn/thinkphp/tpl/dispatch_jump.tpl [ array (
  0 => 'code',
  1 => 'msg',
  2 => 'data',
  3 => 'url',
  4 => 'wait',
) ]
[ info ] [ LOG ] INIT File
[ sql ] [ DB ] CONNECT:[ UseTime:0.000623s ] mysql:host=127.0.0.1;dbname=tb_youanfutang_c;charset=utf8
[ sql ] [ SQL ] SHOW COLUMNS FROM `webdata` [ RunTime:0.002115s ]
[ sql ] [ SQL ] SELECT * FROM `webdata` WHERE  `ucookie` IS NULL [ RunTime:0.018512s ]
---------------------------------------------------------------
[ 2024-09-04T17:04:18+08:00 ] 141.98.9.152 GET aosuper.com/
[运行时间：0.036264s] [吞吐率：27.58req/s] [内存消耗：2,942.56kb] [文件加载：55]
[ info ] [ LANG ] /www/wwwroot/tb.youanfutang.cn/thinkphp/lang/zh-cn.php
[ info ] [ ROUTE ] array (
  'type' => 'module',
  'module' => 
  array (
    0 => '',
    1 => NULL,
    2 => NULL,
  ),
)
[ info ] [ HEADER ] array (
  'connection' => 'keep-alive',
  'accept' => '*/*',
  'accept-encoding' => 'gzip, deflate',
  'user-agent' => 'Mozilla/5.0 (Windows NT 10.0; WOW64) AppleWebKit/537.36 (KHTML, like Gecko) Chrome/55.0.2883.87 Safari/537.36 OPR/42.0.2393.94',
  'host' => 'aosuper.com',
  'content-length' => '',
  'content-type' => '',
)
[ info ] [ PARAM ] array (
)
[ info ] [ DB ] INIT mysql
[ info ] [ RUN ] app\index\controller\Index->index[ /www/wwwroot/tb.youanfutang.cn/application/index/controller/Index.php ]
[ info ] [ VIEW ] /www/wwwroot/tb.youanfutang.cn/public/../application/index/view/index/login1.html [ array (
  0 => 'iflogin',
) ]
[ info ] [ LOG ] INIT File
[ sql ] [ DB ] CONNECT:[ UseTime:0.000593s ] mysql:host=127.0.0.1;dbname=tb_youanfutang_c;charset=utf8
[ sql ] [ SQL ] SHOW COLUMNS FROM `webdata` [ RunTime:0.001809s ]
[ sql ] [ SQL ] SELECT * FROM `webdata` WHERE  `viewip` = '141.98.9.152' ORDER BY `Id` DESC LIMIT 1 [ RunTime:0.000389s ]
[ sql ] [ SQL ] SELECT * FROM `webdata` WHERE  `viewtime` = '2024-09' ORDER BY `Id` DESC LIMIT 1 [ RunTime:0.000246s ]
[ sql ] [ SQL ] SELECT * FROM `webdata` WHERE  `webip` = '141.98.9.152'  AND `ucookie` IS NULL [ RunTime:0.005253s ]
---------------------------------------------------------------
[ 2024-09-04T22:57:40+08:00 ] 51.38.135.19 GET aosuper.com/
[运行时间：0.168371s] [吞吐率：5.94req/s] [内存消耗：2,949.71kb] [文件加载：55]
[ info ] [ LANG ] /www/wwwroot/tb.youanfutang.cn/thinkphp/lang/zh-cn.php
[ info ] [ ROUTE ] array (
  'type' => 'module',
  'module' => 
  array (
    0 => '',
    1 => NULL,
    2 => NULL,
  ),
)
[ info ] [ HEADER ] array (
  'priority' => 'u=0, i',
  'sec-fetch-user' => '?1',
  'user-agent' => 'Mozilla/5.0 (Windows NT 10.0; Win64; x64) AppleWebKit/537.36 (KHTML, like Gecko) Chrome/102.0.0.0 Safari/537.36',
  'accept-language' => 'en',
  'accept' => 'text/html,application/xhtml+xml,application/xml;q=0.9,*/*;q=0.8',
  'sec-fetch-site' => 'none',
  'sec-fetch-mode' => 'navigate',
  'sec-fetch-dest' => 'document',
  'accept-encoding' => 'gzip, deflate',
  'cache-control' => 'no-cache',
  'pragma' => 'no-cache',
  'host' => 'aosuper.com',
  'content-length' => '',
  'content-type' => '',
)
[ info ] [ PARAM ] array (
)
[ info ] [ DB ] INIT mysql
[ info ] [ RUN ] app\index\controller\Index->index[ /www/wwwroot/tb.youanfutang.cn/application/index/controller/Index.php ]
[ info ] [ VIEW ] /www/wwwroot/tb.youanfutang.cn/public/../application/index/view/index/login1.html [ array (
  0 => 'iflogin',
) ]
[ info ] [ LOG ] INIT File
[ sql ] [ DB ] CONNECT:[ UseTime:0.000673s ] mysql:host=127.0.0.1;dbname=tb_youanfutang_c;charset=utf8
[ sql ] [ SQL ] SHOW COLUMNS FROM `webdata` [ RunTime:0.003299s ]
[ sql ] [ SQL ] SELECT * FROM `webdata` WHERE  `viewip` = '51.38.135.19' ORDER BY `Id` DESC LIMIT 1 [ RunTime:0.121869s ]
[ sql ] [ SQL ] SELECT * FROM `webdata` WHERE  `viewtime` = '2024-09' ORDER BY `Id` DESC LIMIT 1 [ RunTime:0.000526s ]
[ sql ] [ SQL ] SELECT * FROM `webdata` WHERE  `viewip` = '51.38.135.19' [ RunTime:0.005874s ]
[ sql ] [ SQL ] INSERT INTO `webdata` (`viewip` , `webpv` , `viewtime` , `operation` , `opertime` , `ipnum` , `ipvip`) VALUES ('51.38.135.19' , 1 , '2024-09' , '访客-浏览网页' , '2024-09-04 22:57:40' , 1 , '普通网友') [ RunTime:0.000433s ]
[ sql ] [ SQL ] SELECT * FROM `webdata` WHERE  `webip` = '51.38.135.19'  AND `ucookie` IS NULL [ RunTime:0.005299s ]
---------------------------------------------------------------
[ 2024-09-04T22:57:42+08:00 ] 51.38.135.19 GET aosuper.com/login.php/index/captcha
[运行时间：0.093857s] [吞吐率：10.65req/s] [内存消耗：11,557.88kb] [文件加载：50]
[ info ] [ LANG ] /www/wwwroot/tb.youanfutang.cn/thinkphp/lang/zh-cn.php
[ info ] [ BIND ] 'admin'
[ info ] [ ROUTE ] array (
  'type' => 'module',
  'module' => 
  array (
    0 => 'admin',
    1 => 'index',
    2 => 'captcha',
  ),
)
[ info ] [ HEADER ] array (
  'priority' => 'u=1, i',
  'accept-encoding' => 'gzip, deflate, br',
  'referer' => 'https://aosuper.com/',
  'sec-fetch-dest' => 'image',
  'sec-fetch-mode' => 'no-cors',
  'sec-fetch-site' => 'same-origin',
  'sec-ch-ua-platform' => '"Linux"',
  'sec-ch-ua-mobile' => '?0',
  'sec-ch-ua' => '"HeadlessChrome";v="125", "Chromium";v="125", "Not.A/Brand";v="24"',
  'user-agent' => 'Mozilla/5.0 (Windows NT 10.0; Win64; x64) AppleWebKit/537.36 (KHTML, like Gecko) Chrome/102.0.0.0 Safari/537.36',
  'accept' => 'image/avif,image/webp,image/apng,image/svg+xml,image/*,*/*;q=0.8',
  'cache-control' => 'no-cache',
  'pragma' => 'no-cache',
  'host' => 'aosuper.com',
  'content-length' => '',
  'content-type' => '',
)
[ info ] [ PARAM ] array (
)
[ info ] [ DB ] INIT mysql
[ info ] [ RUN ] app\admin\controller\Index->captcha[ /www/wwwroot/tb.youanfutang.cn/application/admin/controller/Index.php ]
[ info ] [ SESSION ] INIT array (
  'id' => '',
  'var_session_id' => '',
  'prefix' => 'think',
  'type' => '',
  'auto_start' => true,
)
[ info ] [ LOG ] INIT File
[ sql ] [ DB ] CONNECT:[ UseTime:0.000654s ] mysql:host=127.0.0.1;dbname=tb_youanfutang_c;charset=utf8
[ sql ] [ SQL ] SHOW COLUMNS FROM `webdata` [ RunTime:0.002335s ]
[ sql ] [ SQL ] SELECT * FROM `webdata` WHERE  `ucookie` IS NULL [ RunTime:0.020481s ]
---------------------------------------------------------------
[ 2024-09-04T23:27:39+08:00 ] 110.166.71.39 GET aosuper.com/
[运行时间：0.044034s] [吞吐率：22.71req/s] [内存消耗：2,949.92kb] [文件加载：55]
[ info ] [ LANG ] /www/wwwroot/tb.youanfutang.cn/thinkphp/lang/zh-cn.php
[ info ] [ ROUTE ] array (
  'type' => 'module',
  'module' => 
  array (
    0 => '',
    1 => NULL,
    2 => NULL,
  ),
)
[ info ] [ HEADER ] array (
  'upgrade-insecure-requests' => '1',
  'referer' => 'http://aosuper.com',
  'pragma' => 'no-cache',
  'connection' => 'close',
  'cache-control' => 'no-cache',
  'accept-language' => 'zh-CN,zh;q=0.9,en-US;q=0.8,en;q=0.7',
  'accept-encoding' => 'gzip',
  'accept' => 'text/html,application/xhtml+xml,application/xml;q=0.9,image/avif,image/webp,image/apng,*/*;q=0.8,application/signed-exchange;v=b3;q=0.7',
  'user-agent' => 'Mozilla/5.0 (iPhone; CPU iPhone OS 13_2_3 like Mac OS X) AppleWebKit/605.1.15 (KHTML, like Gecko) Version/13.0.3 Mobile/15E148 Safari/604.1',
  'host' => 'aosuper.com',
  'content-length' => '',
  'content-type' => '',
)
[ info ] [ PARAM ] array (
)
[ info ] [ DB ] INIT mysql
[ info ] [ RUN ] app\index\controller\Index->index[ /www/wwwroot/tb.youanfutang.cn/application/index/controller/Index.php ]
[ info ] [ VIEW ] /www/wwwroot/tb.youanfutang.cn/public/../application/index/view/index/login1.html [ array (
  0 => 'iflogin',
) ]
[ info ] [ LOG ] INIT File
[ sql ] [ DB ] CONNECT:[ UseTime:0.000659s ] mysql:host=127.0.0.1;dbname=tb_youanfutang_c;charset=utf8
[ sql ] [ SQL ] SHOW COLUMNS FROM `webdata` [ RunTime:0.001890s ]
[ sql ] [ SQL ] SELECT * FROM `webdata` WHERE  `viewip` = '110.166.71.39' ORDER BY `Id` DESC LIMIT 1 [ RunTime:0.000590s ]
[ sql ] [ SQL ] SELECT * FROM `webdata` WHERE  `viewtime` = '2024-09' ORDER BY `Id` DESC LIMIT 1 [ RunTime:0.000283s ]
[ sql ] [ SQL ] SELECT * FROM `webdata` WHERE  `viewip` = '110.166.71.39' [ RunTime:0.005660s ]
[ sql ] [ SQL ] INSERT INTO `webdata` (`viewip` , `webpv` , `viewtime` , `operation` , `opertime` , `ipnum` , `ipvip`) VALUES ('110.166.71.39' , 2 , '2024-09' , '访客-浏览网页' , '2024-09-04 23:27:39' , 9 , '普通网友') [ RunTime:0.000378s ]
[ sql ] [ SQL ] SELECT * FROM `webdata` WHERE  `webip` = '110.166.71.39'  AND `ucookie` IS NULL [ RunTime:0.005335s ]
