---------------------------------------------------------------
[ 2024-09-14T05:13:31+08:00 ] 43.130.16.212 GET www.aosuper.com/
[运行时间：0.951032s] [吞吐率：1.05req/s] [内存消耗：2,949.91kb] [文件加载：55]
[ info ] [ LANG ] /www/wwwroot/tb.youanfutang.cn/thinkphp/lang/zh-cn.php
[ info ] [ ROUTE ] array (
  'type' => 'module',
  'module' => 
  array (
    0 => '',
    1 => NULL,
    2 => NULL,
  ),
)
[ info ] [ HEADER ] array (
  'upgrade-insecure-requests' => '1',
  'referer' => 'http://www.aosuper.com',
  'pragma' => 'no-cache',
  'connection' => 'close',
  'cache-control' => 'no-cache',
  'accept-language' => 'zh-CN,zh;q=0.9,en-US;q=0.8,en;q=0.7',
  'accept-encoding' => 'gzip',
  'accept' => 'text/html,application/xhtml+xml,application/xml;q=0.9,image/avif,image/webp,image/apng,*/*;q=0.8,application/signed-exchange;v=b3;q=0.7',
  'user-agent' => 'Mozilla/5.0 (iPhone; CPU iPhone OS 13_2_3 like Mac OS X) AppleWebKit/605.1.15 (KHTML, like Gecko) Version/13.0.3 Mobile/15E148 Safari/604.1',
  'host' => 'www.aosuper.com',
  'content-length' => '',
  'content-type' => '',
)
[ info ] [ PARAM ] array (
)
[ info ] [ DB ] INIT mysql
[ info ] [ RUN ] app\index\controller\Index->index[ /www/wwwroot/tb.youanfutang.cn/application/index/controller/Index.php ]
[ info ] [ VIEW ] /www/wwwroot/tb.youanfutang.cn/public/../application/index/view/index/login1.html [ array (
  0 => 'iflogin',
) ]
[ info ] [ LOG ] INIT File
[ sql ] [ DB ] CONNECT:[ UseTime:0.028235s ] mysql:host=127.0.0.1;dbname=tb_youanfutang_c;charset=utf8
[ sql ] [ SQL ] SHOW COLUMNS FROM `webdata` [ RunTime:0.048865s ]
[ sql ] [ SQL ] SELECT * FROM `webdata` WHERE  `viewip` = '43.130.16.212' ORDER BY `Id` DESC LIMIT 1 [ RunTime:0.294872s ]
[ sql ] [ SQL ] SELECT * FROM `webdata` WHERE  `viewtime` = '2024-09' ORDER BY `Id` DESC LIMIT 1 [ RunTime:0.000618s ]
[ sql ] [ SQL ] SELECT * FROM `webdata` WHERE  `viewip` = '43.130.16.212' [ RunTime:0.055350s ]
[ sql ] [ SQL ] INSERT INTO `webdata` (`viewip` , `webpv` , `viewtime` , `operation` , `opertime` , `ipnum` , `ipvip`) VALUES ('43.130.16.212' , 2 , '2024-09' , '访客-浏览网页' , '2024-09-14 05:13:31' , 3 , '普通网友') [ RunTime:0.000534s ]
[ sql ] [ SQL ] SELECT * FROM `webdata` WHERE  `webip` = '43.130.16.212'  AND `ucookie` IS NULL [ RunTime:0.006758s ]
---------------------------------------------------------------
[ 2024-09-14T07:58:08+08:00 ] 52.42.7.36 GET aosuper.com/
[运行时间：0.468641s] [吞吐率：2.13req/s] [内存消耗：2,944.09kb] [文件加载：55]
[ info ] [ LANG ] /www/wwwroot/tb.youanfutang.cn/thinkphp/lang/zh-cn.php
[ info ] [ ROUTE ] array (
  'type' => 'module',
  'module' => 
  array (
    0 => '',
    1 => NULL,
    2 => NULL,
  ),
)
[ info ] [ HEADER ] array (
  'connection' => 'close',
  'host' => 'aosuper.com',
  'user-agent' => 'Mozilla/5.0 (Macintosh; Intel Mac OS X 13_3_1) AppleWebKit/537.36 (KHTML, like Gecko) Chrome/113.0.0.0 Safari/537.36',
  'content-length' => '',
  'content-type' => '',
)
[ info ] [ PARAM ] array (
)
[ info ] [ DB ] INIT mysql
[ info ] [ RUN ] app\index\controller\Index->index[ /www/wwwroot/tb.youanfutang.cn/application/index/controller/Index.php ]
[ info ] [ VIEW ] /www/wwwroot/tb.youanfutang.cn/public/../application/index/view/index/login1.html [ array (
  0 => 'iflogin',
) ]
[ info ] [ LOG ] INIT File
[ sql ] [ DB ] CONNECT:[ UseTime:0.000739s ] mysql:host=127.0.0.1;dbname=tb_youanfutang_c;charset=utf8
[ sql ] [ SQL ] SHOW COLUMNS FROM `webdata` [ RunTime:0.001976s ]
[ sql ] [ SQL ] SELECT * FROM `webdata` WHERE  `viewip` = '52.42.7.36' ORDER BY `Id` DESC LIMIT 1 [ RunTime:0.162671s ]
[ sql ] [ SQL ] SELECT * FROM `webdata` WHERE  `viewtime` = '2024-09' ORDER BY `Id` DESC LIMIT 1 [ RunTime:0.000555s ]
[ sql ] [ SQL ] SELECT * FROM `webdata` WHERE  `viewip` = '52.42.7.36' [ RunTime:0.006839s ]
[ sql ] [ SQL ] INSERT INTO `webdata` (`viewip` , `webpv` , `viewtime` , `operation` , `opertime` , `ipnum` , `ipvip`) VALUES ('52.42.7.36' , 1 , '2024-09' , '访客-浏览网页' , '2024-09-14 07:58:08' , 1 , '普通网友') [ RunTime:0.000527s ]
[ sql ] [ SQL ] SELECT * FROM `webdata` WHERE  `webip` = '52.42.7.36'  AND `ucookie` IS NULL [ RunTime:0.006661s ]
---------------------------------------------------------------
[ 2024-09-14T08:21:16+08:00 ] 84.17.48.84 GET aosuper.com/
[运行时间：0.048581s] [吞吐率：20.58req/s] [内存消耗：2,944.15kb] [文件加载：55]
[ info ] [ LANG ] /www/wwwroot/tb.youanfutang.cn/thinkphp/lang/zh-cn.php
[ info ] [ ROUTE ] array (
  'type' => 'module',
  'module' => 
  array (
    0 => '',
    1 => NULL,
    2 => NULL,
  ),
)
[ info ] [ HEADER ] array (
  'user-agent' => 'Mozilla/5.0 (Windows NT 10.0; Win64; x64)',
  'accept-language' => '*',
  'accept' => '*/*',
  'accept-encoding' => 'identity',
  'host' => 'aosuper.com',
  'content-length' => '',
  'content-type' => '',
)
[ info ] [ PARAM ] array (
)
[ info ] [ DB ] INIT mysql
[ info ] [ RUN ] app\index\controller\Index->index[ /www/wwwroot/tb.youanfutang.cn/application/index/controller/Index.php ]
[ info ] [ VIEW ] /www/wwwroot/tb.youanfutang.cn/public/../application/index/view/index/login1.html [ array (
  0 => 'iflogin',
) ]
[ info ] [ LOG ] INIT File
[ sql ] [ DB ] CONNECT:[ UseTime:0.000827s ] mysql:host=127.0.0.1;dbname=tb_youanfutang_c;charset=utf8
[ sql ] [ SQL ] SHOW COLUMNS FROM `webdata` [ RunTime:0.001791s ]
[ sql ] [ SQL ] SELECT * FROM `webdata` WHERE  `viewip` = '84.17.48.84' ORDER BY `Id` DESC LIMIT 1 [ RunTime:0.000708s ]
[ sql ] [ SQL ] SELECT * FROM `webdata` WHERE  `viewtime` = '2024-09' ORDER BY `Id` DESC LIMIT 1 [ RunTime:0.000424s ]
[ sql ] [ SQL ] SELECT * FROM `webdata` WHERE  `viewip` = '84.17.48.84' [ RunTime:0.007569s ]
[ sql ] [ SQL ] INSERT INTO `webdata` (`viewip` , `webpv` , `viewtime` , `operation` , `opertime` , `ipnum` , `ipvip`) VALUES ('84.17.48.84' , 2 , '2024-09' , '访客-浏览网页' , '2024-09-14 08:21:16' , 2 , '普通网友') [ RunTime:0.000579s ]
[ sql ] [ SQL ] SELECT * FROM `webdata` WHERE  `webip` = '84.17.48.84'  AND `ucookie` IS NULL [ RunTime:0.006900s ]
---------------------------------------------------------------
[ 2024-09-14T14:43:05+08:00 ] 213.239.205.62 GET aosuper.com/
[运行时间：1.337353s] [吞吐率：0.75req/s] [内存消耗：2,944.71kb] [文件加载：55]
[ info ] [ LANG ] /www/wwwroot/tb.youanfutang.cn/thinkphp/lang/zh-cn.php
[ info ] [ ROUTE ] array (
  'type' => 'module',
  'module' => 
  array (
    0 => '',
    1 => NULL,
    2 => NULL,
  ),
)
[ info ] [ HEADER ] array (
  'accept-encoding' => 'gzip,deflate',
  'connection' => 'Keep-Alive',
  'host' => 'aosuper.com',
  'accept' => 'text/html,application/xhtml+xml,application/xml;q=0.9,*/*;q=0.8',
  'user-agent' => 'Mozilla/5.0 (compatible; BLEXBot/1.0; +http://webmeup-crawler.com/)',
  'content-length' => '',
  'content-type' => '',
)
[ info ] [ PARAM ] array (
)
[ info ] [ DB ] INIT mysql
[ info ] [ RUN ] app\index\controller\Index->index[ /www/wwwroot/tb.youanfutang.cn/application/index/controller/Index.php ]
[ info ] [ VIEW ] /www/wwwroot/tb.youanfutang.cn/public/../application/index/view/index/login1.html [ array (
  0 => 'iflogin',
) ]
[ info ] [ LOG ] INIT File
[ sql ] [ DB ] CONNECT:[ UseTime:0.000619s ] mysql:host=127.0.0.1;dbname=tb_youanfutang_c;charset=utf8
[ sql ] [ SQL ] SHOW COLUMNS FROM `webdata` [ RunTime:0.068645s ]
[ sql ] [ SQL ] SELECT * FROM `webdata` WHERE  `viewip` = '213.239.205.62' ORDER BY `Id` DESC LIMIT 1 [ RunTime:0.071206s ]
[ sql ] [ SQL ] SELECT * FROM `webdata` WHERE  `viewtime` = '2024-09' ORDER BY `Id` DESC LIMIT 1 [ RunTime:0.000527s ]
[ sql ] [ SQL ] SELECT * FROM `webdata` WHERE  `viewip` = '213.239.205.62' [ RunTime:0.153315s ]
[ sql ] [ SQL ] INSERT INTO `webdata` (`viewip` , `webpv` , `viewtime` , `operation` , `opertime` , `ipnum` , `ipvip`) VALUES ('213.239.205.62' , 3 , '2024-09' , '访客-浏览网页' , '2024-09-14 14:43:05' , 2 , '普通网友') [ RunTime:0.000609s ]
[ sql ] [ SQL ] SELECT * FROM `webdata` WHERE  `webip` = '213.239.205.62'  AND `ucookie` IS NULL [ RunTime:0.006860s ]
---------------------------------------------------------------
[ 2024-09-14T17:16:52+08:00 ] 170.82.0.173 GET aosuper.com/
[运行时间：1.346773s] [吞吐率：0.74req/s] [内存消耗：2,951.24kb] [文件加载：55]
[ info ] [ LANG ] /www/wwwroot/tb.youanfutang.cn/thinkphp/lang/zh-cn.php
[ info ] [ ROUTE ] array (
  'type' => 'module',
  'module' => 
  array (
    0 => '',
    1 => NULL,
    2 => NULL,
  ),
)
[ info ] [ HEADER ] array (
  'priority' => 'u=0, i',
  'accept-language' => 'en-US,en;q=0.9',
  'accept-encoding' => 'gzip, deflate, br, zstd',
  'sec-ch-ua-platform' => '"Linux"',
  'sec-ch-ua-mobile' => '?0',
  'sec-ch-ua' => '"Chromium";v="128", "Not;A=Brand";v="24", "Google Chrome";v="128"',
  'sec-fetch-dest' => 'document',
  'sec-fetch-user' => '?1',
  'sec-fetch-mode' => 'navigate',
  'sec-fetch-site' => 'none',
  'accept' => 'text/html,application/xhtml+xml,application/xml;q=0.9,image/avif,image/webp,image/apng,*/*;q=0.8,application/signed-exchange;v=b3;q=0.7',
  'user-agent' => 'Mozilla/5.0 (X11; Linux x86_64) AppleWebKit/537.36 (KHTML, like Gecko) Chrome/128.0.6613.119 Safari/537.36',
  'upgrade-insecure-requests' => '1',
  'host' => 'aosuper.com',
  'content-length' => '',
  'content-type' => '',
)
[ info ] [ PARAM ] array (
)
[ info ] [ DB ] INIT mysql
[ info ] [ RUN ] app\index\controller\Index->index[ /www/wwwroot/tb.youanfutang.cn/application/index/controller/Index.php ]
[ info ] [ VIEW ] /www/wwwroot/tb.youanfutang.cn/public/../application/index/view/index/login1.html [ array (
  0 => 'iflogin',
) ]
[ info ] [ LOG ] INIT File
[ sql ] [ DB ] CONNECT:[ UseTime:0.000675s ] mysql:host=127.0.0.1;dbname=tb_youanfutang_c;charset=utf8
[ sql ] [ SQL ] SHOW COLUMNS FROM `webdata` [ RunTime:0.038632s ]
[ sql ] [ SQL ] SELECT * FROM `webdata` WHERE  `viewip` = '170.82.0.173' ORDER BY `Id` DESC LIMIT 1 [ RunTime:0.411244s ]
[ sql ] [ SQL ] SELECT * FROM `webdata` WHERE  `viewtime` = '2024-09' ORDER BY `Id` DESC LIMIT 1 [ RunTime:0.000511s ]
[ sql ] [ SQL ] SELECT * FROM `webdata` WHERE  `viewip` = '170.82.0.173' [ RunTime:0.019776s ]
[ sql ] [ SQL ] INSERT INTO `webdata` (`viewip` , `webpv` , `viewtime` , `operation` , `opertime` , `ipnum` , `ipvip`) VALUES ('170.82.0.173' , 4 , '2024-09' , '访客-浏览网页' , '2024-09-14 17:16:51' , 2 , '普通网友') [ RunTime:0.000589s ]
[ sql ] [ SQL ] SELECT * FROM `webdata` WHERE  `webip` = '170.82.0.173'  AND `ucookie` IS NULL [ RunTime:0.007102s ]
---------------------------------------------------------------
[ 2024-09-14T17:16:53+08:00 ] 170.82.0.173 GET aosuper.com/login.php/index/captcha
[运行时间：0.160941s] [吞吐率：6.21req/s] [内存消耗：11,641.98kb] [文件加载：50]
[ info ] [ LANG ] /www/wwwroot/tb.youanfutang.cn/thinkphp/lang/zh-cn.php
[ info ] [ BIND ] 'admin'
[ info ] [ ROUTE ] array (
  'type' => 'module',
  'module' => 
  array (
    0 => 'admin',
    1 => 'index',
    2 => 'captcha',
  ),
)
[ info ] [ HEADER ] array (
  'priority' => 'i',
  'accept-language' => 'en-US,en;q=0.9',
  'accept-encoding' => 'gzip, deflate, br, zstd',
  'referer' => 'https://aosuper.com/',
  'sec-fetch-dest' => 'image',
  'sec-fetch-mode' => 'no-cors',
  'sec-fetch-site' => 'same-origin',
  'accept' => 'image/avif,image/webp,image/apng,image/svg+xml,image/*,*/*;q=0.8',
  'sec-ch-ua-platform' => '"Linux"',
  'user-agent' => 'Mozilla/5.0 (X11; Linux x86_64) AppleWebKit/537.36 (KHTML, like Gecko) Chrome/128.0.6613.119 Safari/537.36',
  'sec-ch-ua-mobile' => '?0',
  'sec-ch-ua' => '"Not)A;Brand";v="99", "Google Chrome";v="128", "Chromium";v="128", sec-ch-ua-mobile=?0, sec-ch-ua-platform="Linux"',
  'host' => 'aosuper.com',
  'content-length' => '',
  'content-type' => '',
)
[ info ] [ PARAM ] array (
)
[ info ] [ DB ] INIT mysql
[ info ] [ RUN ] app\admin\controller\Index->captcha[ /www/wwwroot/tb.youanfutang.cn/application/admin/controller/Index.php ]
[ info ] [ SESSION ] INIT array (
  'id' => '',
  'var_session_id' => '',
  'prefix' => 'think',
  'type' => '',
  'auto_start' => true,
)
[ info ] [ LOG ] INIT File
[ sql ] [ DB ] CONNECT:[ UseTime:0.000720s ] mysql:host=127.0.0.1;dbname=tb_youanfutang_c;charset=utf8
[ sql ] [ SQL ] SHOW COLUMNS FROM `webdata` [ RunTime:0.003103s ]
[ sql ] [ SQL ] SELECT * FROM `webdata` WHERE  `ucookie` IS NULL [ RunTime:0.021837s ]
---------------------------------------------------------------
[ 2024-09-14T18:28:49+08:00 ] 198.235.24.17 GET aosuper.com/
[运行时间：0.264498s] [吞吐率：3.78req/s] [内存消耗：2,942.95kb] [文件加载：55]
[ info ] [ LANG ] /www/wwwroot/tb.youanfutang.cn/thinkphp/lang/zh-cn.php
[ info ] [ ROUTE ] array (
  'type' => 'module',
  'module' => 
  array (
    0 => '',
    1 => NULL,
    2 => NULL,
  ),
)
[ info ] [ HEADER ] array (
  'host' => 'aosuper.com',
  'content-length' => '',
  'content-type' => '',
)
[ info ] [ PARAM ] array (
)
[ info ] [ DB ] INIT mysql
[ info ] [ RUN ] app\index\controller\Index->index[ /www/wwwroot/tb.youanfutang.cn/application/index/controller/Index.php ]
[ info ] [ VIEW ] /www/wwwroot/tb.youanfutang.cn/public/../application/index/view/index/login1.html [ array (
  0 => 'iflogin',
) ]
[ info ] [ LOG ] INIT File
[ sql ] [ DB ] CONNECT:[ UseTime:0.000610s ] mysql:host=127.0.0.1;dbname=tb_youanfutang_c;charset=utf8
[ sql ] [ SQL ] SHOW COLUMNS FROM `webdata` [ RunTime:0.001954s ]
[ sql ] [ SQL ] SELECT * FROM `webdata` WHERE  `viewip` = '198.235.24.17' ORDER BY `Id` DESC LIMIT 1 [ RunTime:0.062973s ]
[ sql ] [ SQL ] SELECT * FROM `webdata` WHERE  `viewtime` = '2024-09' ORDER BY `Id` DESC LIMIT 1 [ RunTime:0.000456s ]
[ sql ] [ SQL ] SELECT * FROM `webdata` WHERE  `viewip` = '198.235.24.17' [ RunTime:0.007093s ]
[ sql ] [ SQL ] INSERT INTO `webdata` (`viewip` , `webpv` , `viewtime` , `operation` , `opertime` , `ipnum` , `ipvip`) VALUES ('198.235.24.17' , 5 , '2024-09' , '访客-浏览网页' , '2024-09-14 18:28:49' , 2 , '普通网友') [ RunTime:0.000399s ]
[ sql ] [ SQL ] SELECT * FROM `webdata` WHERE  `webip` = '198.235.24.17'  AND `ucookie` IS NULL [ RunTime:0.006319s ]
---------------------------------------------------------------
[ 2024-09-14T19:05:22+08:00 ] 43.130.16.140 GET aosuper.com/
[运行时间：0.362302s] [吞吐率：2.76req/s] [内存消耗：2,949.92kb] [文件加载：55]
[ info ] [ LANG ] /www/wwwroot/tb.youanfutang.cn/thinkphp/lang/zh-cn.php
[ info ] [ ROUTE ] array (
  'type' => 'module',
  'module' => 
  array (
    0 => '',
    1 => NULL,
    2 => NULL,
  ),
)
[ info ] [ HEADER ] array (
  'upgrade-insecure-requests' => '1',
  'referer' => 'http://aosuper.com',
  'pragma' => 'no-cache',
  'connection' => 'close',
  'cache-control' => 'no-cache',
  'accept-language' => 'zh-CN,zh;q=0.9,en-US;q=0.8,en;q=0.7',
  'accept-encoding' => 'gzip',
  'accept' => 'text/html,application/xhtml+xml,application/xml;q=0.9,image/avif,image/webp,image/apng,*/*;q=0.8,application/signed-exchange;v=b3;q=0.7',
  'user-agent' => 'Mozilla/5.0 (iPhone; CPU iPhone OS 13_2_3 like Mac OS X) AppleWebKit/605.1.15 (KHTML, like Gecko) Version/13.0.3 Mobile/15E148 Safari/604.1',
  'host' => 'aosuper.com',
  'content-length' => '',
  'content-type' => '',
)
[ info ] [ PARAM ] array (
)
[ info ] [ DB ] INIT mysql
[ info ] [ RUN ] app\index\controller\Index->index[ /www/wwwroot/tb.youanfutang.cn/application/index/controller/Index.php ]
[ info ] [ VIEW ] /www/wwwroot/tb.youanfutang.cn/public/../application/index/view/index/login1.html [ array (
  0 => 'iflogin',
) ]
[ info ] [ LOG ] INIT File
[ sql ] [ DB ] CONNECT:[ UseTime:0.000832s ] mysql:host=127.0.0.1;dbname=tb_youanfutang_c;charset=utf8
[ sql ] [ SQL ] SHOW COLUMNS FROM `webdata` [ RunTime:0.001734s ]
[ sql ] [ SQL ] SELECT * FROM `webdata` WHERE  `viewip` = '43.130.16.140' ORDER BY `Id` DESC LIMIT 1 [ RunTime:0.087807s ]
[ sql ] [ SQL ] SELECT * FROM `webdata` WHERE  `viewtime` = '2024-09' ORDER BY `Id` DESC LIMIT 1 [ RunTime:0.000556s ]
[ sql ] [ SQL ] SELECT * FROM `webdata` WHERE  `viewip` = '43.130.16.140' [ RunTime:0.007143s ]
[ sql ] [ SQL ] INSERT INTO `webdata` (`viewip` , `webpv` , `viewtime` , `operation` , `opertime` , `ipnum` , `ipvip`) VALUES ('43.130.16.140' , 1 , '2024-09' , '访客-浏览网页' , '2024-09-14 19:05:22' , 1 , '普通网友') [ RunTime:0.000484s ]
[ sql ] [ SQL ] SELECT * FROM `webdata` WHERE  `webip` = '43.130.16.140'  AND `ucookie` IS NULL [ RunTime:0.006667s ]
---------------------------------------------------------------
[ 2024-09-14T19:43:51+08:00 ] 46.228.199.158 GET aosuper.com/
[运行时间：0.135100s] [吞吐率：7.40req/s] [内存消耗：2,944.54kb] [文件加载：55]
[ info ] [ LANG ] /www/wwwroot/tb.youanfutang.cn/thinkphp/lang/zh-cn.php
[ info ] [ ROUTE ] array (
  'type' => 'module',
  'module' => 
  array (
    0 => '',
    1 => NULL,
    2 => NULL,
  ),
)
[ info ] [ HEADER ] array (
  'accept-encoding' => 'gzip, deflate, identity',
  'accept' => '*/*',
  'user-agent' => 'Mozilla/5.0 (Windows NT 10.0; Win64; x64) AppleWebKit/537.36 (KHTML, like Gecko) Chrome/91.0.4472.114 Safari/537.36 Edg/91.0.864.54',
  'host' => 'aosuper.com',
  'content-length' => '',
  'content-type' => '',
)
[ info ] [ PARAM ] array (
)
[ info ] [ DB ] INIT mysql
[ info ] [ RUN ] app\index\controller\Index->index[ /www/wwwroot/tb.youanfutang.cn/application/index/controller/Index.php ]
[ info ] [ VIEW ] /www/wwwroot/tb.youanfutang.cn/public/../application/index/view/index/login1.html [ array (
  0 => 'iflogin',
) ]
[ info ] [ LOG ] INIT File
[ sql ] [ DB ] CONNECT:[ UseTime:0.000657s ] mysql:host=127.0.0.1;dbname=tb_youanfutang_c;charset=utf8
[ sql ] [ SQL ] SHOW COLUMNS FROM `webdata` [ RunTime:0.001681s ]
[ sql ] [ SQL ] SELECT * FROM `webdata` WHERE  `viewip` = '46.228.199.158' ORDER BY `Id` DESC LIMIT 1 [ RunTime:0.000569s ]
[ sql ] [ SQL ] SELECT * FROM `webdata` WHERE  `viewtime` = '2024-09' ORDER BY `Id` DESC LIMIT 1 [ RunTime:0.000284s ]
[ sql ] [ SQL ] SELECT * FROM `webdata` WHERE  `viewip` = '46.228.199.158' [ RunTime:0.007018s ]
[ sql ] [ SQL ] INSERT INTO `webdata` (`viewip` , `webpv` , `viewtime` , `operation` , `opertime` , `ipnum` , `ipvip`) VALUES ('46.228.199.158' , 2 , '2024-09' , '访客-浏览网页' , '2024-09-14 19:43:51' , 12 , '普通网友') [ RunTime:0.000469s ]
[ sql ] [ SQL ] SELECT * FROM `webdata` WHERE  `webip` = '46.228.199.158'  AND `ucookie` IS NULL [ RunTime:0.006446s ]
---------------------------------------------------------------
[ 2024-09-14T19:47:36+08:00 ] 213.239.205.62 GET aosuper.com/sitemap
[运行时间：0.058829s] [吞吐率：17.00req/s] [内存消耗：1,336.13kb] [文件加载：36]
[ info ] [ LANG ] /www/wwwroot/tb.youanfutang.cn/thinkphp/lang/zh-cn.php
[ info ] [ ROUTE ] array (
  'type' => 'module',
  'module' => 
  array (
    0 => 'sitemap',
    1 => NULL,
    2 => NULL,
  ),
)
[ info ] [ HEADER ] array (
  'accept-encoding' => 'gzip,deflate',
  'connection' => 'Keep-Alive',
  'host' => 'aosuper.com',
  'accept' => 'application/xml;application/x-xml;text/xml;application/atom+xml;application/rss+xml;text/rss;application/rdf+xml;text/plain;application/gzip;application/gzip-compressed;application/gzipped;application/x-gzip;application/x-gzip-compressed;application/x-gunzip;gzip/document;q=0.9,*/*;q=0.8',
  'user-agent' => 'Mozilla/5.0 (compatible; BLEXBot/1.0; +http://webmeup-crawler.com/)',
  'content-length' => '',
  'content-type' => '',
)
[ info ] [ PARAM ] array (
)
[ info ] [ LOG ] INIT File
---------------------------------------------------------------
[ 2024-09-14T19:48:10+08:00 ] 213.239.205.62 GET aosuper.com/sitemap
[运行时间：0.015820s] [吞吐率：63.21req/s] [内存消耗：1,336.13kb] [文件加载：36]
[ info ] [ LANG ] /www/wwwroot/tb.youanfutang.cn/thinkphp/lang/zh-cn.php
[ info ] [ ROUTE ] array (
  'type' => 'module',
  'module' => 
  array (
    0 => 'sitemap',
    1 => NULL,
    2 => NULL,
  ),
)
[ info ] [ HEADER ] array (
  'accept-encoding' => 'gzip,deflate',
  'connection' => 'Keep-Alive',
  'host' => 'aosuper.com',
  'accept' => 'application/xml;application/x-xml;text/xml;application/atom+xml;application/rss+xml;text/rss;application/rdf+xml;text/plain;application/gzip;application/gzip-compressed;application/gzipped;application/x-gzip;application/x-gzip-compressed;application/x-gunzip;gzip/document;q=0.9,*/*;q=0.8',
  'user-agent' => 'Mozilla/5.0 (compatible; BLEXBot/1.0; +http://webmeup-crawler.com/)',
  'content-length' => '',
  'content-type' => '',
)
[ info ] [ PARAM ] array (
)
[ info ] [ LOG ] INIT File
---------------------------------------------------------------
[ 2024-09-14T19:48:13+08:00 ] 213.239.205.62 GET aosuper.com/sitemap.ashx
[运行时间：0.016443s] [吞吐率：60.82req/s] [内存消耗：1,336.14kb] [文件加载：36]
[ info ] [ LANG ] /www/wwwroot/tb.youanfutang.cn/thinkphp/lang/zh-cn.php
[ info ] [ ROUTE ] array (
  'type' => 'module',
  'module' => 
  array (
    0 => 'sitemap.ashx',
    1 => NULL,
    2 => NULL,
  ),
)
[ info ] [ HEADER ] array (
  'accept-encoding' => 'gzip,deflate',
  'connection' => 'Keep-Alive',
  'host' => 'aosuper.com',
  'accept' => 'application/xml;application/x-xml;text/xml;application/atom+xml;application/rss+xml;text/rss;application/rdf+xml;text/plain;application/gzip;application/gzip-compressed;application/gzipped;application/x-gzip;application/x-gzip-compressed;application/x-gunzip;gzip/document;q=0.9,*/*;q=0.8',
  'user-agent' => 'Mozilla/5.0 (compatible; BLEXBot/1.0; +http://webmeup-crawler.com/)',
  'content-length' => '',
  'content-type' => '',
)
[ info ] [ PARAM ] array (
)
[ info ] [ LOG ] INIT File
---------------------------------------------------------------
[ 2024-09-14T19:48:15+08:00 ] 213.239.205.62 GET aosuper.com/sitemap.ashx
[运行时间：0.015356s] [吞吐率：65.12req/s] [内存消耗：1,336.14kb] [文件加载：36]
[ info ] [ LANG ] /www/wwwroot/tb.youanfutang.cn/thinkphp/lang/zh-cn.php
[ info ] [ ROUTE ] array (
  'type' => 'module',
  'module' => 
  array (
    0 => 'sitemap.ashx',
    1 => NULL,
    2 => NULL,
  ),
)
[ info ] [ HEADER ] array (
  'accept-encoding' => 'gzip,deflate',
  'connection' => 'Keep-Alive',
  'host' => 'aosuper.com',
  'accept' => 'application/xml;application/x-xml;text/xml;application/atom+xml;application/rss+xml;text/rss;application/rdf+xml;text/plain;application/gzip;application/gzip-compressed;application/gzipped;application/x-gzip;application/x-gzip-compressed;application/x-gunzip;gzip/document;q=0.9,*/*;q=0.8',
  'user-agent' => 'Mozilla/5.0 (compatible; BLEXBot/1.0; +http://webmeup-crawler.com/)',
  'content-length' => '',
  'content-type' => '',
)
[ info ] [ PARAM ] array (
)
[ info ] [ LOG ] INIT File
---------------------------------------------------------------
[ 2024-09-14T19:48:18+08:00 ] 213.239.205.62 GET aosuper.com/sitemap.txt
[运行时间：0.016387s] [吞吐率：61.02req/s] [内存消耗：1,336.14kb] [文件加载：36]
[ info ] [ LANG ] /www/wwwroot/tb.youanfutang.cn/thinkphp/lang/zh-cn.php
[ info ] [ ROUTE ] array (
  'type' => 'module',
  'module' => 
  array (
    0 => 'sitemap.txt',
    1 => NULL,
    2 => NULL,
  ),
)
[ info ] [ HEADER ] array (
  'accept-encoding' => 'gzip,deflate',
  'connection' => 'Keep-Alive',
  'host' => 'aosuper.com',
  'accept' => 'application/xml;application/x-xml;text/xml;application/atom+xml;application/rss+xml;text/rss;application/rdf+xml;text/plain;application/gzip;application/gzip-compressed;application/gzipped;application/x-gzip;application/x-gzip-compressed;application/x-gunzip;gzip/document;q=0.9,*/*;q=0.8',
  'user-agent' => 'Mozilla/5.0 (compatible; BLEXBot/1.0; +http://webmeup-crawler.com/)',
  'content-length' => '',
  'content-type' => '',
)
[ info ] [ PARAM ] array (
)
[ info ] [ LOG ] INIT File
---------------------------------------------------------------
[ 2024-09-14T19:48:21+08:00 ] 213.239.205.62 GET aosuper.com/sitemap.txt
[运行时间：0.014853s] [吞吐率：67.33req/s] [内存消耗：1,336.14kb] [文件加载：36]
[ info ] [ LANG ] /www/wwwroot/tb.youanfutang.cn/thinkphp/lang/zh-cn.php
[ info ] [ ROUTE ] array (
  'type' => 'module',
  'module' => 
  array (
    0 => 'sitemap.txt',
    1 => NULL,
    2 => NULL,
  ),
)
[ info ] [ HEADER ] array (
  'accept-encoding' => 'gzip,deflate',
  'connection' => 'Keep-Alive',
  'host' => 'aosuper.com',
  'accept' => 'application/xml;application/x-xml;text/xml;application/atom+xml;application/rss+xml;text/rss;application/rdf+xml;text/plain;application/gzip;application/gzip-compressed;application/gzipped;application/x-gzip;application/x-gzip-compressed;application/x-gunzip;gzip/document;q=0.9,*/*;q=0.8',
  'user-agent' => 'Mozilla/5.0 (compatible; BLEXBot/1.0; +http://webmeup-crawler.com/)',
  'content-length' => '',
  'content-type' => '',
)
[ info ] [ PARAM ] array (
)
[ info ] [ LOG ] INIT File
---------------------------------------------------------------
[ 2024-09-14T19:48:28+08:00 ] 213.239.205.62 GET aosuper.com/sitemap.xml
[运行时间：0.016715s] [吞吐率：59.83req/s] [内存消耗：1,336.14kb] [文件加载：36]
[ info ] [ LANG ] /www/wwwroot/tb.youanfutang.cn/thinkphp/lang/zh-cn.php
[ info ] [ ROUTE ] array (
  'type' => 'module',
  'module' => 
  array (
    0 => 'sitemap.xml',
    1 => NULL,
    2 => NULL,
  ),
)
[ info ] [ HEADER ] array (
  'accept-encoding' => 'gzip,deflate',
  'connection' => 'Keep-Alive',
  'host' => 'aosuper.com',
  'accept' => 'application/xml;application/x-xml;text/xml;application/atom+xml;application/rss+xml;text/rss;application/rdf+xml;text/plain;application/gzip;application/gzip-compressed;application/gzipped;application/x-gzip;application/x-gzip-compressed;application/x-gunzip;gzip/document;q=0.9,*/*;q=0.8',
  'user-agent' => 'Mozilla/5.0 (compatible; BLEXBot/1.0; +http://webmeup-crawler.com/)',
  'content-length' => '',
  'content-type' => '',
)
[ info ] [ PARAM ] array (
)
[ info ] [ LOG ] INIT File
---------------------------------------------------------------
[ 2024-09-14T19:48:30+08:00 ] 213.239.205.62 GET aosuper.com/sitemap.xml
[运行时间：0.015495s] [吞吐率：64.54req/s] [内存消耗：1,336.14kb] [文件加载：36]
[ info ] [ LANG ] /www/wwwroot/tb.youanfutang.cn/thinkphp/lang/zh-cn.php
[ info ] [ ROUTE ] array (
  'type' => 'module',
  'module' => 
  array (
    0 => 'sitemap.xml',
    1 => NULL,
    2 => NULL,
  ),
)
[ info ] [ HEADER ] array (
  'accept-encoding' => 'gzip,deflate',
  'connection' => 'Keep-Alive',
  'host' => 'aosuper.com',
  'accept' => 'application/xml;application/x-xml;text/xml;application/atom+xml;application/rss+xml;text/rss;application/rdf+xml;text/plain;application/gzip;application/gzip-compressed;application/gzipped;application/x-gzip;application/x-gzip-compressed;application/x-gunzip;gzip/document;q=0.9,*/*;q=0.8',
  'user-agent' => 'Mozilla/5.0 (compatible; BLEXBot/1.0; +http://webmeup-crawler.com/)',
  'content-length' => '',
  'content-type' => '',
)
[ info ] [ PARAM ] array (
)
[ info ] [ LOG ] INIT File
---------------------------------------------------------------
[ 2024-09-14T19:48:34+08:00 ] 213.239.205.62 GET aosuper.com/sitemap.xml.gz
[运行时间：0.015038s] [吞吐率：66.50req/s] [内存消耗：1,336.19kb] [文件加载：36]
[ info ] [ LANG ] /www/wwwroot/tb.youanfutang.cn/thinkphp/lang/zh-cn.php
[ info ] [ ROUTE ] array (
  'type' => 'module',
  'module' => 
  array (
    0 => 'sitemap.xml.gz',
    1 => NULL,
    2 => NULL,
  ),
)
[ info ] [ HEADER ] array (
  'accept-encoding' => 'gzip,deflate',
  'connection' => 'Keep-Alive',
  'host' => 'aosuper.com',
  'accept' => 'application/xml;application/x-xml;text/xml;application/atom+xml;application/rss+xml;text/rss;application/rdf+xml;text/plain;application/gzip;application/gzip-compressed;application/gzipped;application/x-gzip;application/x-gzip-compressed;application/x-gunzip;gzip/document;q=0.9,*/*;q=0.8',
  'user-agent' => 'Mozilla/5.0 (compatible; BLEXBot/1.0; +http://webmeup-crawler.com/)',
  'content-length' => '',
  'content-type' => '',
)
[ info ] [ PARAM ] array (
)
[ info ] [ LOG ] INIT File
---------------------------------------------------------------
[ 2024-09-14T19:48:36+08:00 ] 213.239.205.62 GET aosuper.com/sitemap.xml.gz
[运行时间：0.014995s] [吞吐率：66.69req/s] [内存消耗：1,336.19kb] [文件加载：36]
[ info ] [ LANG ] /www/wwwroot/tb.youanfutang.cn/thinkphp/lang/zh-cn.php
[ info ] [ ROUTE ] array (
  'type' => 'module',
  'module' => 
  array (
    0 => 'sitemap.xml.gz',
    1 => NULL,
    2 => NULL,
  ),
)
[ info ] [ HEADER ] array (
  'accept-encoding' => 'gzip,deflate',
  'connection' => 'Keep-Alive',
  'host' => 'aosuper.com',
  'accept' => 'application/xml;application/x-xml;text/xml;application/atom+xml;application/rss+xml;text/rss;application/rdf+xml;text/plain;application/gzip;application/gzip-compressed;application/gzipped;application/x-gzip;application/x-gzip-compressed;application/x-gunzip;gzip/document;q=0.9,*/*;q=0.8',
  'user-agent' => 'Mozilla/5.0 (compatible; BLEXBot/1.0; +http://webmeup-crawler.com/)',
  'content-length' => '',
  'content-type' => '',
)
[ info ] [ PARAM ] array (
)
[ info ] [ LOG ] INIT File
---------------------------------------------------------------
[ 2024-09-14T19:48:39+08:00 ] 213.239.205.62 GET aosuper.com/sitemap_index.xml
[运行时间：0.016402s] [吞吐率：60.97req/s] [内存消耗：1,336.21kb] [文件加载：36]
[ info ] [ LANG ] /www/wwwroot/tb.youanfutang.cn/thinkphp/lang/zh-cn.php
[ info ] [ ROUTE ] array (
  'type' => 'module',
  'module' => 
  array (
    0 => 'sitemap_index.xml',
    1 => NULL,
    2 => NULL,
  ),
)
[ info ] [ HEADER ] array (
  'accept-encoding' => 'gzip,deflate',
  'connection' => 'Keep-Alive',
  'host' => 'aosuper.com',
  'accept' => 'application/xml;application/x-xml;text/xml;application/atom+xml;application/rss+xml;text/rss;application/rdf+xml;text/plain;application/gzip;application/gzip-compressed;application/gzipped;application/x-gzip;application/x-gzip-compressed;application/x-gunzip;gzip/document;q=0.9,*/*;q=0.8',
  'user-agent' => 'Mozilla/5.0 (compatible; BLEXBot/1.0; +http://webmeup-crawler.com/)',
  'content-length' => '',
  'content-type' => '',
)
[ info ] [ PARAM ] array (
)
[ info ] [ LOG ] INIT File
---------------------------------------------------------------
[ 2024-09-14T19:49:03+08:00 ] 213.239.205.62 GET aosuper.com/sitemap_index.xml
[运行时间：0.015218s] [吞吐率：65.71req/s] [内存消耗：1,336.21kb] [文件加载：36]
[ info ] [ LANG ] /www/wwwroot/tb.youanfutang.cn/thinkphp/lang/zh-cn.php
[ info ] [ ROUTE ] array (
  'type' => 'module',
  'module' => 
  array (
    0 => 'sitemap_index.xml',
    1 => NULL,
    2 => NULL,
  ),
)
[ info ] [ HEADER ] array (
  'accept-encoding' => 'gzip,deflate',
  'connection' => 'Keep-Alive',
  'host' => 'aosuper.com',
  'accept' => 'application/xml;application/x-xml;text/xml;application/atom+xml;application/rss+xml;text/rss;application/rdf+xml;text/plain;application/gzip;application/gzip-compressed;application/gzipped;application/x-gzip;application/x-gzip-compressed;application/x-gunzip;gzip/document;q=0.9,*/*;q=0.8',
  'user-agent' => 'Mozilla/5.0 (compatible; BLEXBot/1.0; +http://webmeup-crawler.com/)',
  'content-length' => '',
  'content-type' => '',
)
[ info ] [ PARAM ] array (
)
[ info ] [ LOG ] INIT File
---------------------------------------------------------------
[ 2024-09-14T19:49:35+08:00 ] 213.239.205.62 GET aosuper.com/sitemap_index.xml.gz
[运行时间：0.015043s] [吞吐率：66.48req/s] [内存消耗：1,336.21kb] [文件加载：36]
[ info ] [ LANG ] /www/wwwroot/tb.youanfutang.cn/thinkphp/lang/zh-cn.php
[ info ] [ ROUTE ] array (
  'type' => 'module',
  'module' => 
  array (
    0 => 'sitemap_index.xml.gz',
    1 => NULL,
    2 => NULL,
  ),
)
[ info ] [ HEADER ] array (
  'accept-encoding' => 'gzip,deflate',
  'connection' => 'Keep-Alive',
  'host' => 'aosuper.com',
  'accept' => 'application/xml;application/x-xml;text/xml;application/atom+xml;application/rss+xml;text/rss;application/rdf+xml;text/plain;application/gzip;application/gzip-compressed;application/gzipped;application/x-gzip;application/x-gzip-compressed;application/x-gunzip;gzip/document;q=0.9,*/*;q=0.8',
  'user-agent' => 'Mozilla/5.0 (compatible; BLEXBot/1.0; +http://webmeup-crawler.com/)',
  'content-length' => '',
  'content-type' => '',
)
[ info ] [ PARAM ] array (
)
[ info ] [ LOG ] INIT File
---------------------------------------------------------------
[ 2024-09-14T19:49:38+08:00 ] 213.239.205.62 GET aosuper.com/sitemap_index.xml.gz
[运行时间：0.015127s] [吞吐率：66.11req/s] [内存消耗：1,336.21kb] [文件加载：36]
[ info ] [ LANG ] /www/wwwroot/tb.youanfutang.cn/thinkphp/lang/zh-cn.php
[ info ] [ ROUTE ] array (
  'type' => 'module',
  'module' => 
  array (
    0 => 'sitemap_index.xml.gz',
    1 => NULL,
    2 => NULL,
  ),
)
[ info ] [ HEADER ] array (
  'accept-encoding' => 'gzip,deflate',
  'connection' => 'Keep-Alive',
  'host' => 'aosuper.com',
  'accept' => 'application/xml;application/x-xml;text/xml;application/atom+xml;application/rss+xml;text/rss;application/rdf+xml;text/plain;application/gzip;application/gzip-compressed;application/gzipped;application/x-gzip;application/x-gzip-compressed;application/x-gunzip;gzip/document;q=0.9,*/*;q=0.8',
  'user-agent' => 'Mozilla/5.0 (compatible; BLEXBot/1.0; +http://webmeup-crawler.com/)',
  'content-length' => '',
  'content-type' => '',
)
[ info ] [ PARAM ] array (
)
[ info ] [ LOG ] INIT File
---------------------------------------------------------------
[ 2024-09-14T19:54:53+08:00 ] 66.249.66.205 GET aosuper.com/
[运行时间：0.044760s] [吞吐率：22.34req/s] [内存消耗：2,948.05kb] [文件加载：55]
[ info ] [ LANG ] /www/wwwroot/tb.youanfutang.cn/thinkphp/lang/zh-cn.php
[ info ] [ ROUTE ] array (
  'type' => 'module',
  'module' => 
  array (
    0 => '',
    1 => NULL,
    2 => NULL,
  ),
)
[ info ] [ HEADER ] array (
  'accept-encoding' => 'gzip, deflate, br',
  'user-agent' => 'Mozilla/5.0 (Linux; Android 6.0.1; Nexus 5X Build/MMB29P) AppleWebKit/537.36 (KHTML, like Gecko) Chrome/128.0.6613.137 Mobile Safari/537.36 (compatible; Googlebot/2.1; +http://www.google.com/bot.html)',
  'from' => 'googlebot(at)googlebot.com',
  'accept' => 'text/html,application/xhtml+xml,application/signed-exchange;v=b3,application/xml;q=0.9,*/*;q=0.8',
  'connection' => 'keep-alive',
  'amp-cache-transform' => 'google;v="1..8"',
  'host' => 'aosuper.com',
  'content-length' => '',
  'content-type' => '',
)
[ info ] [ PARAM ] array (
)
[ info ] [ DB ] INIT mysql
[ info ] [ RUN ] app\index\controller\Index->index[ /www/wwwroot/tb.youanfutang.cn/application/index/controller/Index.php ]
[ info ] [ VIEW ] /www/wwwroot/tb.youanfutang.cn/public/../application/index/view/index/login1.html [ array (
  0 => 'iflogin',
) ]
[ info ] [ LOG ] INIT File
[ sql ] [ DB ] CONNECT:[ UseTime:0.000658s ] mysql:host=127.0.0.1;dbname=tb_youanfutang_c;charset=utf8
[ sql ] [ SQL ] SHOW COLUMNS FROM `webdata` [ RunTime:0.001675s ]
[ sql ] [ SQL ] SELECT * FROM `webdata` WHERE  `viewip` = '66.249.66.205' ORDER BY `Id` DESC LIMIT 1 [ RunTime:0.000780s ]
[ sql ] [ SQL ] SELECT * FROM `webdata` WHERE  `viewtime` = '2024-09' ORDER BY `Id` DESC LIMIT 1 [ RunTime:0.000254s ]
[ sql ] [ SQL ] SELECT * FROM `webdata` WHERE  `viewip` = '66.249.66.205' [ RunTime:0.006885s ]
[ sql ] [ SQL ] INSERT INTO `webdata` (`viewip` , `webpv` , `viewtime` , `operation` , `opertime` , `ipnum` , `ipvip`) VALUES ('66.249.66.205' , 3 , '2024-09' , '访客-浏览网页' , '2024-09-14 19:54:53' , 12 , '普通网友') [ RunTime:0.000485s ]
[ sql ] [ SQL ] SELECT * FROM `webdata` WHERE  `webip` = '66.249.66.205'  AND `ucookie` IS NULL [ RunTime:0.006207s ]
---------------------------------------------------------------
[ 2024-09-14T19:55:00+08:00 ] 66.249.66.204 GET aosuper.com/
[运行时间：0.046201s] [吞吐率：21.64req/s] [内存消耗：2,946.89kb] [文件加载：55]
[ info ] [ LANG ] /www/wwwroot/tb.youanfutang.cn/thinkphp/lang/zh-cn.php
[ info ] [ ROUTE ] array (
  'type' => 'module',
  'module' => 
  array (
    0 => '',
    1 => NULL,
    2 => NULL,
  ),
)
[ info ] [ HEADER ] array (
  'accept-encoding' => 'gzip, deflate, br',
  'user-agent' => 'Mozilla/5.0 (Linux; Android 6.0.1; Nexus 5X Build/MMB29P) AppleWebKit/537.36 (KHTML, like Gecko) Chrome/99.0.4844.84 Mobile Safari/537.36 (compatible; Googlebot/2.1; +http://www.google.com/bot.html)',
  'from' => 'googlebot(at)googlebot.com',
  'accept' => '*/*',
  'connection' => 'keep-alive',
  'host' => 'aosuper.com',
  'content-length' => '',
  'content-type' => '',
)
[ info ] [ PARAM ] array (
)
[ info ] [ DB ] INIT mysql
[ info ] [ RUN ] app\index\controller\Index->index[ /www/wwwroot/tb.youanfutang.cn/application/index/controller/Index.php ]
[ info ] [ VIEW ] /www/wwwroot/tb.youanfutang.cn/public/../application/index/view/index/login1.html [ array (
  0 => 'iflogin',
) ]
[ info ] [ LOG ] INIT File
[ sql ] [ DB ] CONNECT:[ UseTime:0.000570s ] mysql:host=127.0.0.1;dbname=tb_youanfutang_c;charset=utf8
[ sql ] [ SQL ] SHOW COLUMNS FROM `webdata` [ RunTime:0.001766s ]
[ sql ] [ SQL ] SELECT * FROM `webdata` WHERE  `viewip` = '66.249.66.204' ORDER BY `Id` DESC LIMIT 1 [ RunTime:0.000522s ]
[ sql ] [ SQL ] SELECT * FROM `webdata` WHERE  `viewtime` = '2024-09' ORDER BY `Id` DESC LIMIT 1 [ RunTime:0.000305s ]
[ sql ] [ SQL ] SELECT * FROM `webdata` WHERE  `viewip` = '66.249.66.204' [ RunTime:0.006911s ]
[ sql ] [ SQL ] INSERT INTO `webdata` (`viewip` , `webpv` , `viewtime` , `operation` , `opertime` , `ipnum` , `ipvip`) VALUES ('66.249.66.204' , 4 , '2024-09' , '访客-浏览网页' , '2024-09-14 19:54:59' , 9 , '普通网友') [ RunTime:0.000470s ]
[ sql ] [ SQL ] SELECT * FROM `webdata` WHERE  `webip` = '66.249.66.204'  AND `ucookie` IS NULL [ RunTime:0.006256s ]
---------------------------------------------------------------
[ 2024-09-14T19:55:01+08:00 ] 66.249.66.203 GET aosuper.com/
[运行时间：0.060843s] [吞吐率：16.44req/s] [内存消耗：2,946.06kb] [文件加载：55]
[ info ] [ LANG ] /www/wwwroot/tb.youanfutang.cn/thinkphp/lang/zh-cn.php
[ info ] [ ROUTE ] array (
  'type' => 'module',
  'module' => 
  array (
    0 => '',
    1 => NULL,
    2 => NULL,
  ),
)
[ info ] [ HEADER ] array (
  'accept-encoding' => 'gzip, deflate, br',
  'user-agent' => 'Mozilla/5.0 (compatible; Googlebot/2.1; +http://www.google.com/bot.html)',
  'from' => 'googlebot(at)googlebot.com',
  'accept' => '*/*',
  'connection' => 'keep-alive',
  'host' => 'aosuper.com',
  'content-length' => '',
  'content-type' => '',
)
[ info ] [ PARAM ] array (
)
[ info ] [ DB ] INIT mysql
[ info ] [ RUN ] app\index\controller\Index->index[ /www/wwwroot/tb.youanfutang.cn/application/index/controller/Index.php ]
[ info ] [ VIEW ] /www/wwwroot/tb.youanfutang.cn/public/../application/index/view/index/login1.html [ array (
  0 => 'iflogin',
) ]
[ info ] [ LOG ] INIT File
[ sql ] [ DB ] CONNECT:[ UseTime:0.000693s ] mysql:host=127.0.0.1;dbname=tb_youanfutang_c;charset=utf8
[ sql ] [ SQL ] SHOW COLUMNS FROM `webdata` [ RunTime:0.001727s ]
[ sql ] [ SQL ] SELECT * FROM `webdata` WHERE  `viewip` = '66.249.66.203' ORDER BY `Id` DESC LIMIT 1 [ RunTime:0.000828s ]
[ sql ] [ SQL ] SELECT * FROM `webdata` WHERE  `viewtime` = '2024-09' ORDER BY `Id` DESC LIMIT 1 [ RunTime:0.000268s ]
[ sql ] [ SQL ] SELECT * FROM `webdata` WHERE  `viewip` = '66.249.66.203' [ RunTime:0.006777s ]
[ sql ] [ SQL ] INSERT INTO `webdata` (`viewip` , `webpv` , `viewtime` , `operation` , `opertime` , `ipnum` , `ipvip`) VALUES ('66.249.66.203' , 5 , '2024-09' , '访客-浏览网页' , '2024-09-14 19:55:01' , 15 , '普通网友') [ RunTime:0.014334s ]
[ sql ] [ SQL ] SELECT * FROM `webdata` WHERE  `webip` = '66.249.66.203'  AND `ucookie` IS NULL [ RunTime:0.006583s ]
---------------------------------------------------------------
[ 2024-09-14T20:16:44+08:00 ] 45.148.10.196 GET aosuper.com/.env
[运行时间：0.059069s] [吞吐率：16.93req/s] [内存消耗：1,334.70kb] [文件加载：36]
[ info ] [ LANG ] /www/wwwroot/tb.youanfutang.cn/thinkphp/lang/zh-cn.php
[ info ] [ ROUTE ] array (
  'type' => 'module',
  'module' => 
  array (
    0 => '.env',
    1 => NULL,
    2 => NULL,
  ),
)
[ info ] [ HEADER ] array (
  'user-agent' => 'Mozilla/5.0 (X11; Linux x86_64) AppleWebKit/537.36 (KHTML, like Gecko) Chrome/81.0.4044.129 Safari/537.36',
  'accept' => '*/*',
  'accept-encoding' => 'gzip, deflate',
  'connection' => 'keep-alive',
  'host' => 'aosuper.com',
  'content-length' => '',
  'content-type' => '',
)
[ info ] [ PARAM ] array (
)
[ info ] [ LOG ] INIT File
---------------------------------------------------------------
[ 2024-09-14T20:16:47+08:00 ] 45.148.10.196 POST aosuper.com/
[运行时间：0.066840s] [吞吐率：14.96req/s] [内存消耗：2,946.34kb] [文件加载：55]
[ info ] [ LANG ] /www/wwwroot/tb.youanfutang.cn/thinkphp/lang/zh-cn.php
[ info ] [ ROUTE ] array (
  'type' => 'module',
  'module' => 
  array (
    0 => '',
    1 => NULL,
    2 => NULL,
  ),
)
[ info ] [ HEADER ] array (
  'content-type' => 'application/x-www-form-urlencoded',
  'content-length' => '20',
  'user-agent' => 'Mozilla/5.0 (X11; Linux x86_64) AppleWebKit/537.36 (KHTML, like Gecko) Chrome/81.0.4044.129 Safari/537.36',
  'accept' => '*/*',
  'accept-encoding' => 'gzip, deflate',
  'connection' => 'keep-alive',
  'host' => 'aosuper.com',
)
[ info ] [ PARAM ] array (
  '0x' => 
  array (
    0 => 'androxgh0st',
  ),
)
[ info ] [ DB ] INIT mysql
[ info ] [ RUN ] app\index\controller\Index->index[ /www/wwwroot/tb.youanfutang.cn/application/index/controller/Index.php ]
[ info ] [ VIEW ] /www/wwwroot/tb.youanfutang.cn/public/../application/index/view/index/login1.html [ array (
  0 => 'iflogin',
) ]
[ info ] [ LOG ] INIT File
[ sql ] [ DB ] CONNECT:[ UseTime:0.000512s ] mysql:host=127.0.0.1;dbname=tb_youanfutang_c;charset=utf8
[ sql ] [ SQL ] SHOW COLUMNS FROM `webdata` [ RunTime:0.001880s ]
[ sql ] [ SQL ] SELECT * FROM `webdata` WHERE  `viewip` = '45.148.10.196' ORDER BY `Id` DESC LIMIT 1 [ RunTime:0.000556s ]
[ sql ] [ SQL ] SELECT * FROM `webdata` WHERE  `viewtime` = '2024-09' ORDER BY `Id` DESC LIMIT 1 [ RunTime:0.000323s ]
[ sql ] [ SQL ] SELECT * FROM `webdata` WHERE  `viewip` = '45.148.10.196' [ RunTime:0.006819s ]
[ sql ] [ SQL ] INSERT INTO `webdata` (`viewip` , `webpv` , `viewtime` , `operation` , `opertime` , `ipnum` , `ipvip`) VALUES ('45.148.10.196' , 6 , '2024-09' , '访客-浏览网页' , '2024-09-14 20:16:47' , 2 , '普通网友') [ RunTime:0.000464s ]
[ sql ] [ SQL ] SELECT * FROM `webdata` WHERE  `webip` = '45.148.10.196'  AND `ucookie` IS NULL [ RunTime:0.006502s ]
