---------------------------------------------------------------
[ 2024-09-15T02:32:17+08:00 ] 198.235.24.23 GET aosuper.com/
[è¿è¡Œæ—¶é—´ï¼š1.102343s] [åžåçŽ‡ï¼š0.91req/s] [å†…å­˜æ¶ˆè€—ï¼š2,943.23kb] [æ–‡ä»¶åŠ è½½ï¼š55]
[ info ] [ LANG ] /www/wwwroot/tb.youanfutang.cn/thinkphp/lang/zh-cn.php
[ info ] [ ROUTE ] array (
  'type' => 'module',
  'module' => 
  array (
    0 => '',
    1 => NULL,
    2 => NULL,
  ),
)
[ info ] [ HEADER ] array (
  'referer' => 'http://154.85.54.177:80/',
  'host' => 'aosuper.com',
  'content-length' => '',
  'content-type' => '',
)
[ info ] [ PARAM ] array (
)
[ info ] [ DB ] INIT mysql
[ info ] [ RUN ] app\index\controller\Index->index[ /www/wwwroot/tb.youanfutang.cn/application/index/controller/Index.php ]
[ info ] [ VIEW ] /www/wwwroot/tb.youanfutang.cn/public/../application/index/view/index/login1.html [ array (
  0 => 'iflogin',
) ]
[ info ] [ LOG ] INIT File
[ sql ] [ DB ] CONNECT:[ UseTime:0.025101s ] mysql:host=127.0.0.1;dbname=tb_youanfutang_c;charset=utf8
[ sql ] [ SQL ] SHOW COLUMNS FROM `webdata` [ RunTime:0.039212s ]
[ sql ] [ SQL ] SELECT * FROM `webdata` WHERE  `viewip` = '198.235.24.23' ORDER BY `Id` DESC LIMIT 1 [ RunTime:0.371922s ]
[ sql ] [ SQL ] SELECT * FROM `webdata` WHERE  `viewtime` = '2024-09' ORDER BY `Id` DESC LIMIT 1 [ RunTime:0.000610s ]
[ sql ] [ SQL ] SELECT * FROM `webdata` WHERE  `viewip` = '198.235.24.23' [ RunTime:0.053432s ]
[ sql ] [ SQL ] INSERT INTO `webdata` (`viewip` , `webpv` , `viewtime` , `operation` , `opertime` , `ipnum` , `ipvip`) VALUES ('198.235.24.23' , 7 , '2024-09' , 'è®¿å®¢-æµè§ˆç½‘é¡µ' , '2024-09-15 02:32:16' , 2 , 'æ™®é€šç½‘å‹') [ RunTime:0.000582s ]
[ sql ] [ SQL ] SELECT * FROM `webdata` WHERE  `webip` = '198.235.24.23'  AND `ucookie` IS NULL [ RunTime:0.006734s ]
---------------------------------------------------------------
[ 2024-09-15T08:47:10+08:00 ] 92.51.2.78 POST aosuper.com/php-cgi/php-cgi.exe?%ADd+cgi.force_redirect%3D0+%ADd+disable_functions%3D%22%22+%ADd+allow_url_include%3D1+%ADd+auto_prepend_file%3Dphp://input
[è¿è¡Œæ—¶é—´ï¼š0.393759s] [åžåçŽ‡ï¼š2.54req/s] [å†…å­˜æ¶ˆè€—ï¼š1,338.00kb] [æ–‡ä»¶åŠ è½½ï¼š36]
[ info ] [ LANG ] /www/wwwroot/tb.youanfutang.cn/thinkphp/lang/zh-cn.php
[ info ] [ ROUTE ] array (
  'type' => 'module',
  'module' => 
  array (
    0 => 'php-cgi',
    1 => 'php-cgi.exe',
    2 => NULL,
  ),
)
[ info ] [ HEADER ] array (
  'content-length' => '122',
  'content-type' => 'application/x-www-form-urlencoded',
  'connection' => 'keep-alive',
  'accept' => '*/*',
  'accept-encoding' => 'gzip, deflate',
  'user-agent' => 'python-requests/2.22.0',
  'host' => 'aosuper.com',
)
[ info ] [ PARAM ] array (
  '­d_cgi_force_redirect=0_­d_disable_functions=""_­d_allow_url_include=1_­d_auto_prepend_file=php://input' => '',
  '<?php_echo_\'' => 
  array (
    '0000000000' => '',
  ),
)
[ info ] [ LOG ] INIT File
---------------------------------------------------------------
[ 2024-09-15T09:31:00+08:00 ] 38.242.142.190 GET aosuper.com/
[è¿è¡Œæ—¶é—´ï¼š2.994584s] [åžåçŽ‡ï¼š0.33req/s] [å†…å­˜æ¶ˆè€—ï¼š2,944.38kb] [æ–‡ä»¶åŠ è½½ï¼š55]
[ info ] [ LANG ] /www/wwwroot/tb.youanfutang.cn/thinkphp/lang/zh-cn.php
[ info ] [ ROUTE ] array (
  'type' => 'module',
  'module' => 
  array (
    0 => '',
    1 => NULL,
    2 => NULL,
  ),
)
[ info ] [ HEADER ] array (
  'connection' => 'keep-alive',
  'accept' => '*/*',
  'accept-encoding' => 'gzip, deflate',
  'user-agent' => 'Mozilla/5.0 (Macintosh; Intel Mac OS X 10.15; rv:77.0) Gecko/20100101 Firefox/77.0',
  'host' => 'aosuper.com',
  'content-length' => '',
  'content-type' => '',
)
[ info ] [ PARAM ] array (
)
[ info ] [ DB ] INIT mysql
[ info ] [ RUN ] app\index\controller\Index->index[ /www/wwwroot/tb.youanfutang.cn/application/index/controller/Index.php ]
[ info ] [ VIEW ] /www/wwwroot/tb.youanfutang.cn/public/../application/index/view/index/login1.html [ array (
  0 => 'iflogin',
) ]
[ info ] [ LOG ] INIT File
[ sql ] [ DB ] CONNECT:[ UseTime:0.000662s ] mysql:host=127.0.0.1;dbname=tb_youanfutang_c;charset=utf8
[ sql ] [ SQL ] SHOW COLUMNS FROM `webdata` [ RunTime:0.035361s ]
[ sql ] [ SQL ] SELECT * FROM `webdata` WHERE  `viewip` = '38.242.142.190' ORDER BY `Id` DESC LIMIT 1 [ RunTime:2.140484s ]
[ sql ] [ SQL ] SELECT * FROM `webdata` WHERE  `viewtime` = '2024-09' ORDER BY `Id` DESC LIMIT 1 [ RunTime:0.000534s ]
[ sql ] [ SQL ] SELECT * FROM `webdata` WHERE  `viewip` = '38.242.142.190' [ RunTime:0.006824s ]
[ sql ] [ SQL ] INSERT INTO `webdata` (`viewip` , `webpv` , `viewtime` , `operation` , `opertime` , `ipnum` , `ipvip`) VALUES ('38.242.142.190' , 1 , '2024-09' , 'è®¿å®¢-æµè§ˆç½‘é¡µ' , '2024-09-15 09:30:58' , 1 , 'æ™®é€šç½‘å‹') [ RunTime:0.000487s ]
[ sql ] [ SQL ] SELECT * FROM `webdata` WHERE  `webip` = '38.242.142.190'  AND `ucookie` IS NULL [ RunTime:0.006580s ]
---------------------------------------------------------------
[ 2024-09-15T10:11:54+08:00 ] 138.201.60.47 GET aosuper.com/
[è¿è¡Œæ—¶é—´ï¼š0.083652s] [åžåçŽ‡ï¼š11.95req/s] [å†…å­˜æ¶ˆè€—ï¼š2,943.78kb] [æ–‡ä»¶åŠ è½½ï¼š55]
[ info ] [ LANG ] /www/wwwroot/tb.youanfutang.cn/thinkphp/lang/zh-cn.php
[ info ] [ ROUTE ] array (
  'type' => 'module',
  'module' => 
  array (
    0 => '',
    1 => NULL,
    2 => NULL,
  ),
)
[ info ] [ HEADER ] array (
  'accept' => '*/*',
  'user-agent' => 'Mozilla/5.0 (Windows; U; Windows NT 5.1; ru; rv:1.9.0.1) Gecko/2008070208',
  'host' => 'aosuper.com',
  'content-length' => '',
  'content-type' => '',
)
[ info ] [ PARAM ] array (
)
[ info ] [ DB ] INIT mysql
[ info ] [ RUN ] app\index\controller\Index->index[ /www/wwwroot/tb.youanfutang.cn/application/index/controller/Index.php ]
[ info ] [ VIEW ] /www/wwwroot/tb.youanfutang.cn/public/../application/index/view/index/login1.html [ array (
  0 => 'iflogin',
) ]
[ info ] [ LOG ] INIT File
[ sql ] [ DB ] CONNECT:[ UseTime:0.000685s ] mysql:host=127.0.0.1;dbname=tb_youanfutang_c;charset=utf8
[ sql ] [ SQL ] SHOW COLUMNS FROM `webdata` [ RunTime:0.001794s ]
[ sql ] [ SQL ] SELECT * FROM `webdata` WHERE  `viewip` = '138.201.60.47' ORDER BY `Id` DESC LIMIT 1 [ RunTime:0.003372s ]
[ sql ] [ SQL ] SELECT * FROM `webdata` WHERE  `viewtime` = '2024-09' ORDER BY `Id` DESC LIMIT 1 [ RunTime:0.000327s ]
[ sql ] [ SQL ] SELECT * FROM `webdata` WHERE  `viewip` = '138.201.60.47' [ RunTime:0.008090s ]
[ sql ] [ SQL ] INSERT INTO `webdata` (`viewip` , `webpv` , `viewtime` , `operation` , `opertime` , `ipnum` , `ipvip`) VALUES ('138.201.60.47' , 2 , '2024-09' , 'è®¿å®¢-æµè§ˆç½‘é¡µ' , '2024-09-15 10:11:54' , 5 , 'æ™®é€šç½‘å‹') [ RunTime:0.000529s ]
[ sql ] [ SQL ] SELECT * FROM `webdata` WHERE  `webip` = '138.201.60.47'  AND `ucookie` IS NULL [ RunTime:0.006904s ]
---------------------------------------------------------------
[ 2024-09-15T12:56:17+08:00 ] 43.130.32.245 GET www.aosuper.com/
[è¿è¡Œæ—¶é—´ï¼š0.085412s] [åžåçŽ‡ï¼š11.71req/s] [å†…å­˜æ¶ˆè€—ï¼š2,949.92kb] [æ–‡ä»¶åŠ è½½ï¼š55]
[ info ] [ LANG ] /www/wwwroot/tb.youanfutang.cn/thinkphp/lang/zh-cn.php
[ info ] [ ROUTE ] array (
  'type' => 'module',
  'module' => 
  array (
    0 => '',
    1 => NULL,
    2 => NULL,
  ),
)
[ info ] [ HEADER ] array (
  'upgrade-insecure-requests' => '1',
  'referer' => 'http://www.aosuper.com',
  'pragma' => 'no-cache',
  'connection' => 'close',
  'cache-control' => 'no-cache',
  'accept-language' => 'zh-CN,zh;q=0.9,en-US;q=0.8,en;q=0.7',
  'accept-encoding' => 'gzip',
  'accept' => 'text/html,application/xhtml+xml,application/xml;q=0.9,image/avif,image/webp,image/apng,*/*;q=0.8,application/signed-exchange;v=b3;q=0.7',
  'user-agent' => 'Mozilla/5.0 (iPhone; CPU iPhone OS 13_2_3 like Mac OS X) AppleWebKit/605.1.15 (KHTML, like Gecko) Version/13.0.3 Mobile/15E148 Safari/604.1',
  'host' => 'www.aosuper.com',
  'content-length' => '',
  'content-type' => '',
)
[ info ] [ PARAM ] array (
)
[ info ] [ DB ] INIT mysql
[ info ] [ RUN ] app\index\controller\Index->index[ /www/wwwroot/tb.youanfutang.cn/application/index/controller/Index.php ]
[ info ] [ VIEW ] /www/wwwroot/tb.youanfutang.cn/public/../application/index/view/index/login1.html [ array (
  0 => 'iflogin',
) ]
[ info ] [ LOG ] INIT File
[ sql ] [ DB ] CONNECT:[ UseTime:0.000821s ] mysql:host=127.0.0.1;dbname=tb_youanfutang_c;charset=utf8
[ sql ] [ SQL ] SHOW COLUMNS FROM `webdata` [ RunTime:0.001999s ]
[ sql ] [ SQL ] SELECT * FROM `webdata` WHERE  `viewip` = '43.130.32.245' ORDER BY `Id` DESC LIMIT 1 [ RunTime:0.034876s ]
[ sql ] [ SQL ] SELECT * FROM `webdata` WHERE  `viewtime` = '2024-09' ORDER BY `Id` DESC LIMIT 1 [ RunTime:0.000404s ]
[ sql ] [ SQL ] SELECT * FROM `webdata` WHERE  `viewip` = '43.130.32.245' [ RunTime:0.007382s ]
[ sql ] [ SQL ] INSERT INTO `webdata` (`viewip` , `webpv` , `viewtime` , `operation` , `opertime` , `ipnum` , `ipvip`) VALUES ('43.130.32.245' , 1 , '2024-09' , 'è®¿å®¢-æµè§ˆç½‘é¡µ' , '2024-09-15 12:56:17' , 1 , 'æ™®é€šç½‘å‹') [ RunTime:0.000427s ]
[ sql ] [ SQL ] SELECT * FROM `webdata` WHERE  `webip` = '43.130.32.245'  AND `ucookie` IS NULL [ RunTime:0.006267s ]
---------------------------------------------------------------
[ 2024-09-15T14:53:36+08:00 ] 35.187.91.193 GET aosuper.com/
[è¿è¡Œæ—¶é—´ï¼š0.083589s] [åžåçŽ‡ï¼š11.96req/s] [å†…å­˜æ¶ˆè€—ï¼š2,947.73kb] [æ–‡ä»¶åŠ è½½ï¼š55]
[ info ] [ LANG ] /www/wwwroot/tb.youanfutang.cn/thinkphp/lang/zh-cn.php
[ info ] [ ROUTE ] array (
  'type' => 'module',
  'module' => 
  array (
    0 => '',
    1 => NULL,
    2 => NULL,
  ),
)
[ info ] [ HEADER ] array (
  'accept-encoding' => 'gzip, deflate',
  'accept' => '*/*',
  'baggage' => 'sentry-trace_id=aa8e7c8c5e0c4617884e5e8de514499c,sentry-environment=production,sentry-public_key=95818f1c53d441e4bad44e25fc52aa40',
  'sentry-trace' => 'aa8e7c8c5e0c4617884e5e8de514499c-a32c3c8892172752',
  'connection' => 'keep-alive',
  'user-agent' => 'Mozilla/5.0 (Macintosh; Intel Mac OS X 10.11; rv:52.0) Gecko/20100101 Firefox/52.0',
  'host' => 'aosuper.com',
  'content-length' => '',
  'content-type' => '',
)
[ info ] [ PARAM ] array (
)
[ info ] [ DB ] INIT mysql
[ info ] [ RUN ] app\index\controller\Index->index[ /www/wwwroot/tb.youanfutang.cn/application/index/controller/Index.php ]
[ info ] [ VIEW ] /www/wwwroot/tb.youanfutang.cn/public/../application/index/view/index/login1.html [ array (
  0 => 'iflogin',
) ]
[ info ] [ LOG ] INIT File
[ sql ] [ DB ] CONNECT:[ UseTime:0.000742s ] mysql:host=127.0.0.1;dbname=tb_youanfutang_c;charset=utf8
[ sql ] [ SQL ] SHOW COLUMNS FROM `webdata` [ RunTime:0.001986s ]
[ sql ] [ SQL ] SELECT * FROM `webdata` WHERE  `viewip` = '35.187.91.193' ORDER BY `Id` DESC LIMIT 1 [ RunTime:0.036125s ]
[ sql ] [ SQL ] SELECT * FROM `webdata` WHERE  `viewtime` = '2024-09' ORDER BY `Id` DESC LIMIT 1 [ RunTime:0.000529s ]
[ sql ] [ SQL ] SELECT * FROM `webdata` WHERE  `viewip` = '35.187.91.193' [ RunTime:0.006892s ]
[ sql ] [ SQL ] INSERT INTO `webdata` (`viewip` , `webpv` , `viewtime` , `operation` , `opertime` , `ipnum` , `ipvip`) VALUES ('35.187.91.193' , 1 , '2024-09' , 'è®¿å®¢-æµè§ˆç½‘é¡µ' , '2024-09-15 14:53:36' , 1 , 'æ™®é€šç½‘å‹') [ RunTime:0.000456s ]
[ sql ] [ SQL ] SELECT * FROM `webdata` WHERE  `webip` = '35.187.91.193'  AND `ucookie` IS NULL [ RunTime:0.006692s ]
---------------------------------------------------------------
[ 2024-09-15T15:36:16+08:00 ] 192.241.156.212 GET aosuper.com/
[è¿è¡Œæ—¶é—´ï¼š0.080744s] [åžåçŽ‡ï¼š12.38req/s] [å†…å­˜æ¶ˆè€—ï¼š2,947.75kb] [æ–‡ä»¶åŠ è½½ï¼š55]
[ info ] [ LANG ] /www/wwwroot/tb.youanfutang.cn/thinkphp/lang/zh-cn.php
[ info ] [ ROUTE ] array (
  'type' => 'module',
  'module' => 
  array (
    0 => '',
    1 => NULL,
    2 => NULL,
  ),
)
[ info ] [ HEADER ] array (
  'user-agent' => 'Mozilla/5.0 (Windows NT 10.0; Win64; x64) AppleWebKit/537.36 (KHTML, like Gecko) Chrome/126.0.0.0 Safari/537.36',
  'cache-control' => 'no-cache',
  'pragma' => 'no-cache',
  'accept-language' => 'en-US,en;q=0.9',
  'accept' => 'text/html,application/xhtml+xml,application/xml;q=0.9,image/avif,image/webp,image/apng,*/*;q=0.8,application/signed-exchange;v=b3;q=0.9',
  'accept-encoding' => 'gzip, deflate',
  'host' => 'aosuper.com',
  'content-length' => '',
  'content-type' => '',
)
[ info ] [ PARAM ] array (
)
[ info ] [ DB ] INIT mysql
[ info ] [ RUN ] app\index\controller\Index->index[ /www/wwwroot/tb.youanfutang.cn/application/index/controller/Index.php ]
[ info ] [ VIEW ] /www/wwwroot/tb.youanfutang.cn/public/../application/index/view/index/login1.html [ array (
  0 => 'iflogin',
) ]
[ info ] [ LOG ] INIT File
[ sql ] [ DB ] CONNECT:[ UseTime:0.000593s ] mysql:host=127.0.0.1;dbname=tb_youanfutang_c;charset=utf8
[ sql ] [ SQL ] SHOW COLUMNS FROM `webdata` [ RunTime:0.001708s ]
[ sql ] [ SQL ] SELECT * FROM `webdata` WHERE  `viewip` = '192.241.156.212' ORDER BY `Id` DESC LIMIT 1 [ RunTime:0.034723s ]
[ sql ] [ SQL ] SELECT * FROM `webdata` WHERE  `viewtime` = '2024-09' ORDER BY `Id` DESC LIMIT 1 [ RunTime:0.000541s ]
[ sql ] [ SQL ] SELECT * FROM `webdata` WHERE  `viewip` = '192.241.156.212' [ RunTime:0.006803s ]
[ sql ] [ SQL ] INSERT INTO `webdata` (`viewip` , `webpv` , `viewtime` , `operation` , `opertime` , `ipnum` , `ipvip`) VALUES ('192.241.156.212' , 1 , '2024-09' , 'è®¿å®¢-æµè§ˆç½‘é¡µ' , '2024-09-15 15:36:16' , 1 , 'æ™®é€šç½‘å‹') [ RunTime:0.000445s ]
[ sql ] [ SQL ] SELECT * FROM `webdata` WHERE  `webip` = '192.241.156.212'  AND `ucookie` IS NULL [ RunTime:0.006298s ]
---------------------------------------------------------------
[ 2024-09-15T15:59:12+08:00 ] 170.246.52.210 GET aosuper.com/
[è¿è¡Œæ—¶é—´ï¼š0.089686s] [åžåçŽ‡ï¼š11.15req/s] [å†…å­˜æ¶ˆè€—ï¼š2,951.26kb] [æ–‡ä»¶åŠ è½½ï¼š55]
[ info ] [ LANG ] /www/wwwroot/tb.youanfutang.cn/thinkphp/lang/zh-cn.php
[ info ] [ ROUTE ] array (
  'type' => 'module',
  'module' => 
  array (
    0 => '',
    1 => NULL,
    2 => NULL,
  ),
)
[ info ] [ HEADER ] array (
  'priority' => 'u=0, i',
  'accept-language' => 'en-US,en;q=0.9',
  'accept-encoding' => 'gzip, deflate, br, zstd',
  'sec-ch-ua-platform' => '"Linux"',
  'sec-ch-ua-mobile' => '?0',
  'sec-ch-ua' => '"Chromium";v="128", "Not;A=Brand";v="24", "Google Chrome";v="128"',
  'sec-fetch-dest' => 'document',
  'sec-fetch-user' => '?1',
  'sec-fetch-mode' => 'navigate',
  'sec-fetch-site' => 'none',
  'accept' => 'text/html,application/xhtml+xml,application/xml;q=0.9,image/avif,image/webp,image/apng,*/*;q=0.8,application/signed-exchange;v=b3;q=0.7',
  'user-agent' => 'Mozilla/5.0 (X11; Linux x86_64) AppleWebKit/537.36 (KHTML, like Gecko) Chrome/128.0.6613.119 Safari/537.36',
  'upgrade-insecure-requests' => '1',
  'host' => 'aosuper.com',
  'content-length' => '',
  'content-type' => '',
)
[ info ] [ PARAM ] array (
)
[ info ] [ DB ] INIT mysql
[ info ] [ RUN ] app\index\controller\Index->index[ /www/wwwroot/tb.youanfutang.cn/application/index/controller/Index.php ]
[ info ] [ VIEW ] /www/wwwroot/tb.youanfutang.cn/public/../application/index/view/index/login1.html [ array (
  0 => 'iflogin',
) ]
[ info ] [ LOG ] INIT File
[ sql ] [ DB ] CONNECT:[ UseTime:0.000660s ] mysql:host=127.0.0.1;dbname=tb_youanfutang_c;charset=utf8
[ sql ] [ SQL ] SHOW COLUMNS FROM `webdata` [ RunTime:0.001686s ]
[ sql ] [ SQL ] SELECT * FROM `webdata` WHERE  `viewip` = '170.246.52.210' ORDER BY `Id` DESC LIMIT 1 [ RunTime:0.034673s ]
[ sql ] [ SQL ] SELECT * FROM `webdata` WHERE  `viewtime` = '2024-09' ORDER BY `Id` DESC LIMIT 1 [ RunTime:0.000395s ]
[ sql ] [ SQL ] SELECT * FROM `webdata` WHERE  `viewip` = '170.246.52.210' [ RunTime:0.006762s ]
[ sql ] [ SQL ] INSERT INTO `webdata` (`viewip` , `webpv` , `viewtime` , `operation` , `opertime` , `ipnum` , `ipvip`) VALUES ('170.246.52.210' , 1 , '2024-09' , 'è®¿å®¢-æµè§ˆç½‘é¡µ' , '2024-09-15 15:59:12' , 1 , 'æ™®é€šç½‘å‹') [ RunTime:0.009954s ]
[ sql ] [ SQL ] SELECT * FROM `webdata` WHERE  `webip` = '170.246.52.210'  AND `ucookie` IS NULL [ RunTime:0.006677s ]
---------------------------------------------------------------
[ 2024-09-15T15:59:14+08:00 ] 170.246.52.210 GET aosuper.com/login.php/index/captcha
[è¿è¡Œæ—¶é—´ï¼š0.482158s] [åžåçŽ‡ï¼š2.07req/s] [å†…å­˜æ¶ˆè€—ï¼š11,644.83kb] [æ–‡ä»¶åŠ è½½ï¼š50]
[ info ] [ LANG ] /www/wwwroot/tb.youanfutang.cn/thinkphp/lang/zh-cn.php
[ info ] [ BIND ] 'admin'
[ info ] [ ROUTE ] array (
  'type' => 'module',
  'module' => 
  array (
    0 => 'admin',
    1 => 'index',
    2 => 'captcha',
  ),
)
[ info ] [ HEADER ] array (
  'priority' => 'i',
  'accept-language' => 'en-US,en;q=0.9',
  'accept-encoding' => 'gzip, deflate, br, zstd',
  'referer' => 'https://aosuper.com/',
  'sec-fetch-dest' => 'image',
  'sec-fetch-mode' => 'no-cors',
  'sec-fetch-site' => 'same-origin',
  'accept' => 'image/avif,image/webp,image/apng,image/svg+xml,image/*,*/*;q=0.8',
  'sec-ch-ua-platform' => '"Linux"',
  'user-agent' => 'Mozilla/5.0 (X11; Linux x86_64) AppleWebKit/537.36 (KHTML, like Gecko) Chrome/128.0.6613.119 Safari/537.36',
  'sec-ch-ua-mobile' => '?0',
  'sec-ch-ua' => '"Not)A;Brand";v="99", "Google Chrome";v="128", "Chromium";v="128", sec-ch-ua-mobile=?0, sec-ch-ua-platform="Linux"',
  'host' => 'aosuper.com',
  'content-length' => '',
  'content-type' => '',
)
[ info ] [ PARAM ] array (
)
[ info ] [ DB ] INIT mysql
[ info ] [ RUN ] app\admin\controller\Index->captcha[ /www/wwwroot/tb.youanfutang.cn/application/admin/controller/Index.php ]
[ info ] [ SESSION ] INIT array (
  'id' => '',
  'var_session_id' => '',
  'prefix' => 'think',
  'type' => '',
  'auto_start' => true,
)
[ info ] [ LOG ] INIT File
[ sql ] [ DB ] CONNECT:[ UseTime:0.000638s ] mysql:host=127.0.0.1;dbname=tb_youanfutang_c;charset=utf8
[ sql ] [ SQL ] SHOW COLUMNS FROM `webdata` [ RunTime:0.001730s ]
[ sql ] [ SQL ] SELECT * FROM `webdata` WHERE  `ucookie` IS NULL [ RunTime:0.019949s ]
---------------------------------------------------------------
[ 2024-09-15T22:47:19+08:00 ] 94.152.186.69 GET aosuper.com/
[è¿è¡Œæ—¶é—´ï¼š1.747475s] [åžåçŽ‡ï¼š0.57req/s] [å†…å­˜æ¶ˆè€—ï¼š2,946.37kb] [æ–‡ä»¶åŠ è½½ï¼š55]
[ info ] [ LANG ] /www/wwwroot/tb.youanfutang.cn/thinkphp/lang/zh-cn.php
[ info ] [ ROUTE ] array (
  'type' => 'module',
  'module' => 
  array (
    0 => '',
    1 => NULL,
    2 => NULL,
  ),
)
[ info ] [ HEADER ] array (
  'cache-control' => 'max-age=0',
  'connection' => 'keep-alive',
  'accept' => 'text/html,application/xhtml+xml,application/xml;q=0.9,image/webp,image/apng,*/*;q=0.8',
  'accept-encoding' => 'gzip, deflate',
  'user-agent' => 'Mozilla/5.0 (X11; Ubuntu; Linux x86_64; rv:128.0) Gecko/20100101 Firefox/128.0',
  'host' => 'aosuper.com',
  'content-length' => '',
  'content-type' => '',
)
[ info ] [ PARAM ] array (
)
[ info ] [ DB ] INIT mysql
[ info ] [ RUN ] app\index\controller\Index->index[ /www/wwwroot/tb.youanfutang.cn/application/index/controller/Index.php ]
[ info ] [ VIEW ] /www/wwwroot/tb.youanfutang.cn/public/../application/index/view/index/login1.html [ array (
  0 => 'iflogin',
) ]
[ info ] [ LOG ] INIT File
[ sql ] [ DB ] CONNECT:[ UseTime:0.006761s ] mysql:host=127.0.0.1;dbname=tb_youanfutang_c;charset=utf8
[ sql ] [ SQL ] SHOW COLUMNS FROM `webdata` [ RunTime:0.043001s ]
[ sql ] [ SQL ] SELECT * FROM `webdata` WHERE  `viewip` = '94.152.186.69' ORDER BY `Id` DESC LIMIT 1 [ RunTime:1.156488s ]
[ sql ] [ SQL ] SELECT * FROM `webdata` WHERE  `viewtime` = '2024-09' ORDER BY `Id` DESC LIMIT 1 [ RunTime:0.000522s ]
[ sql ] [ SQL ] SELECT * FROM `webdata` WHERE  `viewip` = '94.152.186.69' [ RunTime:0.006987s ]
[ sql ] [ SQL ] INSERT INTO `webdata` (`viewip` , `webpv` , `viewtime` , `operation` , `opertime` , `ipnum` , `ipvip`) VALUES ('94.152.186.69' , 1 , '2024-09' , 'è®¿å®¢-æµè§ˆç½‘é¡µ' , '2024-09-15 22:47:18' , 1 , 'æ™®é€šç½‘å‹') [ RunTime:0.000502s ]
[ sql ] [ SQL ] SELECT * FROM `webdata` WHERE  `webip` = '94.152.186.69'  AND `ucookie` IS NULL [ RunTime:0.006755s ]
---------------------------------------------------------------
[ 2024-09-15T22:47:42+08:00 ] 94.152.186.69 GET aosuper.com/
[è¿è¡Œæ—¶é—´ï¼š0.038334s] [åžåçŽ‡ï¼š26.09req/s] [å†…å­˜æ¶ˆè€—ï¼š2,944.23kb] [æ–‡ä»¶åŠ è½½ï¼š55]
[ info ] [ LANG ] /www/wwwroot/tb.youanfutang.cn/thinkphp/lang/zh-cn.php
[ info ] [ ROUTE ] array (
  'type' => 'module',
  'module' => 
  array (
    0 => '',
    1 => NULL,
    2 => NULL,
  ),
)
[ info ] [ HEADER ] array (
  'cache-control' => 'max-age=0',
  'connection' => 'keep-alive',
  'accept' => 'text/html,application/xhtml+xml,application/xml;q=0.9,image/webp,image/apng,*/*;q=0.8',
  'accept-encoding' => 'gzip, deflate',
  'user-agent' => 'Mozilla/5.0 (X11; Ubuntu; Linux x86_64; rv:128.0) Gecko/20100101 Firefox/128.0',
  'host' => 'aosuper.com',
  'content-length' => '',
  'content-type' => '',
)
[ info ] [ PARAM ] array (
)
[ info ] [ DB ] INIT mysql
[ info ] [ RUN ] app\index\controller\Index->index[ /www/wwwroot/tb.youanfutang.cn/application/index/controller/Index.php ]
[ info ] [ VIEW ] /www/wwwroot/tb.youanfutang.cn/public/../application/index/view/index/login1.html [ array (
  0 => 'iflogin',
) ]
[ info ] [ LOG ] INIT File
[ sql ] [ DB ] CONNECT:[ UseTime:0.000662s ] mysql:host=127.0.0.1;dbname=tb_youanfutang_c;charset=utf8
[ sql ] [ SQL ] SHOW COLUMNS FROM `webdata` [ RunTime:0.001732s ]
[ sql ] [ SQL ] SELECT * FROM `webdata` WHERE  `viewip` = '94.152.186.69' ORDER BY `Id` DESC LIMIT 1 [ RunTime:0.000442s ]
[ sql ] [ SQL ] SELECT * FROM `webdata` WHERE  `viewtime` = '2024-09' ORDER BY `Id` DESC LIMIT 1 [ RunTime:0.000280s ]
[ sql ] [ SQL ] SELECT * FROM `webdata` WHERE  `webip` = '94.152.186.69'  AND `ucookie` IS NULL [ RunTime:0.006507s ]
